spk_ver/v00/v0000	SES146	0.744888	-63.5486	-64.2934
spk_ver/v00/v0001	SES002	-17.7874	-82.8484	-65.0609
spk_ver/v00/v0002	SES002	-13.4851	-77.8339	-64.3488
spk_ver/v00/v0003	SES002	-17.9732	-83.5682	-65.595
spk_ver/v00/v0004	SES002	-2.31408	-65.4148	-63.1007
spk_ver/v00/v0005	SES002	-4.46822	-68.4014	-63.9332
spk_ver/v00/v0006	SES002	-8.29173	-71.5777	-63.2859
spk_ver/v00/v0007	SES002	-11.3174	-76.1143	-64.7968
spk_ver/v00/v0008	SES146	0.413395	-63.8723	-64.2857
spk_ver/v00/v0009	SES002	-1.97803	-64.3969	-62.4189
spk_ver/v00/v0010	SES002	-3.16787	-66.2766	-63.1088
spk_ver/v00/v0011	SES002	-2.24429	-67.5277	-65.2834
spk_ver/v00/v0012	SES002	-12.8527	-75.0103	-62.1576
spk_ver/v00/v0013	SES002	-6.86861	-69.7086	-62.84
spk_ver/v00/v0014	SES002	-1.68428	-65.6032	-63.919
spk_ver/v00/v0015	SES002	-1.32861	-63.9671	-62.6385
spk_ver/v00/v0016	SES275	0.784012	-64.434	-65.218
spk_ver/v00/v0017	SES002	0.259312	-61.3624	-61.6217
spk_ver/v00/v0018	SES002	-17.3561	-83.0527	-65.6966
spk_ver/v00/v0019	SES002	-1.88396	-64.9789	-63.0949
spk_ver/v00/v0020	SES002	-14.7051	-80.3529	-65.6479
spk_ver/v00/v0021	SES002	-13.4752	-77.9318	-64.4566
spk_ver/v00/v0022	SES002	-2.91769	-66.0972	-63.1795
spk_ver/v00/v0023	SES002	-9.34457	-72.0665	-62.7219
spk_ver/v00/v0024	SES002	-12.1337	-76.82	-64.6862
spk_ver/v00/v0025	SES002	-10.9125	-75.3295	-64.417
spk_ver/v00/v0026	SES002	-6.55024	-69.0008	-62.4506
spk_ver/v00/v0027	SES129	1.87102	-61.7577	-63.6287
spk_ver/v00/v0028	SES007	-2.24793	-65.5421	-63.2942
spk_ver/v00/v0029	SES083	-0.194016	-63.2436	-63.0496
spk_ver/v00/v0030	SES019	2.08446	-61.3355	-63.42
spk_ver/v00/v0031	SES007	-2.27428	-66.6469	-64.3726
spk_ver/v00/v0032	SES270	1.50389	-61.0433	-62.5472
spk_ver/v00/v0033	SES007	-2.18847	-66.0052	-63.8167
spk_ver/v00/v0034	SES007	-3.29925	-68.722	-65.4228
spk_ver/v00/v0035	SES007	-0.681683	-63.9172	-63.2355
spk_ver/v00/v0036	SES007	-0.941998	-63.0338	-62.0918
spk_ver/v00/v0037	SES007	-3.74364	-65.609	-61.8654
spk_ver/v00/v0038	SES259	2.00421	-59.7555	-61.7597
spk_ver/v00/v0039	SES007	-3.40227	-67.126	-63.7237
spk_ver/v00/v0040	SES007	-3.3173	-65.2415	-61.9242
spk_ver/v00/v0041	SES007	-2.71471	-64.9179	-62.2032
spk_ver/v00/v0042	SES007	-0.859943	-64.8097	-63.9498
spk_ver/v00/v0043	SES007	-0.442482	-63.9363	-63.4939
spk_ver/v00/v0044	SES007	-3.13355	-64.3656	-61.232
spk_ver/v00/v0045	SES007	-1.29157	-64.1095	-62.818
spk_ver/v00/v0046	SES007	-1.24788	-63.9743	-62.7264
spk_ver/v00/v0047	SES172	0.618511	-63.1504	-63.769
spk_ver/v00/v0048	SES105	1.41957	-62.563	-63.9825
spk_ver/v00/v0049	SES007	-0.528446	-63.5198	-62.9913
spk_ver/v00/v0050	SES292	0.314873	-63.2764	-63.5913
spk_ver/v00/v0051	SES007	-1.56078	-65.8595	-64.2987
spk_ver/v00/v0052	SES068	0.670406	-62.6472	-63.3176
spk_ver/v00/v0053	SES008	-0.943455	-63.2854	-62.342
spk_ver/v00/v0054	SES008	-4.64313	-70.4787	-65.8356
spk_ver/v00/v0055	SES008	-1.57644	-65.6537	-64.0772
spk_ver/v00/v0056	SES008	-6.28141	-68.9013	-62.6199
spk_ver/v00/v0057	SES008	-5.18349	-68.2526	-63.0691
spk_ver/v00/v0058	SES083	0.518227	-63.0775	-63.5957
spk_ver/v00/v0059	SES158	1.72269	-61.0639	-62.7866
spk_ver/v00/v0060	SES008	-1.89438	-66.0176	-64.1232
spk_ver/v00/v0061	SES101	0.193024	-63.8628	-64.0558
spk_ver/v00/v0062	SES008	-3.19451	-67.6671	-64.4726
spk_ver/v00/v0063	SES008	-1.75962	-65.1976	-63.4379
spk_ver/v00/v0064	SES117	1.40381	-63.7711	-65.1749
spk_ver/v00/v0065	SES149	2.25084	-60.8578	-63.1086
spk_ver/v00/v0066	SES008	-1.19211	-64.2542	-63.0621
spk_ver/v00/v0067	SES008	-2.56432	-67.9669	-65.4026
spk_ver/v00/v0068	SES162	2.47544	-63.3725	-65.8479
spk_ver/v00/v0069	SES008	-4.75579	-66.769	-62.0132
spk_ver/v00/v0070	SES008	-0.534382	-63.3769	-62.8425
spk_ver/v00/v0071	SES008	-2.24324	-66.0961	-63.8529
spk_ver/v00/v0072	SES008	-0.948948	-63.4533	-62.5043
spk_ver/v00/v0073	SES008	-3.20925	-64.8682	-61.6589
spk_ver/v00/v0074	SES008	-3.26921	-66.8348	-63.5656
spk_ver/v00/v0075	SES008	-6.01806	-70.3454	-64.3273
spk_ver/v00/v0076	SES167	1.15141	-62.4804	-63.6318
spk_ver/v00/v0077	SES008	-1.7622	-64.0234	-62.2612
spk_ver/v00/v0078	SES177	0.747215	-62.4459	-63.1931
spk_ver/v00/v0079	SES008	-1.5826	-65.5114	-63.9288
spk_ver/v00/v0080	SES008	-2.60106	-67.2393	-64.6382
spk_ver/v00/v0081	SES008	-5.42715	-69.9542	-64.527
spk_ver/v00/v0082	SES008	-3.17139	-66.4909	-63.3195
spk_ver/v00/v0083	SES008	-5.63802	-69.02	-63.382
spk_ver/v00/v0084	SES144	1.20128	-63.745	-64.9463
spk_ver/v00/v0085	SES008	-1.89034	-65.4	-63.5096
spk_ver/v00/v0086	SES008	-1.24753	-63.207	-61.9595
spk_ver/v00/v0087	SES008	-2.93341	-67.4151	-64.4817
spk_ver/v00/v0088	SES008	-3.2804	-67.0596	-63.7792
spk_ver/v00/v0089	SES008	-1.26697	-65.4911	-64.2241
spk_ver/v00/v0090	SES142	2.93785	-62.1997	-65.1375
spk_ver/v00/v0091	SES008	-5.73272	-67.9247	-62.192
spk_ver/v00/v0092	SES158	0.512127	-63.1414	-63.6535
spk_ver/v00/v0093	SES014	-5.7024	-68.2557	-62.5533
spk_ver/v00/v0094	SES014	-3.68981	-68.3593	-64.6695
spk_ver/v00/v0095	SES014	-1.86145	-63.8462	-61.9847
spk_ver/v00/v0096	SES014	-2.6669	-65.1101	-62.4432
spk_ver/v00/v0097	SES014	-2.06575	-66.2316	-64.1658
spk_ver/v00/v0098	SES014	-1.47916	-63.8867	-62.4076
spk_ver/v00/v0099	SES014	-12.1305	-76.5116	-64.381
spk_ver/v01/v0100	SES127	0.789742	-63.2594	-64.0492
spk_ver/v01/v0101	SES014	-12.1899	-77.238	-65.0481
spk_ver/v01/v0102	SES014	-14.4188	-79.9676	-65.5487
spk_ver/v01/v0103	SES014	-5.58482	-70.9742	-65.3894
spk_ver/v01/v0104	SES014	-11.4549	-76.6681	-65.2132
spk_ver/v01/v0105	SES014	-2.66164	-67.4609	-64.7993
spk_ver/v01/v0106	SES014	-1.82164	-65.2128	-63.3912
spk_ver/v01/v0107	SES014	-13.5693	-77.1889	-63.6196
spk_ver/v01/v0108	SES014	-16.6473	-81.8958	-65.2485
spk_ver/v01/v0109	SES014	-10.4275	-76.1263	-65.6988
spk_ver/v01/v0110	SES014	-2.33781	-66.6453	-64.3075
spk_ver/v01/v0111	SES014	-0.721798	-63.0938	-62.372
spk_ver/v01/v0112	SES014	-10.6676	-73.8489	-63.1813
spk_ver/v01/v0113	SES104	0.421902	-62.8444	-63.2663
spk_ver/v01/v0114	SES082	0.948883	-61.6238	-62.5727
spk_ver/v01/v0115	SES087	2.08612	-60.5121	-62.5982
spk_ver/v01/v0116	SES014	-1.457	-64.1768	-62.7199
spk_ver/v01/v0117	SES177	0.677856	-63.2975	-63.9753
spk_ver/v01/v0118	SES014	-9.80331	-74.7705	-64.9672
spk_ver/v01/v0119	SES014	-0.991478	-63.2626	-62.2711
spk_ver/v01/v0120	SES014	-13.1855	-78.8116	-65.6261
spk_ver/v01/v0121	SES146	0.637707	-63.0861	-63.7238
spk_ver/v01/v0122	SES014	2.073	-59.5666	-61.6396
spk_ver/v01/v0123	SES014	-1.24302	-63.8618	-62.6188
spk_ver/v01/v0124	SES014	-11.0372	-75.1608	-64.1237
spk_ver/v01/v0125	SES014	-8.24197	-72.2622	-64.0202
spk_ver/v01/v0126	SES016	-2.04478	-66.6731	-64.6283
spk_ver/v01/v0127	SES016	-2.67832	-68.5948	-65.9165
spk_ver/v01/v0128	SES106	1.95264	-60.3475	-62.3001
spk_ver/v01/v0129	SES016	-5.30404	-67.4565	-62.1525
spk_ver/v01/v0130	SES016	-2.11617	-66.5703	-64.4541
spk_ver/v01/v0131	SES016	-5.4472	-68.6415	-63.1943
spk_ver/v01/v0132	SES016	-1.97478	-65.5846	-63.6098
spk_ver/v01/v0133	SES016	-1.70228	-66.1516	-64.4494
spk_ver/v01/v0134	SES016	-4.0517	-66.9068	-62.8551
spk_ver/v01/v0135	SES016	-2.84992	-67.9932	-65.1432
spk_ver/v01/v0136	SES016	-2.42362	-66.7834	-64.3598
spk_ver/v01/v0137	SES007	0.946964	-63.4433	-64.3903
spk_ver/v01/v0138	SES016	-0.675308	-64.9418	-64.2665
spk_ver/v01/v0139	SES016	-1.17045	-63.9316	-62.7612
spk_ver/v01/v0140	SES016	1.49828	-62.8579	-64.3562
spk_ver/v01/v0141	SES016	-9.39747	-75.258	-65.8605
spk_ver/v01/v0142	SES016	-3.73152	-66.1076	-62.3761
spk_ver/v01/v0143	SES016	-6.80531	-71.1933	-64.388
spk_ver/v01/v0144	SES016	-3.19078	-66.2308	-63.04
spk_ver/v01/v0145	SES016	-1.86242	-66.2292	-64.3668
spk_ver/v01/v0146	SES016	-0.650589	-63.3021	-62.6515
spk_ver/v01/v0147	SES016	-1.61545	-65.8789	-64.2635
spk_ver/v01/v0148	SES127	0.874538	-62.8649	-63.7394
spk_ver/v01/v0149	SES016	-4.34263	-67.0854	-62.7427
spk_ver/v01/v0150	SES016	-2.27149	-66.2143	-63.9428
spk_ver/v01/v0151	SES147	1.12646	-63.974	-65.1005
spk_ver/v01/v0152	SES016	-1.19717	-65.0261	-63.829
spk_ver/v01/v0153	SES104	1.38271	-60.274	-61.6568
spk_ver/v01/v0154	SES016	-2.2258	-66.5329	-64.3071
spk_ver/v01/v0155	SES016	-1.59002	-66.4197	-64.8297
spk_ver/v01/v0156	SES019	-1.42306	-65.146	-63.7229
spk_ver/v01/v0157	SES019	-3.14164	-65.6017	-62.46
spk_ver/v01/v0158	SES019	-0.98735	-63.5024	-62.515
spk_ver/v01/v0159	SES007	0.840351	-63.0984	-63.9387
spk_ver/v01/v0160	SES019	-2.30139	-64.1284	-61.827
spk_ver/v01/v0161	SES019	-2.07078	-65.6453	-63.5745
spk_ver/v01/v0162	SES019	-9.35081	-72.0959	-62.7451
spk_ver/v01/v0163	SES189	1.83807	-63.7769	-65.615
spk_ver/v01/v0164	SES019	-1.9747	-64.2506	-62.2759
spk_ver/v01/v0165	SES019	-0.59697	-64.7802	-64.1833
spk_ver/v01/v0166	SES019	-8.46884	-71.3017	-62.8329
spk_ver/v01/v0167	SES019	-10.4164	-74.7749	-64.3585
spk_ver/v01/v0168	SES019	-1.5592	-65.9244	-64.3652
spk_ver/v01/v0169	SES019	-3.20823	-66.2531	-63.0448
spk_ver/v01/v0170	SES270	1.50423	-61.4031	-62.9073
spk_ver/v01/v0171	SES019	-1.93821	-64.3281	-62.3899
spk_ver/v01/v0172	SES019	-12.5075	-76.9079	-64.4004
spk_ver/v01/v0173	SES206	1.60849	-61.0689	-62.6774
spk_ver/v01/v0174	SES019	-1.19197	-64.4127	-63.2207
spk_ver/v01/v0175	SES014	1.50764	-60.3183	-61.8259
spk_ver/v01/v0176	SES019	-6.58913	-69.897	-63.3078
spk_ver/v01/v0177	SES120	1.07731	-63.4532	-64.5305
spk_ver/v01/v0178	SES019	-1.05914	-66.0554	-64.9963
spk_ver/v01/v0179	SES019	-11.6518	-74.3832	-62.7314
spk_ver/v01/v0180	SES175	1.28064	-63.4219	-64.7026
spk_ver/v01/v0181	SES019	-10.3217	-75.5568	-65.235
spk_ver/v01/v0182	SES019	-4.3149	-67.5355	-63.2206
spk_ver/v01/v0183	SES029	-1.85926	-65.4306	-63.5713
spk_ver/v01/v0184	SES029	-4.35296	-66.7529	-62.3999
spk_ver/v01/v0185	SES029	-1.91708	-65.9701	-64.053
spk_ver/v01/v0186	SES068	0.963684	-62.0466	-63.0103
spk_ver/v01/v0187	SES029	-4.58603	-66.9722	-62.3862
spk_ver/v01/v0188	SES029	-3.46063	-65.2581	-61.7975
spk_ver/v01/v0189	SES149	2.25121	-60.7046	-62.9558
spk_ver/v01/v0190	SES029	-3.86117	-65.8917	-62.0305
spk_ver/v01/v0191	SES029	-4.41429	-67.1258	-62.7115
spk_ver/v01/v0192	SES183	1.47544	-61.8784	-63.3539
spk_ver/v01/v0193	SES029	-0.477936	-64.5619	-64.0839
spk_ver/v01/v0194	SES016	1.22126	-62.9727	-64.1939
spk_ver/v01/v0195	SES029	-2.04865	-65.2687	-63.22
spk_ver/v01/v0196	SES029	-0.418816	-64.5674	-64.1486
spk_ver/v01/v0197	SES029	-4.15626	-66.4345	-62.2782
spk_ver/v01/v0198	SES146	0.635025	-63.6877	-64.3227
spk_ver/v01/v0199	SES029	-3.41934	-67.2095	-63.7902
spk_ver/v02/v0200	SES029	-1.41742	-65.4152	-63.9978
spk_ver/v02/v0201	SES068	1.41985	-62.2351	-63.6549
spk_ver/v02/v0202	SES148	1.37584	-62.7499	-64.1258
spk_ver/v02/v0203	SES029	-2.43485	-65.6728	-63.2379
spk_ver/v02/v0204	SES029	-0.617767	-64.342	-63.7242
spk_ver/v02/v0205	SES060	0.443832	-62.6974	-63.1412
spk_ver/v02/v0206	SES127	1.42325	-62.4628	-63.8861
spk_ver/v02/v0207	SES029	-3.79253	-66.9153	-63.1227
spk_ver/v02/v0208	SES048	1.6706	-62.1708	-63.8415
spk_ver/v02/v0209	SES029	-1.45721	-65.3587	-63.9014
spk_ver/v02/v0210	SES029	-3.534	-67.0682	-63.5342
spk_ver/v02/v0211	SES029	-2.89225	-64.7812	-61.8889
spk_ver/v02/v0212	SES042	-13.4234	-78.6494	-65.2259
spk_ver/v02/v0213	SES085	0.901386	-63.3751	-64.2765
spk_ver/v02/v0214	SES206	1.56801	-60.3178	-61.8858
spk_ver/v02/v0215	SES144	0.864403	-63.4551	-64.3195
spk_ver/v02/v0216	SES042	-3.21091	-65.824	-62.6131
spk_ver/v02/v0217	SES042	-3.1581	-69.1371	-65.979
spk_ver/v02/v0218	SES042	-0.925858	-62.6541	-61.7283
spk_ver/v02/v0219	SES206	0.935555	-61.0483	-61.9838
spk_ver/v02/v0220	SES019	3.80722	-59.7957	-63.6029
spk_ver/v02/v0221	SES007	0.450562	-63.5198	-63.9703
spk_ver/v02/v0222	SES042	-13.2116	-78.6327	-65.4211
spk_ver/v02/v0223	SES147	1.34164	-63.5739	-64.9156
spk_ver/v02/v0224	SES105	1.07965	-63.0217	-64.1013
spk_ver/v02/v0225	SES042	-2.04632	-64.5387	-62.4924
spk_ver/v02/v0226	SES275	0.928719	-63.5136	-64.4424
spk_ver/v02/v0227	SES042	-3.67852	-67.4638	-63.7852
spk_ver/v02/v0228	SES042	-8.41061	-71.8105	-63.3999
spk_ver/v02/v0229	SES042	-14.4091	-77.7617	-63.3526
spk_ver/v02/v0230	SES085	0.966816	-60.8027	-61.7695
spk_ver/v02/v0231	SES014	2.01465	-59.7957	-61.8104
spk_ver/v02/v0232	SES042	-1.00165	-62.7689	-61.7672
spk_ver/v02/v0233	SES048	-3.9002	-66.0288	-62.1286
spk_ver/v02/v0234	SES048	-6.88029	-72.3127	-65.4324
spk_ver/v02/v0235	SES029	0.731537	-62.8664	-63.5979
spk_ver/v02/v0236	SES048	-3.21832	-66.5483	-63.3299
spk_ver/v02/v0237	SES048	-4.6199	-67.6246	-63.0047
spk_ver/v02/v0238	SES048	-3.60855	-67.4641	-63.8556
spk_ver/v02/v0239	SES060	0.826283	-62.4792	-63.3054
spk_ver/v02/v0240	SES048	-5.56837	-69.7957	-64.2273
spk_ver/v02/v0241	SES048	-5.92197	-70.5504	-64.6285
spk_ver/v02/v0242	SES189	3.76926	-63.2101	-66.9794
spk_ver/v02/v0243	SES162	1.03022	-63.8284	-64.8586
spk_ver/v02/v0244	SES048	-3.55568	-65.4078	-61.8521
spk_ver/v02/v0245	SES048	-4.05051	-67.0801	-63.0296
spk_ver/v02/v0246	SES048	-3.56546	-65.4071	-61.8416
spk_ver/v02/v0247	SES048	-4.21989	-68.1265	-63.9066
spk_ver/v02/v0248	SES226	1.73368	-61.317	-63.0506
spk_ver/v02/v0249	SES048	-3.67045	-67.4895	-63.819
spk_ver/v02/v0250	SES048	-2.37186	-66.9906	-64.6187
spk_ver/v02/v0251	SES048	-4.24751	-67.3718	-63.1243
spk_ver/v02/v0252	SES060	-5.23675	-70.9111	-65.6743
spk_ver/v02/v0253	SES060	-4.35625	-66.3767	-62.0205
spk_ver/v02/v0254	SES259	2.5302	-59.3965	-61.9267
spk_ver/v02/v0255	SES060	-3.04413	-68.3122	-65.268
spk_ver/v02/v0256	SES202	1.36967	-63.1861	-64.5558
spk_ver/v02/v0257	SES148	0.741524	-62.1795	-62.921
spk_ver/v02/v0258	SES060	-4.32799	-69.4919	-65.1639
spk_ver/v02/v0259	SES060	-1.31443	-64.3317	-63.0173
spk_ver/v02/v0260	SES060	-1.68671	-65.5124	-63.8257
spk_ver/v02/v0261	SES099	2.42865	-59.8696	-62.2982
spk_ver/v02/v0262	SES060	-2.87579	-67.3543	-64.4785
spk_ver/v02/v0263	SES060	-1.68561	-64.9158	-63.2301
spk_ver/v02/v0264	SES292	0.295593	-63.9742	-64.2698
spk_ver/v02/v0265	SES060	-0.668816	-64.2618	-63.593
spk_ver/v02/v0266	SES060	-4.76507	-68.3575	-63.5924
spk_ver/v02/v0267	SES060	-3.74695	-67.6896	-63.9426
spk_ver/v02/v0268	SES060	-4.08046	-69.0075	-64.9271
spk_ver/v02/v0269	SES127	0.891701	-63.2496	-64.1413
spk_ver/v02/v0270	SES060	-1.50201	-66.1928	-64.6908
spk_ver/v02/v0271	SES060	-0.485699	-63.968	-63.4823
spk_ver/v02/v0272	SES060	-2.71193	-66.7291	-64.0172
spk_ver/v02/v0273	SES087	1.86282	-60.6793	-62.5421
spk_ver/v02/v0274	SES146	0.869392	-63.2751	-64.1445
spk_ver/v02/v0275	SES060	-4.35765	-68.388	-64.0304
spk_ver/v02/v0276	SES002	2.68641	-59.7478	-62.4343
spk_ver/v02/v0277	SES060	-0.842148	-63.8062	-62.964
spk_ver/v02/v0278	SES060	-4.58367	-68.2386	-63.6549
spk_ver/v02/v0279	SES060	-4.77007	-67.1481	-62.3781
spk_ver/v02/v0280	SES129	2.62827	-60.9815	-63.6098
spk_ver/v02/v0281	SES162	1.23965	-63.0112	-64.2509
spk_ver/v02/v0282	SES060	-3.26905	-65.9037	-62.6346
spk_ver/v02/v0283	SES060	-2.20124	-65.5038	-63.3025
spk_ver/v02/v0284	SES062	-2.97673	-67.834	-64.8573
spk_ver/v02/v0285	SES062	-3.54309	-66.5895	-63.0464
spk_ver/v02/v0286	SES120	0.0086441	-64.4123	-64.421
spk_ver/v02/v0287	SES062	-3.98044	-67.944	-63.9636
spk_ver/v02/v0288	SES062	-3.85777	-67.0749	-63.2171
spk_ver/v02/v0289	SES062	-2.3746	-64.3636	-61.989
spk_ver/v02/v0290	SES062	-2.63056	-66.265	-63.6344
spk_ver/v02/v0291	SES275	0.504974	-63.1235	-63.6285
spk_ver/v02/v0292	SES062	-4.03947	-69.213	-65.1736
spk_ver/v02/v0293	SES062	-6.39931	-71.2458	-64.8465
spk_ver/v02/v0294	SES062	-2.5081	-64.5775	-62.0694
spk_ver/v02/v0295	SES062	-3.10986	-66.9336	-63.8237
spk_ver/v02/v0296	SES062	-3.52255	-67.4308	-63.9082
spk_ver/v02/v0297	SES062	-4.27689	-68.5178	-64.2409
spk_ver/v02/v0298	SES062	-3.18749	-66.7809	-63.5934
spk_ver/v02/v0299	SES062	-1.44772	-65.529	-64.0813
spk_ver/v03/v0300	SES062	-5.85447	-71.5515	-65.6971
spk_ver/v03/v0301	SES062	-2.39568	-65.1905	-62.7948
spk_ver/v03/v0302	SES172	1.45804	-61.4544	-62.9125
spk_ver/v03/v0303	SES062	-1.01731	-64.2539	-63.2366
spk_ver/v03/v0304	SES062	-1.7045	-65.0905	-63.386
spk_ver/v03/v0305	SES062	-2.91131	-66.0197	-63.1084
spk_ver/v03/v0306	SES062	-6.46137	-71.603	-65.1416
spk_ver/v03/v0307	SES062	-3.91542	-66.2459	-62.3305
spk_ver/v03/v0308	SES062	-6.08946	-71.1958	-65.1063
spk_ver/v03/v0309	SES062	-2.89016	-67.8687	-64.9786
spk_ver/v03/v0310	SES125	1.71185	-60.2623	-61.9741
spk_ver/v03/v0311	SES062	-3.06823	-64.9803	-61.9121
spk_ver/v03/v0312	SES062	-6.47073	-71.0551	-64.5844
spk_ver/v03/v0313	SES062	-2.15266	-66.5398	-64.3872
spk_ver/v03/v0314	SES068	-4.8512	-67.4545	-62.6033
spk_ver/v03/v0315	SES068	-3.677	-65.8473	-62.1703
spk_ver/v03/v0316	SES068	-4.25303	-69.8954	-65.6424
spk_ver/v03/v0317	SES068	-1.83051	-66.7203	-64.8898
spk_ver/v03/v0318	SES068	-4.51834	-66.6264	-62.1081
spk_ver/v03/v0319	SES068	-5.55737	-69.2408	-63.6834
spk_ver/v03/v0320	SES068	-1.79324	-63.7085	-61.9152
spk_ver/v03/v0321	SES068	-1.09339	-64.8745	-63.7811
spk_ver/v03/v0322	SES068	-1.22554	-64.7238	-63.4983
spk_ver/v03/v0323	SES068	-1.74384	-65.3055	-63.5616
spk_ver/v03/v0324	SES144	0.660912	-65.1226	-65.7835
spk_ver/v03/v0325	SES068	-1.57294	-64.953	-63.38
spk_ver/v03/v0326	SES068	-0.475437	-62.3659	-61.8905
spk_ver/v03/v0327	SES068	-1.31904	-65.3334	-64.0144
spk_ver/v03/v0328	SES068	-4.59603	-68.039	-63.4429
spk_ver/v03/v0329	SES068	-1.30635	-64.6871	-63.3807
spk_ver/v03/v0330	SES180	0.246346	-64.0604	-64.3068
spk_ver/v03/v0331	SES068	-0.357742	-64.4025	-64.0447
spk_ver/v03/v0332	SES275	1.43836	-62.4893	-63.9277
spk_ver/v03/v0333	SES062	1.25762	-61.2203	-62.4779
spk_ver/v03/v0334	SES270	1.60774	-61.4946	-63.1023
spk_ver/v03/v0335	SES068	-4.22369	-68.5717	-64.348
spk_ver/v03/v0336	SES068	-0.544262	-62.9949	-62.4507
spk_ver/v03/v0337	SES068	-1.16161	-66.1187	-64.9571
spk_ver/v03/v0338	SES068	-2.36642	-67.7555	-65.3891
spk_ver/v03/v0339	SES068	-1.64759	-65.4067	-63.7591
spk_ver/v03/v0340	SES068	-2.27777	-67.3626	-65.0848
spk_ver/v03/v0341	SES016	1.08225	-62.2201	-63.3023
spk_ver/v03/v0342	SES068	-2.97263	-68.1998	-65.2272
spk_ver/v03/v0343	SES068	-1.61284	-65.5264	-63.9136
spk_ver/v03/v0344	SES125	1.75141	-60.7314	-62.4829
spk_ver/v03/v0345	SES187	1.04465	-62.8675	-63.9121
spk_ver/v03/v0346	SES068	-1.92114	-65.3165	-63.3954
spk_ver/v03/v0347	SES143	1.32227	-62.7853	-64.1075
spk_ver/v03/v0348	SES292	0.813202	-63.4475	-64.2607
spk_ver/v03/v0349	SES082	-5.76122	-69.125	-63.3638
spk_ver/v03/v0350	SES101	0.803356	-62.0166	-62.82
spk_ver/v03/v0351	SES082	-0.132866	-62.9471	-62.8142
spk_ver/v03/v0352	SES082	-0.960228	-64.5278	-63.5675
spk_ver/v03/v0353	SES082	-8.65696	-71.6451	-62.9882
spk_ver/v03/v0354	SES082	-13.7355	-79.0061	-65.2706
spk_ver/v03/v0355	SES083	0.685497	-61.6489	-62.3344
spk_ver/v03/v0356	SES082	-2.20092	-65.6255	-63.4246
spk_ver/v03/v0357	SES082	-10.5673	-74.8046	-64.2374
spk_ver/v03/v0358	SES082	-1.07177	-64.3143	-63.2426
spk_ver/v03/v0359	SES117	0.539909	-65.4468	-65.9867
spk_ver/v03/v0360	SES082	-8.68368	-72.1235	-63.4398
spk_ver/v03/v0361	SES082	-1.77446	-65.6139	-63.8394
spk_ver/v03/v0362	SES007	1.0432	-62.4763	-63.5195
spk_ver/v03/v0363	SES082	-2.12597	-64.6747	-62.5488
spk_ver/v03/v0364	SES019	1.60446	-62.0813	-63.6858
spk_ver/v03/v0365	SES082	-0.548325	-63.6551	-63.1068
spk_ver/v03/v0366	SES226	1.66197	-61.6405	-63.3025
spk_ver/v03/v0367	SES167	1.29253	-61.8024	-63.0949
spk_ver/v03/v0368	SES082	-2.47007	-63.7687	-61.2986
spk_ver/v03/v0369	SES042	3.48693	-57.7024	-61.1893
spk_ver/v03/v0370	SES042	2.73632	-58.7338	-61.4701
spk_ver/v03/v0371	SES082	-8.7112	-71.7344	-63.0232
spk_ver/v03/v0372	SES082	-2.16018	-64.4897	-62.3295
spk_ver/v03/v0373	SES082	-8.21025	-72.5155	-64.3053
spk_ver/v03/v0374	SES083	-1.1804	-63.5213	-62.3409
spk_ver/v03/v0375	SES292	1.11135	-62.9559	-64.0672
spk_ver/v03/v0376	SES083	-3.24234	-65.2251	-61.9827
spk_ver/v03/v0377	SES083	-3.37277	-66.8143	-63.4415
spk_ver/v03/v0378	SES083	-1.12754	-65.9839	-64.8564
spk_ver/v03/v0379	SES083	-0.839073	-64.7512	-63.9121
spk_ver/v03/v0380	SES083	-2.03074	-66.9426	-64.9119
spk_ver/v03/v0381	SES083	-1.25459	-64.8051	-63.5505
spk_ver/v03/v0382	SES148	0.73761	-62.8195	-63.5571
spk_ver/v03/v0383	SES083	-0.542736	-63.241	-62.6983
spk_ver/v03/v0384	SES226	1.6181	-61.3344	-62.9525
spk_ver/v03/v0385	SES226	1.5744	-60.9383	-62.5127
spk_ver/v03/v0386	SES087	1.79681	-61.0886	-62.8854
spk_ver/v03/v0387	SES029	0.848289	-63.1027	-63.951
spk_ver/v03/v0388	SES147	1.48895	-63.0935	-64.5824
spk_ver/v03/v0389	SES083	-3.84141	-67.7534	-63.912
spk_ver/v03/v0390	SES189	1.87931	-62.9548	-64.8341
spk_ver/v03/v0391	SES083	-1.12171	-65.1525	-64.0308
spk_ver/v03/v0392	SES083	-0.163528	-62.5913	-62.4278
spk_ver/v03/v0393	SES083	-1.81829	-64.9866	-63.1684
spk_ver/v03/v0394	SES083	-3.6343	-66.7305	-63.0962
spk_ver/v03/v0395	SES083	-0.520443	-64.37	-63.8495
spk_ver/v03/v0396	SES014	2.23314	-59.2663	-61.4995
spk_ver/v03/v0397	SES085	-0.470577	-63.0046	-62.534
spk_ver/v03/v0398	SES085	-1.40831	-63.6538	-62.2455
spk_ver/v03/v0399	SES085	-4.26837	-66.3663	-62.098
spk_ver/v04/v0400	SES106	1.79393	-59.7971	-61.5911
spk_ver/v04/v0401	SES085	-4.47178	-67.327	-62.8552
spk_ver/v04/v0402	SES085	-5.78689	-69.921	-64.1341
spk_ver/v04/v0403	SES085	-0.692539	-63.5399	-62.8474
spk_ver/v04/v0404	SES180	1.29546	-62.6787	-63.9741
spk_ver/v04/v0405	SES129	1.66826	-60.8646	-62.5329
spk_ver/v04/v0406	SES085	-4.13256	-66.8515	-62.7189
spk_ver/v04/v0407	SES146	0.0906906	-64.3959	-64.4866
spk_ver/v04/v0408	SES085	-0.240253	-63.2214	-62.9812
spk_ver/v04/v0409	SES085	-3.63456	-66.6376	-63.0031
spk_ver/v04/v0410	SES085	-6.16898	-68.6968	-62.5278
spk_ver/v04/v0411	SES292	0.470627	-63.6141	-64.0848
spk_ver/v04/v0412	SES085	-0.900303	-63.7502	-62.8498
spk_ver/v04/v0413	SES125	2.04589	-59.8281	-61.874
spk_ver/v04/v0414	SES085	-3.69575	-70.5813	-66.8856
spk_ver/v04/v0415	SES085	-1.55336	-65.2447	-63.6913
spk_ver/v04/v0416	SES085	-3.79322	-66.9297	-63.1365
spk_ver/v04/v0417	SES062	0.753891	-61.7781	-62.532
spk_ver/v04/v0418	SES060	1.60165	-61.9589	-63.5606
spk_ver/v04/v0419	SES085	-0.41473	-64.3449	-63.9302
spk_ver/v04/v0420	SES085	-5.61531	-68.265	-62.6497
spk_ver/v04/v0421	SES085	-6.55798	-70.2593	-63.7013
spk_ver/v04/v0422	SES085	-1.17748	-66.1801	-65.0026
spk_ver/v04/v0423	SES085	-5.47387	-68.8156	-63.3417
spk_ver/v04/v0424	SES085	-3.89719	-68.5774	-64.6802
spk_ver/v04/v0425	SES183	0.699986	-63.7393	-64.4393
spk_ver/v04/v0426	SES085	-4.96619	-67.2683	-62.3021
spk_ver/v04/v0427	SES087	-2.56617	-65.9406	-63.3744
spk_ver/v04/v0428	SES162	1.00154	-63.5135	-64.515
spk_ver/v04/v0429	SES087	-1.31328	-63.6252	-62.3119
spk_ver/v04/v0430	SES087	-9.39674	-73.9957	-64.599
spk_ver/v04/v0431	SES087	-16.9332	-81.6493	-64.7161
spk_ver/v04/v0432	SES087	-2.26999	-65.4279	-63.1579
spk_ver/v04/v0433	SES087	-10.7091	-73.4501	-62.7409
spk_ver/v04/v0434	SES142	3.29187	-61.3738	-64.6656
spk_ver/v04/v0435	SES087	-12.9941	-77.6557	-64.6616
spk_ver/v04/v0436	SES099	1.51228	-60.598	-62.1102
spk_ver/v04/v0437	SES087	-5.38562	-67.7707	-62.3851
spk_ver/v04/v0438	SES087	-8.73989	-72.4689	-63.729
spk_ver/v04/v0439	SES087	-1.3832	-62.8978	-61.5146
spk_ver/v04/v0440	SES087	-8.52685	-71.4181	-62.8913
spk_ver/v04/v0441	SES087	-13.2499	-77.6685	-64.4185
spk_ver/v04/v0442	SES187	1.65227	-63.7467	-65.399
spk_ver/v04/v0443	SES172	2.15383	-62.5937	-64.7475
spk_ver/v04/v0444	SES087	-3.05101	-65.9886	-62.9376
spk_ver/v04/v0445	SES087	-1.58126	-63.6502	-62.0689
spk_ver/v04/v0446	SES087	-0.63451	-62.4139	-61.7794
spk_ver/v04/v0447	SES087	-0.956818	-63.5671	-62.6103
spk_ver/v04/v0448	SES106	1.76653	-60.6555	-62.422
spk_ver/v04/v0449	SES146	1.30399	-63.5497	-64.8537
spk_ver/v04/v0450	SES087	-10.8417	-75.0075	-64.1659
spk_ver/v04/v0451	SES087	-1.57476	-64.1973	-62.6225
spk_ver/v04/v0452	SES007	1.58348	-62.8116	-64.3951
spk_ver/v04/v0453	SES087	-2.11581	-64.9613	-62.8455
spk_ver/v04/v0454	SES087	-11.4837	-75.5196	-64.0359
spk_ver/v04/v0455	SES180	0.441315	-63.6794	-64.1207
spk_ver/v04/v0456	SES099	-7.53165	-71.7963	-64.2647
spk_ver/v04/v0457	SES042	2.13201	-60.0157	-62.1477
spk_ver/v04/v0458	SES099	-0.560478	-63.5728	-63.0123
spk_ver/v04/v0459	SES099	-12.7747	-77.3742	-64.5996
spk_ver/v04/v0460	SES099	-10.5508	-75.9077	-65.3569
spk_ver/v04/v0461	SES099	-0.979263	-63.1634	-62.1841
spk_ver/v04/v0462	SES082	1.90783	-60.745	-62.6529
spk_ver/v04/v0463	SES099	-0.0371284	-62.7405	-62.7034
spk_ver/v04/v0464	SES099	0.895611	-61.1723	-62.0679
spk_ver/v04/v0465	SES099	-11.0937	-75.0854	-63.9917
spk_ver/v04/v0466	SES099	-0.468464	-62.8343	-62.3658
spk_ver/v04/v0467	SES099	-1.0801	-64.3268	-63.2467
spk_ver/v04/v0468	SES129	1.87936	-62.0504	-63.9297
spk_ver/v04/v0469	SES101	0.213146	-62.766	-62.9791
spk_ver/v04/v0470	SES099	-8.07082	-73.0907	-65.0198
spk_ver/v04/v0471	SES172	1.0748	-63.1006	-64.1754
spk_ver/v04/v0472	SES099	0.271606	-62.0819	-62.3535
spk_ver/v04/v0473	SES270	2.15088	-60.5926	-62.7435
spk_ver/v04/v0474	SES099	-5.22845	-68.5031	-63.2746
spk_ver/v04/v0475	SES099	-3.52616	-66.5596	-63.0334
spk_ver/v04/v0476	SES099	-2.55593	-67.9015	-65.3455
spk_ver/v04/v0477	SES002	1.84612	-59.707	-61.5531
spk_ver/v04/v0478	SES099	0.236805	-62.1743	-62.4111
spk_ver/v04/v0479	SES007	-0.37043	-64.7087	-64.3383
spk_ver/v04/v0480	SES101	-4.40808	-66.2694	-61.8613
spk_ver/v04/v0481	SES101	-3.65469	-69.193	-65.5383
spk_ver/v04/v0482	SES175	0.726524	-64.0515	-64.778
spk_ver/v04/v0483	SES101	-2.21394	-65.4229	-63.2089
spk_ver/v04/v0484	SES101	-3.65844	-65.1283	-61.4699
spk_ver/v04/v0485	SES101	-2.65033	-67.4809	-64.8305
spk_ver/v04/v0486	SES101	-1.29967	-66.8613	-65.5617
spk_ver/v04/v0487	SES101	-2.67435	-67.4742	-64.7998
spk_ver/v04/v0488	SES101	-3.77124	-67.4337	-63.6625
spk_ver/v04/v0489	SES147	1.3612	-64.551	-65.9122
spk_ver/v04/v0490	SES085	0.342064	-64.3734	-64.7154
spk_ver/v04/v0491	SES101	-1.43544	-66.9102	-65.4747
spk_ver/v04/v0492	SES101	-3.75636	-68.316	-64.5597
spk_ver/v04/v0493	SES101	-3.11382	-65.3173	-62.2035
spk_ver/v04/v0494	SES101	-2.58422	-67.9559	-65.3717
spk_ver/v04/v0495	SES101	-0.872047	-62.7476	-61.8756
spk_ver/v04/v0496	SES101	-1.93551	-66.2533	-64.3177
spk_ver/v04/v0497	SES014	1.76722	-59.5123	-61.2795
spk_ver/v04/v0498	SES101	-3.1263	-66.89	-63.7637
spk_ver/v04/v0499	SES101	-1.37843	-63.9994	-62.621
spk_ver/v05/v0500	SES085	0.713577	-62.1051	-62.8187
spk_ver/v05/v0501	SES101	-4.67266	-67.3103	-62.6376
spk_ver/v05/v0502	SES275	0.967991	-62.6508	-63.6188
spk_ver/v05/v0503	SES117	1.1076	-64.0297	-65.1373
spk_ver/v05/v0504	SES101	-4.27813	-66.4513	-62.1732
spk_ver/v05/v0505	SES101	-1.14181	-64.519	-63.3772
spk_ver/v05/v0506	SES101	-2.03827	-66.3963	-64.3581
spk_ver/v05/v0507	SES048	1.25211	-61.524	-62.7761
spk_ver/v05/v0508	SES117	0.471245	-65.0262	-65.4975
spk_ver/v05/v0509	SES202	2.30326	-60.9751	-63.2784
spk_ver/v05/v0510	SES104	-1.93538	-66.6116	-64.6762
spk_ver/v05/v0511	SES008	-0.0968628	-64.4106	-64.3137
spk_ver/v05/v0512	SES104	-0.883263	-64.252	-63.3687
spk_ver/v05/v0513	SES104	-0.901436	-62.6068	-61.7054
spk_ver/v05/v0514	SES104	-8.89368	-71.2777	-62.3841
spk_ver/v05/v0515	SES104	-14.6857	-79.04	-64.3543
spk_ver/v05/v0516	SES104	-1.27762	-65.7005	-64.4229
spk_ver/v05/v0517	SES060	0.727333	-61.7609	-62.4883
spk_ver/v05/v0518	SES104	-16.2002	-81.1318	-64.9315
spk_ver/v05/v0519	SES104	-12.498	-78.0936	-65.5956
spk_ver/v05/v0520	SES104	-0.392803	-61.8719	-61.4791
spk_ver/v05/v0521	SES008	1.12243	-60.9313	-62.0537
spk_ver/v05/v0522	SES068	1.15416	-63.1376	-64.2917
spk_ver/v05/v0523	SES087	1.55298	-60.93	-62.4829
spk_ver/v05/v0524	SES104	-1.46682	-64.912	-63.4452
spk_ver/v05/v0525	SES104	-1.07349	-64.4994	-63.4259
spk_ver/v05/v0526	SES104	-1.59533	-64.433	-62.8376
spk_ver/v05/v0527	SES083	0.83556	-62.5721	-63.4076
spk_ver/v05/v0528	SES148	1.31319	-62.4149	-63.7281
spk_ver/v05/v0529	SES104	-1.72268	-65.0463	-63.3237
spk_ver/v05/v0530	SES104	-8.50349	-72.5545	-64.051
spk_ver/v05/v0531	SES125	1.33833	-61.0687	-62.407
spk_ver/v05/v0532	SES104	-11.8183	-75.92	-64.1017
spk_ver/v05/v0533	SES149	2.34981	-60.4496	-62.7994
spk_ver/v05/v0534	SES104	-12.1989	-75.3906	-63.1917
spk_ver/v05/v0535	SES187	1.02066	-63.9353	-64.956
spk_ver/v05/v0536	SES104	-1.82207	-64.4527	-62.6306
spk_ver/v05/v0537	SES104	-1.48866	-64.6268	-63.1381
spk_ver/v05/v0538	SES167	1.43841	-63.0287	-64.4671
spk_ver/v05/v0539	SES104	-1.51935	-66.2191	-64.6998
spk_ver/v05/v0540	SES104	-10.6865	-73.1325	-62.4459
spk_ver/v05/v0541	SES183	1.27313	-64.4452	-65.7183
spk_ver/v05/v0542	SES104	-0.882759	-63.9071	-63.0243
spk_ver/v05/v0543	SES104	-12.187	-76.0173	-63.8303
spk_ver/v05/v0544	SES105	-3.56803	-67.8801	-64.312
spk_ver/v05/v0545	SES105	-2.01021	-66.3686	-64.3584
spk_ver/v05/v0546	SES105	-2.69414	-65.805	-63.1108
spk_ver/v05/v0547	SES105	-3.01864	-68.0025	-64.9839
spk_ver/v05/v0548	SES019	2.98608	-60.5917	-63.5778
spk_ver/v05/v0549	SES105	-2.50554	-66.3543	-63.8487
spk_ver/v05/v0550	SES105	-2.83141	-67.2443	-64.4129
spk_ver/v05/v0551	SES202	2.58779	-63.6428	-66.2306
spk_ver/v05/v0552	SES105	-3.13297	-67.7756	-64.6426
spk_ver/v05/v0553	SES105	-0.283279	-64.078	-63.7947
spk_ver/v05/v0554	SES105	-1.91834	-64.8406	-62.9222
spk_ver/v05/v0555	SES105	-2.43161	-64.7695	-62.3379
spk_ver/v05/v0556	SES082	0.316902	-62.5012	-62.8181
spk_ver/v05/v0557	SES105	-2.83597	-65.4102	-62.5742
spk_ver/v05/v0558	SES014	2.03265	-59.3339	-61.3665
spk_ver/v05/v0559	SES105	-1.02687	-64.5484	-63.5216
spk_ver/v05/v0560	SES177	0.290871	-63.119	-63.4099
spk_ver/v05/v0561	SES189	5.32024	-67.0172	-72.3375
spk_ver/v05/v0562	SES105	-2.0856	-66.7981	-64.7125
spk_ver/v05/v0563	SES099	1.92808	-62.0414	-63.9694
spk_ver/v05/v0564	SES105	-2.48469	-66.2594	-63.7747
spk_ver/v05/v0565	SES105	-3.13046	-66.0926	-62.9621
spk_ver/v05/v0566	SES105	-2.77918	-66.6747	-63.8955
spk_ver/v05/v0567	SES142	2.15494	-63.1842	-65.3392
spk_ver/v05/v0568	SES048	1.16641	-62.0337	-63.2001
spk_ver/v05/v0569	SES105	-3.15896	-65.6981	-62.5392
spk_ver/v05/v0570	SES105	-0.402786	-63.9209	-63.5181
spk_ver/v05/v0571	SES105	-3.41714	-68.2625	-64.8453
spk_ver/v05/v0572	SES105	-3.27254	-67.7891	-64.5165
spk_ver/v05/v0573	SES105	-3.20835	-65.9841	-62.7758
spk_ver/v05/v0574	SES105	-1.54848	-65.47	-63.9215
spk_ver/v05/v0575	SES105	-2.19234	-67.014	-64.8216
spk_ver/v05/v0576	SES106	-12.0545	-76.3088	-64.2543
spk_ver/v05/v0577	SES106	-5.48142	-70.2275	-64.7461
spk_ver/v05/v0578	SES106	-7.75552	-71.8784	-64.1228
spk_ver/v05/v0579	SES106	-10.0421	-73.3574	-63.3153
spk_ver/v05/v0580	SES106	-0.854282	-62.8144	-61.9601
spk_ver/v05/v0581	SES106	-10.81	-75.9044	-65.0944
spk_ver/v05/v0582	SES106	-1.59258	-65.7783	-64.1857
spk_ver/v05/v0583	SES106	-0.915287	-62.4772	-61.5619
spk_ver/v05/v0584	SES106	-11.3782	-75.0075	-63.6293
spk_ver/v05/v0585	SES106	-0.293694	-65.8915	-65.5978
spk_ver/v05/v0586	SES106	-10.2904	-74.3911	-64.1008
spk_ver/v05/v0587	SES106	-3.70435	-68.112	-64.4076
spk_ver/v05/v0588	SES106	-8.53138	-71.2305	-62.6991
spk_ver/v05/v0589	SES106	-11.4746	-74.3792	-62.9046
spk_ver/v05/v0590	SES082	1.09585	-62.0438	-63.1396
spk_ver/v05/v0591	SES180	1.03786	-63.3087	-64.3465
spk_ver/v05/v0592	SES106	-1.41225	-64.2285	-62.8163
spk_ver/v05/v0593	SES106	-13.7942	-79.065	-65.2709
spk_ver/v05/v0594	SES292	0.843723	-63.0071	-63.8508
spk_ver/v05/v0595	SES106	-0.200653	-63.7821	-63.5815
spk_ver/v05/v0596	SES106	-11.8594	-76.6511	-64.7917
spk_ver/v05/v0597	SES106	-9.77213	-73.3976	-63.6255
spk_ver/v05/v0598	SES042	2.44086	-60.1703	-62.6112
spk_ver/v05/v0599	SES106	-9.78848	-74.1175	-64.329
spk_ver/v06/v0600	SES106	0.315132	-62.9371	-63.2523
spk_ver/v06/v0601	SES106	-1.55297	-64.9944	-63.4414
spk_ver/v06/v0602	SES106	-5.17386	-68.6297	-63.4558
spk_ver/v06/v0603	SES106	-11.4344	-75.566	-64.1315
spk_ver/v06/v0604	SES106	-9.04471	-71.7409	-62.6962
spk_ver/v06/v0605	SES106	-13.2549	-79.0696	-65.8147
spk_ver/v06/v0606	SES048	2.13747	-60.6255	-62.763
spk_ver/v06/v0607	SES167	2.47102	-61.1859	-63.6569
spk_ver/v06/v0608	SES106	-8.42539	-72.6428	-64.2174
spk_ver/v06/v0609	SES143	0.223816	-64.2728	-64.4966
spk_ver/v06/v0610	SES106	-14.8386	-80.7438	-65.9052
spk_ver/v06/v0611	SES106	-7.15456	-71.4125	-64.2579
spk_ver/v06/v0612	SES106	-15.7113	-80.6599	-64.9485
spk_ver/v06/v0613	SES117	-0.138367	-63.3664	-63.228
spk_ver/v06/v0614	SES117	-4.58939	-67.1988	-62.6094
spk_ver/v06/v0615	SES117	-1.18782	-65.5867	-64.3989
spk_ver/v06/v0616	SES106	1.7477	-59.3773	-61.125
spk_ver/v06/v0617	SES142	3.27712	-63.0591	-66.3362
spk_ver/v06/v0618	SES048	1.75762	-60.677	-62.4346
spk_ver/v06/v0619	SES175	1.20393	-63.1948	-64.3987
spk_ver/v06/v0620	SES180	1.17405	-62.1791	-63.3531
spk_ver/v06/v0621	SES117	-0.06427	-65.6817	-65.6174
spk_ver/v06/v0622	SES029	0.11747	-64.1356	-64.2531
spk_ver/v06/v0623	SES117	-0.232964	-63.4906	-63.2576
spk_ver/v06/v0624	SES117	-3.77111	-66.8045	-63.0334
spk_ver/v06/v0625	SES117	-0.515816	-66.8008	-66.285
spk_ver/v06/v0626	SES106	1.90047	-60.6965	-62.597
spk_ver/v06/v0627	SES226	2.0752	-60.193	-62.2682
spk_ver/v06/v0628	SES117	0.245399	-64.2643	-64.5097
spk_ver/v06/v0629	SES117	-3.14352	-63.25	-60.1065
spk_ver/v06/v0630	SES117	-4.08858	-66.7271	-62.6385
spk_ver/v06/v0631	SES117	-3.68228	-68.7868	-65.1045
spk_ver/v06/v0632	SES117	-0.462948	-63.3775	-62.9146
spk_ver/v06/v0633	SES099	3.05	-60.7586	-63.8086
spk_ver/v06/v0634	SES105	2.00362	-62.2279	-64.2315
spk_ver/v06/v0635	SES167	1.31836	-63.1808	-64.4991
spk_ver/v06/v0636	SES117	-0.660294	-63.5388	-62.8785
spk_ver/v06/v0637	SES202	2.1402	-62.317	-64.4572
spk_ver/v06/v0638	SES117	-2.28696	-65.4786	-63.1916
spk_ver/v06/v0639	SES167	1.68067	-61.6719	-63.3526
spk_ver/v06/v0640	SES117	-2.25114	-66.4731	-64.222
spk_ver/v06/v0641	SES117	-2.73278	-64.5566	-61.8238
spk_ver/v06/v0642	SES101	0.786057	-61.7431	-62.5291
spk_ver/v06/v0643	SES068	1.13395	-62.7049	-63.8389
spk_ver/v06/v0644	SES120	-3.19006	-67.7267	-64.5367
spk_ver/v06/v0645	SES120	-1.74433	-66.7461	-65.0018
spk_ver/v06/v0646	SES172	1.56248	-63.1663	-64.7287
spk_ver/v06/v0647	SES120	-1.40002	-64.7828	-63.3827
spk_ver/v06/v0648	SES120	-0.0512581	-62.7895	-62.7382
spk_ver/v06/v0649	SES120	-2.71113	-66.8846	-64.1735
spk_ver/v06/v0650	SES087	1.87301	-61.0219	-62.8949
spk_ver/v06/v0651	SES120	-2.76094	-66.242	-63.4811
spk_ver/v06/v0652	SES104	-0.713875	-64.8599	-64.146
spk_ver/v06/v0653	SES129	1.68285	-61.4234	-63.1063
spk_ver/v06/v0654	SES120	-1.53369	-65.6769	-64.1432
spk_ver/v06/v0655	SES120	-1.9296	-65.921	-63.9914
spk_ver/v06/v0656	SES120	-0.780289	-64.2574	-63.4771
spk_ver/v06/v0657	SES147	1.34673	-63.6087	-64.9554
spk_ver/v06/v0658	SES120	-3.05591	-66.7507	-63.6948
spk_ver/v06/v0659	SES120	-2.52016	-65.0027	-62.4826
spk_ver/v06/v0660	SES120	-0.633816	-63.9172	-63.2833
spk_ver/v06/v0661	SES120	-2.1757	-66.6338	-64.4581
spk_ver/v06/v0662	SES120	-1.62604	-65.39	-63.7639
spk_ver/v06/v0663	SES120	-2.35419	-67.6161	-65.2619
spk_ver/v06/v0664	SES147	1.23566	-62.9992	-64.2348
spk_ver/v06/v0665	SES162	1.41301	-63.4851	-64.8981
spk_ver/v06/v0666	SES120	-1.65078	-64.1169	-62.4661
spk_ver/v06/v0667	SES120	-2.74674	-65.9414	-63.1946
spk_ver/v06/v0668	SES120	1.71981	-62.1182	-63.838
spk_ver/v06/v0669	SES142	3.34536	-61.7595	-65.1049
spk_ver/v06/v0670	SES106	2.26653	-60.0793	-62.3458
spk_ver/v06/v0671	SES183	1.80146	-62.7609	-64.5624
spk_ver/v06/v0672	SES120	-3.00767	-66.178	-63.1704
spk_ver/v06/v0673	SES029	-0.0266953	-64.5632	-64.5365
spk_ver/v06/v0674	SES120	-1.70158	-65.0977	-63.3961
spk_ver/v06/v0675	SES008	1.24811	-61.6577	-62.9058
spk_ver/v06/v0676	SES125	-10.9138	-76.1735	-65.2597
spk_ver/v06/v0677	SES143	0.715775	-63.885	-64.6007
spk_ver/v06/v0678	SES125	-9.46918	-74.7779	-65.3087
spk_ver/v06/v0679	SES162	0.774422	-63.382	-64.1564
spk_ver/v06/v0680	SES125	-5.73467	-68.8365	-63.1018
spk_ver/v06/v0681	SES125	-1.69453	-64.8855	-63.191
spk_ver/v06/v0682	SES125	-7.62453	-69.745	-62.1205
spk_ver/v06/v0683	SES226	1.62182	-61.3189	-62.9407
spk_ver/v06/v0684	SES125	-8.94624	-73.5423	-64.596
spk_ver/v06/v0685	SES125	-12.0819	-75.6399	-63.558
spk_ver/v06/v0686	SES120	1.33461	-61.7517	-63.0863
spk_ver/v06/v0687	SES125	-3.39151	-68.7673	-65.3758
spk_ver/v06/v0688	SES158	1.45321	-61.4099	-62.8631
spk_ver/v06/v0689	SES125	-6.76007	-71.7051	-64.945
spk_ver/v06/v0690	SES105	1.8283	-62.3907	-64.219
spk_ver/v06/v0691	SES125	-0.965687	-64.2816	-63.3159
spk_ver/v06/v0692	SES125	-2.25691	-64.5769	-62.32
spk_ver/v06/v0693	SES180	1.72545	-62.5765	-64.302
spk_ver/v06/v0694	SES125	-16.6618	-81.5877	-64.9258
spk_ver/v06/v0695	SES125	-3.20341	-66.2491	-63.0457
spk_ver/v06/v0696	SES125	-12.4517	-75.5602	-63.1085
spk_ver/v06/v0697	SES125	-14.2722	-79.4723	-65.2
spk_ver/v06/v0698	SES083	1.09561	-62.0174	-63.113
spk_ver/v06/v0699	SES125	-11.0004	-74.8758	-63.8753
spk_ver/v07/v0700	SES014	2.16058	-60.3432	-62.5037
spk_ver/v07/v0701	SES125	-6.69367	-68.6612	-61.9676
spk_ver/v07/v0702	SES127	-0.572224	-64.0885	-63.5163
spk_ver/v07/v0703	SES127	-1.59569	-66.8916	-65.2959
spk_ver/v07/v0704	SES206	1.79934	-60.3101	-62.1095
spk_ver/v07/v0705	SES127	-1.75024	-66.212	-64.4618
spk_ver/v07/v0706	SES127	-3.69997	-68.1223	-64.4223
spk_ver/v07/v0707	SES127	-5.05096	-67.1704	-62.1194
spk_ver/v07/v0708	SES275	0.92564	-62.9835	-63.9091
spk_ver/v07/v0709	SES127	-2.50668	-66.9352	-64.4286
spk_ver/v07/v0710	SES105	0.885479	-63.2908	-64.1763
spk_ver/v07/v0711	SES127	-2.08266	-65.7635	-63.6809
spk_ver/v07/v0712	SES127	-0.953682	-64.5467	-63.593
spk_ver/v07/v0713	SES127	-4.29108	-68.3885	-64.0974
spk_ver/v07/v0714	SES019	4.11588	-60.436	-64.5519
spk_ver/v07/v0715	SES127	-2.04553	-67.5444	-65.4989
spk_ver/v07/v0716	SES148	0.589672	-62.8998	-63.4895
spk_ver/v07/v0717	SES162	1.42677	-62.6245	-64.0513
spk_ver/v07/v0718	SES189	1.71614	-64.0582	-65.7743
spk_ver/v07/v0719	SES149	0.582237	-61.6026	-62.1848
spk_ver/v07/v0720	SES175	1.30676	-63.234	-64.5407
spk_ver/v07/v0721	SES127	-4.14439	-66.484	-62.3397
spk_ver/v07/v0722	SES127	-1.35638	-65.5401	-64.1837
spk_ver/v07/v0723	SES127	-1.39566	-64.8691	-63.4735
spk_ver/v07/v0724	SES127	-4.13409	-67.7244	-63.5903
spk_ver/v07/v0725	SES127	-2.61131	-66.5535	-63.9422
spk_ver/v07/v0726	SES259	2.02219	-60.0873	-62.1095
spk_ver/v07/v0727	SES127	-2.58416	-67.1279	-64.5438
spk_ver/v07/v0728	SES127	-0.216736	-62.7579	-62.5411
spk_ver/v07/v0729	SES127	-5.75519	-69.1115	-63.3563
spk_ver/v07/v0730	SES127	-2.25513	-67.1983	-64.9432
spk_ver/v07/v0731	SES129	-1.44353	-63.6578	-62.2143
spk_ver/v07/v0732	SES129	-3.28429	-68.1562	-64.8719
spk_ver/v07/v0733	SES129	-6.17606	-72.193	-66.0169
spk_ver/v07/v0734	SES129	-10.0802	-76.6009	-66.5207
spk_ver/v07/v0735	SES183	1.49003	-62.2205	-63.7105
spk_ver/v07/v0736	SES129	-3.0425	-67.3056	-64.2632
spk_ver/v07/v0737	SES129	-2.49081	-66.4496	-63.9588
spk_ver/v07/v0738	SES129	-4.58538	-67.9549	-63.3695
spk_ver/v07/v0739	SES129	-4.34999	-68.508	-64.158
spk_ver/v07/v0740	SES167	0.134636	-63.2069	-63.3416
spk_ver/v07/v0741	SES129	-3.43757	-68.8295	-65.3919
spk_ver/v07/v0742	SES129	-2.9813	-64.5771	-61.5958
spk_ver/v07/v0743	SES129	-2.03854	-66.1127	-64.0742
spk_ver/v07/v0744	SES129	-5.13595	-70.9445	-65.8086
spk_ver/v07/v0745	SES180	0.883339	-63.0796	-63.9629
spk_ver/v07/v0746	SES129	-0.949673	-64.0432	-63.0935
spk_ver/v07/v0747	SES292	0.0527802	-63.2907	-63.3434
spk_ver/v07/v0748	SES202	1.51875	-63.2467	-64.7655
spk_ver/v07/v0749	SES270	1.32518	-61.4274	-62.7526
spk_ver/v07/v0750	SES129	-2.89823	-66.1525	-63.2543
spk_ver/v07/v0751	SES129	-3.45277	-65.0105	-61.5577
spk_ver/v07/v0752	SES060	-0.640358	-63.9994	-63.359
spk_ver/v07/v0753	SES129	-4.12325	-68.8498	-64.7265
spk_ver/v07/v0754	SES129	-11.0881	-78.4628	-67.3747
spk_ver/v07/v0755	SES129	-3.06574	-67.7146	-64.6488
spk_ver/v07/v0756	SES175	0.820389	-63.6703	-64.4907
spk_ver/v07/v0757	SES129	-4.28212	-67.3942	-63.1121
spk_ver/v07/v0758	SES129	-4.29535	-67.789	-63.4937
spk_ver/v07/v0759	SES129	-3.8641	-65.472	-61.6079
spk_ver/v07/v0760	SES129	-3.20737	-66.8412	-63.6338
spk_ver/v07/v0761	SES129	-2.83174	-63.9574	-61.1256
spk_ver/v07/v0762	SES172	0.773537	-63.9657	-64.7392
spk_ver/v07/v0763	SES129	-3.71255	-67.9246	-64.212
spk_ver/v07/v0764	SES129	-4.37968	-67.4429	-63.0632
spk_ver/v07/v0765	SES175	0.85022	-64.1539	-65.0041
spk_ver/v07/v0766	SES129	-3.63307	-65.9728	-62.3397
spk_ver/v07/v0767	SES129	-2.83713	-66.8798	-64.0427
spk_ver/v07/v0768	SES042	2.6172	-58.9764	-61.5936
spk_ver/v07/v0769	SES099	1.71698	-61.4285	-63.1454
spk_ver/v07/v0770	SES142	-3.07697	-67.5693	-64.4923
spk_ver/v07/v0771	SES142	-4.07966	-67.3637	-63.284
spk_ver/v07/v0772	SES101	0.261288	-63.1194	-63.3807
spk_ver/v07/v0773	SES142	-7.69756	-71.2937	-63.5962
spk_ver/v07/v0774	SES142	-2.60355	-67.5733	-64.9698
spk_ver/v07/v0775	SES142	-2.0434	-66.156	-64.1126
spk_ver/v07/v0776	SES142	-2.82958	-65.7236	-62.894
spk_ver/v07/v0777	SES142	-2.54865	-66.5332	-63.9846
spk_ver/v07/v0778	SES142	-1.34476	-66.5628	-65.218
spk_ver/v07/v0779	SES142	-7.59121	-69.9899	-62.3987
spk_ver/v07/v0780	SES142	-3.42706	-67.9476	-64.5205
spk_ver/v07/v0781	SES142	-6.46069	-69.0646	-62.6039
spk_ver/v07/v0782	SES101	0.832241	-63.0624	-63.8947
spk_ver/v07/v0783	SES142	-4.69214	-67.9303	-63.2382
spk_ver/v07/v0784	SES187	1.09438	-63.0066	-64.101
spk_ver/v07/v0785	SES143	1.1116	-64.0711	-65.1827
spk_ver/v07/v0786	SES142	-2.4001	-66.9229	-64.5228
spk_ver/v07/v0787	SES144	0.663765	-63.0906	-63.7543
spk_ver/v07/v0788	SES275	0.589672	-63.2282	-63.8179
spk_ver/v07/v0789	SES142	-2.4552	-66.1241	-63.6689
spk_ver/v07/v0790	SES099	2.15317	-59.4316	-61.5848
spk_ver/v07/v0791	SES142	-6.5514	-70.4356	-63.8842
spk_ver/v07/v0792	SES142	-3.9371	-65.0076	-61.0705
spk_ver/v07/v0793	SES142	-6.74031	-70.2482	-63.5079
spk_ver/v07/v0794	SES014	1.35672	-60.2899	-61.6466
spk_ver/v07/v0795	SES142	-5.77643	-68.3664	-62.59
spk_ver/v07/v0796	SES142	-3.92879	-66.9632	-63.0344
spk_ver/v07/v0797	SES143	-0.889469	-63.7791	-62.8897
spk_ver/v07/v0798	SES206	1.30449	-59.7402	-61.0447
spk_ver/v07/v0799	SES143	-6.15979	-69.9544	-63.7946
spk_ver/v08/v0800	SES143	-0.869423	-65.2037	-64.3343
spk_ver/v08/v0801	SES143	-0.670063	-63.5497	-62.8797
spk_ver/v08/v0802	SES143	-3.34923	-67.128	-63.7788
spk_ver/v08/v0803	SES143	-4.16798	-67.325	-63.157
spk_ver/v08/v0804	SES143	-4.71067	-68.2729	-63.5622
spk_ver/v08/v0805	SES143	-3.46757	-67.107	-63.6394
spk_ver/v08/v0806	SES143	-1.41876	-66.5622	-65.1434
spk_ver/v08/v0807	SES177	0.59832	-62.656	-63.2544
spk_ver/v08/v0808	SES149	1.51281	-60.836	-62.3488
spk_ver/v08/v0809	SES143	-6.03492	-68.6771	-62.6422
spk_ver/v08/v0810	SES158	1.63176	-62.2212	-63.853
spk_ver/v08/v0811	SES143	-1.5043	-67.6056	-66.1013
spk_ver/v08/v0812	SES062	1.42899	-61.3286	-62.7576
spk_ver/v08/v0813	SES259	1.42342	-60.5652	-61.9886
spk_ver/v08/v0814	SES143	-6.55414	-67.8149	-61.2608
spk_ver/v08/v0815	SES143	-4.48441	-67.3715	-62.8871
spk_ver/v08/v0816	SES143	-0.66259	-64.0831	-63.4205
spk_ver/v08/v0817	SES144	-0.0539703	-64.5985	-64.5445
spk_ver/v08/v0818	SES143	-1.30494	-65.6541	-64.3492
spk_ver/v08/v0819	SES143	-1.47658	-65.0677	-63.5911
spk_ver/v08/v0820	SES143	-0.93298	-62.8535	-61.9205
spk_ver/v08/v0821	SES143	-1.94044	-65.8797	-63.9393
spk_ver/v08/v0822	SES143	-4.57882	-67.0526	-62.4737
spk_ver/v08/v0823	SES104	1.63933	-61.026	-62.6653
spk_ver/v08/v0824	SES143	-1.64842	-65.7143	-64.0658
spk_ver/v08/v0825	SES143	-4.16965	-66.6794	-62.5097
spk_ver/v08/v0826	SES144	-4.74123	-67.6513	-62.9101
spk_ver/v08/v0827	SES144	-1.44471	-65.1381	-63.6934
spk_ver/v08/v0828	SES144	-0.359154	-63.3478	-62.9887
spk_ver/v08/v0829	SES172	1.16529	-63.3404	-64.5057
spk_ver/v08/v0830	SES144	-0.409924	-64.0894	-63.6795
spk_ver/v08/v0831	SES183	0.762089	-63.5895	-64.3516
spk_ver/v08/v0832	SES144	-2.53734	-66.612	-64.0747
spk_ver/v08/v0833	SES144	-3.7886	-65.8921	-62.1035
spk_ver/v08/v0834	SES144	-0.411209	-64.2168	-63.8056
spk_ver/v08/v0835	SES144	-0.894798	-65.1926	-64.2978
spk_ver/v08/v0836	SES144	-1.75348	-65.1773	-63.4238
spk_ver/v08/v0837	SES144	-2.68396	-63.6695	-60.9855
spk_ver/v08/v0838	SES144	-1.59616	-66.2813	-64.6851
spk_ver/v08/v0839	SES085	0.142536	-63.1154	-63.2579
spk_ver/v08/v0840	SES144	-0.101334	-64.4886	-64.3873
spk_ver/v08/v0841	SES144	-3.95949	-69.0429	-65.0834
spk_ver/v08/v0842	SES144	-4.30035	-66.6953	-62.3949
spk_ver/v08/v0843	SES144	-0.455524	-63.999	-63.5435
spk_ver/v08/v0844	SES144	-2.39229	-65.3704	-62.9781
spk_ver/v08/v0845	SES144	-3.61834	-65.5384	-61.9201
spk_ver/v08/v0846	SES104	1.22182	-61.4172	-62.639
spk_ver/v08/v0847	SES144	-1.02999	-65.2796	-64.2496
spk_ver/v08/v0848	SES144	-0.999413	-67.1843	-66.1849
spk_ver/v08/v0849	SES144	-5.12684	-67.5102	-62.3834
spk_ver/v08/v0850	SES144	-4.26231	-66.4854	-62.2231
spk_ver/v08/v0851	SES144	-2.26001	-65.2186	-62.9585
spk_ver/v08/v0852	SES144	-0.285244	-63.4539	-63.1687
spk_ver/v08/v0853	SES144	-3.77567	-65.8767	-62.101
spk_ver/v08/v0854	SES144	-1.57024	-65.4459	-63.8756
spk_ver/v08/v0855	SES144	-0.350346	-62.9695	-62.6192
spk_ver/v08/v0856	SES082	0.174606	-65.3962	-65.5708
spk_ver/v08/v0857	SES142	2.69246	-62.1457	-64.8382
spk_ver/v08/v0858	SES144	-0.664444	-66.3242	-65.6597
spk_ver/v08/v0859	SES144	-0.899269	-65.5607	-64.6615
spk_ver/v08/v0860	SES146	-2.81441	-66.3044	-63.49
spk_ver/v08/v0861	SES146	-2.93668	-66.2897	-63.3531
spk_ver/v08/v0862	SES146	-3.07753	-66.8125	-63.735
spk_ver/v08/v0863	SES146	-2.18346	-66.5956	-64.4122
spk_ver/v08/v0864	SES146	-3.23208	-65.014	-61.7819
spk_ver/v08/v0865	SES008	2.01445	-61.7773	-63.7918
spk_ver/v08/v0866	SES142	1.72168	-62.9205	-64.6422
spk_ver/v08/v0867	SES146	-1.98755	-63.7673	-61.7798
spk_ver/v08/v0868	SES082	2.452	-59.5192	-61.9712
spk_ver/v08/v0869	SES146	-1.16368	-63.9405	-62.7768
spk_ver/v08/v0870	SES146	-3.26827	-67.7113	-64.443
spk_ver/v08/v0871	SES146	-3.37087	-66.5792	-63.2083
spk_ver/v08/v0872	SES146	-3.13575	-66.7965	-63.6607
spk_ver/v08/v0873	SES082	1.80698	-59.9868	-61.7937
spk_ver/v08/v0874	SES146	-3.01324	-67.7669	-64.7537
spk_ver/v08/v0875	SES144	0.506981	-64.4609	-64.9678
spk_ver/v08/v0876	SES146	-2.24416	-62.3476	-60.1034
spk_ver/v08/v0877	SES146	-2.8245	-65.7057	-62.8812
spk_ver/v08/v0878	SES146	-1.25935	-65.1109	-63.8515
spk_ver/v08/v0879	SES146	-2.94145	-67.0945	-64.153
spk_ver/v08/v0880	SES146	-3.13386	-68.1317	-64.9979
spk_ver/v08/v0881	SES143	0.574493	-64.1961	-64.7706
spk_ver/v08/v0882	SES146	-0.846256	-64.5861	-63.7399
spk_ver/v08/v0883	SES147	-2.22344	-65.3754	-63.152
spk_ver/v08/v0884	SES147	-0.230686	-64.162	-63.9313
spk_ver/v08/v0885	SES016	0.998741	-62.5188	-63.5175
spk_ver/v08/v0886	SES147	-1.17681	-65.6212	-64.4444
spk_ver/v08/v0887	SES147	-1.68818	-65.4219	-63.7337
spk_ver/v08/v0888	SES147	-1.73785	-66.5021	-64.7642
spk_ver/v08/v0889	SES019	2.12579	-61.5098	-63.6356
spk_ver/v08/v0890	SES147	-1.54166	-66.6495	-65.1078
spk_ver/v08/v0891	SES147	-4.02361	-67.3095	-63.2859
spk_ver/v08/v0892	SES147	-1.04806	-65.9553	-64.9072
spk_ver/v08/v0893	SES270	1.90207	-62.1125	-64.0146
spk_ver/v08/v0894	SES029	0.664772	-63.2919	-63.9567
spk_ver/v08/v0895	SES147	-0.898529	-67.2072	-66.3087
spk_ver/v08/v0896	SES117	0.905441	-64.2965	-65.2019
spk_ver/v08/v0897	SES183	1.63268	-64.2171	-65.8498
spk_ver/v08/v0898	SES147	-3.65465	-65.5169	-61.8622
spk_ver/v08/v0899	SES147	-2.20609	-68.1839	-65.9778
spk_ver/v09/v0900	SES087	1.37993	-60.6671	-62.047
spk_ver/v09/v0901	SES147	-6.83351	-70.0161	-63.1825
spk_ver/v09/v0902	SES147	-5.54679	-68.4873	-62.9405
spk_ver/v09/v0903	SES147	-0.839943	-65.2263	-64.3864
spk_ver/v09/v0904	SES147	-4.45625	-67.0435	-62.5873
spk_ver/v09/v0905	SES143	1.00035	-63.6731	-64.6735
spk_ver/v09/v0906	SES149	0.920422	-61.3814	-62.3019
spk_ver/v09/v0907	SES148	-0.92345	-63.5469	-62.6235
spk_ver/v09/v0908	SES148	-0.624336	-63.4889	-62.8646
spk_ver/v09/v0909	SES106	2.24486	-60.5824	-62.8272
spk_ver/v09/v0910	SES148	-0.935722	-66.4407	-65.5049
spk_ver/v09/v0911	SES148	-3.15017	-67.0896	-63.9394
spk_ver/v09/v0912	SES142	1.84391	-63.4643	-65.3082
spk_ver/v09/v0913	SES148	-3.66739	-67.6627	-63.9954
spk_ver/v09/v0914	SES148	-2.91216	-66.3749	-63.4628
spk_ver/v09/v0915	SES148	-2.12887	-68.4562	-66.3273
spk_ver/v09/v0916	SES148	-2.66053	-67.6821	-65.0215
spk_ver/v09/v0917	SES148	1.08184	-63.087	-64.1688
spk_ver/v09/v0918	SES148	-0.176136	-62.7898	-62.6137
spk_ver/v09/v0919	SES270	1.30496	-61.9469	-63.2519
spk_ver/v09/v0920	SES148	-1.48356	-63.6805	-62.1969
spk_ver/v09/v0921	SES148	-2.23566	-65.8916	-63.6559
spk_ver/v09/v0922	SES129	1.11222	-61.3644	-62.4767
spk_ver/v09/v0923	SES117	0.908077	-63.2733	-64.1814
spk_ver/v09/v0924	SES042	3.50121	-58.4311	-61.9323
spk_ver/v09/v0925	SES148	-3.77835	-68.2747	-64.4964
spk_ver/v09/v0926	SES148	-2.97478	-67.1149	-64.1401
spk_ver/v09/v0927	SES144	0.621189	-63.7401	-64.3613
spk_ver/v09/v0928	SES007	0.643181	-64.004	-64.6472
spk_ver/v09/v0929	SES148	-1.70506	-64.0239	-62.3189
spk_ver/v09/v0930	SES148	-1.0817	-64.336	-63.2543
spk_ver/v09/v0931	SES148	-2.4894	-67.6215	-65.1321
spk_ver/v09/v0932	SES202	2.02926	-62.1315	-64.1608
spk_ver/v09/v0933	SES148	-0.429008	-63.2	-62.771
spk_ver/v09/v0934	SES148	-3.71495	-65.2787	-61.5637
spk_ver/v09/v0935	SES060	0.893459	-61.6524	-62.5459
spk_ver/v09/v0936	SES060	1.22343	-63.1204	-64.3438
spk_ver/v09/v0937	SES148	-1.6095	-65.4135	-63.804
spk_ver/v09/v0938	SES148	-2.19017	-66.0543	-63.8641
spk_ver/v09/v0939	SES148	-2.54081	-64.4551	-61.9142
spk_ver/v09/v0940	SES148	-2.53385	-64.0258	-61.4919
spk_ver/v09/v0941	SES149	-2.10271	-66.0267	-63.9239
spk_ver/v09/v0942	SES149	-7.6092	-70.9261	-63.3169
spk_ver/v09/v0943	SES149	-7.78075	-71.7608	-63.98
spk_ver/v09/v0944	SES149	-0.924076	-64.3034	-63.3794
spk_ver/v09/v0945	SES105	0.489372	-62.4019	-62.8912
spk_ver/v09/v0946	SES149	-3.36424	-65.4705	-62.1062
spk_ver/v09/v0947	SES149	-9.96885	-74.8102	-64.8413
spk_ver/v09/v0948	SES149	-9.40556	-72.5379	-63.1323
spk_ver/v09/v0949	SES149	-5.25071	-66.8144	-61.5637
spk_ver/v09/v0950	SES226	1.24932	-60.5617	-61.811
spk_ver/v09/v0951	SES149	-12.0702	-76.2725	-64.2023
spk_ver/v09/v0952	SES149	-2.89697	-66.3247	-63.4277
spk_ver/v09/v0953	SES062	1.31339	-61.824	-63.1374
spk_ver/v09/v0954	SES149	-12.132	-77.0196	-64.8876
spk_ver/v09/v0955	SES048	0.491749	-61.6194	-62.1111
spk_ver/v09/v0956	SES158	-0.591194	-62.787	-62.1958
spk_ver/v09/v0957	SES158	-8.80585	-74.4508	-65.6449
spk_ver/v09/v0958	SES158	-0.567337	-62.2832	-61.7159
spk_ver/v09/v0959	SES158	-1.06096	-63.7021	-62.6412
spk_ver/v09/v0960	SES158	-7.43308	-72.019	-64.5859
spk_ver/v09/v0961	SES147	1.75863	-63.3661	-65.1247
spk_ver/v09/v0962	SES158	-12.9818	-78.2474	-65.2655
spk_ver/v09/v0963	SES292	0.62875	-62.9952	-63.6239
spk_ver/v09/v0964	SES060	2.01711	-61.4515	-63.4686
spk_ver/v09/v0965	SES002	1.25939	-61.2698	-62.5291
spk_ver/v09/v0966	SES149	2.12208	-60.1388	-62.2608
spk_ver/v09/v0967	SES158	-9.63417	-74.8688	-65.2346
spk_ver/v09/v0968	SES158	-1.52774	-64.5931	-63.0653
spk_ver/v09/v0969	SES275	-0.448479	-65.9104	-65.462
spk_ver/v09/v0970	SES158	-9.9975	-72.7228	-62.7253
spk_ver/v09/v0971	SES158	-8.16134	-71.9894	-63.8281
spk_ver/v09/v0972	SES002	2.11897	-59.1458	-61.2648
spk_ver/v09/v0973	SES158	-11.0261	-75.2209	-64.1947
spk_ver/v09/v0974	SES202	2.2416	-61.934	-64.1756
spk_ver/v09/v0975	SES158	-12.9459	-78.1805	-65.2346
spk_ver/v09/v0976	SES158	0.0930862	-62.5164	-62.6095
spk_ver/v09/v0977	SES162	-0.528725	-64.2359	-63.7072
spk_ver/v09/v0978	SES162	-5.47958	-68.9702	-63.4907
spk_ver/v09/v0979	SES162	-6.62015	-69.5188	-62.8986
spk_ver/v09/v0980	SES162	-0.930786	-65.1865	-64.2557
spk_ver/v09/v0981	SES162	-1.90597	-66.8867	-64.9808
spk_ver/v09/v0982	SES259	2.0014	-60.6776	-62.679
spk_ver/v09/v0983	SES162	-3.29724	-69.6909	-66.3936
spk_ver/v09/v0984	SES162	-1.57875	-63.9555	-62.3767
spk_ver/v09/v0985	SES162	-0.806297	-64.2491	-63.4428
spk_ver/v09/v0986	SES062	1.34024	-61.5387	-62.8789
spk_ver/v09/v0987	SES162	-0.242874	-64.1288	-63.8859
spk_ver/v09/v0988	SES162	-4.14592	-66.2052	-62.0593
spk_ver/v09/v0989	SES162	-3.94793	-68.8355	-64.8876
spk_ver/v09/v0990	SES162	-2.87806	-66.4538	-63.5758
spk_ver/v09/v0991	SES087	1.79057	-61.0188	-62.8094
spk_ver/v09/v0992	SES120	0.569401	-63.5619	-64.1313
spk_ver/v09/v0993	SES162	-3.82127	-65.7878	-61.9666
spk_ver/v09/v0994	SES162	-1.1403	-64.4099	-63.2696
spk_ver/v09/v0995	SES162	-4.0558	-65.3372	-61.2814
spk_ver/v09/v0996	SES162	-1.51388	-63.7504	-62.2365
spk_ver/v09/v0997	SES162	-5.86126	-68.3103	-62.4491
spk_ver/v09/v0998	SES162	-3.78038	-68.3373	-64.5569
spk_ver/v09/v0999	SES162	-0.423691	-63.0207	-62.5971
spk_ver/v10/v1000	SES162	-3.61696	-66.018	-62.401
spk_ver/v10/v1001	SES148	1.26257	-63.1144	-64.377
spk_ver/v10/v1002	SES162	-0.410988	-65.3869	-64.9759
spk_ver/v10/v1003	SES162	-1.83469	-66.5078	-64.6731
spk_ver/v10/v1004	SES162	-2.50687	-67.4974	-64.9905
spk_ver/v10/v1005	SES162	-4.04621	-68.1844	-64.1382
spk_ver/v10/v1006	SES162	-2.20759	-66.2129	-64.0053
spk_ver/v10/v1007	SES162	-1.69943	-66.9021	-65.2026
spk_ver/v10/v1008	SES162	-3.64706	-69.3048	-65.6578
spk_ver/v10/v1009	SES162	-4.64565	-66.3784	-61.7327
spk_ver/v10/v1010	SES167	-2.9785	-66.8307	-63.8522
spk_ver/v10/v1011	SES167	-0.133049	-64.4767	-64.3436
spk_ver/v10/v1012	SES167	-1.59841	-66.3301	-64.7317
spk_ver/v10/v1013	SES167	-5.08226	-68.1561	-63.0738
spk_ver/v10/v1014	SES167	-1.12711	-63.6648	-62.5377
spk_ver/v10/v1015	SES167	-0.600628	-64.5557	-63.9551
spk_ver/v10/v1016	SES167	-0.610245	-65.0435	-64.4333
spk_ver/v10/v1017	SES167	-0.704903	-64.7804	-64.0755
spk_ver/v10/v1018	SES167	-2.38644	-65.9569	-63.5704
spk_ver/v10/v1019	SES167	-1.22875	-65.0677	-63.8389
spk_ver/v10/v1020	SES167	-4.3546	-66.9037	-62.5491
spk_ver/v10/v1021	SES167	-0.807404	-67.4351	-66.6277
spk_ver/v10/v1022	SES167	-2.06832	-65.7206	-63.6523
spk_ver/v10/v1023	SES167	-2.53447	-67.6699	-65.1354
spk_ver/v10/v1024	SES167	-2.60689	-69.3001	-66.6932
spk_ver/v10/v1025	SES167	-0.970573	-63.4752	-62.5047
spk_ver/v10/v1026	SES167	-1.3472	-65.5727	-64.2255
spk_ver/v10/v1027	SES167	-0.54847	-63.3823	-62.8338
spk_ver/v10/v1028	SES167	-4.91391	-67.6883	-62.7744
spk_ver/v10/v1029	SES167	-2.2401	-65.8152	-63.5751
spk_ver/v10/v1030	SES167	-3.53053	-66.5623	-63.0318
spk_ver/v10/v1031	SES167	-4.55473	-66.6277	-62.073
spk_ver/v10/v1032	SES167	-4.94797	-66.7094	-61.7614
spk_ver/v10/v1033	SES167	-4.37583	-65.9013	-61.5254
spk_ver/v10/v1034	SES002	1.70154	-59.5456	-61.2472
spk_ver/v10/v1035	SES167	-1.58886	-64.9771	-63.3883
spk_ver/v10/v1036	SES083	0.898991	-62.5609	-63.4598
spk_ver/v10/v1037	SES167	-1.00965	-65.3096	-64.3
spk_ver/v10/v1038	SES167	-0.325432	-66.4478	-66.1224
spk_ver/v10/v1039	SES167	-0.413223	-64.946	-64.5327
spk_ver/v10/v1040	SES167	-5.02109	-69.4148	-64.3938
spk_ver/v10/v1041	SES167	-0.55542	-65.3653	-64.8099
spk_ver/v10/v1042	SES087	1.69688	-61.3663	-63.0632
spk_ver/v10/v1043	SES029	1.10169	-63.5884	-64.6901
spk_ver/v10/v1044	SES206	1.52037	-60.1845	-61.7049
spk_ver/v10/v1045	SES172	-2.00842	-66.177	-64.1686
spk_ver/v10/v1046	SES172	1.34034	-62.2652	-63.6056
spk_ver/v10/v1047	SES172	-2.34817	-66.1044	-63.7563
spk_ver/v10/v1048	SES259	2.54128	-59.5866	-62.1279
spk_ver/v10/v1049	SES172	-4.98316	-66.5324	-61.5493
spk_ver/v10/v1050	SES120	0.775379	-63.9473	-64.7227
spk_ver/v10/v1051	SES172	-1.34068	-65.3227	-63.9821
spk_ver/v10/v1052	SES172	-2.8217	-67.289	-64.4673
spk_ver/v10/v1053	SES172	-4.65692	-69.2293	-64.5723
spk_ver/v10/v1054	SES172	-2.95573	-67.1647	-64.209
spk_ver/v10/v1055	SES189	2.90794	-65.1114	-68.0193
spk_ver/v10/v1056	SES172	-4.4808	-67.1921	-62.7113
spk_ver/v10/v1057	SES172	-1.08483	-65.2222	-64.1374
spk_ver/v10/v1058	SES172	-1.81897	-65.816	-63.997
spk_ver/v10/v1059	SES172	-1.34806	-65.0016	-63.6535
spk_ver/v10/v1060	SES029	0.268085	-62.186	-62.4541
spk_ver/v10/v1061	SES175	-6.23009	-69.9081	-63.6781
spk_ver/v10/v1062	SES187	0.148003	-62.6507	-62.7987
spk_ver/v10/v1063	SES019	3.0401	-61.3058	-64.3459
spk_ver/v10/v1064	SES175	-4.76445	-67.1796	-62.4151
spk_ver/v10/v1065	SES175	-4.60404	-67.3836	-62.7795
spk_ver/v10/v1066	SES175	-5.18239	-69.5746	-64.3922
spk_ver/v10/v1067	SES175	-2.13926	-66.4032	-64.2639
spk_ver/v10/v1068	SES175	-5.21146	-68.5537	-63.3422
spk_ver/v10/v1069	SES016	2.26028	-61.2058	-63.4661
spk_ver/v10/v1070	SES175	-1.6886	-66.5347	-64.8461
spk_ver/v10/v1071	SES175	-2.58878	-64.7183	-62.1295
spk_ver/v10/v1072	SES175	-6.77026	-70.368	-63.5977
spk_ver/v10/v1073	SES029	0.652542	-63.511	-64.1636
spk_ver/v10/v1074	SES175	-3.92274	-66.9349	-63.0122
spk_ver/v10/v1075	SES175	-1.1781	-63.5047	-62.3266
spk_ver/v10/v1076	SES175	-0.428074	-63.1011	-62.6731
spk_ver/v10/v1077	SES175	-4.69107	-66.9143	-62.2232
spk_ver/v10/v1078	SES127	1.08195	-61.9326	-63.0145
spk_ver/v10/v1079	SES175	-3.52639	-64.6766	-61.1502
spk_ver/v10/v1080	SES175	-0.663025	-65.2269	-64.5639
spk_ver/v10/v1081	SES175	-3.84881	-66.5446	-62.6958
spk_ver/v10/v1082	SES175	-3.85324	-66.4036	-62.5504
spk_ver/v10/v1083	SES007	1.363	-63.213	-64.576
spk_ver/v10/v1084	SES068	1.45993	-61.407	-62.867
spk_ver/v10/v1085	SES008	1.74852	-61.0378	-62.7863
spk_ver/v10/v1086	SES175	-0.767399	-63.0915	-62.3241
spk_ver/v10/v1087	SES175	-3.71951	-67.5907	-63.8712
spk_ver/v10/v1088	SES008	1.48164	-62.3057	-63.7874
spk_ver/v10/v1089	SES177	-2.64845	-63.9439	-61.2955
spk_ver/v10/v1090	SES177	-4.15496	-66.5068	-62.3518
spk_ver/v10/v1091	SES177	-5.2323	-69.1707	-63.9384
spk_ver/v10/v1092	SES177	-0.727203	-64.4717	-63.7445
spk_ver/v10/v1093	SES177	-7.03172	-69.7621	-62.7303
spk_ver/v10/v1094	SES002	2.25186	-59.2197	-61.4715
spk_ver/v10/v1095	SES104	1.40875	-60.8404	-62.2491
spk_ver/v10/v1096	SES177	-1.36829	-65.1367	-63.7684
spk_ver/v10/v1097	SES177	-1.73065	-66.4634	-64.7327
spk_ver/v10/v1098	SES177	-1.61916	-64.8907	-63.2715
spk_ver/v10/v1099	SES177	-0.124172	-63.6031	-63.4789
spk_ver/v11/v1100	SES177	-4.37213	-67.2237	-62.8516
spk_ver/v11/v1101	SES085	0.12817	-63.2968	-63.425
spk_ver/v11/v1102	SES187	0.716408	-63.3823	-64.0987
spk_ver/v11/v1103	SES177	-0.454643	-65.3933	-64.9387
spk_ver/v11/v1104	SES177	1.2236	-62.0386	-63.2622
spk_ver/v11/v1105	SES177	-0.613373	-63.2809	-62.6675
spk_ver/v11/v1106	SES177	-3.28351	-66.5276	-63.2441
spk_ver/v11/v1107	SES177	-0.0943375	-63.5506	-63.4562
spk_ver/v11/v1108	SES177	-0.149994	-63.7012	-63.5512
spk_ver/v11/v1109	SES125	1.74205	-60.4815	-62.2236
spk_ver/v11/v1110	SES177	-3.55625	-65.7094	-62.1531
spk_ver/v11/v1111	SES177	-1.39066	-64.6889	-63.2983
spk_ver/v11/v1112	SES177	-4.18293	-67.4215	-63.2386
spk_ver/v11/v1113	SES177	-6.5359	-68.3252	-61.7893
spk_ver/v11/v1114	SES177	-0.825317	-65.4179	-64.5926
spk_ver/v11/v1115	SES177	-2.1629	-67.5655	-65.4026
spk_ver/v11/v1116	SES085	0.760735	-62.0529	-62.8137
spk_ver/v11/v1117	SES147	0.826897	-63.8508	-64.6777
spk_ver/v11/v1118	SES177	-0.479969	-64.416	-63.936
spk_ver/v11/v1119	SES177	-4.20361	-67.0482	-62.8446
spk_ver/v11/v1120	SES180	-6.21321	-69.572	-63.3588
spk_ver/v11/v1121	SES189	1.75373	-63.9381	-65.6919
spk_ver/v11/v1122	SES117	0.727028	-66.2477	-66.9747
spk_ver/v11/v1123	SES129	2.19432	-60.6008	-62.7951
spk_ver/v11/v1124	SES180	-2.0284	-66.6238	-64.5954
spk_ver/v11/v1125	SES180	-0.524082	-63.3968	-62.8727
spk_ver/v11/v1126	SES180	-0.770279	-64.5103	-63.74
spk_ver/v11/v1127	SES180	-1.33155	-64.9771	-63.6455
spk_ver/v11/v1128	SES016	0.477509	-64.4528	-64.9303
spk_ver/v11/v1129	SES158	1.21368	-61.3102	-62.5239
spk_ver/v11/v1130	SES180	-2.73306	-66.2087	-63.4757
spk_ver/v11/v1131	SES180	-3.89768	-64.9525	-61.0548
spk_ver/v11/v1132	SES180	-1.78804	-66.4418	-64.6537
spk_ver/v11/v1133	SES180	-3.97945	-65.7947	-61.8153
spk_ver/v11/v1134	SES180	-2.35512	-66.947	-64.5918
spk_ver/v11/v1135	SES180	-1.13441	-63.5082	-62.3738
spk_ver/v11/v1136	SES180	-4.74791	-68.6493	-63.9013
spk_ver/v11/v1137	SES148	0.754513	-62.5204	-63.2749
spk_ver/v11/v1138	SES104	1.56532	-59.3603	-60.9257
spk_ver/v11/v1139	SES180	-4.98942	-69.0173	-64.0279
spk_ver/v11/v1140	SES083	0.892242	-62.5752	-63.4675
spk_ver/v11/v1141	SES180	-4.26927	-67.0056	-62.7364
spk_ver/v11/v1142	SES180	-1.49947	-65.9263	-64.4268
spk_ver/v11/v1143	SES180	-1.9986	-67.5125	-65.5139
spk_ver/v11/v1144	SES099	2.04461	-61.072	-63.1166
spk_ver/v11/v1145	SES180	-0.902901	-65.4283	-64.5254
spk_ver/v11/v1146	SES183	-2.40427	-66.4035	-63.9992
spk_ver/v11/v1147	SES183	-1.02614	-63.8871	-62.861
spk_ver/v11/v1148	SES183	-4.81232	-69.0927	-64.2804
spk_ver/v11/v1149	SES183	-5.44165	-67.5165	-62.0749
spk_ver/v11/v1150	SES183	-4.23463	-66.9894	-62.7547
spk_ver/v11/v1151	SES082	1.31429	-60.9625	-62.2768
spk_ver/v11/v1152	SES183	-2.22916	-67.396	-65.1668
spk_ver/v11/v1153	SES183	-1.80692	-65.4695	-63.6626
spk_ver/v11/v1154	SES002	2.20203	-58.9773	-61.1793
spk_ver/v11/v1155	SES183	-2.43664	-67.1283	-64.6916
spk_ver/v11/v1156	SES183	-5.02409	-69.9659	-64.9418
spk_ver/v11/v1157	SES183	-4.12442	-64.1988	-60.0744
spk_ver/v11/v1158	SES183	-0.794563	-63.9476	-63.1531
spk_ver/v11/v1159	SES183	-1.68225	-65.2476	-63.5653
spk_ver/v11/v1160	SES183	-4.44684	-66.9079	-62.4611
spk_ver/v11/v1161	SES183	-4.95988	-69.8167	-64.8569
spk_ver/v11/v1162	SES105	1.41583	-62.218	-63.6339
spk_ver/v11/v1163	SES183	-5.62147	-67.9492	-62.3277
spk_ver/v11/v1164	SES259	2.23956	-60.489	-62.7286
spk_ver/v11/v1165	SES183	-2.21676	-66.9685	-64.7517
spk_ver/v11/v1166	SES183	-4.74093	-66.9256	-62.1847
spk_ver/v11/v1167	SES183	-1.89346	-65.8135	-63.92
spk_ver/v11/v1168	SES183	-2.21601	-64.8761	-62.6601
spk_ver/v11/v1169	SES183	-5.8215	-68.3435	-62.5219
spk_ver/v11/v1170	SES183	-3.62476	-67.2302	-63.6055
spk_ver/v11/v1171	SES183	-6.84733	-71.3522	-64.5049
spk_ver/v11/v1172	SES187	-4.45242	-68.1959	-63.7435
spk_ver/v11/v1173	SES019	3.25793	-61.7038	-64.9617
spk_ver/v11/v1174	SES187	-5.46178	-69.6667	-64.2049
spk_ver/v11/v1175	SES187	-1.00461	-66.278	-65.2734
spk_ver/v11/v1176	SES083	0.653152	-61.9311	-62.5843
spk_ver/v11/v1177	SES187	-6.43315	-71.1763	-64.7432
spk_ver/v11/v1178	SES187	-4.76368	-67.2985	-62.5348
spk_ver/v11/v1179	SES187	-1.53862	-65.5459	-64.0073
spk_ver/v11/v1180	SES187	-0.374557	-64.4061	-64.0315
spk_ver/v11/v1181	SES187	-6.78826	-69.3109	-62.5226
spk_ver/v11/v1182	SES187	-0.881588	-63.7503	-62.8687
spk_ver/v11/v1183	SES187	-5.23011	-68.8186	-63.5885
spk_ver/v11/v1184	SES187	0.196522	-63.54	-63.7365
spk_ver/v11/v1185	SES127	0.780724	-62.5795	-63.3602
spk_ver/v11/v1186	SES187	-0.324867	-63.6535	-63.3287
spk_ver/v11/v1187	SES187	-1.4793	-64.0003	-62.521
spk_ver/v11/v1188	SES187	-0.789322	-65.9747	-65.1853
spk_ver/v11/v1189	SES042	2.11856	-59.3464	-61.4649
spk_ver/v11/v1190	SES187	-0.612366	-63.8658	-63.2535
spk_ver/v11/v1191	SES187	-5.23067	-70.3952	-65.1645
spk_ver/v11/v1192	SES187	-4.10755	-67.3452	-63.2376
spk_ver/v11/v1193	SES183	0.923054	-63.4868	-64.4099
spk_ver/v11/v1194	SES187	-0.794395	-65.8606	-65.0662
spk_ver/v11/v1195	SES187	-5.25443	-68.77	-63.5156
spk_ver/v11/v1196	SES146	1.57991	-63.4163	-64.9962
spk_ver/v11/v1197	SES189	-4.94308	-67.0671	-62.124
spk_ver/v11/v1198	SES175	1.7659	-63.0966	-64.8625
spk_ver/v11/v1199	SES189	-4.38937	-68.8968	-64.5074
spk_ver/v12/v1200	SES189	-2.02688	-64.2034	-62.1765
spk_ver/v12/v1201	SES177	1.06256	-62.2911	-63.3537
spk_ver/v12/v1202	SES189	-0.885544	-65.6224	-64.7369
spk_ver/v12/v1203	SES143	1.0357	-63.507	-64.5427
spk_ver/v12/v1204	SES189	-1.7685	-65.6023	-63.8338
spk_ver/v12/v1205	SES189	-1.66318	-64.6446	-62.9814
spk_ver/v12/v1206	SES189	-5.0542	-69.1932	-64.139
spk_ver/v12/v1207	SES189	-3.50583	-66.9854	-63.4796
spk_ver/v12/v1208	SES189	-2.98026	-65.2864	-62.3062
spk_ver/v12/v1209	SES189	-4.78166	-68.583	-63.8014
spk_ver/v12/v1210	SES189	0.715267	-63.833	-64.5482
spk_ver/v12/v1211	SES062	1.00047	-61.9343	-62.9348
spk_ver/v12/v1212	SES189	-1.61637	-65.2062	-63.5898
spk_ver/v12/v1213	SES048	1.19039	-61.8344	-63.0248
spk_ver/v12/v1214	SES042	2.85593	-58.3344	-61.1903
spk_ver/v12/v1215	SES008	2.29605	-60.5772	-62.8732
spk_ver/v12/v1216	SES202	-4.20176	-65.8745	-61.6728
spk_ver/v12/v1217	SES202	-2.56413	-67.7166	-65.1524
spk_ver/v12/v1218	SES085	1.12449	-60.7963	-61.9208
spk_ver/v12/v1219	SES202	-2.72747	-65.8244	-63.0969
spk_ver/v12/v1220	SES202	-2.74493	-66.2782	-63.5333
spk_ver/v12/v1221	SES202	-0.681229	-65.2947	-64.6135
spk_ver/v12/v1222	SES202	-7.41819	-71.0365	-63.6183
spk_ver/v12/v1223	SES158	1.08665	-61.8277	-62.9144
spk_ver/v12/v1224	SES202	-1.72395	-66.1704	-64.4464
spk_ver/v12/v1225	SES202	-6.36545	-69.4896	-63.1242
spk_ver/v12/v1226	SES202	-4.63686	-68.3617	-63.7248
spk_ver/v12/v1227	SES202	-3.07742	-67.0791	-64.0017
spk_ver/v12/v1228	SES177	1.05553	-62.7387	-63.7942
spk_ver/v12/v1229	SES202	-4.41098	-67.9738	-63.5628
spk_ver/v12/v1230	SES202	-1.06541	-65.2688	-64.2034
spk_ver/v12/v1231	SES202	-3.94535	-68.1764	-64.2311
spk_ver/v12/v1232	SES202	-1.13634	-66.9846	-65.8483
spk_ver/v12/v1233	SES206	1.4761	-59.6239	-61.1
spk_ver/v12/v1234	SES202	-5.86444	-68.8174	-62.953
spk_ver/v12/v1235	SES202	-4.15419	-67.1665	-63.0123
spk_ver/v12/v1236	SES125	2.05012	-61.2017	-63.2518
spk_ver/v12/v1237	SES127	1.09462	-61.8552	-62.9498
spk_ver/v12/v1238	SES202	2.46833	-61.2757	-63.744
spk_ver/v12/v1239	SES167	1.41978	-61.8941	-63.3139
spk_ver/v12/v1240	SES206	-12.3162	-77.1445	-64.8283
spk_ver/v12/v1241	SES206	-11.5992	-76.6675	-65.0683
spk_ver/v12/v1242	SES206	-0.663544	-62.5747	-61.9111
spk_ver/v12/v1243	SES206	-1.91931	-65.3446	-63.4253
spk_ver/v12/v1244	SES259	1.86327	-60.8255	-62.6888
spk_ver/v12/v1245	SES206	-6.50917	-69.4161	-62.907
spk_ver/v12/v1246	SES206	-7.00423	-70.1922	-63.188
spk_ver/v12/v1247	SES206	-0.0903778	-62.376	-62.2856
spk_ver/v12/v1248	SES206	-13.5932	-78.7899	-65.1967
spk_ver/v12/v1249	SES270	1.85853	-61.72	-63.5785
spk_ver/v12/v1250	SES206	-10.1327	-74.5605	-64.4278
spk_ver/v12/v1251	SES206	-6.17076	-68.8348	-62.664
spk_ver/v12/v1252	SES206	-5.18317	-68.9029	-63.7197
spk_ver/v12/v1253	SES206	-0.300335	-62.1834	-61.883
spk_ver/v12/v1254	SES206	-0.691971	-63	-62.3081
spk_ver/v12/v1255	SES125	1.77664	-60.7082	-62.4849
spk_ver/v12/v1256	SES206	-14.5255	-78.6143	-64.0888
spk_ver/v12/v1257	SES206	-7.40267	-69.9781	-62.5755
spk_ver/v12/v1258	SES206	-1.62142	-64.8505	-63.2291
spk_ver/v12/v1259	SES206	-13.8795	-78.2894	-64.41
spk_ver/v12/v1260	SES206	-17.0843	-82.4643	-65.38
spk_ver/v12/v1261	SES206	-10.7139	-74.1934	-63.4795
spk_ver/v12/v1262	SES206	-12.5429	-76.6237	-64.0808
spk_ver/v12/v1263	SES206	-8.00339	-70.8822	-62.8788
spk_ver/v12/v1264	SES149	1.17141	-62.2111	-63.3825
spk_ver/v12/v1265	SES206	-1.2342	-65.3633	-64.1291
spk_ver/v12/v1266	SES206	-14.6003	-79.387	-64.7867
spk_ver/v12/v1267	SES206	-1.20647	-66.2634	-65.0569
spk_ver/v12/v1268	SES206	-6.81912	-70.7058	-63.8867
spk_ver/v12/v1269	SES206	-15.7245	-82.5577	-66.8332
spk_ver/v12/v1270	SES206	-18.9146	-85.9217	-67.0071
spk_ver/v12/v1271	SES226	-18.1742	-83.2611	-65.0869
spk_ver/v12/v1272	SES226	-1.11911	-62.3161	-61.197
spk_ver/v12/v1273	SES226	-11.4402	-74.3635	-62.9234
spk_ver/v12/v1274	SES226	-11.0618	-75.3643	-64.3026
spk_ver/v12/v1275	SES226	-0.247196	-63.4793	-63.2321
spk_ver/v12/v1276	SES226	-9.52007	-73.5469	-64.0268
spk_ver/v12/v1277	SES226	-0.697308	-63.3956	-62.6983
spk_ver/v12/v1278	SES226	-0.0214005	-62.608	-62.5866
spk_ver/v12/v1279	SES226	-10.3262	-72.9702	-62.644
spk_ver/v12/v1280	SES226	-2.56967	-64.9724	-62.4027
spk_ver/v12/v1281	SES226	-0.539577	-64.2695	-63.7299
spk_ver/v12/v1282	SES226	-1.6655	-65.4214	-63.7559
spk_ver/v12/v1283	SES143	1.2375	-63.2264	-64.4639
spk_ver/v12/v1284	SES226	-6.14331	-68.5943	-62.451
spk_ver/v12/v1285	SES226	-0.578865	-62.815	-62.2361
spk_ver/v12/v1286	SES226	-1.77825	-65.5642	-63.786
spk_ver/v12/v1287	SES226	-5.60009	-68.7268	-63.1267
spk_ver/v12/v1288	SES226	-8.56633	-71.6544	-63.0881
spk_ver/v12/v1289	SES104	0.937283	-61.9177	-62.855
spk_ver/v12/v1290	SES008	2.00324	-62.522	-64.5253
spk_ver/v12/v1291	SES226	-0.847996	-62.8233	-61.9753
spk_ver/v12/v1292	SES259	-3.33394	-66.9585	-63.6246
spk_ver/v12/v1293	SES062	0.740108	-62.376	-63.1161
spk_ver/v12/v1294	SES099	1.74011	-61.9382	-63.6784
spk_ver/v12/v1295	SES158	0.65984	-62.4068	-63.0667
spk_ver/v12/v1296	SES259	-7.83047	-70.1972	-62.3667
spk_ver/v12/v1297	SES259	-4.38875	-68.4877	-64.0989
spk_ver/v12/v1298	SES259	-1.66154	-63.4234	-61.7618
spk_ver/v12/v1299	SES259	-6.82112	-71.1591	-64.338
spk_ver/v13/v1300	SES120	1.5776	-63.2178	-64.7954
spk_ver/v13/v1301	SES259	-10.9662	-75.3074	-64.3411
spk_ver/v13/v1302	SES259	-9.48329	-73.9978	-64.5145
spk_ver/v13/v1303	SES129	1.48065	-62.2631	-63.7438
spk_ver/v13/v1304	SES259	-8.67083	-72.5805	-63.9097
spk_ver/v13/v1305	SES259	-6.1262	-70.9648	-64.8386
spk_ver/v13/v1306	SES106	1.01178	-61.4188	-62.4306
spk_ver/v13/v1307	SES259	-7.85308	-72.5366	-64.6835
spk_ver/v13/v1308	SES259	-0.7355	-63.698	-62.9625
spk_ver/v13/v1309	SES259	-8.40626	-71.8024	-63.3962
spk_ver/v13/v1310	SES259	-5.25775	-68.3429	-63.0852
spk_ver/v13/v1311	SES259	-7.53303	-70.8384	-63.3054
spk_ver/v13/v1312	SES259	-1.87138	-63.3262	-61.4549
spk_ver/v13/v1313	SES144	0.457333	-63.0591	-63.5165
spk_ver/v13/v1314	SES259	-10.2223	-74.4383	-64.216
spk_ver/v13/v1315	SES162	1.44139	-62.6893	-64.1307
spk_ver/v13/v1316	SES206	1.46956	-59.9244	-61.3939
spk_ver/v13/v1317	SES175	1.25808	-63.5866	-64.8446
spk_ver/v13/v1318	SES259	-10.6537	-75.3637	-64.7101
spk_ver/v13/v1319	SES259	-9.93165	-74.5992	-64.6676
spk_ver/v13/v1320	SES270	0.21096	-62.5477	-62.7586
spk_ver/v13/v1321	SES101	0.158821	-63.1272	-63.286
spk_ver/v13/v1322	SES177	0.861599	-62.2749	-63.1365
spk_ver/v13/v1323	SES127	1.258	-60.9911	-62.2491
spk_ver/v13/v1324	SES270	-12.7528	-77.3188	-64.5661
spk_ver/v13/v1325	SES062	0.980782	-62.3475	-63.3283
spk_ver/v13/v1326	SES270	-0.130833	-63.4996	-63.3687
spk_ver/v13/v1327	SES120	0.552475	-64.2495	-64.802
spk_ver/v13/v1328	SES270	-4.4703	-69.4825	-65.0122
spk_ver/v13/v1329	SES270	-8.1861	-70.4905	-62.3044
spk_ver/v13/v1330	SES270	0.31068	-63.8019	-64.1125
spk_ver/v13/v1331	SES270	-7.51287	-69.4301	-61.9172
spk_ver/v13/v1332	SES270	-0.647388	-62.2739	-61.6265
spk_ver/v13/v1333	SES270	-1.32121	-65.5868	-64.2656
spk_ver/v13/v1334	SES270	-2.26796	-65.0851	-62.8171
spk_ver/v13/v1335	SES270	0.133335	-62.449	-62.5823
spk_ver/v13/v1336	SES270	-0.736137	-62.7405	-62.0044
spk_ver/v13/v1337	SES016	1.83617	-62.0961	-63.9323
spk_ver/v13/v1338	SES270	-6.95502	-69.3597	-62.4047
spk_ver/v13/v1339	SES002	1.57731	-59.2724	-60.8497
spk_ver/v13/v1340	SES105	2.02703	-62.8755	-64.9025
spk_ver/v13/v1341	SES275	-2.4335	-67.6373	-65.2038
spk_ver/v13/v1342	SES187	0.620934	-64.6705	-65.2914
spk_ver/v13/v1343	SES275	-2.77538	-67.0836	-64.3083
spk_ver/v13/v1344	SES275	-3.28676	-67.714	-64.4272
spk_ver/v13/v1345	SES275	-2.54497	-65.4304	-62.8854
spk_ver/v13/v1346	SES275	-3.95173	-66.0534	-62.1017
spk_ver/v13/v1347	SES275	-3.39008	-68.1039	-64.7138
spk_ver/v13/v1348	SES180	0.197678	-63.8937	-64.0914
spk_ver/v13/v1349	SES275	-3.8243	-70.2131	-66.3888
spk_ver/v13/v1350	SES275	-0.749641	-63.175	-62.4254
spk_ver/v13/v1351	SES275	-4.31367	-71.7368	-67.4231
spk_ver/v13/v1352	SES275	-1.4514	-64.7322	-63.2808
spk_ver/v13/v1353	SES275	-2.82181	-68.0718	-65.25
spk_ver/v13/v1354	SES189	2.43091	-64.2131	-66.644
spk_ver/v13/v1355	SES068	0.832127	-61.8787	-62.7108
spk_ver/v13/v1356	SES275	-3.10432	-67.3672	-64.2629
spk_ver/v13/v1357	SES048	0.436169	-62.3308	-62.767
spk_ver/v13/v1358	SES226	1.97944	-59.7912	-61.7707
spk_ver/v13/v1359	SES016	0.672695	-62.5617	-63.2344
spk_ver/v13/v1360	SES275	-2.05248	-67.0934	-65.0409
spk_ver/v13/v1361	SES068	1.07307	-61.3118	-62.3848
spk_ver/v13/v1362	SES275	-4.13439	-66.4933	-62.3589
spk_ver/v13/v1363	SES275	-3.23558	-66.5611	-63.3256
spk_ver/v13/v1364	SES275	-4.00058	-70.3334	-66.3328
spk_ver/v13/v1365	SES275	-2.48088	-65.8362	-63.3553
spk_ver/v13/v1366	SES187	0.594196	-62.7163	-63.3104
spk_ver/v13/v1367	SES275	-4.40418	-68.5605	-64.1563
spk_ver/v13/v1368	SES125	1.77349	-60.857	-62.6305
spk_ver/v13/v1369	SES275	-2.1322	-66.7585	-64.6263
spk_ver/v13/v1370	SES292	-4.15908	-66.7473	-62.5882
spk_ver/v13/v1371	SES292	-3.48196	-66.0043	-62.5223
spk_ver/v13/v1372	SES292	-2.85494	-67.3023	-64.4474
spk_ver/v13/v1373	SES292	-2.11657	-65.9097	-63.7931
spk_ver/v13/v1374	SES101	0.772312	-63.2999	-64.0722
spk_ver/v13/v1375	SES292	-2.12756	-66.6095	-64.482
spk_ver/v13/v1376	SES292	-1.57981	-64.8046	-63.2248
spk_ver/v13/v1377	SES292	-5.00645	-70.6943	-65.6878
spk_ver/v13/v1378	SES292	-0.64019	-64.0338	-63.3936
spk_ver/v13/v1379	SES292	-1.00699	-64.919	-63.912
spk_ver/v13/v1380	SES292	-1.61286	-65.4385	-63.8257
spk_ver/v13/v1381	SES292	-2.63662	-63.6523	-61.0157
spk_ver/v13/v1382	SES292	-3.48122	-69.0417	-65.5605
spk_ver/v13/v1383	SES292	-1.96302	-65.6371	-63.6741
spk_ver/v13/v1384	SES292	-1.65645	-65.5311	-63.8746
spk_ver/v13/v1385	SES292	-1.8301	-65.6718	-63.8417
spk_ver/v13/v1386	SES292	-1.9369	-66.3049	-64.368
spk_ver/v13/v1387	SES158	1.4143	-63.2307	-64.645
spk_ver/v13/v1388	SES292	-0.130226	-63.1907	-63.0604
spk_ver/v13/v1389	SES292	-0.40836	-62.2991	-61.8908
spk_ver/v13/v1390	SES292	-3.60297	-65.876	-62.273
spk_ver/v13/v1391	SES292	-1.06006	-64.6535	-63.5935
spk_ver/v13/v1392	SES292	-2.8458	-68.0866	-65.2408
spk_ver/v13/v1393	SES292	-3.43522	-65.6203	-62.1851
spk_ver/v13/v1394	SES292	-3.81568	-68.4858	-64.6701
spk_ver/v13/v1395	SES292	-3.98544	-65.7625	-61.7771
spk_ver/v13/v1396	SES117	1.25786	-64.0676	-65.3254
spk_ver/v13/v1397	SES292	-2.94916	-64.6353	-61.6862
spk_ver/v13/v1398	SES292	-2.81487	-67.3633	-64.5485
spk_ver/v13/v1399	SES292	-0.451466	-63.9838	-63.5323
