spk_ver/v00/v0000	SES146	1.11917	20.4843	19.3651
spk_ver/v00/v0001	SES002	-8.52397	11.7683	20.2923
spk_ver/v00/v0002	SES002	-6.54354	13.1005	19.644
spk_ver/v00/v0003	SES002	-12.8702	6.93934	19.8095
spk_ver/v00/v0004	SES002	-3.8689	15.9979	19.8668
spk_ver/v00/v0005	SES002	-4.67662	13.8722	18.5488
spk_ver/v00/v0006	SES002	-5.8128	15.7657	21.5785
spk_ver/v00/v0007	SES002	-6.70591	12.5233	19.2292
spk_ver/v00/v0008	SES146	0.874107	20.1559	19.2817
spk_ver/v00/v0009	SES002	-1.82397	20.1068	21.9308
spk_ver/v00/v0010	SES002	-5.34266	13.4201	18.7628
spk_ver/v00/v0011	SES002	-2.74841	16.1307	18.8791
spk_ver/v00/v0012	SES002	-5.26942	17.3299	22.5993
spk_ver/v00/v0013	SES002	-5.04266	16.9088	21.9515
spk_ver/v00/v0014	SES002	-2.68589	18.425	21.1109
spk_ver/v00/v0015	SES002	-3.25544	17.7685	21.024
spk_ver/v00/v0016	SES275	1.09182	19.9927	18.9009
spk_ver/v00/v0017	SES002	-1.79227	21.1375	22.9298
spk_ver/v00/v0018	SES002	-12.1269	6.36687	18.4937
spk_ver/v00/v0019	SES002	-3.18955	17.2846	20.4741
spk_ver/v00/v0020	SES002	-11.1526	7.59847	18.751
spk_ver/v00/v0021	SES002	-7.23644	12.356	19.5924
spk_ver/v00/v0022	SES002	-3.50558	17.634	21.1395
spk_ver/v00/v0023	SES002	-7.24594	15.6037	22.8496
spk_ver/v00/v0024	SES002	-9.58479	9.61946	19.2043
spk_ver/v00/v0025	SES002	-9.53056	11.358	20.8886
spk_ver/v00/v0026	SES002	-5.35853	14.9125	20.2711
spk_ver/v00/v0027	SES129	1.90384	22.3178	20.414
spk_ver/v00/v0028	SES007	-3.00627	18.5617	21.5679
spk_ver/v00/v0029	SES083	0.131495	21.9917	21.8602
spk_ver/v00/v0030	SES019	2.99034	22.9702	19.9799
spk_ver/v00/v0031	SES007	-2.548	17.013	19.561
spk_ver/v00/v0032	SES270	1.39679	22.1817	20.7849
spk_ver/v00/v0033	SES007	-3.1331	17.8112	20.9443
spk_ver/v00/v0034	SES007	-3.02193	16.8086	19.8305
spk_ver/v00/v0035	SES007	-1.19668	20.3295	21.5262
spk_ver/v00/v0036	SES007	-1.98634	16.3086	18.2949
spk_ver/v00/v0037	SES007	-4.58615	18.2535	22.8397
spk_ver/v00/v0038	SES259	2.89263	24.8771	21.9845
spk_ver/v00/v0039	SES007	-3.88707	13.5046	17.3917
spk_ver/v00/v0040	SES007	-4.27615	19.7627	24.0389
spk_ver/v00/v0041	SES007	-2.60042	18.4933	21.0937
spk_ver/v00/v0042	SES007	-1.70933	15.9842	17.6935
spk_ver/v00/v0043	SES007	-1.33985	18.0156	19.3555
spk_ver/v00/v0044	SES007	-3.76831	20.529	24.2974
spk_ver/v00/v0045	SES007	-2.21708	20.1931	22.4102
spk_ver/v00/v0046	SES007	-1.7478	19.4148	21.1626
spk_ver/v00/v0047	SES172	0.370718	21.7312	21.3605
spk_ver/v00/v0048	SES105	1.58509	21.3481	19.763
spk_ver/v00/v0049	SES007	-1.69094	20.3759	22.0668
spk_ver/v00/v0050	SES292	-0.232651	20.4614	20.6941
spk_ver/v00/v0051	SES007	-1.77088	18.746	20.5169
spk_ver/v00/v0052	SES068	1.37686	23.3461	21.9693
spk_ver/v00/v0053	SES008	-1.66759	20.2693	21.9369
spk_ver/v00/v0054	SES008	-6.25326	12.5611	18.8144
spk_ver/v00/v0055	SES008	-2.31198	18.8205	21.1325
spk_ver/v00/v0056	SES008	-6.36319	15.0687	21.4319
spk_ver/v00/v0057	SES008	-4.47344	16.6568	21.1303
spk_ver/v00/v0058	SES083	0.614626	22.6095	21.9949
spk_ver/v00/v0059	SES158	2.5161	22.8632	20.3471
spk_ver/v00/v0060	SES008	-3.74771	15.5878	19.3355
spk_ver/v00/v0061	SES101	0.39362	21.9992	21.6056
spk_ver/v00/v0062	SES008	-3.65481	16.2564	19.9112
spk_ver/v00/v0063	SES008	-3.09477	17.7484	20.8432
spk_ver/v00/v0064	SES117	1.64883	20.9637	19.3149
spk_ver/v00/v0065	SES149	1.943	24.3477	22.4047
spk_ver/v00/v0066	SES008	-0.853334	20.8471	21.7004
spk_ver/v00/v0067	SES008	-3.42099	16.0499	19.4709
spk_ver/v00/v0068	SES162	1.4055	21.3031	19.8976
spk_ver/v00/v0069	SES008	-8.05807	14.3324	22.3905
spk_ver/v00/v0070	SES008	-1.58474	19.1473	20.7321
spk_ver/v00/v0071	SES008	-4.48368	16.8966	21.3803
spk_ver/v00/v0072	SES008	-1.89951	20.7052	22.6047
spk_ver/v00/v0073	SES008	-2.73406	19.5188	22.2529
spk_ver/v00/v0074	SES008	-4.31981	15.3334	19.6532
spk_ver/v00/v0075	SES008	-8.50415	11.2256	19.7297
spk_ver/v00/v0076	SES167	1.34582	21.5462	20.2004
spk_ver/v00/v0077	SES008	-2.31087	19.6776	21.9885
spk_ver/v00/v0078	SES177	0.988218	22.4687	21.4805
spk_ver/v00/v0079	SES008	-2.09912	18.6721	20.7712
spk_ver/v00/v0080	SES008	-3.14079	17.2905	20.4313
spk_ver/v00/v0081	SES008	-5.70488	13.0684	18.7733
spk_ver/v00/v0082	SES008	-3.50272	17.741	21.2437
spk_ver/v00/v0083	SES008	-6.55229	12.0926	18.6448
spk_ver/v00/v0084	SES144	1.54524	22.1331	20.5878
spk_ver/v00/v0085	SES008	-2.8697	18.155	21.0247
spk_ver/v00/v0086	SES008	-2.69678	20.0975	22.7943
spk_ver/v00/v0087	SES008	-6.01173	14.1205	20.1322
spk_ver/v00/v0088	SES008	-3.2973	19.3535	22.6508
spk_ver/v00/v0089	SES008	-1.96807	16.7727	18.7408
spk_ver/v00/v0090	SES142	1.86703	21.8394	19.9724
spk_ver/v00/v0091	SES008	-5.45926	16.9349	22.3942
spk_ver/v00/v0092	SES158	1.27159	20.8273	19.5558
spk_ver/v00/v0093	SES014	-3.48106	18.3861	21.8672
spk_ver/v00/v0094	SES014	-5.62924	12.6234	18.2526
spk_ver/v00/v0095	SES014	-1.8138	21.7671	23.5809
spk_ver/v00/v0096	SES014	-9.53074	10.3755	19.9062
spk_ver/v00/v0097	SES014	-2.62935	17.3856	20.0149
spk_ver/v00/v0098	SES014	-3.47733	18.7503	22.2276
spk_ver/v00/v0099	SES014	-5.19056	14.12	19.3106
spk_ver/v01/v0100	SES127	0.153988	20.9647	20.8108
spk_ver/v01/v0101	SES014	-9.76432	8.6872	18.4515
spk_ver/v01/v0102	SES014	-12.2347	6.91924	19.154
spk_ver/v01/v0103	SES014	-6.79304	12.599	19.3921
spk_ver/v01/v0104	SES014	-9.87578	10.1446	20.0204
spk_ver/v01/v0105	SES014	-5.20727	13.5699	18.7772
spk_ver/v01/v0106	SES014	-4.78917	15.4837	20.2729
spk_ver/v01/v0107	SES014	-9.05225	13.1445	22.1968
spk_ver/v01/v0108	SES014	-13.1442	6.9881	20.1323
spk_ver/v01/v0109	SES014	-6.1691	11.8183	17.9874
spk_ver/v01/v0110	SES014	-5.44793	14.5145	19.9624
spk_ver/v01/v0111	SES014	-1.93537	20.993	22.9284
spk_ver/v01/v0112	SES014	-8.04137	14.1145	22.1559
spk_ver/v01/v0113	SES104	0.26771	21.8882	21.6205
spk_ver/v01/v0114	SES082	0.820683	23.6084	22.7877
spk_ver/v01/v0115	SES087	1.6634	22.4816	20.8182
spk_ver/v01/v0116	SES014	-3.67312	16.8655	20.5386
spk_ver/v01/v0117	SES177	0.269501	21.1697	20.9002
spk_ver/v01/v0118	SES014	-8.29683	10.5817	18.8786
spk_ver/v01/v0119	SES014	-2.41638	19.2186	21.635
spk_ver/v01/v0120	SES014	-14.3885	5.22408	19.6126
spk_ver/v01/v0121	SES146	0.465727	20.6072	20.1415
spk_ver/v01/v0122	SES014	2.78447	26.0441	23.2596
spk_ver/v01/v0123	SES014	-3.51926	18.821	22.3403
spk_ver/v01/v0124	SES014	-12.8995	7.3679	20.2674
spk_ver/v01/v0125	SES014	-7.22987	12.8409	20.0707
spk_ver/v01/v0126	SES016	-2.78215	16.9968	19.779
spk_ver/v01/v0127	SES016	-3.1927	14.4099	17.6026
spk_ver/v01/v0128	SES106	2.44715	23.7161	21.2689
spk_ver/v01/v0129	SES016	-4.30267	17.5524	21.8551
spk_ver/v01/v0130	SES016	-3.17917	17.4237	20.6029
spk_ver/v01/v0131	SES016	-5.02444	15.2281	20.2526
spk_ver/v01/v0132	SES016	-2.78001	18.4595	21.2395
spk_ver/v01/v0133	SES016	-3.1315	18.7527	21.8842
spk_ver/v01/v0134	SES016	-2.43545	19.5066	21.942
spk_ver/v01/v0135	SES016	-5.73153	15.0213	20.7528
spk_ver/v01/v0136	SES016	-4.75828	15.0855	19.8437
spk_ver/v01/v0137	SES007	0.818983	20.3859	19.567
spk_ver/v01/v0138	SES016	-1.81362	19.0463	20.8599
spk_ver/v01/v0139	SES016	-2.19679	19.3233	21.52
spk_ver/v01/v0140	SES016	2.01061	23.346	21.3354
spk_ver/v01/v0141	SES016	-8.2862	9.3877	17.6739
spk_ver/v01/v0142	SES016	-6.99997	15.1907	22.1907
spk_ver/v01/v0143	SES016	-5.65287	13.0604	18.7133
spk_ver/v01/v0144	SES016	-4.79253	16.8982	21.6908
spk_ver/v01/v0145	SES016	-7.0714	11.4298	18.5012
spk_ver/v01/v0146	SES016	-1.85031	19.3222	21.1725
spk_ver/v01/v0147	SES016	-1.74255	19.7014	21.444
spk_ver/v01/v0148	SES127	0.90646	21.5473	20.6409
spk_ver/v01/v0149	SES016	-3.32764	17.5857	20.9134
spk_ver/v01/v0150	SES016	-2.72991	17.4511	20.181
spk_ver/v01/v0151	SES147	1.47665	19.5395	18.0629
spk_ver/v01/v0152	SES016	-2.53278	18.1194	20.6522
spk_ver/v01/v0153	SES104	1.78542	24.9323	23.1469
spk_ver/v01/v0154	SES016	-4.37479	15.4291	19.8039
spk_ver/v01/v0155	SES016	-2.69923	16.6541	19.3534
spk_ver/v01/v0156	SES019	-1.39648	18.6489	20.0454
spk_ver/v01/v0157	SES019	-3.93639	18.561	22.4974
spk_ver/v01/v0158	SES019	-0.600082	21.3115	21.9116
spk_ver/v01/v0159	SES007	0.825876	21.3956	20.5697
spk_ver/v01/v0160	SES019	-3.19465	18.8514	22.0461
spk_ver/v01/v0161	SES019	-3.85903	16.4331	20.2921
spk_ver/v01/v0162	SES019	-4.90142	17.2021	22.1035
spk_ver/v01/v0163	SES189	1.63387	20.615	18.9812
spk_ver/v01/v0164	SES019	-2.72136	19.4519	22.1733
spk_ver/v01/v0165	SES019	-1.26399	18.8875	20.1515
spk_ver/v01/v0166	SES019	-6.53569	15.6999	22.2356
spk_ver/v01/v0167	SES019	-5.9269	13.8579	19.7848
spk_ver/v01/v0168	SES019	-2.5467	14.0564	16.6031
spk_ver/v01/v0169	SES019	-5.00664	14.0629	19.0695
spk_ver/v01/v0170	SES270	1.24647	22.273	21.0265
spk_ver/v01/v0171	SES019	-2.87289	17.7061	20.579
spk_ver/v01/v0172	SES019	-7.35226	12.3965	19.7488
spk_ver/v01/v0173	SES206	1.3889	22.934	21.5451
spk_ver/v01/v0174	SES019	-3.23667	17.4271	20.6638
spk_ver/v01/v0175	SES014	2.8898	25.9352	23.0454
spk_ver/v01/v0176	SES019	-4.86008	16.5453	21.4054
spk_ver/v01/v0177	SES120	1.54865	20.9721	19.4234
spk_ver/v01/v0178	SES019	-2.07097	16.9473	19.0183
spk_ver/v01/v0179	SES019	-7.47264	15.8918	23.3644
spk_ver/v01/v0180	SES175	0.754162	21.2964	20.5422
spk_ver/v01/v0181	SES019	-6.03571	13.058	19.0937
spk_ver/v01/v0182	SES019	-4.69193	17.2547	21.9467
spk_ver/v01/v0183	SES029	-2.39833	18.0428	20.4411
spk_ver/v01/v0184	SES029	-7.16336	14.8363	21.9996
spk_ver/v01/v0185	SES029	-2.32849	19.4851	21.8136
spk_ver/v01/v0186	SES068	1.68264	23.7967	22.1141
spk_ver/v01/v0187	SES029	-4.99363	16.5582	21.5518
spk_ver/v01/v0188	SES029	-3.58694	19.0322	22.6191
spk_ver/v01/v0189	SES149	2.50848	24.4732	21.9647
spk_ver/v01/v0190	SES029	-4.28046	18.8242	23.1047
spk_ver/v01/v0191	SES029	-4.01923	16.8808	20.9
spk_ver/v01/v0192	SES183	1.13684	22.6594	21.5226
spk_ver/v01/v0193	SES029	-2.31778	18.3887	20.7065
spk_ver/v01/v0194	SES016	1.90665	23.3642	21.4576
spk_ver/v01/v0195	SES029	-3.06981	17.9282	20.998
spk_ver/v01/v0196	SES029	-1.76335	18.5715	20.3349
spk_ver/v01/v0197	SES029	-4.68858	18.1043	22.7929
spk_ver/v01/v0198	SES146	1.17907	20.5001	19.321
spk_ver/v01/v0199	SES029	-4.46455	13.4728	17.9373
spk_ver/v02/v0200	SES029	-2.74813	18.2458	20.9939
spk_ver/v02/v0201	SES068	1.03395	23.0902	22.0562
spk_ver/v02/v0202	SES148	2.43037	21.4588	19.0284
spk_ver/v02/v0203	SES029	-3.39924	17.9281	21.3273
spk_ver/v02/v0204	SES029	-1.42702	19.1937	20.6207
spk_ver/v02/v0205	SES060	1.17291	24.178	23.0051
spk_ver/v02/v0206	SES127	2.3507	23.7469	21.3962
spk_ver/v02/v0207	SES029	-4.25056	17.2342	21.4848
spk_ver/v02/v0208	SES048	2.17854	21.7132	19.5347
spk_ver/v02/v0209	SES029	-1.95465	19.1753	21.13
spk_ver/v02/v0210	SES029	-4.10185	16.5733	20.6752
spk_ver/v02/v0211	SES029	-3.74918	18.2235	21.9727
spk_ver/v02/v0212	SES042	-8.96895	11.2438	20.2128
spk_ver/v02/v0213	SES085	1.55399	22.2108	20.6568
spk_ver/v02/v0214	SES206	2.2449	24.93	22.6851
spk_ver/v02/v0215	SES144	0.750715	21.1711	20.4204
spk_ver/v02/v0216	SES042	-4.00186	17.7165	21.7184
spk_ver/v02/v0217	SES042	-2.86491	11.9434	14.8083
spk_ver/v02/v0218	SES042	-2.70608	19.3035	22.0096
spk_ver/v02/v0219	SES206	1.7937	25.3179	23.5242
spk_ver/v02/v0220	SES019	4.34777	24.6882	20.3404
spk_ver/v02/v0221	SES007	0.714025	21.2565	20.5425
spk_ver/v02/v0222	SES042	-9.45198	10.476	19.928
spk_ver/v02/v0223	SES147	1.1466	20.0361	18.8895
spk_ver/v02/v0224	SES105	1.42744	21.2324	19.8049
spk_ver/v02/v0225	SES042	-2.42775	18.897	21.3247
spk_ver/v02/v0226	SES275	1.57616	21.5708	19.9946
spk_ver/v02/v0227	SES042	-4.96286	14.9532	19.916
spk_ver/v02/v0228	SES042	-5.37438	16.2694	21.6438
spk_ver/v02/v0229	SES042	-7.32782	14.9341	22.2619
spk_ver/v02/v0230	SES085	1.20431	23.7267	22.5224
spk_ver/v02/v0231	SES014	3.11783	26.313	23.1952
spk_ver/v02/v0232	SES042	-1.76348	20.4102	22.1737
spk_ver/v02/v0233	SES048	-5.28576	16.7427	22.0284
spk_ver/v02/v0234	SES048	-7.51606	12.6432	20.1593
spk_ver/v02/v0235	SES029	0.65967	22.654	21.9943
spk_ver/v02/v0236	SES048	-3.86793	17.8377	21.7057
spk_ver/v02/v0237	SES048	-5.32531	15.2359	20.5612
spk_ver/v02/v0238	SES048	-3.43462	17.5285	20.9631
spk_ver/v02/v0239	SES060	1.08788	22.607	21.5191
spk_ver/v02/v0240	SES048	-7.04298	13.0033	20.0463
spk_ver/v02/v0241	SES048	-5.75476	15.6502	21.4049
spk_ver/v02/v0242	SES189	3.40516	21.3026	17.8974
spk_ver/v02/v0243	SES162	1.21609	21.3618	20.1457
spk_ver/v02/v0244	SES048	-6.31991	16.6295	22.9494
spk_ver/v02/v0245	SES048	-5.08679	15.2387	20.3255
spk_ver/v02/v0246	SES048	-4.92605	16.9625	21.8886
spk_ver/v02/v0247	SES048	-6.28989	12.9098	19.1997
spk_ver/v02/v0248	SES226	2.51234	24.4392	21.9268
spk_ver/v02/v0249	SES048	-3.18611	16.7416	19.9277
spk_ver/v02/v0250	SES048	-2.89494	17.4114	20.3063
spk_ver/v02/v0251	SES048	-5.96858	14.5626	20.5312
spk_ver/v02/v0252	SES060	-7.55451	11.1479	18.7024
spk_ver/v02/v0253	SES060	-6.21336	15.0134	21.2268
spk_ver/v02/v0254	SES259	2.79874	24.8106	22.0118
spk_ver/v02/v0255	SES060	-5.60574	13.0789	18.6847
spk_ver/v02/v0256	SES202	0.911165	20.516	19.6048
spk_ver/v02/v0257	SES148	1.13378	22.2284	21.0946
spk_ver/v02/v0258	SES060	-5.24424	12.4791	17.7233
spk_ver/v02/v0259	SES060	-2.04199	19.6762	21.7182
spk_ver/v02/v0260	SES060	-3.32833	18.2324	21.5607
spk_ver/v02/v0261	SES099	3.47201	24.8933	21.4213
spk_ver/v02/v0262	SES060	-4.15527	16.5696	20.7249
spk_ver/v02/v0263	SES060	-2.7193	19.7936	22.5129
spk_ver/v02/v0264	SES292	0.437977	21.3467	20.9087
spk_ver/v02/v0265	SES060	-1.53343	18.6265	20.16
spk_ver/v02/v0266	SES060	-6.74017	13.474	20.2142
spk_ver/v02/v0267	SES060	-5.84464	14.3205	20.1651
spk_ver/v02/v0268	SES060	-5.82096	12.4999	18.3208
spk_ver/v02/v0269	SES127	1.23558	23.0582	21.8226
spk_ver/v02/v0270	SES060	-4.05852	17.1238	21.1824
spk_ver/v02/v0271	SES060	-1.40628	20.2123	21.6185
spk_ver/v02/v0272	SES060	-4.83928	14.0429	18.8822
spk_ver/v02/v0273	SES087	1.64608	22.9464	21.3003
spk_ver/v02/v0274	SES146	0.89613	20.0055	19.1094
spk_ver/v02/v0275	SES060	-4.39623	15.3408	19.737
spk_ver/v02/v0276	SES002	2.80993	24.3646	21.5547
spk_ver/v02/v0277	SES060	-1.89933	19.5509	21.4503
spk_ver/v02/v0278	SES060	-4.98129	14.9823	19.9636
spk_ver/v02/v0279	SES060	-6.35912	15.4724	21.8315
spk_ver/v02/v0280	SES129	2.91236	23.1836	20.2712
spk_ver/v02/v0281	SES162	1.27606	21.5528	20.2767
spk_ver/v02/v0282	SES060	-3.38446	17.0717	20.4562
spk_ver/v02/v0283	SES060	-4.24966	17.4478	21.6974
spk_ver/v02/v0284	SES062	-5.2391	12.1344	17.3735
spk_ver/v02/v0285	SES062	-5.70148	14.7039	20.4054
spk_ver/v02/v0286	SES120	0.29855	19.577	19.2784
spk_ver/v02/v0287	SES062	-4.31488	16.6101	20.925
spk_ver/v02/v0288	SES062	-3.87508	17.1849	21.06
spk_ver/v02/v0289	SES062	-3.4209	18.18	21.6009
spk_ver/v02/v0290	SES062	-2.44882	19.1411	21.5899
spk_ver/v02/v0291	SES275	0.612593	20.5409	19.9283
spk_ver/v02/v0292	SES062	-4.2405	15.7816	20.0221
spk_ver/v02/v0293	SES062	-9.13002	11.4664	20.5964
spk_ver/v02/v0294	SES062	-4.2779	18.2422	22.5201
spk_ver/v02/v0295	SES062	-3.13583	16.564	19.6998
spk_ver/v02/v0296	SES062	-4.04577	16.5463	20.5921
spk_ver/v02/v0297	SES062	-5.5932	14.1179	19.7111
spk_ver/v02/v0298	SES062	-2.97087	17.2441	20.215
spk_ver/v02/v0299	SES062	-2.38525	19.0089	21.3942
spk_ver/v03/v0300	SES062	-6.44462	13.549	19.9936
spk_ver/v03/v0301	SES062	-2.81012	18.3484	21.1585
spk_ver/v03/v0302	SES172	0.688051	23.3263	22.6382
spk_ver/v03/v0303	SES062	-2.03719	18.8631	20.9003
spk_ver/v03/v0304	SES062	-3.13712	17.1125	20.2496
spk_ver/v03/v0305	SES062	-3.35794	17.9879	21.3459
spk_ver/v03/v0306	SES062	-5.86321	13.0297	18.8929
spk_ver/v03/v0307	SES062	-3.78059	18.0354	21.816
spk_ver/v03/v0308	SES062	-5.35839	14.344	19.7024
spk_ver/v03/v0309	SES062	-2.88518	15.3344	18.2195
spk_ver/v03/v0310	SES125	1.64358	24.215	22.5714
spk_ver/v03/v0311	SES062	-2.53888	19.0447	21.5836
spk_ver/v03/v0312	SES062	-6.69181	12.1264	18.8182
spk_ver/v03/v0313	SES062	-2.35453	17.9812	20.3357
spk_ver/v03/v0314	SES068	-3.51417	17.5031	21.0173
spk_ver/v03/v0315	SES068	-3.25145	18.4666	21.718
spk_ver/v03/v0316	SES068	-4.69032	14.9339	19.6242
spk_ver/v03/v0317	SES068	-2.09167	17.4155	19.5071
spk_ver/v03/v0318	SES068	-4.18545	18.9845	23.17
spk_ver/v03/v0319	SES068	-7.7588	12.5073	20.2661
spk_ver/v03/v0320	SES068	-1.51483	19.8199	21.3348
spk_ver/v03/v0321	SES068	-1.74836	17.4508	19.1992
spk_ver/v03/v0322	SES068	-0.831722	18.8127	19.6445
spk_ver/v03/v0323	SES068	-2.61992	19.054	21.6739
spk_ver/v03/v0324	SES144	0.457163	18.7619	18.3048
spk_ver/v03/v0325	SES068	-3.24524	17.5451	20.7903
spk_ver/v03/v0326	SES068	-0.759527	20.9484	21.7079
spk_ver/v03/v0327	SES068	-1.75907	19.383	21.1421
spk_ver/v03/v0328	SES068	-6.36556	13.2708	19.6363
spk_ver/v03/v0329	SES068	-3.17903	17.7276	20.9066
spk_ver/v03/v0330	SES180	-0.301743	20.0598	20.3615
spk_ver/v03/v0331	SES068	-0.992634	19.8351	20.8277
spk_ver/v03/v0332	SES275	1.42812	22.0818	20.6537
spk_ver/v03/v0333	SES062	1.87025	25.4112	23.541
spk_ver/v03/v0334	SES270	1.39213	21.6256	20.2335
spk_ver/v03/v0335	SES068	-7.20331	11.0341	18.2374
spk_ver/v03/v0336	SES068	-1.52269	21.7179	23.2406
spk_ver/v03/v0337	SES068	-2.23293	17.5398	19.7727
spk_ver/v03/v0338	SES068	-3.38934	15.748	19.1374
spk_ver/v03/v0339	SES068	-1.53141	19.1718	20.7032
spk_ver/v03/v0340	SES068	-2.74372	16.5026	19.2463
spk_ver/v03/v0341	SES016	1.36762	24.3767	23.0091
spk_ver/v03/v0342	SES068	-3.81373	15.5627	19.3765
spk_ver/v03/v0343	SES068	-2.42203	17.0894	19.5114
spk_ver/v03/v0344	SES125	1.70018	23.061	21.3608
spk_ver/v03/v0345	SES187	0.766092	22.0925	21.3264
spk_ver/v03/v0346	SES068	-4.01177	16.9654	20.9771
spk_ver/v03/v0347	SES143	1.68749	20.9671	19.2796
spk_ver/v03/v0348	SES292	0.935747	21.9309	20.9951
spk_ver/v03/v0349	SES082	-4.52577	16.9157	21.4414
spk_ver/v03/v0350	SES101	1.47315	22.9246	21.4515
spk_ver/v03/v0351	SES082	-0.594599	20.5275	21.1221
spk_ver/v03/v0352	SES082	-2.71819	16.0226	18.7408
spk_ver/v03/v0353	SES082	-4.58961	16.1341	20.7237
spk_ver/v03/v0354	SES082	-9.41779	9.74679	19.1646
spk_ver/v03/v0355	SES083	0.527874	23.0313	22.5034
spk_ver/v03/v0356	SES082	-2.67972	17.1518	19.8315
spk_ver/v03/v0357	SES082	-5.96326	14.5347	20.4979
spk_ver/v03/v0358	SES082	-1.79608	18.75	20.546
spk_ver/v03/v0359	SES117	1.00597	18.1733	17.1673
spk_ver/v03/v0360	SES082	-6.06395	15.3978	21.4617
spk_ver/v03/v0361	SES082	-2.46432	18.0501	20.5144
spk_ver/v03/v0362	SES007	1.27938	21.1841	19.9047
spk_ver/v03/v0363	SES082	-2.98841	17.8466	20.8351
spk_ver/v03/v0364	SES019	3.30636	23.8553	20.549
spk_ver/v03/v0365	SES082	-1.38791	19.1377	20.5257
spk_ver/v03/v0366	SES226	2.1675	23.3032	21.1357
spk_ver/v03/v0367	SES167	1.92634	23.266	21.3397
spk_ver/v03/v0368	SES082	-3.44549	18.7873	22.2328
spk_ver/v03/v0369	SES042	3.98326	26.3844	22.4012
spk_ver/v03/v0370	SES042	3.04461	25.4028	22.3582
spk_ver/v03/v0371	SES082	-7.15199	13.905	21.0569
spk_ver/v03/v0372	SES082	-1.99809	21.1661	23.1642
spk_ver/v03/v0373	SES082	-8.58144	13.0941	21.6755
spk_ver/v03/v0374	SES083	-1.79671	21.3884	23.1851
spk_ver/v03/v0375	SES292	0.406658	21.0828	20.6761
spk_ver/v03/v0376	SES083	-3.57013	18.7829	22.353
spk_ver/v03/v0377	SES083	-5.28947	15.958	21.2475
spk_ver/v03/v0378	SES083	-2.80683	16.8541	19.6609
spk_ver/v03/v0379	SES083	-1.68336	18.434	20.1173
spk_ver/v03/v0380	SES083	-4.34608	15.663	20.009
spk_ver/v03/v0381	SES083	-3.52099	17.1631	20.6841
spk_ver/v03/v0382	SES148	-0.240993	21.6428	21.8838
spk_ver/v03/v0383	SES083	-1.46584	20.7197	22.1856
spk_ver/v03/v0384	SES226	2.11488	23.4446	21.3298
spk_ver/v03/v0385	SES226	2.41131	24.5267	22.1154
spk_ver/v03/v0386	SES087	1.8807	22.4488	20.5681
spk_ver/v03/v0387	SES029	1.12748	22.1454	21.018
spk_ver/v03/v0388	SES147	1.61516	20.7486	19.1335
spk_ver/v03/v0389	SES083	-4.70939	15.259	19.9684
spk_ver/v03/v0390	SES189	2.03689	21.6266	19.5897
spk_ver/v03/v0391	SES083	-1.23846	20.189	21.4274
spk_ver/v03/v0392	SES083	-1.06428	20.7188	21.783
spk_ver/v03/v0393	SES083	-3.61902	17.1354	20.7544
spk_ver/v03/v0394	SES083	-4.20132	16.1834	20.3847
spk_ver/v03/v0395	SES083	-0.915403	21.3299	22.2453
spk_ver/v03/v0396	SES014	3.67161	27.5746	23.903
spk_ver/v03/v0397	SES085	-0.190838	23.9192	24.11
spk_ver/v03/v0398	SES085	-1.87404	20.5142	22.3882
spk_ver/v03/v0399	SES085	-3.08112	18.4304	21.5115
spk_ver/v04/v0400	SES106	2.13575	24.1505	22.0148
spk_ver/v04/v0401	SES085	-4.21707	16.8103	21.0273
spk_ver/v04/v0402	SES085	-7.01966	9.50554	16.5252
spk_ver/v04/v0403	SES085	-0.782211	20.4219	21.2041
spk_ver/v04/v0404	SES180	1.02668	22.2746	21.2479
spk_ver/v04/v0405	SES129	1.87797	23.4249	21.5469
spk_ver/v04/v0406	SES085	-5.60226	16.528	22.1303
spk_ver/v04/v0407	SES146	0.380255	19.3875	19.0072
spk_ver/v04/v0408	SES085	-1.13595	21.0345	22.1705
spk_ver/v04/v0409	SES085	-3.20162	17.032	20.2336
spk_ver/v04/v0410	SES085	-5.03015	18.118	23.1481
spk_ver/v04/v0411	SES292	0.860071	21.0163	20.1562
spk_ver/v04/v0412	SES085	-1.67101	20.7738	22.4448
spk_ver/v04/v0413	SES125	2.40568	24.7489	22.3432
spk_ver/v04/v0414	SES085	-3.02046	16.9568	19.9773
spk_ver/v04/v0415	SES085	-2.02494	20.0856	22.1105
spk_ver/v04/v0416	SES085	-1.79887	19.2932	21.0921
spk_ver/v04/v0417	SES062	1.49018	24.6462	23.156
spk_ver/v04/v0418	SES060	2.02583	22.9631	20.9372
spk_ver/v04/v0419	SES085	-1.23486	20.3238	21.5587
spk_ver/v04/v0420	SES085	-5.91058	16.7299	22.6405
spk_ver/v04/v0421	SES085	-5.6634	13.8623	19.5257
spk_ver/v04/v0422	SES085	-1.33172	18.1539	19.4856
spk_ver/v04/v0423	SES085	-4.94004	15.3554	20.2955
spk_ver/v04/v0424	SES085	-4.18539	14.5977	18.7831
spk_ver/v04/v0425	SES183	1.09241	20.6179	19.5255
spk_ver/v04/v0426	SES085	-4.91409	16.2366	21.1507
spk_ver/v04/v0427	SES087	-2.6995	18.2091	20.9086
spk_ver/v04/v0428	SES162	0.744251	22.0958	21.3516
spk_ver/v04/v0429	SES087	-1.74716	19.9667	21.7139
spk_ver/v04/v0430	SES087	-7.29982	14.6238	21.9236
spk_ver/v04/v0431	SES087	-7.44928	11.7913	19.2406
spk_ver/v04/v0432	SES087	-3.93671	15.7698	19.7066
spk_ver/v04/v0433	SES087	-5.14313	16.7668	21.91
spk_ver/v04/v0434	SES142	3.02134	23.2984	20.2771
spk_ver/v04/v0435	SES087	-5.90067	14.6364	20.5371
spk_ver/v04/v0436	SES099	2.51036	24.5706	22.0602
spk_ver/v04/v0437	SES087	-1.8089	20.3271	22.136
spk_ver/v04/v0438	SES087	-7.93278	12.8238	20.7566
spk_ver/v04/v0439	SES087	-1.95305	21.0379	22.9909
spk_ver/v04/v0440	SES087	-3.59878	17.9034	21.5022
spk_ver/v04/v0441	SES087	-7.83552	12.4879	20.3234
spk_ver/v04/v0442	SES187	2.10592	22.31	20.2041
spk_ver/v04/v0443	SES172	2.04472	23.6928	21.6481
spk_ver/v04/v0444	SES087	-2.76377	16.5338	19.2975
spk_ver/v04/v0445	SES087	-2.34296	20.2038	22.5467
spk_ver/v04/v0446	SES087	-1.16497	20.7351	21.9
spk_ver/v04/v0447	SES087	-1.48949	20.319	21.8085
spk_ver/v04/v0448	SES106	2.70756	22.6732	19.9656
spk_ver/v04/v0449	SES146	1.34145	20.5467	19.2053
spk_ver/v04/v0450	SES087	-5.68563	13.5606	19.2462
spk_ver/v04/v0451	SES087	-2.06782	19.4824	21.5502
spk_ver/v04/v0452	SES007	1.4103	20.96	19.5497
spk_ver/v04/v0453	SES087	-3.24256	17.9295	21.1721
spk_ver/v04/v0454	SES087	-6.88492	14.0284	20.9133
spk_ver/v04/v0455	SES180	1.09625	21.8999	20.8037
spk_ver/v04/v0456	SES099	-6.98621	13.5642	20.5504
spk_ver/v04/v0457	SES042	2.36361	24.2741	21.9105
spk_ver/v04/v0458	SES099	-1.06468	19.6621	20.7268
spk_ver/v04/v0459	SES099	-8.33771	13.4365	21.7742
spk_ver/v04/v0460	SES099	-10.0481	9.02843	19.0765
spk_ver/v04/v0461	SES099	-2.87952	19.5755	22.455
spk_ver/v04/v0462	SES082	2.5635	24.4154	21.8519
spk_ver/v04/v0463	SES099	-0.583761	20.9814	21.5652
spk_ver/v04/v0464	SES099	0.136427	21.6852	21.5488
spk_ver/v04/v0465	SES099	-7.41537	13.0745	20.4899
spk_ver/v04/v0466	SES099	-1.26099	20.8916	22.1526
spk_ver/v04/v0467	SES099	-0.879278	19.6041	20.4834
spk_ver/v04/v0468	SES129	2.30472	23.6689	21.3642
spk_ver/v04/v0469	SES101	0.771523	21.2543	20.4828
spk_ver/v04/v0470	SES099	-5.67973	14.5478	20.2275
spk_ver/v04/v0471	SES172	1.82228	22.9073	21.0851
spk_ver/v04/v0472	SES099	-0.382767	20.0949	20.4776
spk_ver/v04/v0473	SES270	3.95792	24.2061	20.2482
spk_ver/v04/v0474	SES099	-5.48726	16.0578	21.5451
spk_ver/v04/v0475	SES099	-3.05507	18.8008	21.8559
spk_ver/v04/v0476	SES099	-4.66925	14.0407	18.71
spk_ver/v04/v0477	SES002	2.19474	25.1245	22.9298
spk_ver/v04/v0478	SES099	-0.716103	21.0569	21.773
spk_ver/v04/v0479	SES007	-0.396093	19.2666	19.6627
spk_ver/v04/v0480	SES101	-5.4029	17.491	22.8939
spk_ver/v04/v0481	SES101	-5.0132	14.4868	19.5
spk_ver/v04/v0482	SES175	0.657427	21.5297	20.8722
spk_ver/v04/v0483	SES101	-5.0629	15.0772	20.1401
spk_ver/v04/v0484	SES101	-5.61791	19.1362	24.7542
spk_ver/v04/v0485	SES101	-3.0124	15.4537	18.4661
spk_ver/v04/v0486	SES101	-1.66228	17.1724	18.8346
spk_ver/v04/v0487	SES101	-3.13744	17.8967	21.0341
spk_ver/v04/v0488	SES101	-6.9123	14.2152	21.1275
spk_ver/v04/v0489	SES147	1.70851	19.1009	17.3924
spk_ver/v04/v0490	SES085	-0.381802	19.6908	20.0726
spk_ver/v04/v0491	SES101	-3.31284	15.9105	19.2233
spk_ver/v04/v0492	SES101	-5.79153	13.1331	18.9246
spk_ver/v04/v0493	SES101	-3.99729	19.2533	23.2506
spk_ver/v04/v0494	SES101	-4.27683	16.0135	20.2903
spk_ver/v04/v0495	SES101	-1.84828	20.8911	22.7394
spk_ver/v04/v0496	SES101	-3.24719	18.2533	21.5005
spk_ver/v04/v0497	SES014	3.16365	27.0842	23.9205
spk_ver/v04/v0498	SES101	-4.32774	17.0481	21.3759
spk_ver/v04/v0499	SES101	-3.09365	18.6211	21.7148
spk_ver/v05/v0500	SES085	0.798536	23.7685	22.9699
spk_ver/v05/v0501	SES101	-5.24154	17.1718	22.4134
spk_ver/v05/v0502	SES275	0.929825	20.7989	19.8691
spk_ver/v05/v0503	SES117	1.13258	20.2347	19.1022
spk_ver/v05/v0504	SES101	-5.16352	16.8882	22.0517
spk_ver/v05/v0505	SES101	-3.7034	16.6916	20.395
spk_ver/v05/v0506	SES101	-3.29	17.5998	20.8898
spk_ver/v05/v0507	SES048	1.30594	23.4245	22.1185
spk_ver/v05/v0508	SES117	0.402405	18.9715	18.5691
spk_ver/v05/v0509	SES202	2.22239	21.914	19.6916
spk_ver/v05/v0510	SES104	-2.87811	15.3766	18.2547
spk_ver/v05/v0511	SES008	1.46809	20.7152	19.2471
spk_ver/v05/v0512	SES104	-1.92387	18.3538	20.2777
spk_ver/v05/v0513	SES104	-2.98067	18.818	21.7986
spk_ver/v05/v0514	SES104	-5.6634	16.0375	21.7009
spk_ver/v05/v0515	SES104	-10.1215	11.3047	21.4262
spk_ver/v05/v0516	SES104	-2.76187	14.8346	17.5964
spk_ver/v05/v0517	SES060	0.839304	24.0749	23.2356
spk_ver/v05/v0518	SES104	-10.5864	9.15013	19.7365
spk_ver/v05/v0519	SES104	-12.4745	6.97552	19.45
spk_ver/v05/v0520	SES104	-0.992491	22.4513	23.4438
spk_ver/v05/v0521	SES008	1.51745	23.7861	22.2687
spk_ver/v05/v0522	SES068	1.4287	22.5495	21.1208
spk_ver/v05/v0523	SES087	2.09539	23.6798	21.5844
spk_ver/v05/v0524	SES104	-2.16636	18.2918	20.4582
spk_ver/v05/v0525	SES104	-1.47578	20.4928	21.9686
spk_ver/v05/v0526	SES104	-2.06853	19.0968	21.1653
spk_ver/v05/v0527	SES083	0.805716	21.9914	21.1857
spk_ver/v05/v0528	SES148	1.79047	21.2644	19.474
spk_ver/v05/v0529	SES104	-3.77838	17.113	20.8914
spk_ver/v05/v0530	SES104	-5.76966	14.8558	20.6255
spk_ver/v05/v0531	SES125	1.73501	23.3145	21.5795
spk_ver/v05/v0532	SES104	-11.5056	8.86574	20.3713
spk_ver/v05/v0533	SES149	3.04276	25.7021	22.6593
spk_ver/v05/v0534	SES104	-5.60231	15.4977	21.1
spk_ver/v05/v0535	SES187	0.960955	21.2473	20.2863
spk_ver/v05/v0536	SES104	-2.94016	19.2869	22.2271
spk_ver/v05/v0537	SES104	-3.25704	16.8166	20.0736
spk_ver/v05/v0538	SES167	2.18645	22.9811	20.7947
spk_ver/v05/v0539	SES104	-1.68618	17.0599	18.7461
spk_ver/v05/v0540	SES104	-7.49647	16.093	23.5895
spk_ver/v05/v0541	SES183	2.53537	21.1532	18.6179
spk_ver/v05/v0542	SES104	-2.41874	17.3206	19.7393
spk_ver/v05/v0543	SES104	-6.68025	14.8898	21.5701
spk_ver/v05/v0544	SES105	-4.34576	16.6972	21.0429
spk_ver/v05/v0545	SES105	-2.91394	17.6075	20.5215
spk_ver/v05/v0546	SES105	-3.58927	17.1481	20.7374
spk_ver/v05/v0547	SES105	-4.10612	15.7852	19.8913
spk_ver/v05/v0548	SES019	3.76984	23.3158	19.546
spk_ver/v05/v0549	SES105	-3.04395	17.5711	20.615
spk_ver/v05/v0550	SES105	-3.8525	15.6701	19.5226
spk_ver/v05/v0551	SES202	2.57252	20.4523	17.8798
spk_ver/v05/v0552	SES105	-4.17222	16.3565	20.5287
spk_ver/v05/v0553	SES105	-1.70389	19.0977	20.8016
spk_ver/v05/v0554	SES105	-2.48162	19.0985	21.5801
spk_ver/v05/v0555	SES105	-3.25638	16.3524	19.6088
spk_ver/v05/v0556	SES082	0.947588	23.0133	22.0657
spk_ver/v05/v0557	SES105	-4.41375	18.1919	22.6057
spk_ver/v05/v0558	SES014	2.24001	24.7919	22.5519
spk_ver/v05/v0559	SES105	-2.47232	19.0489	21.5212
spk_ver/v05/v0560	SES177	0.221735	21.5744	21.3527
spk_ver/v05/v0561	SES189	4.83823	16.4673	11.6291
spk_ver/v05/v0562	SES105	-3.11927	15.8815	19.0008
spk_ver/v05/v0563	SES099	2.12845	22.1519	20.0235
spk_ver/v05/v0564	SES105	-2.05096	19.5139	21.5648
spk_ver/v05/v0565	SES105	-3.68543	17.2178	20.9033
spk_ver/v05/v0566	SES105	-4.06623	15.6887	19.7549
spk_ver/v05/v0567	SES142	1.82254	21.1037	19.2812
spk_ver/v05/v0568	SES048	0.680073	20.7827	20.1026
spk_ver/v05/v0569	SES105	-4.43853	18.6444	23.0829
spk_ver/v05/v0570	SES105	-1.79749	19.157	20.9545
spk_ver/v05/v0571	SES105	-3.65099	16.1711	19.8221
spk_ver/v05/v0572	SES105	-4.55588	14.7653	19.3211
spk_ver/v05/v0573	SES105	-4.53466	15.972	20.5067
spk_ver/v05/v0574	SES105	-1.18029	19.5223	20.7025
spk_ver/v05/v0575	SES105	-0.915503	20.1018	21.0173
spk_ver/v05/v0576	SES106	-5.32325	14.6541	19.9774
spk_ver/v05/v0577	SES106	-6.47883	13.594	20.0728
spk_ver/v05/v0578	SES106	-5.21111	16.4259	21.637
spk_ver/v05/v0579	SES106	-5.87561	15.3138	21.1894
spk_ver/v05/v0580	SES106	-2.03435	21.1313	23.1656
spk_ver/v05/v0581	SES106	-9.60163	10.8952	20.4969
spk_ver/v05/v0582	SES106	-2.15866	17.0948	19.2535
spk_ver/v05/v0583	SES106	-1.40665	20.5852	21.9918
spk_ver/v05/v0584	SES106	-6.10099	12.9659	19.0669
spk_ver/v05/v0585	SES106	-0.297276	18.1705	18.4678
spk_ver/v05/v0586	SES106	-5.39852	14.9658	20.3644
spk_ver/v05/v0587	SES106	-3.66555	14.7888	18.4544
spk_ver/v05/v0588	SES106	-6.69707	15.0245	21.7215
spk_ver/v05/v0589	SES106	-7.23147	15.1338	22.3653
spk_ver/v05/v0590	SES082	1.3598	21.8292	20.4694
spk_ver/v05/v0591	SES180	0.847536	21.631	20.7835
spk_ver/v05/v0592	SES106	-1.86984	18.4251	20.2949
spk_ver/v05/v0593	SES106	-9.8394	9.27218	19.1116
spk_ver/v05/v0594	SES292	1.21221	22.6195	21.4073
spk_ver/v05/v0595	SES106	-1.23653	20.5037	21.7402
spk_ver/v05/v0596	SES106	-8.85792	11.9613	20.8192
spk_ver/v05/v0597	SES106	-6.21675	14.1308	20.3476
spk_ver/v05/v0598	SES042	2.19872	23.694	21.4953
spk_ver/v05/v0599	SES106	-8.852	10.3434	19.1954
spk_ver/v06/v0600	SES106	0.028923	19.1676	19.1387
spk_ver/v06/v0601	SES106	-1.88549	17.487	19.3725
spk_ver/v06/v0602	SES106	-4.01754	16.1282	20.1458
spk_ver/v06/v0603	SES106	-7.33817	13.0769	20.4151
spk_ver/v06/v0604	SES106	-5.37225	15.21	20.5822
spk_ver/v06/v0605	SES106	-8.97606	10.3383	19.3144
spk_ver/v06/v0606	SES048	2.61889	23.7212	21.1024
spk_ver/v06/v0607	SES167	2.98361	24.765	21.7814
spk_ver/v06/v0608	SES106	-5.67416	14.6474	20.3216
spk_ver/v06/v0609	SES143	1.42391	22.0339	20.6099
spk_ver/v06/v0610	SES106	-15.1258	2.71455	17.8404
spk_ver/v06/v0611	SES106	-5.51292	14.4172	19.9301
spk_ver/v06/v0612	SES106	-9.47668	10.7947	20.2713
spk_ver/v06/v0613	SES117	-1.0552	20.3553	21.4105
spk_ver/v06/v0614	SES117	-4.82352	16.7082	21.5317
spk_ver/v06/v0615	SES117	-1.67577	18.5691	20.2449
spk_ver/v06/v0616	SES106	2.95093	26.4435	23.4926
spk_ver/v06/v0617	SES142	2.71494	20.4036	17.6887
spk_ver/v06/v0618	SES048	2.28373	23.9107	21.627
spk_ver/v06/v0619	SES175	0.813105	21.1426	20.3295
spk_ver/v06/v0620	SES180	0.908743	22.7869	21.8782
spk_ver/v06/v0621	SES117	-0.984695	17.6837	18.6684
spk_ver/v06/v0622	SES029	1.43945	22.0201	20.5807
spk_ver/v06/v0623	SES117	-1.68492	19.6784	21.3633
spk_ver/v06/v0624	SES117	-4.73085	15.6856	20.4164
spk_ver/v06/v0625	SES117	-1.4394	17.7832	19.2226
spk_ver/v06/v0626	SES106	1.99716	23.3478	21.3506
spk_ver/v06/v0627	SES226	2.17687	23.5919	21.415
spk_ver/v06/v0628	SES117	-0.699488	21.3355	22.035
spk_ver/v06/v0629	SES117	-4.26552	18.3058	22.5714
spk_ver/v06/v0630	SES117	-4.43106	15.2147	19.6457
spk_ver/v06/v0631	SES117	-5.5272	12.8963	18.4235
spk_ver/v06/v0632	SES117	-1.59557	20.0114	21.607
spk_ver/v06/v0633	SES099	3.60409	24.9468	21.3427
spk_ver/v06/v0634	SES105	2.38385	22.1005	19.7166
spk_ver/v06/v0635	SES167	1.00076	22.0517	21.0509
spk_ver/v06/v0636	SES117	-1.15276	18.8816	20.0344
spk_ver/v06/v0637	SES202	2.17878	21.3189	19.1401
spk_ver/v06/v0638	SES117	-2.94625	18.2884	21.2346
spk_ver/v06/v0639	SES167	1.08238	20.6527	19.5703
spk_ver/v06/v0640	SES117	-2.32781	17.9608	20.2887
spk_ver/v06/v0641	SES117	-3.83683	17.6311	21.468
spk_ver/v06/v0642	SES101	1.43857	23.0032	21.5646
spk_ver/v06/v0643	SES068	1.40355	23.3938	21.9902
spk_ver/v06/v0644	SES120	-3.34722	16.3872	19.7344
spk_ver/v06/v0645	SES120	-3.30353	15.9699	19.2735
spk_ver/v06/v0646	SES172	1.05911	21.597	20.5379
spk_ver/v06/v0647	SES120	-3.26537	18.4691	21.7344
spk_ver/v06/v0648	SES120	-1.02796	20.9636	21.9916
spk_ver/v06/v0649	SES120	-2.50175	15.5436	18.0454
spk_ver/v06/v0650	SES087	2.06329	23.2301	21.1668
spk_ver/v06/v0651	SES120	-1.55199	18.7977	20.3496
spk_ver/v06/v0652	SES104	0.390602	19.0061	18.6155
spk_ver/v06/v0653	SES129	1.80429	23.7796	21.9753
spk_ver/v06/v0654	SES120	-3.18029	16.6046	19.7849
spk_ver/v06/v0655	SES120	-1.24187	17.853	19.0948
spk_ver/v06/v0656	SES120	-2.56334	19.2149	21.7783
spk_ver/v06/v0657	SES147	0.804697	19.491	18.6863
spk_ver/v06/v0658	SES120	-2.59974	18.3894	20.9891
spk_ver/v06/v0659	SES120	-2.74999	18.997	21.747
spk_ver/v06/v0660	SES120	-1.55024	19.2694	20.8197
spk_ver/v06/v0661	SES120	-2.13427	16.4699	18.6041
spk_ver/v06/v0662	SES120	-2.07602	19.8049	21.881
spk_ver/v06/v0663	SES120	-4.3442	14.1108	18.4549
spk_ver/v06/v0664	SES147	1.27467	21.374	20.0994
spk_ver/v06/v0665	SES162	1.50931	21.9297	20.4204
spk_ver/v06/v0666	SES120	-2.62885	19.1094	21.7382
spk_ver/v06/v0667	SES120	-1.25149	20.782	22.0335
spk_ver/v06/v0668	SES120	1.70024	22.4131	20.7128
spk_ver/v06/v0669	SES142	2.77208	22.3431	19.571
spk_ver/v06/v0670	SES106	3.02804	25.4841	22.4561
spk_ver/v06/v0671	SES183	1.98409	20.8669	18.8828
spk_ver/v06/v0672	SES120	-0.412876	18.4188	18.8316
spk_ver/v06/v0673	SES029	0.538792	20.8488	20.31
spk_ver/v06/v0674	SES120	-1.87211	18.0427	19.9148
spk_ver/v06/v0675	SES008	2.55065	24.1542	21.6035
spk_ver/v06/v0676	SES125	-6.64114	12.3028	18.944
spk_ver/v06/v0677	SES143	1.39129	20.7761	19.3848
spk_ver/v06/v0678	SES125	-8.8365	9.70835	18.5449
spk_ver/v06/v0679	SES162	0.68531	21.2272	20.5419
spk_ver/v06/v0680	SES125	-4.41777	16.5163	20.9341
spk_ver/v06/v0681	SES125	-3.3111	18.1349	21.446
spk_ver/v06/v0682	SES125	-4.66952	18.0742	22.7437
spk_ver/v06/v0683	SES226	1.3921	22.9169	21.5248
spk_ver/v06/v0684	SES125	-4.86462	14.0208	18.8855
spk_ver/v06/v0685	SES125	-6.2319	13.5486	19.7804
spk_ver/v06/v0686	SES120	1.45786	22.5248	21.067
spk_ver/v06/v0687	SES125	-5.61015	13.4728	19.0829
spk_ver/v06/v0688	SES158	2.40411	22.736	20.3319
spk_ver/v06/v0689	SES125	-6.51948	14.6435	21.163
spk_ver/v06/v0690	SES105	2.06561	21.619	19.5534
spk_ver/v06/v0691	SES125	-1.41536	19.7993	21.2146
spk_ver/v06/v0692	SES125	-3.19193	18.498	21.6899
spk_ver/v06/v0693	SES180	1.9904	22.9146	20.9242
spk_ver/v06/v0694	SES125	-13.0696	7.71624	20.7858
spk_ver/v06/v0695	SES125	-3.37143	18.0639	21.4354
spk_ver/v06/v0696	SES125	-9.97622	12.1271	22.1034
spk_ver/v06/v0697	SES125	-8.19693	11.3015	19.4985
spk_ver/v06/v0698	SES083	0.506693	23.0177	22.511
spk_ver/v06/v0699	SES125	-5.93281	14.7847	20.7175
spk_ver/v07/v0700	SES014	2.33508	26.18	23.845
spk_ver/v07/v0701	SES125	-5.22313	17.72	22.9431
spk_ver/v07/v0702	SES127	-1.2487	20.1867	21.4354
spk_ver/v07/v0703	SES127	-1.16685	17.7378	18.9046
spk_ver/v07/v0704	SES206	1.95897	24.5492	22.5902
spk_ver/v07/v0705	SES127	-2.92967	16.6143	19.544
spk_ver/v07/v0706	SES127	-2.41848	20.3554	22.7738
spk_ver/v07/v0707	SES127	-4.23837	17.0442	21.2826
spk_ver/v07/v0708	SES275	0.889805	21.679	20.7892
spk_ver/v07/v0709	SES127	-3.02313	18.0191	21.0422
spk_ver/v07/v0710	SES105	1.45485	21.0983	19.6434
spk_ver/v07/v0711	SES127	-2.44142	16.5959	19.0374
spk_ver/v07/v0712	SES127	-2.20592	18.3209	20.5268
spk_ver/v07/v0713	SES127	-3.04412	15.6013	18.6454
spk_ver/v07/v0714	SES019	5.1847	24.2932	19.1085
spk_ver/v07/v0715	SES127	-4.97651	13.1114	18.0879
spk_ver/v07/v0716	SES148	1.54805	21.3299	19.7819
spk_ver/v07/v0717	SES162	1.61147	22.7063	21.0948
spk_ver/v07/v0718	SES189	1.51574	19.3228	17.8071
spk_ver/v07/v0719	SES149	0.671682	23.1934	22.5217
spk_ver/v07/v0720	SES175	1.24737	22.3522	21.1048
spk_ver/v07/v0721	SES127	-3.68323	17.4142	21.0975
spk_ver/v07/v0722	SES127	-1.31998	19.3441	20.6641
spk_ver/v07/v0723	SES127	-2.64044	18.689	21.3294
spk_ver/v07/v0724	SES127	-3.58035	17.9137	21.494
spk_ver/v07/v0725	SES127	-3.06346	17.0102	20.0737
spk_ver/v07/v0726	SES259	2.68528	24.7141	22.0288
spk_ver/v07/v0727	SES127	-2.5463	17.9607	20.507
spk_ver/v07/v0728	SES127	-1.03187	21.7713	22.8032
spk_ver/v07/v0729	SES127	-5.11148	14.4561	19.5676
spk_ver/v07/v0730	SES127	-3.72966	15.3141	19.0437
spk_ver/v07/v0731	SES129	-2.2667	20.4494	22.7161
spk_ver/v07/v0732	SES129	-4.47697	15.5393	20.0163
spk_ver/v07/v0733	SES129	-7.70968	11.4188	19.1285
spk_ver/v07/v0734	SES129	-12.6427	6.35484	18.9975
spk_ver/v07/v0735	SES183	1.01213	21.3776	20.3655
spk_ver/v07/v0736	SES129	-5.43159	14.192	19.6236
spk_ver/v07/v0737	SES129	-3.48571	16.7273	20.213
spk_ver/v07/v0738	SES129	-7.09472	13.5626	20.6573
spk_ver/v07/v0739	SES129	-6.10383	13.7081	19.812
spk_ver/v07/v0740	SES167	-1.01183	20.0053	21.0171
spk_ver/v07/v0741	SES129	-4.37867	15.4346	19.8133
spk_ver/v07/v0742	SES129	-4.97001	19.0449	24.015
spk_ver/v07/v0743	SES129	-3.35824	18.2907	21.649
spk_ver/v07/v0744	SES129	-8.76761	11.2358	20.0034
spk_ver/v07/v0745	SES180	1.84031	22.6742	20.8339
spk_ver/v07/v0746	SES129	-2.4192	19.8761	22.2953
spk_ver/v07/v0747	SES292	-0.165714	21.8684	22.0341
spk_ver/v07/v0748	SES202	1.91926	19.8693	17.9501
spk_ver/v07/v0749	SES270	1.53367	23.4573	21.9236
spk_ver/v07/v0750	SES129	-4.29112	19.0072	23.2984
spk_ver/v07/v0751	SES129	-5.76785	17.3631	23.131
spk_ver/v07/v0752	SES060	-0.407951	19.7157	20.1237
spk_ver/v07/v0753	SES129	-6.7721	13.1578	19.9299
spk_ver/v07/v0754	SES129	-17.423	0.326718	17.7497
spk_ver/v07/v0755	SES129	-4.25568	16.6015	20.8572
spk_ver/v07/v0756	SES175	1.35873	21.5852	20.2265
spk_ver/v07/v0757	SES129	-5.44744	14.4617	19.9092
spk_ver/v07/v0758	SES129	-5.43364	13.3009	18.7345
spk_ver/v07/v0759	SES129	-4.65756	17.717	22.3746
spk_ver/v07/v0760	SES129	-4.3448	17.7791	22.1239
spk_ver/v07/v0761	SES129	-4.6058	18.7339	23.3397
spk_ver/v07/v0762	SES172	1.02122	22.4237	21.4025
spk_ver/v07/v0763	SES129	-4.99467	14.064	19.0587
spk_ver/v07/v0764	SES129	-5.92076	15.6131	21.5338
spk_ver/v07/v0765	SES175	0.646997	20.8078	20.1608
spk_ver/v07/v0766	SES129	-4.12537	18.441	22.5664
spk_ver/v07/v0767	SES129	-3.60506	16.365	19.9701
spk_ver/v07/v0768	SES042	2.48353	24.2152	21.7317
spk_ver/v07/v0769	SES099	2.34532	23.0367	20.6914
spk_ver/v07/v0770	SES142	-3.40008	16.6976	20.0977
spk_ver/v07/v0771	SES142	-3.05998	18.3766	21.4366
spk_ver/v07/v0772	SES101	1.66554	23.861	22.1954
spk_ver/v07/v0773	SES142	-7.80488	10.7466	18.5515
spk_ver/v07/v0774	SES142	-5.70168	12.8967	18.5984
spk_ver/v07/v0775	SES142	-2.27556	18.5983	20.8739
spk_ver/v07/v0776	SES142	-3.39149	19.5236	22.9151
spk_ver/v07/v0777	SES142	-5.25801	13.8894	19.1474
spk_ver/v07/v0778	SES142	-1.94129	16.6906	18.6319
spk_ver/v07/v0779	SES142	-9.84347	11.6657	21.5092
spk_ver/v07/v0780	SES142	-6.27723	11.5009	17.7781
spk_ver/v07/v0781	SES142	-8.74617	11.6731	20.4193
spk_ver/v07/v0782	SES101	1.36658	21.4737	20.1071
spk_ver/v07/v0783	SES142	-5.05601	14.7326	19.7887
spk_ver/v07/v0784	SES187	1.79455	21.8842	20.0897
spk_ver/v07/v0785	SES143	1.11901	19.2569	18.1379
spk_ver/v07/v0786	SES142	-5.07385	16.0866	21.1605
spk_ver/v07/v0787	SES144	0.738245	21.3711	20.6328
spk_ver/v07/v0788	SES275	0.590569	20.4109	19.8204
spk_ver/v07/v0789	SES142	-3.57876	17.4432	21.022
spk_ver/v07/v0790	SES099	3.17159	25.4746	22.303
spk_ver/v07/v0791	SES142	-7.28282	12.9721	20.2549
spk_ver/v07/v0792	SES142	-5.8545	19.3639	25.2184
spk_ver/v07/v0793	SES142	-6.84983	13.8436	20.6935
spk_ver/v07/v0794	SES014	2.225	25.5852	23.3602
spk_ver/v07/v0795	SES142	-7.59836	14.7313	22.3297
spk_ver/v07/v0796	SES142	-3.40112	17.6218	21.023
spk_ver/v07/v0797	SES143	-0.891968	20.1616	21.0536
spk_ver/v07/v0798	SES206	1.81117	25.5053	23.6942
spk_ver/v07/v0799	SES143	-3.7466	13.426	17.1726
spk_ver/v08/v0800	SES143	-1.69252	18.0064	19.6989
spk_ver/v08/v0801	SES143	-1.50779	21.135	22.6428
spk_ver/v08/v0802	SES143	-2.79723	15.5637	18.3609
spk_ver/v08/v0803	SES143	-2.63655	17.6269	20.2634
spk_ver/v08/v0804	SES143	-2.98659	14.8826	17.8692
spk_ver/v08/v0805	SES143	-3.47281	16.5918	20.0646
spk_ver/v08/v0806	SES143	-2.94306	16.1665	19.1095
spk_ver/v08/v0807	SES177	-0.355104	20.1104	20.4655
spk_ver/v08/v0808	SES149	1.66599	23.8262	22.1602
spk_ver/v08/v0809	SES143	-5.20954	16.8414	22.0509
spk_ver/v08/v0810	SES158	2.08722	21.5768	19.4896
spk_ver/v08/v0811	SES143	-3.41842	15.4839	18.9024
spk_ver/v08/v0812	SES062	1.88114	25.3649	23.4837
spk_ver/v08/v0813	SES259	2.37584	24.9952	22.6193
spk_ver/v08/v0814	SES143	-5.27081	17.8451	23.1159
spk_ver/v08/v0815	SES143	-3.15938	16.9726	20.132
spk_ver/v08/v0816	SES143	-1.38328	19.8669	21.2501
spk_ver/v08/v0817	SES144	0.811592	21.5541	20.7425
spk_ver/v08/v0818	SES143	-2.67359	17.4777	20.1513
spk_ver/v08/v0819	SES143	-2.81276	18.1129	20.9256
spk_ver/v08/v0820	SES143	-1.37724	20.1135	21.4907
spk_ver/v08/v0821	SES143	-3.56399	16.1282	19.6922
spk_ver/v08/v0822	SES143	-4.24075	16.7961	21.0369
spk_ver/v08/v0823	SES104	2.09903	24.4019	22.3029
spk_ver/v08/v0824	SES143	-4.04495	17.0374	21.0823
spk_ver/v08/v0825	SES143	-2.53089	18.1103	20.6412
spk_ver/v08/v0826	SES144	-4.43065	17.0718	21.5025
spk_ver/v08/v0827	SES144	-1.92003	19.6763	21.5963
spk_ver/v08/v0828	SES144	-0.895796	20.8027	21.6985
spk_ver/v08/v0829	SES172	0.800306	21.4442	20.6439
spk_ver/v08/v0830	SES144	-0.397421	19.9147	20.3121
spk_ver/v08/v0831	SES183	1.37873	21.1746	19.7959
spk_ver/v08/v0832	SES144	-4.94996	15.4925	20.4425
spk_ver/v08/v0833	SES144	-5.41435	16.5373	21.9516
spk_ver/v08/v0834	SES144	-1.05272	19.033	20.0857
spk_ver/v08/v0835	SES144	-2.83507	16.8081	19.6432
spk_ver/v08/v0836	SES144	-2.36216	18.324	20.6861
spk_ver/v08/v0837	SES144	-2.90703	20.3107	23.2177
spk_ver/v08/v0838	SES144	-3.9338	16.0219	19.9557
spk_ver/v08/v0839	SES085	0.749495	22.5306	21.7811
spk_ver/v08/v0840	SES144	-0.810772	20.322	21.1328
spk_ver/v08/v0841	SES144	-4.97206	13.4255	18.3976
spk_ver/v08/v0842	SES144	-4.22934	17.9179	22.1472
spk_ver/v08/v0843	SES144	-0.948862	20.0267	20.9755
spk_ver/v08/v0844	SES144	-3.48753	18.6469	22.1344
spk_ver/v08/v0845	SES144	-3.63291	19.8361	23.469
spk_ver/v08/v0846	SES104	1.38979	23.1087	21.7189
spk_ver/v08/v0847	SES144	-4.11991	15.8474	19.9673
spk_ver/v08/v0848	SES144	-2.96966	15.4135	18.3832
spk_ver/v08/v0849	SES144	-6.7007	14.8303	21.531
spk_ver/v08/v0850	SES144	-4.31821	17.8128	22.131
spk_ver/v08/v0851	SES144	-1.90297	18.67	20.573
spk_ver/v08/v0852	SES144	-0.688553	21.2734	21.9619
spk_ver/v08/v0853	SES144	-5.06349	14.9652	20.0287
spk_ver/v08/v0854	SES144	-1.91581	19.3368	21.2526
spk_ver/v08/v0855	SES144	-0.120134	22.1342	22.2543
spk_ver/v08/v0856	SES082	0.24427	18.9658	18.7216
spk_ver/v08/v0857	SES142	2.59221	22.8775	20.2853
spk_ver/v08/v0858	SES144	-1.30753	17.1265	18.4341
spk_ver/v08/v0859	SES144	-1.32042	18.4676	19.7881
spk_ver/v08/v0860	SES146	-5.05495	15.9788	21.0338
spk_ver/v08/v0861	SES146	-4.15787	16.814	20.9718
spk_ver/v08/v0862	SES146	-5.54058	15.8269	21.3674
spk_ver/v08/v0863	SES146	-2.64202	15.9508	18.5928
spk_ver/v08/v0864	SES146	-3.95525	18.5208	22.4761
spk_ver/v08/v0865	SES008	2.76663	22.513	19.7464
spk_ver/v08/v0866	SES142	2.22856	21.8769	19.6484
spk_ver/v08/v0867	SES146	-4.4301	18.1545	22.5846
spk_ver/v08/v0868	SES082	2.5109	25.4327	22.9218
spk_ver/v08/v0869	SES146	-2.02307	18.7342	20.7573
spk_ver/v08/v0870	SES146	-4.04777	14.3899	18.4377
spk_ver/v08/v0871	SES146	-4.54373	16.3392	20.883
spk_ver/v08/v0872	SES146	-3.85597	13.4638	17.3197
spk_ver/v08/v0873	SES082	1.26803	24.1357	22.8677
spk_ver/v08/v0874	SES146	-4.65609	16.333	20.9891
spk_ver/v08/v0875	SES144	0.816046	20.8647	20.0487
spk_ver/v08/v0876	SES146	-2.89292	21.0483	23.9413
spk_ver/v08/v0877	SES146	-4.03694	17.109	21.146
spk_ver/v08/v0878	SES146	-2.74418	17.9655	20.7097
spk_ver/v08/v0879	SES146	-2.80341	17.5386	20.3421
spk_ver/v08/v0880	SES146	-2.8122	16.2709	19.0831
spk_ver/v08/v0881	SES143	1.06453	20.3158	19.2513
spk_ver/v08/v0882	SES146	-1.20257	20.3644	21.567
spk_ver/v08/v0883	SES147	-2.52732	19.3115	21.8388
spk_ver/v08/v0884	SES147	-1.21964	20.0069	21.2265
spk_ver/v08/v0885	SES016	1.70909	23.3584	21.6493
spk_ver/v08/v0886	SES147	-1.87931	18.31	20.1893
spk_ver/v08/v0887	SES147	-2.44881	17.8748	20.3236
spk_ver/v08/v0888	SES147	-2.25857	17.419	19.6776
spk_ver/v08/v0889	SES019	2.1635	22.8201	20.6566
spk_ver/v08/v0890	SES147	-2.21948	17.1291	19.3486
spk_ver/v08/v0891	SES147	-2.67174	18.5787	21.2505
spk_ver/v08/v0892	SES147	-2.12486	17.7148	19.8397
spk_ver/v08/v0893	SES270	2.80178	21.8287	19.0269
spk_ver/v08/v0894	SES029	0.925573	21.8126	20.8871
spk_ver/v08/v0895	SES147	-2.60967	16.2192	18.8288
spk_ver/v08/v0896	SES117	1.29674	20.2554	18.9587
spk_ver/v08/v0897	SES183	2.06738	19.6587	17.5913
spk_ver/v08/v0898	SES147	-5.59093	16.9447	22.5356
spk_ver/v08/v0899	SES147	-2.93032	16.1151	19.0454
spk_ver/v09/v0900	SES087	1.29813	22.6394	21.3413
spk_ver/v09/v0901	SES147	-6.86495	13.8556	20.7205
spk_ver/v09/v0902	SES147	-4.34204	15.458	19.8
spk_ver/v09/v0903	SES147	-2.11705	18.7736	20.8906
spk_ver/v09/v0904	SES147	-3.5769	18.1417	21.7186
spk_ver/v09/v0905	SES143	0.840275	20.5076	19.6673
spk_ver/v09/v0906	SES149	0.933384	23.8301	22.8967
spk_ver/v09/v0907	SES148	-1.29928	19.3612	20.6605
spk_ver/v09/v0908	SES148	-1.23784	20.2251	21.463
spk_ver/v09/v0909	SES106	3.56742	23.0957	19.5283
spk_ver/v09/v0910	SES148	-1.41268	17.4424	18.8551
spk_ver/v09/v0911	SES148	-2.63545	18.423	21.0585
spk_ver/v09/v0912	SES142	0.514486	21.1082	20.5937
spk_ver/v09/v0913	SES148	-2.97908	16.3433	19.3224
spk_ver/v09/v0914	SES148	-3.58725	17.2755	20.8627
spk_ver/v09/v0915	SES148	-3.39952	15.0143	18.4138
spk_ver/v09/v0916	SES148	-3.05617	15.5697	18.6258
spk_ver/v09/v0917	SES148	0.997776	21.3942	20.3964
spk_ver/v09/v0918	SES148	-1.14174	19.3804	20.5221
spk_ver/v09/v0919	SES270	2.19165	22.3262	20.1345
spk_ver/v09/v0920	SES148	-2.3001	18.8333	21.1334
spk_ver/v09/v0921	SES148	-2.87529	17.7693	20.6446
spk_ver/v09/v0922	SES129	1.74089	23.9091	22.1682
spk_ver/v09/v0923	SES117	1.1533	21.992	20.8387
spk_ver/v09/v0924	SES042	3.68449	25.5937	21.9092
spk_ver/v09/v0925	SES148	-3.83523	15.5595	19.3947
spk_ver/v09/v0926	SES148	-5.22058	13.111	18.3316
spk_ver/v09/v0927	SES144	0.970407	21.8565	20.8861
spk_ver/v09/v0928	SES007	1.51977	22.2106	20.6908
spk_ver/v09/v0929	SES148	-2.3148	20.5769	22.8917
spk_ver/v09/v0930	SES148	-1.12699	20.6659	21.7929
spk_ver/v09/v0931	SES148	-3.38313	15.6489	19.0321
spk_ver/v09/v0932	SES202	1.82995	22.5678	20.7379
spk_ver/v09/v0933	SES148	-1.31778	21.2462	22.564
spk_ver/v09/v0934	SES148	-3.22758	17.748	20.9755
spk_ver/v09/v0935	SES060	1.69449	23.5523	21.8578
spk_ver/v09/v0936	SES060	1.67536	22.2057	20.5303
spk_ver/v09/v0937	SES148	-1.80392	19.4918	21.2957
spk_ver/v09/v0938	SES148	-2.16793	19.5593	21.7273
spk_ver/v09/v0939	SES148	-3.39232	18.4447	21.8371
spk_ver/v09/v0940	SES148	-2.85736	19.1104	21.9678
spk_ver/v09/v0941	SES149	-3.31944	15.9561	19.2755
spk_ver/v09/v0942	SES149	-3.47615	18.5279	22.0041
spk_ver/v09/v0943	SES149	-3.85464	16.4306	20.2853
spk_ver/v09/v0944	SES149	-2.65223	16.5386	19.1908
spk_ver/v09/v0945	SES105	1.10405	21.6997	20.5956
spk_ver/v09/v0946	SES149	-3.96125	19.1931	23.1543
spk_ver/v09/v0947	SES149	-5.95329	12.938	18.8913
spk_ver/v09/v0948	SES149	-3.95499	17.8105	21.7655
spk_ver/v09/v0949	SES149	-1.91633	20.4208	22.3371
spk_ver/v09/v0950	SES226	1.45105	24.1239	22.6728
spk_ver/v09/v0951	SES149	-5.23397	14.4072	19.6411
spk_ver/v09/v0952	SES149	-4.78719	14.4171	19.2043
spk_ver/v09/v0953	SES062	1.99668	24.0659	22.0692
spk_ver/v09/v0954	SES149	-5.70692	14.4678	20.1747
spk_ver/v09/v0955	SES048	0.534592	22.5096	21.975
spk_ver/v09/v0956	SES158	-2.3094	20.3882	22.6976
spk_ver/v09/v0957	SES158	-6.66546	13.6256	20.2911
spk_ver/v09/v0958	SES158	-1.64413	21.0768	22.721
spk_ver/v09/v0959	SES158	-3.35718	18.1946	21.5517
spk_ver/v09/v0960	SES158	-6.57713	12.7342	19.3114
spk_ver/v09/v0961	SES147	1.63013	20.2757	18.6456
spk_ver/v09/v0962	SES158	-11.0405	8.12815	19.1686
spk_ver/v09/v0963	SES292	0.672636	22.3995	21.7269
spk_ver/v09/v0964	SES060	1.35785	23.1011	21.7433
spk_ver/v09/v0965	SES002	1.40494	23.2114	21.8064
spk_ver/v09/v0966	SES149	2.04877	24.8529	22.8041
spk_ver/v09/v0967	SES158	-8.65237	11.4402	20.0925
spk_ver/v09/v0968	SES158	-4.44266	15.4594	19.9021
spk_ver/v09/v0969	SES275	-0.205597	18.9398	19.1454
spk_ver/v09/v0970	SES158	-6.10792	15.6927	21.8007
spk_ver/v09/v0971	SES158	-5.63465	14.6641	20.2988
spk_ver/v09/v0972	SES002	1.59043	24.0097	22.4192
spk_ver/v09/v0973	SES158	-6.73371	13.96	20.6937
spk_ver/v09/v0974	SES202	1.59812	21.78	20.1819
spk_ver/v09/v0975	SES158	-9.3705	10.8159	20.1864
spk_ver/v09/v0976	SES158	-0.525913	21.7437	22.2696
spk_ver/v09/v0977	SES162	-1.85139	19.5201	21.3715
spk_ver/v09/v0978	SES162	-6.16061	12.4631	18.6237
spk_ver/v09/v0979	SES162	-6.90394	14.376	21.2799
spk_ver/v09/v0980	SES162	-2.51088	16.4443	18.9552
spk_ver/v09/v0981	SES162	-3.53172	14.9443	18.476
spk_ver/v09/v0982	SES259	3.08647	24.6467	21.5603
spk_ver/v09/v0983	SES162	-5.0794	11.0836	16.163
spk_ver/v09/v0984	SES162	-1.72794	20.5697	22.2976
spk_ver/v09/v0985	SES162	-1.2804	19.7603	21.0407
spk_ver/v09/v0986	SES062	1.43131	24.6179	23.1866
spk_ver/v09/v0987	SES162	-1.10031	19.6876	20.7879
spk_ver/v09/v0988	SES162	-5.2193	16.3254	21.5448
spk_ver/v09/v0989	SES162	-5.96122	12.5163	18.4775
spk_ver/v09/v0990	SES162	-3.62997	17.7817	21.4116
spk_ver/v09/v0991	SES087	1.50697	23.0297	21.5227
spk_ver/v09/v0992	SES120	0.190973	19.6349	19.4439
spk_ver/v09/v0993	SES162	-5.15629	17.1396	22.2959
spk_ver/v09/v0994	SES162	-2.10289	19.4203	21.5232
spk_ver/v09/v0995	SES162	-5.54939	18.0691	23.6185
spk_ver/v09/v0996	SES162	-2.75289	21.0285	23.7814
spk_ver/v09/v0997	SES162	-4.93006	16.2341	21.1641
spk_ver/v09/v0998	SES162	-5.22807	12.6805	17.9086
spk_ver/v09/v0999	SES162	-2.00829	22.2255	24.2338
spk_ver/v10/v1000	SES162	-5.53364	16.6421	22.1757
spk_ver/v10/v1001	SES148	1.71455	20.3928	18.6783
spk_ver/v10/v1002	SES162	-1.21877	17.9604	19.1791
spk_ver/v10/v1003	SES162	-2.32392	19.4335	21.7574
spk_ver/v10/v1004	SES162	-4.05953	14.6561	18.7157
spk_ver/v10/v1005	SES162	-5.60594	15.3386	20.9446
spk_ver/v10/v1006	SES162	-4.33578	16.3477	20.6835
spk_ver/v10/v1007	SES162	-3.94869	15.39	19.3387
spk_ver/v10/v1008	SES162	-5.86928	13.0507	18.92
spk_ver/v10/v1009	SES162	-7.33752	14.5602	21.8977
spk_ver/v10/v1010	SES167	-3.5785	16.197	19.7755
spk_ver/v10/v1011	SES167	-0.799923	18.91	19.7099
spk_ver/v10/v1012	SES167	-2.67941	16.4243	19.1037
spk_ver/v10/v1013	SES167	-6.50849	13.3723	19.8808
spk_ver/v10/v1014	SES167	-1.42691	20.9228	22.3497
spk_ver/v10/v1015	SES167	-2.32597	18.391	20.717
spk_ver/v10/v1016	SES167	-2.51343	19.04	21.5534
spk_ver/v10/v1017	SES167	-2.01159	19.5435	21.5551
spk_ver/v10/v1018	SES167	-3.45523	18.797	22.2522
spk_ver/v10/v1019	SES167	-3.36687	17.3965	20.7634
spk_ver/v10/v1020	SES167	-8.00078	11.8127	19.8135
spk_ver/v10/v1021	SES167	-0.968948	16.6095	17.5785
spk_ver/v10/v1022	SES167	-5.1053	15.1542	20.2595
spk_ver/v10/v1023	SES167	-3.21778	16.2731	19.4909
spk_ver/v10/v1024	SES167	-4.10694	14.623	18.7299
spk_ver/v10/v1025	SES167	-1.91158	19.972	21.8836
spk_ver/v10/v1026	SES167	-3.44386	17.6416	21.0855
spk_ver/v10/v1027	SES167	-2.10531	20.0966	22.2019
spk_ver/v10/v1028	SES167	-6.09322	14.3311	20.4243
spk_ver/v10/v1029	SES167	-5.04851	15.4122	20.4608
spk_ver/v10/v1030	SES167	-4.04266	17.3622	21.4048
spk_ver/v10/v1031	SES167	-6.24966	14.7292	20.9789
spk_ver/v10/v1032	SES167	-5.8383	17.8942	23.7325
spk_ver/v10/v1033	SES167	-7.19221	16.7363	23.9285
spk_ver/v10/v1034	SES002	1.94359	25.0905	23.147
spk_ver/v10/v1035	SES167	-1.41509	20.6553	22.0704
spk_ver/v10/v1036	SES083	1.02306	23.1474	22.1243
spk_ver/v10/v1037	SES167	-3.18678	16.6358	19.8226
spk_ver/v10/v1038	SES167	-2.7474	15.3817	18.1291
spk_ver/v10/v1039	SES167	-2.85401	16.7846	19.6386
spk_ver/v10/v1040	SES167	-6.77053	11.6723	18.4428
spk_ver/v10/v1041	SES167	-1.45011	17.9001	19.3502
spk_ver/v10/v1042	SES087	1.51229	22.0802	20.5679
spk_ver/v10/v1043	SES029	1.57106	22.7201	21.1491
spk_ver/v10/v1044	SES206	1.21825	24.2225	23.0043
spk_ver/v10/v1045	SES172	-3.15151	15.6779	18.8294
spk_ver/v10/v1046	SES172	1.30094	23.0905	21.7896
spk_ver/v10/v1047	SES172	-1.61038	19.1613	20.7717
spk_ver/v10/v1048	SES259	3.53406	25.5652	22.0311
spk_ver/v10/v1049	SES172	-5.2305	17.1841	22.4146
spk_ver/v10/v1050	SES120	1.36573	20.8461	19.4804
spk_ver/v10/v1051	SES172	-2.90839	18.8623	21.7706
spk_ver/v10/v1052	SES172	-3.64651	16.5852	20.2317
spk_ver/v10/v1053	SES172	-7.31182	13.9649	21.2767
spk_ver/v10/v1054	SES172	-3.70214	15.4948	19.1969
spk_ver/v10/v1055	SES189	2.39104	18.5107	16.1197
spk_ver/v10/v1056	SES172	-3.67772	17.5228	21.2005
spk_ver/v10/v1057	SES172	-2.26912	17.7937	20.0628
spk_ver/v10/v1058	SES172	-3.07433	18.1201	21.1944
spk_ver/v10/v1059	SES172	-3.48683	17.6088	21.0957
spk_ver/v10/v1060	SES029	0.90906	23.0163	22.1072
spk_ver/v10/v1061	SES175	-7.25091	14.5969	21.8478
spk_ver/v10/v1062	SES187	0.613468	23.5708	22.9574
spk_ver/v10/v1063	SES019	3.18197	22.9292	19.7472
spk_ver/v10/v1064	SES175	-4.71397	16.6043	21.3183
spk_ver/v10/v1065	SES175	-5.11098	15.9201	21.0311
spk_ver/v10/v1066	SES175	-6.58932	11.5571	18.1464
spk_ver/v10/v1067	SES175	-2.43018	17.0639	19.494
spk_ver/v10/v1068	SES175	-3.51974	14.9494	18.4691
spk_ver/v10/v1069	SES016	2.97879	24.7289	21.7501
spk_ver/v10/v1070	SES175	-3.45082	17.1074	20.5582
spk_ver/v10/v1071	SES175	-2.18064	20.2914	22.472
spk_ver/v10/v1072	SES175	-4.4612	16.3498	20.811
spk_ver/v10/v1073	SES029	0.999895	22.1759	21.1761
spk_ver/v10/v1074	SES175	-2.95644	18.7305	21.687
spk_ver/v10/v1075	SES175	-1.00838	21.4515	22.4599
spk_ver/v10/v1076	SES175	-0.739927	22.1385	22.8784
spk_ver/v10/v1077	SES175	-3.50851	19.3398	22.8483
spk_ver/v10/v1078	SES127	1.26066	24.2753	23.0146
spk_ver/v10/v1079	SES175	-3.78582	19.7938	23.5797
spk_ver/v10/v1080	SES175	-2.62337	16.6642	19.2876
spk_ver/v10/v1081	SES175	-4.3901	16.1472	20.5373
spk_ver/v10/v1082	SES175	-3.44563	19.7314	23.177
spk_ver/v10/v1083	SES007	1.65294	21.036	19.3831
spk_ver/v10/v1084	SES068	1.12136	23.7684	22.647
spk_ver/v10/v1085	SES008	0.733488	23.8569	23.1234
spk_ver/v10/v1086	SES175	-1.35432	20.5731	21.9274
spk_ver/v10/v1087	SES175	-2.43634	18.4821	20.9184
spk_ver/v10/v1088	SES008	1.81643	23.6353	21.8189
spk_ver/v10/v1089	SES177	-2.86564	19.9168	22.7824
spk_ver/v10/v1090	SES177	-4.542	17.4197	21.9617
spk_ver/v10/v1091	SES177	-3.81683	15.551	19.3678
spk_ver/v10/v1092	SES177	-0.884285	19.3256	20.2099
spk_ver/v10/v1093	SES177	-5.29752	16.2558	21.5533
spk_ver/v10/v1094	SES002	2.14926	25.0247	22.8755
spk_ver/v10/v1095	SES104	2.10117	24.869	22.7679
spk_ver/v10/v1096	SES177	-1.75753	19.2994	21.057
spk_ver/v10/v1097	SES177	-3.56699	14.345	17.912
spk_ver/v10/v1098	SES177	-2.83107	19.3047	22.1358
spk_ver/v10/v1099	SES177	-0.933886	19.3569	20.2908
spk_ver/v11/v1100	SES177	-4.05756	16.5843	20.6419
spk_ver/v11/v1101	SES085	0.784271	22.7061	21.9219
spk_ver/v11/v1102	SES187	1.43455	22.7235	21.2889
spk_ver/v11/v1103	SES177	-1.71769	18.8029	20.5206
spk_ver/v11/v1104	SES177	1.02593	23.0448	22.0188
spk_ver/v11/v1105	SES177	-1.06417	20.0475	21.1117
spk_ver/v11/v1106	SES177	-3.26635	17.6182	20.8846
spk_ver/v11/v1107	SES177	-1.0653	20.8204	21.8857
spk_ver/v11/v1108	SES177	0.0517139	22.0286	21.9769
spk_ver/v11/v1109	SES125	1.71819	22.9874	21.2692
spk_ver/v11/v1110	SES177	-3.83982	17.4684	21.3083
spk_ver/v11/v1111	SES177	-2.16011	19.6985	21.8586
spk_ver/v11/v1112	SES177	-3.9711	17.42	21.3911
spk_ver/v11/v1113	SES177	-6.36064	15.872	22.2326
spk_ver/v11/v1114	SES177	-1.69839	18.0075	19.7059
spk_ver/v11/v1115	SES177	-2.92467	16.0772	19.0019
spk_ver/v11/v1116	SES085	1.42073	24.8442	23.4234
spk_ver/v11/v1117	SES147	1.37481	20.3653	18.9905
spk_ver/v11/v1118	SES177	-0.837816	19.3381	20.1759
spk_ver/v11/v1119	SES177	-3.34831	16.0681	19.4164
spk_ver/v11/v1120	SES180	-6.92893	15.0521	21.9811
spk_ver/v11/v1121	SES189	1.21783	19.7937	18.5759
spk_ver/v11/v1122	SES117	1.2352	18.3107	17.0755
spk_ver/v11/v1123	SES129	2.45414	24.12	21.6659
spk_ver/v11/v1124	SES180	-2.14095	19.304	21.4449
spk_ver/v11/v1125	SES180	-1.77077	20.2857	22.0565
spk_ver/v11/v1126	SES180	-1.27886	20.9879	22.2668
spk_ver/v11/v1127	SES180	-2.86821	18.5498	21.418
spk_ver/v11/v1128	SES016	1.39232	21.4738	20.0815
spk_ver/v11/v1129	SES158	1.01786	21.7659	20.7481
spk_ver/v11/v1130	SES180	-3.56848	17.2733	20.8418
spk_ver/v11/v1131	SES180	-4.49599	20.48	24.976
spk_ver/v11/v1132	SES180	-2.20189	18.8757	21.0775
spk_ver/v11/v1133	SES180	-4.63964	18.128	22.7677
spk_ver/v11/v1134	SES180	-2.66866	16.6449	19.3136
spk_ver/v11/v1135	SES180	-2.73967	19.5166	22.2563
spk_ver/v11/v1136	SES180	-5.9878	11.193	17.1808
spk_ver/v11/v1137	SES148	0.468431	21.3505	20.8821
spk_ver/v11/v1138	SES104	2.11814	27.0326	24.9144
spk_ver/v11/v1139	SES180	-5.20657	13.143	18.3495
spk_ver/v11/v1140	SES083	0.73971	21.6614	20.9216
spk_ver/v11/v1141	SES180	-4.82875	16.7368	21.5655
spk_ver/v11/v1142	SES180	-3.70369	15.9805	19.6842
spk_ver/v11/v1143	SES180	-4.80819	14.4917	19.2999
spk_ver/v11/v1144	SES099	2.52538	23.5122	20.9868
spk_ver/v11/v1145	SES180	-2.29557	19.1811	21.4767
spk_ver/v11/v1146	SES183	-3.23543	18.1782	21.4136
spk_ver/v11/v1147	SES183	-1.77009	20.1377	21.9078
spk_ver/v11/v1148	SES183	-5.70158	13.9112	19.6128
spk_ver/v11/v1149	SES183	-6.7319	16.2885	23.0204
spk_ver/v11/v1150	SES183	-6.64045	15.7181	22.3586
spk_ver/v11/v1151	SES082	1.21517	22.3873	21.1722
spk_ver/v11/v1152	SES183	-2.86135	15.12	17.9813
spk_ver/v11/v1153	SES183	-2.03088	18.9114	20.9423
spk_ver/v11/v1154	SES002	2.16023	25.4278	23.2676
spk_ver/v11/v1155	SES183	-2.85728	17.0249	19.8822
spk_ver/v11/v1156	SES183	-4.86057	14.6024	19.463
spk_ver/v11/v1157	SES183	-2.92956	19.4963	22.4258
spk_ver/v11/v1158	SES183	-0.95009	19.9499	20.9
spk_ver/v11/v1159	SES183	-2.36232	18.6798	21.0422
spk_ver/v11/v1160	SES183	-6.50439	13.1659	19.6703
spk_ver/v11/v1161	SES183	-3.50396	13.2897	16.7937
spk_ver/v11/v1162	SES105	1.60833	21.7713	20.163
spk_ver/v11/v1163	SES183	-5.18189	17.1615	22.3434
spk_ver/v11/v1164	SES259	3.26482	24.3555	21.0907
spk_ver/v11/v1165	SES183	-2.19357	18.4577	20.6513
spk_ver/v11/v1166	SES183	-6.2538	15.9521	22.2059
spk_ver/v11/v1167	SES183	-2.43595	17.0723	19.5082
spk_ver/v11/v1168	SES183	-2.23143	20.2582	22.4896
spk_ver/v11/v1169	SES183	-5.85553	15.9866	21.8421
spk_ver/v11/v1170	SES183	-4.08491	18.3759	22.4608
spk_ver/v11/v1171	SES183	-7.914	11.5268	19.4408
spk_ver/v11/v1172	SES187	-2.99435	17.3047	20.2991
spk_ver/v11/v1173	SES019	3.97147	22.5381	18.5666
spk_ver/v11/v1174	SES187	-3.6662	14.9941	18.6603
spk_ver/v11/v1175	SES187	-3.27729	15.2698	18.5471
spk_ver/v11/v1176	SES083	0.812914	23.604	22.7911
spk_ver/v11/v1177	SES187	-5.83776	14.7581	20.5958
spk_ver/v11/v1178	SES187	-4.86878	15.9936	20.8624
spk_ver/v11/v1179	SES187	-2.64449	17.5574	20.2019
spk_ver/v11/v1180	SES187	-1.32895	17.9666	19.2955
spk_ver/v11/v1181	SES187	-5.49324	17.4929	22.9861
spk_ver/v11/v1182	SES187	-1.21473	20.77	21.9847
spk_ver/v11/v1183	SES187	-3.49966	14.9591	18.4587
spk_ver/v11/v1184	SES187	-0.250118	19.9859	20.236
spk_ver/v11/v1185	SES127	1.6916	23.5524	21.8608
spk_ver/v11/v1186	SES187	-1.35584	19.3578	20.7136
spk_ver/v11/v1187	SES187	-2.0976	20.0823	22.1799
spk_ver/v11/v1188	SES187	-2.01825	17.078	19.0963
spk_ver/v11/v1189	SES042	1.9325	24.0831	22.1506
spk_ver/v11/v1190	SES187	-1.163	19.7741	20.9371
spk_ver/v11/v1191	SES187	-4.80075	13.6803	18.4811
spk_ver/v11/v1192	SES187	-3.93972	15.6818	19.6215
spk_ver/v11/v1193	SES183	1.41039	20.9639	19.5535
spk_ver/v11/v1194	SES187	-2.58883	16.858	19.4468
spk_ver/v11/v1195	SES187	-3.82641	17.0153	20.8417
spk_ver/v11/v1196	SES146	2.14475	19.761	17.6163
spk_ver/v11/v1197	SES189	-6.08834	16.821	22.9094
spk_ver/v11/v1198	SES175	1.12775	21.9644	20.8367
spk_ver/v11/v1199	SES189	-5.27492	13.7774	19.0523
spk_ver/v12/v1200	SES189	-2.39207	21.1658	23.5579
spk_ver/v12/v1201	SES177	1.66556	23.8501	22.1845
spk_ver/v12/v1202	SES189	-3.11046	16.8585	19.9689
spk_ver/v12/v1203	SES143	0.498528	20.5748	20.0762
spk_ver/v12/v1204	SES189	-2.9681	17.2675	20.2356
spk_ver/v12/v1205	SES189	-2.39208	20.4824	22.8745
spk_ver/v12/v1206	SES189	-4.94024	13.9121	18.8524
spk_ver/v12/v1207	SES189	-4.46052	15.9471	20.4076
spk_ver/v12/v1208	SES189	-4.32719	19.5551	23.8823
spk_ver/v12/v1209	SES189	-5.85088	13.5627	19.4136
spk_ver/v12/v1210	SES189	-0.999102	19.6457	20.6448
spk_ver/v12/v1211	SES062	1.7919	24.3332	22.5413
spk_ver/v12/v1212	SES189	-3.56374	17.6402	21.2039
spk_ver/v12/v1213	SES048	1.74112	23.3883	21.6472
spk_ver/v12/v1214	SES042	3.65203	26.1964	22.5443
spk_ver/v12/v1215	SES008	2.6531	23.778	21.1248
spk_ver/v12/v1216	SES202	-6.37253	17.2005	23.573
spk_ver/v12/v1217	SES202	-2.86037	16.3352	19.1955
spk_ver/v12/v1218	SES085	1.61593	24.7299	23.114
spk_ver/v12/v1219	SES202	-2.83057	18.5874	21.418
spk_ver/v12/v1220	SES202	-2.5411	19.3812	21.9223
spk_ver/v12/v1221	SES202	-2.18752	18.0012	20.1887
spk_ver/v12/v1222	SES202	-7.95143	13.37	21.3215
spk_ver/v12/v1223	SES158	1.33164	22.1218	20.7902
spk_ver/v12/v1224	SES202	-2.71388	17.4052	20.1191
spk_ver/v12/v1225	SES202	-3.61254	17.0268	20.6393
spk_ver/v12/v1226	SES202	-3.52893	18.1025	21.6314
spk_ver/v12/v1227	SES202	-3.13909	17.6261	20.7652
spk_ver/v12/v1228	SES177	0.826973	21.8641	21.0372
spk_ver/v12/v1229	SES202	-4.04116	17.8322	21.8734
spk_ver/v12/v1230	SES202	-2.58286	18.2154	20.7983
spk_ver/v12/v1231	SES202	-3.42085	17.7822	21.203
spk_ver/v12/v1232	SES202	-2.98905	15.0481	18.0371
spk_ver/v12/v1233	SES206	1.71573	25.2266	23.5109
spk_ver/v12/v1234	SES202	-5.88249	12.4979	18.3804
spk_ver/v12/v1235	SES202	-2.86852	19.2796	22.1481
spk_ver/v12/v1236	SES125	2.67729	23.2309	20.5536
spk_ver/v12/v1237	SES127	1.68501	23.0288	21.3438
spk_ver/v12/v1238	SES202	2.65425	22.0911	19.4368
spk_ver/v12/v1239	SES167	1.75237	23.3232	21.5708
spk_ver/v12/v1240	SES206	-10.4237	8.24811	18.6718
spk_ver/v12/v1241	SES206	-8.29485	11.7754	20.0702
spk_ver/v12/v1242	SES206	-0.967798	22.3276	23.2954
spk_ver/v12/v1243	SES206	-3.52099	18.0474	21.5684
spk_ver/v12/v1244	SES259	2.68272	23.4505	20.7678
spk_ver/v12/v1245	SES206	-3.09167	18.3044	21.396
spk_ver/v12/v1246	SES206	-3.74035	18.2341	21.9744
spk_ver/v12/v1247	SES206	-2.11527	19.267	21.3823
spk_ver/v12/v1248	SES206	-10.4291	8.56234	18.9915
spk_ver/v12/v1249	SES270	2.78201	22.2205	19.4385
spk_ver/v12/v1250	SES206	-6.26356	13.797	20.0605
spk_ver/v12/v1251	SES206	-3.39121	18.434	21.8252
spk_ver/v12/v1252	SES206	-4.0034	16.399	20.4024
spk_ver/v12/v1253	SES206	-0.871733	21.2555	22.1273
spk_ver/v12/v1254	SES206	-2.15227	18.2831	20.4353
spk_ver/v12/v1255	SES125	2.11769	23.3874	21.2697
spk_ver/v12/v1256	SES206	-7.01592	15.2341	22.25
spk_ver/v12/v1257	SES206	-5.86663	16.1054	21.9721
spk_ver/v12/v1258	SES206	-2.63845	19.7993	22.4377
spk_ver/v12/v1259	SES206	-7.48388	13.5668	21.0506
spk_ver/v12/v1260	SES206	-14.3245	6.07941	20.404
spk_ver/v12/v1261	SES206	-6.40257	15.8599	22.2625
spk_ver/v12/v1262	SES206	-8.82779	11.9743	20.8021
spk_ver/v12/v1263	SES206	-4.4183	16.697	21.1153
spk_ver/v12/v1264	SES149	2.06685	23.5995	21.5327
spk_ver/v12/v1265	SES206	-1.52105	16.9983	18.5193
spk_ver/v12/v1266	SES206	-9.61221	10.8886	20.5009
spk_ver/v12/v1267	SES206	-1.75359	15.4421	17.1957
spk_ver/v12/v1268	SES206	-3.60015	16.3412	19.9414
spk_ver/v12/v1269	SES206	-23.5472	-4.98025	18.567
spk_ver/v12/v1270	SES206	-10.2806	6.50059	16.7812
spk_ver/v12/v1271	SES226	-12.2828	6.94541	19.2282
spk_ver/v12/v1272	SES226	-1.71286	23.0592	24.772
spk_ver/v12/v1273	SES226	-6.5511	16.0305	22.5816
spk_ver/v12/v1274	SES226	-5.73313	14.3817	20.1148
spk_ver/v12/v1275	SES226	-1.03165	18.4546	19.4863
spk_ver/v12/v1276	SES226	-5.66951	14.5408	20.2103
spk_ver/v12/v1277	SES226	-1.75576	19.7844	21.5402
spk_ver/v12/v1278	SES226	-1.12155	19.5625	20.6841
spk_ver/v12/v1279	SES226	-5.39956	17.1445	22.5441
spk_ver/v12/v1280	SES226	-3.76947	17.7653	21.5347
spk_ver/v12/v1281	SES226	-1.52237	19.9885	21.5109
spk_ver/v12/v1282	SES226	-2.83046	17.9379	20.7683
spk_ver/v12/v1283	SES143	1.73072	21.2467	19.516
spk_ver/v12/v1284	SES226	-4.57599	18.2334	22.8094
spk_ver/v12/v1285	SES226	-2.65491	20.3532	23.0081
spk_ver/v12/v1286	SES226	-2.37031	17.3	19.6703
spk_ver/v12/v1287	SES226	-3.44106	17.6196	21.0607
spk_ver/v12/v1288	SES226	-5.49021	15.8006	21.2908
spk_ver/v12/v1289	SES104	1.85596	22.9608	21.1048
spk_ver/v12/v1290	SES008	2.93164	22.5899	19.6583
spk_ver/v12/v1291	SES226	-1.69765	19.813	21.5106
spk_ver/v12/v1292	SES259	-4.88355	15.8099	20.6935
spk_ver/v12/v1293	SES062	1.65906	24.0733	22.4143
spk_ver/v12/v1294	SES099	2.1607	22.5251	20.3644
spk_ver/v12/v1295	SES158	1.78825	20.4862	18.698
spk_ver/v12/v1296	SES259	-4.53418	18.416	22.9502
spk_ver/v12/v1297	SES259	-6.83943	13.8047	20.6442
spk_ver/v12/v1298	SES259	-4.34514	18.6401	22.9853
spk_ver/v12/v1299	SES259	-5.17976	15.0423	20.2221
spk_ver/v13/v1300	SES120	1.64193	20.844	19.202
spk_ver/v13/v1301	SES259	-7.99084	12.7674	20.7583
spk_ver/v13/v1302	SES259	-7.69607	11.3439	19.04
spk_ver/v13/v1303	SES129	1.74479	22.8402	21.0954
spk_ver/v13/v1304	SES259	-4.2916	16.142	20.4336
spk_ver/v13/v1305	SES259	-8.37241	11.3662	19.7386
spk_ver/v13/v1306	SES106	1.52874	22.6806	21.1519
spk_ver/v13/v1307	SES259	-6.81096	14.0965	20.9075
spk_ver/v13/v1308	SES259	-2.5469	18.1553	20.7022
spk_ver/v13/v1309	SES259	-6.67691	15.2407	21.9176
spk_ver/v13/v1310	SES259	-6.22858	16.5144	22.743
spk_ver/v13/v1311	SES259	-5.04242	15.637	20.6795
spk_ver/v13/v1312	SES259	-4.68179	18.3655	23.0473
spk_ver/v13/v1313	SES144	1.10738	22.4614	21.354
spk_ver/v13/v1314	SES259	-6.50436	14.2906	20.795
spk_ver/v13/v1315	SES162	2.25947	22.33	20.0705
spk_ver/v13/v1316	SES206	1.16678	23.9524	22.7856
spk_ver/v13/v1317	SES175	1.26406	21.8449	20.5809
spk_ver/v13/v1318	SES259	-9.33968	9.8265	19.1662
spk_ver/v13/v1319	SES259	-7.59985	12.5619	20.1617
spk_ver/v13/v1320	SES270	-0.672382	21.4262	22.0986
spk_ver/v13/v1321	SES101	0.861052	22.4226	21.5615
spk_ver/v13/v1322	SES177	1.35133	23.9563	22.605
spk_ver/v13/v1323	SES127	1.26711	24.2912	23.024
spk_ver/v13/v1324	SES270	-6.27149	14.0499	20.3214
spk_ver/v13/v1325	SES062	1.23059	23.5785	22.3479
spk_ver/v13/v1326	SES270	0.0525703	19.5482	19.4957
spk_ver/v13/v1327	SES120	0.618649	19.0374	18.4187
spk_ver/v13/v1328	SES270	-5.18135	14.1787	19.3601
spk_ver/v13/v1329	SES270	-5.42035	17.4342	22.8545
spk_ver/v13/v1330	SES270	-0.49803	20.0744	20.5724
spk_ver/v13/v1331	SES270	-5.22187	18.0363	23.2582
spk_ver/v13/v1332	SES270	-1.1324	22.1641	23.2965
spk_ver/v13/v1333	SES270	-3.18298	17.7668	20.9498
spk_ver/v13/v1334	SES270	-3.42089	18.3406	21.7615
spk_ver/v13/v1335	SES270	-0.124992	20.9989	21.1239
spk_ver/v13/v1336	SES270	-1.97034	19.7646	21.7349
spk_ver/v13/v1337	SES016	2.11989	23.386	21.2661
spk_ver/v13/v1338	SES270	-5.77772	17.7501	23.5278
spk_ver/v13/v1339	SES002	1.20965	23.9485	22.7388
spk_ver/v13/v1340	SES105	2.68387	21.9075	19.2236
spk_ver/v13/v1341	SES275	-3.83779	16.1097	19.9475
spk_ver/v13/v1342	SES187	0.852573	21.5176	20.665
spk_ver/v13/v1343	SES275	-4.27191	15.4783	19.7502
spk_ver/v13/v1344	SES275	-4.15813	16.0234	20.1815
spk_ver/v13/v1345	SES275	-2.79059	17.5872	20.3778
spk_ver/v13/v1346	SES275	-6.09491	16.2552	22.3501
spk_ver/v13/v1347	SES275	-4.40571	16.5695	20.9752
spk_ver/v13/v1348	SES180	0.600863	22.569	21.9681
spk_ver/v13/v1349	SES275	-4.79777	13.0901	17.8879
spk_ver/v13/v1350	SES275	-1.61675	20.252	21.8688
spk_ver/v13/v1351	SES275	-7.34371	9.36694	16.7106
spk_ver/v13/v1352	SES275	-2.28112	19.0659	21.347
spk_ver/v13/v1353	SES275	-2.29853	15.2821	17.5806
spk_ver/v13/v1354	SES189	1.8809	18.9325	17.0516
spk_ver/v13/v1355	SES068	0.987297	23.4055	22.4182
spk_ver/v13/v1356	SES275	-3.28333	15.0809	18.3642
spk_ver/v13/v1357	SES048	0.593719	21.7267	21.133
spk_ver/v13/v1358	SES226	2.32217	26.1016	23.7794
spk_ver/v13/v1359	SES016	1.5736	23.2397	21.6661
spk_ver/v13/v1360	SES275	-3.89704	16.9317	20.8288
spk_ver/v13/v1361	SES068	1.49264	23.8421	22.3495
spk_ver/v13/v1362	SES275	-3.99348	16.4376	20.431
spk_ver/v13/v1363	SES275	-3.76003	17.204	20.9641
spk_ver/v13/v1364	SES275	-5.64848	14.0704	19.7189
spk_ver/v13/v1365	SES275	-2.58327	18.7541	21.3374
spk_ver/v13/v1366	SES187	1.06476	23.1592	22.0944
spk_ver/v13/v1367	SES275	-4.40296	14.7995	19.2025
spk_ver/v13/v1368	SES125	1.57507	22.6515	21.0764
spk_ver/v13/v1369	SES275	-2.39703	14.6246	17.0216
spk_ver/v13/v1370	SES292	-2.4697	18.4313	20.901
spk_ver/v13/v1371	SES292	-1.71526	19.753	21.4683
spk_ver/v13/v1372	SES292	-2.44644	16.8199	19.2664
spk_ver/v13/v1373	SES292	-1.80315	19.0168	20.82
spk_ver/v13/v1374	SES101	2.08163	22.3902	20.3086
spk_ver/v13/v1375	SES292	-3.08924	17.7284	20.8176
spk_ver/v13/v1376	SES292	-2.19015	18.7054	20.8955
spk_ver/v13/v1377	SES292	-5.57799	12.6993	18.2773
spk_ver/v13/v1378	SES292	-1.53375	19.5223	21.056
spk_ver/v13/v1379	SES292	-1.10793	18.9989	20.1068
spk_ver/v13/v1380	SES292	-2.03151	19.2339	21.2654
spk_ver/v13/v1381	SES292	-1.42417	22.8404	24.2646
spk_ver/v13/v1382	SES292	-3.28584	16.537	19.8229
spk_ver/v13/v1383	SES292	-1.97661	18.5816	20.5582
spk_ver/v13/v1384	SES292	-1.50826	19.8517	21.36
spk_ver/v13/v1385	SES292	-1.588	19.6813	21.2693
spk_ver/v13/v1386	SES292	-1.69258	17.9466	19.6391
spk_ver/v13/v1387	SES158	2.6567	20.2793	17.6226
spk_ver/v13/v1388	SES292	-1.01554	22.3848	23.4004
spk_ver/v13/v1389	SES292	-1.1349	23.7434	24.8783
spk_ver/v13/v1390	SES292	-1.61042	21.2961	22.9066
spk_ver/v13/v1391	SES292	-2.8447	18.3228	21.1675
spk_ver/v13/v1392	SES292	-2.72107	17.5816	20.3027
spk_ver/v13/v1393	SES292	-2.06037	19.7529	21.8133
spk_ver/v13/v1394	SES292	-5.09721	15.9533	21.0505
spk_ver/v13/v1395	SES292	-2.30842	19.2749	21.5833
spk_ver/v13/v1396	SES117	1.28051	19.9718	18.6913
spk_ver/v13/v1397	SES292	-3.38195	19.4443	22.8262
spk_ver/v13/v1398	SES292	-3.63047	15.2201	18.8506
spk_ver/v13/v1399	SES292	-0.177639	20.5418	20.7194
