spk_ver/v00/v0000	SES146	1.94537	-7.12876	-9.07413
spk_ver/v00/v0001	SES002	-3.31461	-13.4569	-10.1423
spk_ver/v00/v0002	SES002	-1.03916	-9.58955	-8.55039
spk_ver/v00/v0003	SES002	-2.44083	-11.4867	-9.04586
spk_ver/v00/v0004	SES002	-0.977668	-10.1248	-9.14715
spk_ver/v00/v0005	SES002	-1.08079	-9.43226	-8.35147
spk_ver/v00/v0006	SES002	-2.06807	-11.6369	-9.56888
spk_ver/v00/v0007	SES002	0.920271	-8.56925	-9.48952
spk_ver/v00/v0008	SES146	1.20542	-8.21775	-9.42318
spk_ver/v00/v0009	SES002	0.741968	-8.44713	-9.1891
spk_ver/v00/v0010	SES002	-0.388301	-9.34835	-8.96005
spk_ver/v00/v0011	SES002	0.558284	-8.83847	-9.39675
spk_ver/v00/v0012	SES002	-2.3947	-10.6451	-8.25045
spk_ver/v00/v0013	SES002	0.320451	-8.80306	-9.12351
spk_ver/v00/v0014	SES002	-0.0123386	-9.83288	-9.82054
spk_ver/v00/v0015	SES002	-0.211411	-9.20656	-8.99515
spk_ver/v00/v0016	SES275	1.64323	-7.38588	-9.02911
spk_ver/v00/v0017	SES002	0.975558	-8.84807	-9.82363
spk_ver/v00/v0018	SES002	-1.47825	-11.467	-9.98878
spk_ver/v00/v0019	SES002	0.424295	-8.00213	-8.42643
spk_ver/v00/v0020	SES002	-2.63174	-11.9921	-9.36035
spk_ver/v00/v0021	SES002	-1.26715	-10.1872	-8.92009
spk_ver/v00/v0022	SES002	-0.202193	-9.2449	-9.04271
spk_ver/v00/v0023	SES002	-1.93418	-9.22824	-7.29406
spk_ver/v00/v0024	SES002	-3.30057	-13.2856	-9.98507
spk_ver/v00/v0025	SES002	-0.817548	-9.63264	-8.8151
spk_ver/v00/v0026	SES002	-1.95197	-9.64798	-7.69601
spk_ver/v00/v0027	SES129	1.71578	-7.93495	-9.65072
spk_ver/v00/v0028	SES007	-0.508907	-9.17506	-8.66615
spk_ver/v00/v0029	SES083	0.998258	-7.31392	-8.31218
spk_ver/v00/v0030	SES019	3.8211	-5.91761	-9.73871
spk_ver/v00/v0031	SES007	0.033494	-8.25076	-8.28425
spk_ver/v00/v0032	SES270	1.08497	-7.34567	-8.43064
spk_ver/v00/v0033	SES007	-0.907597	-11.1002	-10.1926
spk_ver/v00/v0034	SES007	-0.195029	-9.45962	-9.26459
spk_ver/v00/v0035	SES007	0.474418	-7.24591	-7.72033
spk_ver/v00/v0036	SES007	-0.378388	-8.3718	-7.99342
spk_ver/v00/v0037	SES007	-1.80063	-11.3713	-9.57071
spk_ver/v00/v0038	SES259	2.89932	-6.57199	-9.47131
spk_ver/v00/v0039	SES007	-3.11343	-12.148	-9.03455
spk_ver/v00/v0040	SES007	-0.934947	-9.90546	-8.97051
spk_ver/v00/v0041	SES007	0.0778475	-8.45329	-8.53113
spk_ver/v00/v0042	SES007	-0.384983	-8.63009	-8.24511
spk_ver/v00/v0043	SES007	1.23434	-6.66048	-7.89481
spk_ver/v00/v0044	SES007	-0.386195	-8.50314	-8.11695
spk_ver/v00/v0045	SES007	0.192584	-8.17651	-8.36909
spk_ver/v00/v0046	SES007	0.0259857	-8.4957	-8.52169
spk_ver/v00/v0047	SES172	1.53404	-7.45123	-8.98527
spk_ver/v00/v0048	SES105	2.12245	-6.91613	-9.03859
spk_ver/v00/v0049	SES007	0.170587	-7.99931	-8.1699
spk_ver/v00/v0050	SES292	1.05449	-7.4789	-8.53338
spk_ver/v00/v0051	SES007	1.07655	-7.78531	-8.86186
spk_ver/v00/v0052	SES068	1.78828	-6.92677	-8.71506
spk_ver/v00/v0053	SES008	-0.439209	-8.48545	-8.04624
spk_ver/v00/v0054	SES008	-0.420044	-9.25346	-8.83342
spk_ver/v00/v0055	SES008	-0.247258	-9.43763	-9.19038
spk_ver/v00/v0056	SES008	-2.06948	-12.1299	-10.0604
spk_ver/v00/v0057	SES008	-2.44685	-12.1987	-9.75181
spk_ver/v00/v0058	SES083	1.96197	-7.33921	-9.30118
spk_ver/v00/v0059	SES158	2.50847	-6.93929	-9.44776
spk_ver/v00/v0060	SES008	-3.3106	-12.844	-9.53336
spk_ver/v00/v0061	SES101	1.29358	-7.55143	-8.84501
spk_ver/v00/v0062	SES008	-0.629087	-9.67243	-9.04334
spk_ver/v00/v0063	SES008	-0.287289	-8.9178	-8.63051
spk_ver/v00/v0064	SES117	1.99226	-7.44178	-9.43404
spk_ver/v00/v0065	SES149	1.57546	-7.06414	-8.6396
spk_ver/v00/v0066	SES008	1.73744	-7.74763	-9.48507
spk_ver/v00/v0067	SES008	-0.517525	-9.21057	-8.69304
spk_ver/v00/v0068	SES162	1.92727	-8.43523	-10.3625
spk_ver/v00/v0069	SES008	-6.31633	-16.2598	-9.94346
spk_ver/v00/v0070	SES008	-0.552645	-9.35828	-8.80563
spk_ver/v00/v0071	SES008	-0.347098	-9.49066	-9.14356
spk_ver/v00/v0072	SES008	0.331419	-7.13029	-7.46171
spk_ver/v00/v0073	SES008	-0.656979	-9.67402	-9.01705
spk_ver/v00/v0074	SES008	-2.69627	-13.1092	-10.4129
spk_ver/v00/v0075	SES008	-3.79125	-13.63	-9.83879
spk_ver/v00/v0076	SES167	1.60469	-5.76194	-7.36663
spk_ver/v00/v0077	SES008	-0.077219	-7.73573	-7.65851
spk_ver/v00/v0078	SES177	1.43254	-6.66325	-8.09579
spk_ver/v00/v0079	SES008	0.474788	-8.34696	-8.82175
spk_ver/v00/v0080	SES008	-0.631573	-9.65575	-9.02418
spk_ver/v00/v0081	SES008	-1.33417	-11.0784	-9.74425
spk_ver/v00/v0082	SES008	-1.67965	-10.6685	-8.98888
spk_ver/v00/v0083	SES008	-3.13575	-12.7851	-9.64936
spk_ver/v00/v0084	SES144	1.96026	-6.84334	-8.80359
spk_ver/v00/v0085	SES008	-1.43656	-10.4861	-9.04955
spk_ver/v00/v0086	SES008	-0.339549	-7.76452	-7.42497
spk_ver/v00/v0087	SES008	-1.86732	-10.9102	-9.04284
spk_ver/v00/v0088	SES008	-0.00708008	-8.80737	-8.80029
spk_ver/v00/v0089	SES008	-0.464658	-9.29119	-8.82653
spk_ver/v00/v0090	SES142	1.61463	-7.19775	-8.81238
spk_ver/v00/v0091	SES008	-2.20193	-11.4781	-9.27621
spk_ver/v00/v0092	SES158	2.75305	-8.43992	-11.193
spk_ver/v00/v0093	SES014	0.751603	-8.24519	-8.99679
spk_ver/v00/v0094	SES014	-1.29471	-11.9746	-10.6799
spk_ver/v00/v0095	SES014	1.7857	-8.25585	-10.0416
spk_ver/v00/v0096	SES014	-1.04339	-10.1986	-9.15516
spk_ver/v00/v0097	SES014	0.425673	-9.91008	-10.3357
spk_ver/v00/v0098	SES014	-0.0105028	-8.22893	-8.21843
spk_ver/v00/v0099	SES014	-1.17144	-9.85053	-8.6791
spk_ver/v01/v0100	SES127	1.92513	-6.5351	-8.46023
spk_ver/v01/v0101	SES014	-2.23349	-13.6543	-11.4208
spk_ver/v01/v0102	SES014	-0.183619	-9.84052	-9.6569
spk_ver/v01/v0103	SES014	-2.51608	-12.1074	-9.59133
spk_ver/v01/v0104	SES014	-3.11596	-12.3792	-9.26324
spk_ver/v01/v0105	SES014	-1.35823	-11.6709	-10.3127
spk_ver/v01/v0106	SES014	1.34891	-8.11132	-9.46023
spk_ver/v01/v0107	SES014	-1.91892	-11.4418	-9.52287
spk_ver/v01/v0108	SES014	-0.903891	-10.4369	-9.53304
spk_ver/v01/v0109	SES014	-0.460384	-9.2111	-8.75072
spk_ver/v01/v0110	SES014	-0.935041	-11.1588	-10.2238
spk_ver/v01/v0111	SES014	0.606799	-7.98444	-8.59124
spk_ver/v01/v0112	SES014	-0.934212	-9.14526	-8.21105
spk_ver/v01/v0113	SES104	1.31641	-9.66382	-10.9802
spk_ver/v01/v0114	SES082	1.55391	-7.22623	-8.78014
spk_ver/v01/v0115	SES087	1.45179	-7.68871	-9.1405
spk_ver/v01/v0116	SES014	1.38736	-7.65414	-9.0415
spk_ver/v01/v0117	SES177	1.16865	-7.69695	-8.86561
spk_ver/v01/v0118	SES014	-1.04986	-9.88114	-8.83128
spk_ver/v01/v0119	SES014	0.584848	-8.58619	-9.17104
spk_ver/v01/v0120	SES014	-0.355163	-9.16468	-8.80952
spk_ver/v01/v0121	SES146	1.4451	-7.14033	-8.58543
spk_ver/v01/v0122	SES014	2.32888	-6.11199	-8.44087
spk_ver/v01/v0123	SES014	0.144659	-8.36103	-8.50569
spk_ver/v01/v0124	SES014	-3.56507	-13.069	-9.5039
spk_ver/v01/v0125	SES014	-0.421564	-9.94276	-9.5212
spk_ver/v01/v0126	SES016	-0.0286236	-8.46651	-8.43789
spk_ver/v01/v0127	SES016	-0.0452595	-8.57298	-8.52772
spk_ver/v01/v0128	SES106	2.32453	-7.08689	-9.41142
spk_ver/v01/v0129	SES016	-1.16823	-9.52941	-8.36118
spk_ver/v01/v0130	SES016	0.381772	-8.39095	-8.77272
spk_ver/v01/v0131	SES016	-1.68045	-10.3032	-8.62272
spk_ver/v01/v0132	SES016	-0.68099	-9.74121	-9.06022
spk_ver/v01/v0133	SES016	1.23858	-7.96659	-9.20518
spk_ver/v01/v0134	SES016	-0.115891	-7.87701	-7.76112
spk_ver/v01/v0135	SES016	-0.343734	-10.1105	-9.76676
spk_ver/v01/v0136	SES016	0.766379	-7.86511	-8.63149
spk_ver/v01/v0137	SES007	1.46465	-8.09836	-9.56301
spk_ver/v01/v0138	SES016	0.758929	-7.95992	-8.71885
spk_ver/v01/v0139	SES016	0.549782	-7.62877	-8.17856
spk_ver/v01/v0140	SES016	2.14603	-6.89966	-9.04569
spk_ver/v01/v0141	SES016	-7.77133	-19.9298	-12.1584
spk_ver/v01/v0142	SES016	-3.43913	-12.9795	-9.5404
spk_ver/v01/v0143	SES016	-3.22374	-12.7674	-9.54364
spk_ver/v01/v0144	SES016	0.071969	-8.57248	-8.64445
spk_ver/v01/v0145	SES016	-1.96664	-13.7096	-11.7429
spk_ver/v01/v0146	SES016	-0.406792	-7.84505	-7.43826
spk_ver/v01/v0147	SES016	0.724442	-8.25769	-8.98213
spk_ver/v01/v0148	SES127	1.30976	-7.1461	-8.45586
spk_ver/v01/v0149	SES016	0.137506	-10.1834	-10.3209
spk_ver/v01/v0150	SES016	0.19173	-8.1247	-8.31643
spk_ver/v01/v0151	SES147	1.88347	-7.45939	-9.34286
spk_ver/v01/v0152	SES016	-0.699813	-9.12818	-8.42837
spk_ver/v01/v0153	SES104	1.40147	-7.30431	-8.70578
spk_ver/v01/v0154	SES016	-0.532812	-10.2312	-9.69844
spk_ver/v01/v0155	SES016	-0.89255	-10.0699	-9.17735
spk_ver/v01/v0156	SES019	0.207547	-10.0114	-10.219
spk_ver/v01/v0157	SES019	-1.86249	-9.88356	-8.02106
spk_ver/v01/v0158	SES019	0.649746	-8.81815	-9.46789
spk_ver/v01/v0159	SES007	1.38167	-7.54024	-8.92191
spk_ver/v01/v0160	SES019	-3.16191	-11.4832	-8.32125
spk_ver/v01/v0161	SES019	-4.0543	-14.3288	-10.2745
spk_ver/v01/v0162	SES019	-3.63572	-12.4585	-8.8228
spk_ver/v01/v0163	SES189	2.26176	-7.20142	-9.46318
spk_ver/v01/v0164	SES019	-1.36926	-10.7825	-9.41323
spk_ver/v01/v0165	SES019	-0.408899	-11.3051	-10.8962
spk_ver/v01/v0166	SES019	-2.5933	-10.8235	-8.23023
spk_ver/v01/v0167	SES019	-4.23794	-13.3169	-9.079
spk_ver/v01/v0168	SES019	-1.61826	-11.5495	-9.93126
spk_ver/v01/v0169	SES019	-12.3451	-25.4543	-13.1093
spk_ver/v01/v0170	SES270	1.58225	-7.2254	-8.80765
spk_ver/v01/v0171	SES019	-2.43069	-11.5039	-9.07322
spk_ver/v01/v0172	SES019	-3.02238	-11.8798	-8.85743
spk_ver/v01/v0173	SES206	2.03318	-7.91787	-9.95105
spk_ver/v01/v0174	SES019	-3.98784	-14.9415	-10.9536
spk_ver/v01/v0175	SES014	1.84248	-7.13687	-8.97935
spk_ver/v01/v0176	SES019	-4.01948	-13.0985	-9.07904
spk_ver/v01/v0177	SES120	2.08205	-7.87696	-9.95902
spk_ver/v01/v0178	SES019	-0.00590515	-9.43531	-9.42941
spk_ver/v01/v0179	SES019	-2.52512	-10.4836	-7.95844
spk_ver/v01/v0180	SES175	1.62724	-6.77849	-8.40574
spk_ver/v01/v0181	SES019	-2.97629	-12.7914	-9.81515
spk_ver/v01/v0182	SES019	-4.36239	-13.6844	-9.32199
spk_ver/v01/v0183	SES029	0.786261	-8.66107	-9.44733
spk_ver/v01/v0184	SES029	-1.99137	-11.2921	-9.30072
spk_ver/v01/v0185	SES029	-0.258894	-8.63636	-8.37746
spk_ver/v01/v0186	SES068	1.69394	-7.19531	-8.88925
spk_ver/v01/v0187	SES029	-1.39359	-9.17728	-7.7837
spk_ver/v01/v0188	SES029	-1.86019	-9.7675	-7.90731
spk_ver/v01/v0189	SES149	2.3833	-6.16561	-8.54891
spk_ver/v01/v0190	SES029	-2.20685	-11.5602	-9.35332
spk_ver/v01/v0191	SES029	-1.34278	-10.5881	-9.24529
spk_ver/v01/v0192	SES183	1.50947	-7.36251	-8.87198
spk_ver/v01/v0193	SES029	-0.343173	-10.1925	-9.8493
spk_ver/v01/v0194	SES016	2.08241	-7.4033	-9.48572
spk_ver/v01/v0195	SES029	-0.236419	-9.29215	-9.05574
spk_ver/v01/v0196	SES029	-0.107427	-9.49069	-9.38326
spk_ver/v01/v0197	SES029	-0.701597	-9.48086	-8.77926
spk_ver/v01/v0198	SES146	1.49623	-8.40837	-9.9046
spk_ver/v01/v0199	SES029	-1.18482	-10.0425	-8.85764
spk_ver/v02/v0200	SES029	0.345487	-9.30199	-9.64747
spk_ver/v02/v0201	SES068	1.81287	-6.82511	-8.63798
spk_ver/v02/v0202	SES148	2.0213	-6.4149	-8.4362
spk_ver/v02/v0203	SES029	-0.07897	-9.49087	-9.4119
spk_ver/v02/v0204	SES029	0.315925	-8.04929	-8.36521
spk_ver/v02/v0205	SES060	2.2906	-6.12124	-8.41184
spk_ver/v02/v0206	SES127	1.94729	-6.58062	-8.52791
spk_ver/v02/v0207	SES029	-1.31459	-12.2016	-10.887
spk_ver/v02/v0208	SES048	1.8867	-7.98899	-9.87569
spk_ver/v02/v0209	SES029	0.486124	-8.32991	-8.81603
spk_ver/v02/v0210	SES029	-0.430141	-10.1802	-9.75008
spk_ver/v02/v0211	SES029	0.337405	-8.94627	-9.28367
spk_ver/v02/v0212	SES042	-1.91965	-10.7477	-8.82808
spk_ver/v02/v0213	SES085	2.18453	-7.95539	-10.1399
spk_ver/v02/v0214	SES206	2.89047	-7.11251	-10.003
spk_ver/v02/v0215	SES144	1.34965	-7.39084	-8.74049
spk_ver/v02/v0216	SES042	-0.613667	-9.79931	-9.18564
spk_ver/v02/v0217	SES042	0.0850744	-11.7975	-11.8826
spk_ver/v02/v0218	SES042	-0.0606489	-9.78728	-9.72663
spk_ver/v02/v0219	SES206	1.99575	-6.71755	-8.7133
spk_ver/v02/v0220	SES019	4.37587	-5.84577	-10.2216
spk_ver/v02/v0221	SES007	1.59593	-7.39451	-8.99044
spk_ver/v02/v0222	SES042	-2.90454	-12.3662	-9.46167
spk_ver/v02/v0223	SES147	1.66182	-7.84769	-9.50951
spk_ver/v02/v0224	SES105	2.12485	-7.2353	-9.36016
spk_ver/v02/v0225	SES042	0.396007	-9.5301	-9.92611
spk_ver/v02/v0226	SES275	1.73941	-7.08977	-8.82917
spk_ver/v02/v0227	SES042	-1.39836	-11.8497	-10.4513
spk_ver/v02/v0228	SES042	-1.41712	-10.312	-8.89484
spk_ver/v02/v0229	SES042	-1.1652	-9.7256	-8.56041
spk_ver/v02/v0230	SES085	1.63313	-6.82473	-8.45786
spk_ver/v02/v0231	SES014	2.68387	-5.98585	-8.66972
spk_ver/v02/v0232	SES042	1.24861	-8.4881	-9.73671
spk_ver/v02/v0233	SES048	-1.83694	-10.4394	-8.60245
spk_ver/v02/v0234	SES048	0.452792	-8.56325	-9.01604
spk_ver/v02/v0235	SES029	1.40649	-8.09242	-9.49891
spk_ver/v02/v0236	SES048	-0.991341	-9.13152	-8.14018
spk_ver/v02/v0237	SES048	-1.79951	-10.8594	-9.0599
spk_ver/v02/v0238	SES048	0.0171986	-8.20665	-8.22384
spk_ver/v02/v0239	SES060	1.87736	-6.62838	-8.50574
spk_ver/v02/v0240	SES048	-0.514338	-9.25959	-8.74526
spk_ver/v02/v0241	SES048	0.349653	-8.24765	-8.5973
spk_ver/v02/v0242	SES189	2.16818	-5.9598	-8.12799
spk_ver/v02/v0243	SES162	1.65702	-7.9748	-9.63183
spk_ver/v02/v0244	SES048	-4.01046	-12.8899	-8.87949
spk_ver/v02/v0245	SES048	-1.59745	-9.96216	-8.36472
spk_ver/v02/v0246	SES048	-1.66885	-9.68521	-8.01636
spk_ver/v02/v0247	SES048	-3.38665	-13.7352	-10.3485
spk_ver/v02/v0248	SES226	2.32849	-7.17959	-9.50808
spk_ver/v02/v0249	SES048	-1.02645	-9.67761	-8.65116
spk_ver/v02/v0250	SES048	-0.650712	-9.32792	-8.67721
spk_ver/v02/v0251	SES048	-6.73615	-17.3747	-10.6386
spk_ver/v02/v0252	SES060	-0.292967	-8.74249	-8.44952
spk_ver/v02/v0253	SES060	-2.43142	-10.3908	-7.95942
spk_ver/v02/v0254	SES259	1.91158	-7.05237	-8.96395
spk_ver/v02/v0255	SES060	-0.868336	-10.2165	-9.3482
spk_ver/v02/v0256	SES202	1.3612	-7.35099	-8.71218
spk_ver/v02/v0257	SES148	1.88301	-6.85872	-8.74172
spk_ver/v02/v0258	SES060	-4.86791	-15.3647	-10.4968
spk_ver/v02/v0259	SES060	-0.51755	-8.7148	-8.19725
spk_ver/v02/v0260	SES060	-0.317153	-9.80267	-9.48552
spk_ver/v02/v0261	SES099	2.04339	-6.73313	-8.77652
spk_ver/v02/v0262	SES060	-0.341846	-9.1172	-8.77535
spk_ver/v02/v0263	SES060	-0.200648	-8.25871	-8.05806
spk_ver/v02/v0264	SES292	0.709339	-9.03634	-9.74568
spk_ver/v02/v0265	SES060	0.443016	-8.64517	-9.08819
spk_ver/v02/v0266	SES060	-3.01131	-12.6104	-9.59909
spk_ver/v02/v0267	SES060	-4.49141	-14.1866	-9.69524
spk_ver/v02/v0268	SES060	-4.2675	-15.1251	-10.8576
spk_ver/v02/v0269	SES127	1.53705	-6.67463	-8.21168
spk_ver/v02/v0270	SES060	-0.988018	-10.1391	-9.15113
spk_ver/v02/v0271	SES060	1.63514	-7.32374	-8.95889
spk_ver/v02/v0272	SES060	-2.15405	-11.769	-9.6149
spk_ver/v02/v0273	SES087	1.81548	-8.13914	-9.95462
spk_ver/v02/v0274	SES146	1.61683	-6.95421	-8.57104
spk_ver/v02/v0275	SES060	-2.81057	-12.8636	-10.053
spk_ver/v02/v0276	SES002	3.26996	-6.39621	-9.66617
spk_ver/v02/v0277	SES060	0.498279	-8.15703	-8.65531
spk_ver/v02/v0278	SES060	-0.86418	-10.4593	-9.5951
spk_ver/v02/v0279	SES060	-1.82472	-12.3085	-10.4838
spk_ver/v02/v0280	SES129	2.21206	-7.04468	-9.25674
spk_ver/v02/v0281	SES162	2.15398	-7.24508	-9.39906
spk_ver/v02/v0282	SES060	-0.801749	-9.21998	-8.41823
spk_ver/v02/v0283	SES060	0.200089	-8.22239	-8.42248
spk_ver/v02/v0284	SES062	-1.06109	-10.5249	-9.4638
spk_ver/v02/v0285	SES062	-1.77971	-10.6753	-8.89561
spk_ver/v02/v0286	SES120	0.795388	-9.51173	-10.3071
spk_ver/v02/v0287	SES062	-1.20244	-11.1989	-9.99642
spk_ver/v02/v0288	SES062	-1.91918	-12.4242	-10.505
spk_ver/v02/v0289	SES062	-0.914577	-8.58426	-7.66968
spk_ver/v02/v0290	SES062	1.33841	-7.49737	-8.83578
spk_ver/v02/v0291	SES275	1.75443	-6.81389	-8.56833
spk_ver/v02/v0292	SES062	0.884808	-8.4877	-9.3725
spk_ver/v02/v0293	SES062	0.253431	-8.6488	-8.90223
spk_ver/v02/v0294	SES062	-2.05928	-10.3004	-8.2411
spk_ver/v02/v0295	SES062	-0.110255	-9.19755	-9.0873
spk_ver/v02/v0296	SES062	-1.48749	-9.8625	-8.37501
spk_ver/v02/v0297	SES062	-0.559796	-8.85324	-8.29344
spk_ver/v02/v0298	SES062	-0.609747	-9.55711	-8.94736
spk_ver/v02/v0299	SES062	-0.32798	-9.95017	-9.62219
spk_ver/v03/v0300	SES062	-1.81669	-11.534	-9.7173
spk_ver/v03/v0301	SES062	-0.455521	-7.59674	-7.14122
spk_ver/v03/v0302	SES172	1.74369	-6.14903	-7.89272
spk_ver/v03/v0303	SES062	-0.404903	-9.55676	-9.15186
spk_ver/v03/v0304	SES062	-1.8191	-12.8975	-11.0784
spk_ver/v03/v0305	SES062	-0.859567	-10.3014	-9.4418
spk_ver/v03/v0306	SES062	1.1511	-8.16723	-9.31834
spk_ver/v03/v0307	SES062	-2.02391	-9.9109	-7.88699
spk_ver/v03/v0308	SES062	0.442935	-8.84995	-9.29289
spk_ver/v03/v0309	SES062	-2.04161	-12.1089	-10.0673
spk_ver/v03/v0310	SES125	1.92888	-5.55257	-7.48144
spk_ver/v03/v0311	SES062	-0.0584574	-9.81537	-9.75691
spk_ver/v03/v0312	SES062	-1.07385	-9.8031	-8.72925
spk_ver/v03/v0313	SES062	0.334886	-8.83083	-9.16571
spk_ver/v03/v0314	SES068	-0.720909	-9.76538	-9.04447
spk_ver/v03/v0315	SES068	-1.82728	-9.87095	-8.04367
spk_ver/v03/v0316	SES068	-0.368866	-9.32966	-8.9608
spk_ver/v03/v0317	SES068	0.292946	-8.71749	-9.01044
spk_ver/v03/v0318	SES068	-0.569829	-9.45138	-8.88155
spk_ver/v03/v0319	SES068	-2.03199	-12.2921	-10.2601
spk_ver/v03/v0320	SES068	0.56777	-7.31134	-7.87911
spk_ver/v03/v0321	SES068	0.705995	-8.5987	-9.30469
spk_ver/v03/v0322	SES068	-0.154955	-8.34705	-8.19209
spk_ver/v03/v0323	SES068	-1.21341	-11.7702	-10.5567
spk_ver/v03/v0324	SES144	1.85454	-7.20123	-9.05578
spk_ver/v03/v0325	SES068	0.819173	-6.93293	-7.7521
spk_ver/v03/v0326	SES068	-0.0386982	-7.615	-7.5763
spk_ver/v03/v0327	SES068	0.232412	-7.94694	-8.17935
spk_ver/v03/v0328	SES068	-0.974718	-10.21	-9.23529
spk_ver/v03/v0329	SES068	-0.111712	-8.15089	-8.03918
spk_ver/v03/v0330	SES180	1.06291	-8.15401	-9.21692
spk_ver/v03/v0331	SES068	0.113949	-9.37886	-9.49281
spk_ver/v03/v0332	SES275	1.60291	-7.33007	-8.93299
spk_ver/v03/v0333	SES062	2.44806	-6.67257	-9.12063
spk_ver/v03/v0334	SES270	1.26693	-7.53536	-8.80229
spk_ver/v03/v0335	SES068	-2.56699	-11.4228	-8.85578
spk_ver/v03/v0336	SES068	0.289454	-7.86725	-8.15671
spk_ver/v03/v0337	SES068	-0.582461	-9.93916	-9.3567
spk_ver/v03/v0338	SES068	-0.252378	-9.14171	-8.88933
spk_ver/v03/v0339	SES068	0.113423	-8.69804	-8.81146
spk_ver/v03/v0340	SES068	-0.297297	-9.17986	-8.88256
spk_ver/v03/v0341	SES016	2.27593	-6.49893	-8.77486
spk_ver/v03/v0342	SES068	-1.03476	-10.5181	-9.48336
spk_ver/v03/v0343	SES068	-0.415016	-8.6525	-8.23748
spk_ver/v03/v0344	SES125	1.59744	-6.88517	-8.48262
spk_ver/v03/v0345	SES187	1.54224	-7.74533	-9.28757
spk_ver/v03/v0346	SES068	-0.953731	-10.2464	-9.29267
spk_ver/v03/v0347	SES143	2.20148	-6.57449	-8.77597
spk_ver/v03/v0348	SES292	1.77782	-7.44402	-9.22184
spk_ver/v03/v0349	SES082	0.124425	-8.54925	-8.67368
spk_ver/v03/v0350	SES101	2.02566	-7.08572	-9.11138
spk_ver/v03/v0351	SES082	0.954301	-7.9045	-8.8588
spk_ver/v03/v0352	SES082	1.53246	-11.9142	-13.4466
spk_ver/v03/v0353	SES082	0.151093	-10.4973	-10.6484
spk_ver/v03/v0354	SES082	-0.425953	-8.85387	-8.42791
spk_ver/v03/v0355	SES083	1.85937	-6.79017	-8.64954
spk_ver/v03/v0356	SES082	-0.102746	-9.42287	-9.32012
spk_ver/v03/v0357	SES082	-1.41813	-10.5561	-9.13796
spk_ver/v03/v0358	SES082	0.683435	-8.19209	-8.87553
spk_ver/v03/v0359	SES117	1.70027	-8.12866	-9.82893
spk_ver/v03/v0360	SES082	-1.02946	-9.48395	-8.45449
spk_ver/v03/v0361	SES082	0.352104	-9.91766	-10.2698
spk_ver/v03/v0362	SES007	1.82489	-7.0512	-8.87609
spk_ver/v03/v0363	SES082	-0.117331	-8.84721	-8.72987
spk_ver/v03/v0364	SES019	3.22105	-6.31514	-9.53619
spk_ver/v03/v0365	SES082	0.0876846	-9.83941	-9.92709
spk_ver/v03/v0366	SES226	2.34347	-7.50443	-9.8479
spk_ver/v03/v0367	SES167	2.08989	-6.28292	-8.37282
spk_ver/v03/v0368	SES082	0.817676	-7.04677	-7.86445
spk_ver/v03/v0369	SES042	3.63453	-8.38834	-12.0229
spk_ver/v03/v0370	SES042	2.69997	-6.85931	-9.55928
spk_ver/v03/v0371	SES082	0.175353	-9.44081	-9.61616
spk_ver/v03/v0372	SES082	-0.467256	-8.99602	-8.52876
spk_ver/v03/v0373	SES082	-1.40374	-11.8532	-10.4494
spk_ver/v03/v0374	SES083	0.819197	-7.77425	-8.59344
spk_ver/v03/v0375	SES292	1.56846	-7.67039	-9.23885
spk_ver/v03/v0376	SES083	-1.26113	-9.9828	-8.72167
spk_ver/v03/v0377	SES083	-0.943851	-10.9203	-9.97641
spk_ver/v03/v0378	SES083	0.259812	-9.43133	-9.69114
spk_ver/v03/v0379	SES083	0.84174	-7.67008	-8.51182
spk_ver/v03/v0380	SES083	-0.0181122	-8.82975	-8.81164
spk_ver/v03/v0381	SES083	-3.06802	-12.4385	-9.37043
spk_ver/v03/v0382	SES148	1.25584	-7.97833	-9.23417
spk_ver/v03/v0383	SES083	-0.0258536	-7.59291	-7.56706
spk_ver/v03/v0384	SES226	1.77168	-8.13197	-9.90365
spk_ver/v03/v0385	SES226	1.88674	-7.04372	-8.93047
spk_ver/v03/v0386	SES087	2.04309	-7.63879	-9.68188
spk_ver/v03/v0387	SES029	1.77815	-6.91734	-8.69549
spk_ver/v03/v0388	SES147	1.4988	-7.09464	-8.59344
spk_ver/v03/v0389	SES083	-1.75889	-11.7819	-10.023
spk_ver/v03/v0390	SES189	2.71249	-6.20218	-8.91467
spk_ver/v03/v0391	SES083	-0.0382633	-9.07942	-9.04116
spk_ver/v03/v0392	SES083	1.04163	-6.89949	-7.94111
spk_ver/v03/v0393	SES083	-1.57724	-10.3315	-8.75426
spk_ver/v03/v0394	SES083	-0.44199	-8.87194	-8.42995
spk_ver/v03/v0395	SES083	-0.191141	-9.0918	-8.90066
spk_ver/v03/v0396	SES014	2.54811	-6.24446	-8.79257
spk_ver/v03/v0397	SES085	1.4675	-7.10362	-8.57112
spk_ver/v03/v0398	SES085	-0.357032	-8.18836	-7.83133
spk_ver/v03/v0399	SES085	-1.0036	-9.78024	-8.77663
spk_ver/v04/v0400	SES106	1.73471	-6.40406	-8.13876
spk_ver/v04/v0401	SES085	-2.68743	-12.2519	-9.5645
spk_ver/v04/v0402	SES085	-6.73806	-19.5254	-12.7873
spk_ver/v04/v0403	SES085	0.583362	-7.40245	-7.98581
spk_ver/v04/v0404	SES180	1.51493	-6.55971	-8.07464
spk_ver/v04/v0405	SES129	2.22588	-6.55038	-8.77626
spk_ver/v04/v0406	SES085	-4.52277	-14.0522	-9.52942
spk_ver/v04/v0407	SES146	0.877441	-8.37084	-9.24828
spk_ver/v04/v0408	SES085	0.0789337	-8.03921	-8.11814
spk_ver/v04/v0409	SES085	-0.867726	-9.56305	-8.69533
spk_ver/v04/v0410	SES085	-1.08297	-11.5529	-10.47
spk_ver/v04/v0411	SES292	1.65169	-8.23046	-9.88215
spk_ver/v04/v0412	SES085	-0.00867844	-8.43202	-8.42334
spk_ver/v04/v0413	SES125	1.73491	-7.06139	-8.7963
spk_ver/v04/v0414	SES085	-0.30776	-10.3919	-10.0842
spk_ver/v04/v0415	SES085	-0.837763	-9.86454	-9.02678
spk_ver/v04/v0416	SES085	0.0447149	-9.30931	-9.35403
spk_ver/v04/v0417	SES062	1.92212	-6.39219	-8.31432
spk_ver/v04/v0418	SES060	2.40846	-6.62875	-9.03722
spk_ver/v04/v0419	SES085	0.479464	-9.02991	-9.50938
spk_ver/v04/v0420	SES085	-3.55529	-12.706	-9.15066
spk_ver/v04/v0421	SES085	-1.86557	-11.5858	-9.72026
spk_ver/v04/v0422	SES085	-0.319681	-9.38674	-9.06706
spk_ver/v04/v0423	SES085	-2.64492	-11.665	-9.02009
spk_ver/v04/v0424	SES085	-2.6207	-11.414	-8.79335
spk_ver/v04/v0425	SES183	1.67554	-7.38043	-9.05597
spk_ver/v04/v0426	SES085	-2.71754	-12.1863	-9.46878
spk_ver/v04/v0427	SES087	-1.81285	-12.2251	-10.4123
spk_ver/v04/v0428	SES162	1.48534	-7.00046	-8.4858
spk_ver/v04/v0429	SES087	-0.0533123	-8.96175	-8.90844
spk_ver/v04/v0430	SES087	-3.87292	-13.1401	-9.26719
spk_ver/v04/v0431	SES087	-2.6709	-11.0806	-8.40971
spk_ver/v04/v0432	SES087	-0.838353	-9.41185	-8.5735
spk_ver/v04/v0433	SES087	-1.48342	-10.7994	-9.31596
spk_ver/v04/v0434	SES142	2.31766	-6.40834	-8.72599
spk_ver/v04/v0435	SES087	-0.772934	-10.0218	-9.24889
spk_ver/v04/v0436	SES099	1.66223	-7.58839	-9.25062
spk_ver/v04/v0437	SES087	0.370359	-7.50245	-7.87281
spk_ver/v04/v0438	SES087	-2.5647	-10.6842	-8.11952
spk_ver/v04/v0439	SES087	-0.11947	-9.17978	-9.06031
spk_ver/v04/v0440	SES087	0.562039	-7.81578	-8.37782
spk_ver/v04/v0441	SES087	-2.71895	-10.7128	-7.99381
spk_ver/v04/v0442	SES187	1.65026	-8.03036	-9.68062
spk_ver/v04/v0443	SES172	2.1223	-7.58579	-9.70809
spk_ver/v04/v0444	SES087	-1.00445	-8.08676	-7.08231
spk_ver/v04/v0445	SES087	-0.509129	-10.0019	-9.49276
spk_ver/v04/v0446	SES087	-0.010932	-8.24101	-8.23008
spk_ver/v04/v0447	SES087	-0.936099	-9.76505	-8.82895
spk_ver/v04/v0448	SES106	2.12121	-7.5729	-9.69411
spk_ver/v04/v0449	SES146	1.62638	-7.69735	-9.32373
spk_ver/v04/v0450	SES087	-2.41685	-11.7377	-9.32088
spk_ver/v04/v0451	SES087	-0.0340004	-10.0056	-9.97159
spk_ver/v04/v0452	SES007	1.90901	-8.29696	-10.206
spk_ver/v04/v0453	SES087	-2.07714	-11.569	-9.49188
spk_ver/v04/v0454	SES087	-3.90281	-12.6667	-8.76388
spk_ver/v04/v0455	SES180	1.40804	-6.9488	-8.35685
spk_ver/v04/v0456	SES099	-2.7449	-11.3346	-8.58968
spk_ver/v04/v0457	SES042	2.50507	-6.86864	-9.37371
spk_ver/v04/v0458	SES099	0.811719	-8.60611	-9.41783
spk_ver/v04/v0459	SES099	-2.0128	-11.617	-9.60422
spk_ver/v04/v0460	SES099	-2.80768	-12.3734	-9.56577
spk_ver/v04/v0461	SES099	-0.859304	-9.82294	-8.96364
spk_ver/v04/v0462	SES082	2.09964	-6.66115	-8.76079
spk_ver/v04/v0463	SES099	0.435697	-8.82695	-9.26265
spk_ver/v04/v0464	SES099	1.08743	-7.48957	-8.577
spk_ver/v04/v0465	SES099	-3.50019	-11.6878	-8.1876
spk_ver/v04/v0466	SES099	0.771156	-9.24049	-10.0116
spk_ver/v04/v0467	SES099	1.38016	-7.43061	-8.81078
spk_ver/v04/v0468	SES129	1.90746	-7.03224	-8.93971
spk_ver/v04/v0469	SES101	0.917832	-7.50392	-8.42175
spk_ver/v04/v0470	SES099	-3.35844	-12.9676	-9.60917
spk_ver/v04/v0471	SES172	2.16625	-6.9121	-9.07835
spk_ver/v04/v0472	SES099	1.55376	-8.56214	-10.1159
spk_ver/v04/v0473	SES270	3.04701	-5.46084	-8.50785
spk_ver/v04/v0474	SES099	-2.97741	-12.1143	-9.13691
spk_ver/v04/v0475	SES099	0.047348	-8.64589	-8.69324
spk_ver/v04/v0476	SES099	-2.04605	-12.1655	-10.1195
spk_ver/v04/v0477	SES002	2.14046	-7.27688	-9.41734
spk_ver/v04/v0478	SES099	0.279562	-8.8106	-9.09017
spk_ver/v04/v0479	SES007	1.44411	-7.10045	-8.54456
spk_ver/v04/v0480	SES101	-1.43501	-9.85203	-8.41702
spk_ver/v04/v0481	SES101	-0.381997	-9.88685	-9.50485
spk_ver/v04/v0482	SES175	1.78172	-7.38701	-9.16873
spk_ver/v04/v0483	SES101	-0.399484	-8.5805	-8.18102
spk_ver/v04/v0484	SES101	-3.1587	-11.9689	-8.81021
spk_ver/v04/v0485	SES101	-0.742961	-10.0725	-9.32954
spk_ver/v04/v0486	SES101	1.17588	-8.81591	-9.99179
spk_ver/v04/v0487	SES101	0.279426	-8.42389	-8.70331
spk_ver/v04/v0488	SES101	-1.68514	-11.6187	-9.93358
spk_ver/v04/v0489	SES147	1.57932	-7.31609	-8.8954
spk_ver/v04/v0490	SES085	0.166445	-9.27811	-9.44456
spk_ver/v04/v0491	SES101	-0.191641	-10.338	-10.1464
spk_ver/v04/v0492	SES101	-5.31634	-16.6486	-11.3323
spk_ver/v04/v0493	SES101	-1.12138	-10.8845	-9.76314
spk_ver/v04/v0494	SES101	0.0913181	-9.27475	-9.36607
spk_ver/v04/v0495	SES101	0.225866	-7.21521	-7.44108
spk_ver/v04/v0496	SES101	0.607496	-7.67214	-8.27964
spk_ver/v04/v0497	SES014	2.67031	-6.42688	-9.0972
spk_ver/v04/v0498	SES101	0.268555	-10.136	-10.4045
spk_ver/v04/v0499	SES101	-0.602386	-9.19505	-8.59267
spk_ver/v05/v0500	SES085	1.8084	-6.63455	-8.44294
spk_ver/v05/v0501	SES101	-3.2628	-14.0174	-10.7546
spk_ver/v05/v0502	SES275	1.2912	-7.35874	-8.64994
spk_ver/v05/v0503	SES117	2.29792	-7.21469	-9.51262
spk_ver/v05/v0504	SES101	-2.09416	-11.4091	-9.31492
spk_ver/v05/v0505	SES101	-1.59696	-11.9078	-10.3109
spk_ver/v05/v0506	SES101	0.307455	-8.04491	-8.35237
spk_ver/v05/v0507	SES048	1.98497	-6.84365	-8.82862
spk_ver/v05/v0508	SES117	1.93466	-8.14329	-10.078
spk_ver/v05/v0509	SES202	1.51014	-8.09745	-9.60759
spk_ver/v05/v0510	SES104	-0.873056	-11.6896	-10.8166
spk_ver/v05/v0511	SES008	1.58661	-7.30461	-8.89122
spk_ver/v05/v0512	SES104	0.646786	-8.93724	-9.58402
spk_ver/v05/v0513	SES104	0.618505	-8.04818	-8.66668
spk_ver/v05/v0514	SES104	-0.896004	-8.86091	-7.96491
spk_ver/v05/v0515	SES104	-1.49807	-10.7868	-9.28872
spk_ver/v05/v0516	SES104	-1.80591	-11.4128	-9.60692
spk_ver/v05/v0517	SES060	2.50294	-6.09391	-8.59685
spk_ver/v05/v0518	SES104	-0.625814	-9.06534	-8.43952
spk_ver/v05/v0519	SES104	-1.39909	-10.6402	-9.24111
spk_ver/v05/v0520	SES104	0.260214	-8.38534	-8.64556
spk_ver/v05/v0521	SES008	1.3585	-6.17277	-7.53127
spk_ver/v05/v0522	SES068	2.35841	-6.35424	-8.71266
spk_ver/v05/v0523	SES087	1.94191	-6.69138	-8.63329
spk_ver/v05/v0524	SES104	-0.458141	-9.71874	-9.2606
spk_ver/v05/v0525	SES104	0.319701	-9.33275	-9.65245
spk_ver/v05/v0526	SES104	1.11532	-6.63054	-7.74586
spk_ver/v05/v0527	SES083	1.4092	-7.29319	-8.7024
spk_ver/v05/v0528	SES148	2.00787	-6.21939	-8.22726
spk_ver/v05/v0529	SES104	1.36697	-9.81198	-11.1789
spk_ver/v05/v0530	SES104	-2.40456	-11.4357	-9.03116
spk_ver/v05/v0531	SES125	1.96164	-7.1374	-9.09904
spk_ver/v05/v0532	SES104	-1.44443	-10.4471	-9.00266
spk_ver/v05/v0533	SES149	2.08116	-6.32243	-8.40358
spk_ver/v05/v0534	SES104	-0.652666	-9.83883	-9.18616
spk_ver/v05/v0535	SES187	1.36875	-9.36338	-10.7321
spk_ver/v05/v0536	SES104	-0.901973	-9.95801	-9.05603
spk_ver/v05/v0537	SES104	0.125789	-8.59182	-8.71761
spk_ver/v05/v0538	SES167	1.33837	-7.07586	-8.41422
spk_ver/v05/v0539	SES104	0.696774	-9.09361	-9.79038
spk_ver/v05/v0540	SES104	-1.59639	-9.68946	-8.09307
spk_ver/v05/v0541	SES183	2.6775	-8.41064	-11.0881
spk_ver/v05/v0542	SES104	1.19713	-10.385	-11.5821
spk_ver/v05/v0543	SES104	-1.59051	-11.1641	-9.57363
spk_ver/v05/v0544	SES105	-1.39165	-10.0022	-8.61058
spk_ver/v05/v0545	SES105	-0.4077	-11.4175	-11.0098
spk_ver/v05/v0546	SES105	-1.03373	-10.4256	-9.39187
spk_ver/v05/v0547	SES105	-1.58928	-11.0487	-9.45947
spk_ver/v05/v0548	SES019	3.72901	-6.04931	-9.77832
spk_ver/v05/v0549	SES105	-0.784447	-10.0411	-9.25661
spk_ver/v05/v0550	SES105	-4.0895	-14.6652	-10.5757
spk_ver/v05/v0551	SES202	1.92468	-7.11298	-9.03766
spk_ver/v05/v0552	SES105	-0.834993	-11.0179	-10.1829
spk_ver/v05/v0553	SES105	0.321129	-8.86241	-9.18353
spk_ver/v05/v0554	SES105	-0.368831	-8.02038	-7.65155
spk_ver/v05/v0555	SES105	-1.96771	-10.3858	-8.41805
spk_ver/v05/v0556	SES082	1.36349	-7.58197	-8.94546
spk_ver/v05/v0557	SES105	-1.05751	-10.6927	-9.63518
spk_ver/v05/v0558	SES014	2.55165	-6.50772	-9.05937
spk_ver/v05/v0559	SES105	0.0634146	-8.55823	-8.62164
spk_ver/v05/v0560	SES177	1.27784	-7.07468	-8.35252
spk_ver/v05/v0561	SES189	1.84176	-8.76818	-10.6099
spk_ver/v05/v0562	SES105	-0.63921	-10.0969	-9.45771
spk_ver/v05/v0563	SES099	1.65338	-8.69759	-10.351
spk_ver/v05/v0564	SES105	-0.0969572	-8.47449	-8.37754
spk_ver/v05/v0565	SES105	-2.49216	-11.7684	-9.27628
spk_ver/v05/v0566	SES105	-5.30142	-15.1373	-9.8359
spk_ver/v05/v0567	SES142	1.47037	-7.21891	-8.68927
spk_ver/v05/v0568	SES048	0.452443	-7.70387	-8.15631
spk_ver/v05/v0569	SES105	-1.92756	-13.4094	-11.4819
spk_ver/v05/v0570	SES105	0.984758	-8.22687	-9.21163
spk_ver/v05/v0571	SES105	-0.358768	-9.83188	-9.47311
spk_ver/v05/v0572	SES105	-2.35707	-12.5876	-10.2306
spk_ver/v05/v0573	SES105	-4.34426	-14.6967	-10.3524
spk_ver/v05/v0574	SES105	0.634392	-7.64311	-8.2775
spk_ver/v05/v0575	SES105	1.01113	-9.93353	-10.9447
spk_ver/v05/v0576	SES106	-1.90028	-11.6348	-9.73451
spk_ver/v05/v0577	SES106	-2.46676	-11.7385	-9.27173
spk_ver/v05/v0578	SES106	-2.37859	-11.9324	-9.55382
spk_ver/v05/v0579	SES106	-0.867806	-9.49581	-8.628
spk_ver/v05/v0580	SES106	0.966609	-7.6678	-8.63441
spk_ver/v05/v0581	SES106	-0.521726	-9.55749	-9.03576
spk_ver/v05/v0582	SES106	-0.0277987	-9.47793	-9.45013
spk_ver/v05/v0583	SES106	1.00654	-8.10245	-9.109
spk_ver/v05/v0584	SES106	-3.33418	-12.1018	-8.76765
spk_ver/v05/v0585	SES106	1.42341	-8.58206	-10.0055
spk_ver/v05/v0586	SES106	0.205396	-8.85629	-9.06169
spk_ver/v05/v0587	SES106	-2.34976	-11.5833	-9.23353
spk_ver/v05/v0588	SES106	-1.85809	-9.97841	-8.12032
spk_ver/v05/v0589	SES106	-2.10131	-10.3539	-8.25263
spk_ver/v05/v0590	SES082	0.932306	-7.9009	-8.83321
spk_ver/v05/v0591	SES180	1.20691	-7.8451	-9.05201
spk_ver/v05/v0592	SES106	-0.914799	-10.5082	-9.59342
spk_ver/v05/v0593	SES106	-1.28872	-10.4329	-9.14413
spk_ver/v05/v0594	SES292	1.50834	-7.66077	-9.16911
spk_ver/v05/v0595	SES106	0.486086	-10.8093	-11.2953
spk_ver/v05/v0596	SES106	-1.00704	-9.31873	-8.31169
spk_ver/v05/v0597	SES106	-0.470641	-9.25165	-8.78101
spk_ver/v05/v0598	SES042	2.61078	-7.25666	-9.86744
spk_ver/v05/v0599	SES106	-0.811153	-9.84032	-9.02917
spk_ver/v06/v0600	SES106	1.38247	-8.62051	-10.003
spk_ver/v06/v0601	SES106	1.10835	-7.81314	-8.9215
spk_ver/v06/v0602	SES106	0.0246878	-8.25764	-8.28233
spk_ver/v06/v0603	SES106	0.215652	-8.53636	-8.75201
spk_ver/v06/v0604	SES106	-1.54084	-9.04983	-7.50899
spk_ver/v06/v0605	SES106	-1.10724	-10.1427	-9.03548
spk_ver/v06/v0606	SES048	2.76358	-5.30335	-8.06693
spk_ver/v06/v0607	SES167	2.43254	-5.16415	-7.59668
spk_ver/v06/v0608	SES106	-0.927686	-9.85717	-8.92949
spk_ver/v06/v0609	SES143	2.191	-7.35626	-9.54726
spk_ver/v06/v0610	SES106	-0.517385	-9.48249	-8.96511
spk_ver/v06/v0611	SES106	-0.0241523	-7.31176	-7.28761
spk_ver/v06/v0612	SES106	0.107643	-8.97738	-9.08503
spk_ver/v06/v0613	SES117	0.602591	-8.38316	-8.98575
spk_ver/v06/v0614	SES117	-0.768789	-9.46616	-8.69737
spk_ver/v06/v0615	SES117	-0.321812	-9.41396	-9.09215
spk_ver/v06/v0616	SES106	1.9218	-6.11475	-8.03655
spk_ver/v06/v0617	SES142	1.51263	-6.87089	-8.38352
spk_ver/v06/v0618	SES048	2.11833	-5.78469	-7.90302
spk_ver/v06/v0619	SES175	1.66144	-8.54082	-10.2023
spk_ver/v06/v0620	SES180	1.56213	-6.17522	-7.73735
spk_ver/v06/v0621	SES117	0.52546	-8.62493	-9.15039
spk_ver/v06/v0622	SES029	1.63207	-7.65029	-9.28236
spk_ver/v06/v0623	SES117	-0.103173	-8.75465	-8.65148
spk_ver/v06/v0624	SES117	-0.91718	-9.92046	-9.00328
spk_ver/v06/v0625	SES117	0.108573	-8.60835	-8.71692
spk_ver/v06/v0626	SES106	1.70497	-6.33372	-8.03869
spk_ver/v06/v0627	SES226	3.02908	-5.95472	-8.9838
spk_ver/v06/v0628	SES117	0.80003	-8.41645	-9.21648
spk_ver/v06/v0629	SES117	-1.8979	-9.77266	-7.87476
spk_ver/v06/v0630	SES117	-0.996481	-8.86561	-7.86912
spk_ver/v06/v0631	SES117	-2.88521	-13.791	-10.9058
spk_ver/v06/v0632	SES117	0.772399	-8.01606	-8.78846
spk_ver/v06/v0633	SES099	1.77475	-8.29277	-10.0675
spk_ver/v06/v0634	SES105	3.04428	-6.49555	-9.53983
spk_ver/v06/v0635	SES167	1.31209	-7.7085	-9.02058
spk_ver/v06/v0636	SES117	-0.0931273	-8.22868	-8.13555
spk_ver/v06/v0637	SES202	1.96403	-7.22435	-9.18838
spk_ver/v06/v0638	SES117	-0.355473	-8.66314	-8.30766
spk_ver/v06/v0639	SES167	1.00844	-7.73658	-8.74503
spk_ver/v06/v0640	SES117	1.25664	-8.4753	-9.73194
spk_ver/v06/v0641	SES117	-0.354165	-9.03908	-8.68492
spk_ver/v06/v0642	SES101	2.2494	-6.08193	-8.33133
spk_ver/v06/v0643	SES068	1.46796	-6.81928	-8.28724
spk_ver/v06/v0644	SES120	-1.74083	-11.3034	-9.56253
spk_ver/v06/v0645	SES120	1.0983	-11.1763	-12.2746
spk_ver/v06/v0646	SES172	1.84274	-8.37392	-10.2167
spk_ver/v06/v0647	SES120	-0.480993	-8.84088	-8.35989
spk_ver/v06/v0648	SES120	0.864373	-7.36341	-8.22779
spk_ver/v06/v0649	SES120	0.373339	-9.05729	-9.43063
spk_ver/v06/v0650	SES087	1.95913	-7.87477	-9.83389
spk_ver/v06/v0651	SES120	1.41021	-9.1252	-10.5354
spk_ver/v06/v0652	SES104	1.52274	-7.75891	-9.28165
spk_ver/v06/v0653	SES129	1.53185	-7.4475	-8.97935
spk_ver/v06/v0654	SES120	-0.96776	-9.73895	-8.77118
spk_ver/v06/v0655	SES120	-0.6399	-10.3858	-9.74592
spk_ver/v06/v0656	SES120	0.000814438	-8.94176	-8.94257
spk_ver/v06/v0657	SES147	0.915442	-7.64843	-8.56387
spk_ver/v06/v0658	SES120	0.964085	-9.62209	-10.5862
spk_ver/v06/v0659	SES120	0.655137	-7.96953	-8.62467
spk_ver/v06/v0660	SES120	0.772277	-7.73324	-8.50552
spk_ver/v06/v0661	SES120	-1.08941	-10.772	-9.68261
spk_ver/v06/v0662	SES120	-0.96518	-10.2005	-9.23535
spk_ver/v06/v0663	SES120	-0.397393	-9.44189	-9.0445
spk_ver/v06/v0664	SES147	1.91346	-7.41038	-9.32384
spk_ver/v06/v0665	SES162	1.61337	-7.41403	-9.02739
spk_ver/v06/v0666	SES120	-0.0483484	-7.84376	-7.79541
spk_ver/v06/v0667	SES120	1.37765	-8.76116	-10.1388
spk_ver/v06/v0668	SES120	2.88645	-7.46713	-10.3536
spk_ver/v06/v0669	SES142	1.92036	-6.81316	-8.73352
spk_ver/v06/v0670	SES106	1.97987	-6.95508	-8.93495
spk_ver/v06/v0671	SES183	2.89912	-6.7542	-9.65333
spk_ver/v06/v0672	SES120	1.52197	-8.38844	-9.91041
spk_ver/v06/v0673	SES029	0.53946	-9.49332	-10.0328
spk_ver/v06/v0674	SES120	-0.633508	-8.92543	-8.29192
spk_ver/v06/v0675	SES008	2.28501	-7.14974	-9.43475
spk_ver/v06/v0676	SES125	-1.538	-11.3251	-9.78707
spk_ver/v06/v0677	SES143	2.05962	-6.94112	-9.00073
spk_ver/v06/v0678	SES125	0.52881	-9.85325	-10.3821
spk_ver/v06/v0679	SES162	1.82717	-7.21744	-9.04461
spk_ver/v06/v0680	SES125	0.721973	-8.52114	-9.24312
spk_ver/v06/v0681	SES125	-0.278747	-10.6425	-10.3638
spk_ver/v06/v0682	SES125	-1.18611	-9.41983	-8.23372
spk_ver/v06/v0683	SES226	2.2459	-6.72379	-8.96969
spk_ver/v06/v0684	SES125	-0.247808	-8.77569	-8.52789
spk_ver/v06/v0685	SES125	-0.591152	-9.50501	-8.91386
spk_ver/v06/v0686	SES120	1.91149	-6.51783	-8.42932
spk_ver/v06/v0687	SES125	-1.30367	-12.8753	-11.5716
spk_ver/v06/v0688	SES158	2.22701	-7.07821	-9.30521
spk_ver/v06/v0689	SES125	-1.18767	-10.6373	-9.44964
spk_ver/v06/v0690	SES105	2.93961	-7.28775	-10.2274
spk_ver/v06/v0691	SES125	1.27009	-8.56726	-9.83735
spk_ver/v06/v0692	SES125	0.339575	-8.25115	-8.59073
spk_ver/v06/v0693	SES180	1.5916	-6.38469	-7.97629
spk_ver/v06/v0694	SES125	-2.38665	-11.7375	-9.35087
spk_ver/v06/v0695	SES125	-0.0165253	-9.81479	-9.79826
spk_ver/v06/v0696	SES125	-0.774169	-9.65523	-8.88106
spk_ver/v06/v0697	SES125	-1.02227	-10.7328	-9.71049
spk_ver/v06/v0698	SES083	1.68878	-6.92196	-8.61074
spk_ver/v06/v0699	SES125	-0.0339212	-8.59247	-8.55855
spk_ver/v07/v0700	SES014	0.688952	-9.4362	-10.1251
spk_ver/v07/v0701	SES125	-0.261704	-8.61725	-8.35555
spk_ver/v07/v0702	SES127	0.57421	-7.85202	-8.42623
spk_ver/v07/v0703	SES127	0.436028	-8.56362	-8.99965
spk_ver/v07/v0704	SES206	2.38601	-6.78716	-9.17316
spk_ver/v07/v0705	SES127	0.0330973	-8.38054	-8.41364
spk_ver/v07/v0706	SES127	0.839723	-8.08227	-8.92199
spk_ver/v07/v0707	SES127	-1.22398	-9.68713	-8.46315
spk_ver/v07/v0708	SES275	1.40631	-7.13945	-8.54576
spk_ver/v07/v0709	SES127	-1.18946	-9.77677	-8.58731
spk_ver/v07/v0710	SES105	2.03569	-8.14302	-10.1787
spk_ver/v07/v0711	SES127	-0.468871	-9.27072	-8.80185
spk_ver/v07/v0712	SES127	0.0303411	-9.44677	-9.47711
spk_ver/v07/v0713	SES127	-0.691863	-9.68885	-8.99699
spk_ver/v07/v0714	SES019	4.30569	-6.51166	-10.8173
spk_ver/v07/v0715	SES127	-2.01272	-11.321	-9.30832
spk_ver/v07/v0716	SES148	0.806732	-7.76859	-8.57532
spk_ver/v07/v0717	SES162	1.81943	-6.80948	-8.6289
spk_ver/v07/v0718	SES189	1.27641	-8.19594	-9.47235
spk_ver/v07/v0719	SES149	1.58844	-5.77588	-7.36433
spk_ver/v07/v0720	SES175	2.23798	-7.5706	-9.80858
spk_ver/v07/v0721	SES127	-1.446	-10.351	-8.90498
spk_ver/v07/v0722	SES127	0.129691	-9.28193	-9.41162
spk_ver/v07/v0723	SES127	-1.77625	-11.3492	-9.573
spk_ver/v07/v0724	SES127	0.70399	-7.87974	-8.58373
spk_ver/v07/v0725	SES127	-1.10194	-10.2866	-9.18465
spk_ver/v07/v0726	SES259	3.08925	-5.9816	-9.07085
spk_ver/v07/v0727	SES127	-1.896	-12.2319	-10.3359
spk_ver/v07/v0728	SES127	1.32989	-6.61662	-7.94651
spk_ver/v07/v0729	SES127	-1.28024	-10.1647	-8.88447
spk_ver/v07/v0730	SES127	0.384448	-8.48382	-8.86827
spk_ver/v07/v0731	SES129	-0.276478	-8.82119	-8.54471
spk_ver/v07/v0732	SES129	0.271054	-8.53687	-8.80792
spk_ver/v07/v0733	SES129	0.214478	-8.62099	-8.83547
spk_ver/v07/v0734	SES129	-0.423867	-11.0929	-10.669
spk_ver/v07/v0735	SES183	1.87383	-7.16453	-9.03836
spk_ver/v07/v0736	SES129	-0.711226	-9.54744	-8.83622
spk_ver/v07/v0737	SES129	-0.246578	-9.85822	-9.61164
spk_ver/v07/v0738	SES129	-2.35433	-11.7863	-9.43196
spk_ver/v07/v0739	SES129	-0.771707	-9.41509	-8.64338
spk_ver/v07/v0740	SES167	0.0719495	-7.50129	-7.57323
spk_ver/v07/v0741	SES129	-0.252637	-9.56602	-9.31338
spk_ver/v07/v0742	SES129	-0.636027	-9.0345	-8.39848
spk_ver/v07/v0743	SES129	-0.371679	-9.24301	-8.87133
spk_ver/v07/v0744	SES129	-1.47004	-12.1822	-10.7121
spk_ver/v07/v0745	SES180	2.11529	-6.48378	-8.59907
spk_ver/v07/v0746	SES129	0.212845	-8.48825	-8.7011
spk_ver/v07/v0747	SES292	1.53255	-7.59486	-9.12741
spk_ver/v07/v0748	SES202	1.68123	-7.28168	-8.96292
spk_ver/v07/v0749	SES270	1.0961	-8.30085	-9.39695
spk_ver/v07/v0750	SES129	-0.358528	-8.26418	-7.90565
spk_ver/v07/v0751	SES129	-0.823378	-9.06625	-8.24287
spk_ver/v07/v0752	SES060	2.35211	-6.52131	-8.87342
spk_ver/v07/v0753	SES129	0.0625734	-8.41126	-8.47384
spk_ver/v07/v0754	SES129	-1.50983	-11.1126	-9.6028
spk_ver/v07/v0755	SES129	-1.3312	-10.1487	-8.81752
spk_ver/v07/v0756	SES175	1.7646	-7.06343	-8.82804
spk_ver/v07/v0757	SES129	-2.07006	-11.3036	-9.23358
spk_ver/v07/v0758	SES129	-0.931394	-13.3821	-12.4507
spk_ver/v07/v0759	SES129	-1.86274	-11.0849	-9.22217
spk_ver/v07/v0760	SES129	-0.240755	-8.7642	-8.52344
spk_ver/v07/v0761	SES129	-0.613743	-8.90253	-8.28878
spk_ver/v07/v0762	SES172	2.0643	-7.75382	-9.81812
spk_ver/v07/v0763	SES129	-1.66379	-10.2966	-8.63286
spk_ver/v07/v0764	SES129	0.102431	-7.69994	-7.80238
spk_ver/v07/v0765	SES175	1.56657	-7.4157	-8.98227
spk_ver/v07/v0766	SES129	-0.781172	-9.49845	-8.71727
spk_ver/v07/v0767	SES129	0.289169	-8.81379	-9.10296
spk_ver/v07/v0768	SES042	2.49351	-6.05217	-8.54568
spk_ver/v07/v0769	SES099	1.7075	-8.24152	-9.94902
spk_ver/v07/v0770	SES142	0.464344	-10.2445	-10.7089
spk_ver/v07/v0771	SES142	0.814281	-8.09834	-8.91262
spk_ver/v07/v0772	SES101	2.40286	-5.97467	-8.37753
spk_ver/v07/v0773	SES142	-3.62133	-14.8484	-11.2271
spk_ver/v07/v0774	SES142	-0.749034	-11.0607	-10.3117
spk_ver/v07/v0775	SES142	0.411111	-8.80148	-9.21259
spk_ver/v07/v0776	SES142	0.180027	-8.08358	-8.26361
spk_ver/v07/v0777	SES142	-0.990367	-9.39634	-8.40597
spk_ver/v07/v0778	SES142	0.527122	-8.07827	-8.60539
spk_ver/v07/v0779	SES142	-2.11618	-12.1225	-10.0063
spk_ver/v07/v0780	SES142	-3.47834	-13.2638	-9.78548
spk_ver/v07/v0781	SES142	-3.04879	-12.2402	-9.19145
spk_ver/v07/v0782	SES101	1.70491	-7.21657	-8.92148
spk_ver/v07/v0783	SES142	-0.254405	-7.67405	-7.41965
spk_ver/v07/v0784	SES187	1.37308	-9.36678	-10.7399
spk_ver/v07/v0785	SES143	1.97122	-6.88021	-8.85143
spk_ver/v07/v0786	SES142	-0.0400667	-8.60361	-8.56355
spk_ver/v07/v0787	SES144	1.64996	-7.53139	-9.18135
spk_ver/v07/v0788	SES275	1.54545	-7.19662	-8.74207
spk_ver/v07/v0789	SES142	0.0861635	-8.92309	-9.00926
spk_ver/v07/v0790	SES099	1.94559	-7.27755	-9.22314
spk_ver/v07/v0791	SES142	-1.54772	-10.4959	-8.94822
spk_ver/v07/v0792	SES142	-1.43877	-10.4566	-9.01781
spk_ver/v07/v0793	SES142	-3.07052	-12.6152	-9.54472
spk_ver/v07/v0794	SES014	2.0832	-6.42347	-8.50666
spk_ver/v07/v0795	SES142	-3.54786	-13.1485	-9.60068
spk_ver/v07/v0796	SES142	-0.534227	-9.55032	-9.01609
spk_ver/v07/v0797	SES143	0.452409	-7.09693	-7.54934
spk_ver/v07/v0798	SES206	1.65436	-7.49841	-9.15277
spk_ver/v07/v0799	SES143	-1.36852	-10.4805	-9.11202
spk_ver/v08/v0800	SES143	-0.499426	-8.34792	-7.8485
spk_ver/v08/v0801	SES143	0.0845709	-8.17899	-8.26356
spk_ver/v08/v0802	SES143	-0.911126	-9.68482	-8.77369
spk_ver/v08/v0803	SES143	-0.309959	-9.56887	-9.25891
spk_ver/v08/v0804	SES143	-0.558126	-9.0275	-8.46937
spk_ver/v08/v0805	SES143	-0.474162	-9.4473	-8.97314
spk_ver/v08/v0806	SES143	-0.414202	-9.90419	-9.48999
spk_ver/v08/v0807	SES177	1.16835	-8.77133	-9.93968
spk_ver/v08/v0808	SES149	1.13575	-6.55425	-7.68999
spk_ver/v08/v0809	SES143	-1.40515	-11.1244	-9.71921
spk_ver/v08/v0810	SES158	3.03157	-7.38473	-10.4163
spk_ver/v08/v0811	SES143	-0.0369263	-9.30495	-9.26803
spk_ver/v08/v0812	SES062	1.5525	-7.21625	-8.76875
spk_ver/v08/v0813	SES259	2.72704	-6.69562	-9.42266
spk_ver/v08/v0814	SES143	-1.80831	-11.2115	-9.40321
spk_ver/v08/v0815	SES143	-0.60873	-8.6956	-8.08687
spk_ver/v08/v0816	SES143	0.231732	-8.50404	-8.73577
spk_ver/v08/v0817	SES144	2.09294	-8.02865	-10.1216
spk_ver/v08/v0818	SES143	0.258018	-8.72995	-8.98797
spk_ver/v08/v0819	SES143	0.112431	-8.36749	-8.47992
spk_ver/v08/v0820	SES143	0.434756	-7.39933	-7.83409
spk_ver/v08/v0821	SES143	0.539424	-7.82203	-8.36146
spk_ver/v08/v0822	SES143	-1.62781	-10.6557	-9.02785
spk_ver/v08/v0823	SES104	1.56545	-7.01251	-8.57796
spk_ver/v08/v0824	SES143	-0.825152	-11.6008	-10.7757
spk_ver/v08/v0825	SES143	-1.0405	-9.89954	-8.85904
spk_ver/v08/v0826	SES144	-1.39957	-10.9354	-9.53587
spk_ver/v08/v0827	SES144	0.0657654	-7.92147	-7.98724
spk_ver/v08/v0828	SES144	0.645969	-8.46694	-9.11291
spk_ver/v08/v0829	SES172	1.48381	-7.54735	-9.03116
spk_ver/v08/v0830	SES144	0.800396	-7.59755	-8.39794
spk_ver/v08/v0831	SES183	1.86739	-8.10639	-9.97378
spk_ver/v08/v0832	SES144	-2.18522	-11.3755	-9.19026
spk_ver/v08/v0833	SES144	-0.577532	-9.75441	-9.17688
spk_ver/v08/v0834	SES144	0.812263	-8.52501	-9.33727
spk_ver/v08/v0835	SES144	0.399224	-8.80246	-9.20168
spk_ver/v08/v0836	SES144	-0.467604	-8.96877	-8.50117
spk_ver/v08/v0837	SES144	0.0707588	-9.77313	-9.84389
spk_ver/v08/v0838	SES144	-1.05228	-12.1343	-11.082
spk_ver/v08/v0839	SES085	1.51622	-6.62903	-8.14525
spk_ver/v08/v0840	SES144	0.3544	-8.22113	-8.57553
spk_ver/v08/v0841	SES144	-2.27783	-13.2709	-10.9931
spk_ver/v08/v0842	SES144	-1.04591	-10.3742	-9.32831
spk_ver/v08/v0843	SES144	0.36421	-7.09632	-7.46053
spk_ver/v08/v0844	SES144	-0.272748	-9.54434	-9.27159
spk_ver/v08/v0845	SES144	-0.701475	-9.49172	-8.79025
spk_ver/v08/v0846	SES104	1.68718	-8.32352	-10.0107
spk_ver/v08/v0847	SES144	0.307206	-8.35625	-8.66346
spk_ver/v08/v0848	SES144	1.15327	-8.58156	-9.73484
spk_ver/v08/v0849	SES144	-1.79543	-11.2949	-9.49948
spk_ver/v08/v0850	SES144	-0.900393	-9.27907	-8.37868
spk_ver/v08/v0851	SES144	-0.817856	-9.77878	-8.96092
spk_ver/v08/v0852	SES144	0.415458	-7.52412	-7.93958
spk_ver/v08/v0853	SES144	-1.11498	-16.9886	-15.8736
spk_ver/v08/v0854	SES144	0.534985	-7.64233	-8.17731
spk_ver/v08/v0855	SES144	0.982602	-6.58042	-7.56303
spk_ver/v08/v0856	SES082	1.11998	-8.8515	-9.97148
spk_ver/v08/v0857	SES142	1.99153	-6.21434	-8.20588
spk_ver/v08/v0858	SES144	0.671787	-7.60191	-8.27369
spk_ver/v08/v0859	SES144	-0.143875	-10.09	-9.94615
spk_ver/v08/v0860	SES146	-1.25953	-11.1047	-9.84512
spk_ver/v08/v0861	SES146	-0.405182	-10.7865	-10.3813
spk_ver/v08/v0862	SES146	-2.51379	-13.6885	-11.1747
spk_ver/v08/v0863	SES146	1.80525	-6.95935	-8.7646
spk_ver/v08/v0864	SES146	-0.205837	-10.9663	-10.7604
spk_ver/v08/v0865	SES008	2.75824	-5.73127	-8.48951
spk_ver/v08/v0866	SES142	1.0273	-7.21906	-8.24636
spk_ver/v08/v0867	SES146	-3.10066	-12.0209	-8.92022
spk_ver/v08/v0868	SES082	2.29868	-6.36975	-8.66843
spk_ver/v08/v0869	SES146	-0.870781	-9.36976	-8.49898
spk_ver/v08/v0870	SES146	-4.32775	-14.2623	-9.93454
spk_ver/v08/v0871	SES146	-0.53087	-10.3828	-9.85189
spk_ver/v08/v0872	SES146	0.271259	-8.69444	-8.9657
spk_ver/v08/v0873	SES082	2.3581	-6.59851	-8.95661
spk_ver/v08/v0874	SES146	0.548145	-8.54548	-9.09363
spk_ver/v08/v0875	SES144	1.31121	-8.2431	-9.55432
spk_ver/v08/v0876	SES146	-0.0598655	-7.99574	-7.93587
spk_ver/v08/v0877	SES146	-1.0706	-10.043	-8.97242
spk_ver/v08/v0878	SES146	0.929021	-8.33871	-9.26773
spk_ver/v08/v0879	SES146	0.593131	-8.2317	-8.82483
spk_ver/v08/v0880	SES146	0.490247	-8.25756	-8.74781
spk_ver/v08/v0881	SES143	1.69941	-7.46338	-9.16279
spk_ver/v08/v0882	SES146	1.67662	-7.20624	-8.88286
spk_ver/v08/v0883	SES147	-0.481033	-9.74693	-9.2659
spk_ver/v08/v0884	SES147	0.43053	-7.54328	-7.97381
spk_ver/v08/v0885	SES016	2.0002	-6.67262	-8.67282
spk_ver/v08/v0886	SES147	-0.0619307	-8.44662	-8.38469
spk_ver/v08/v0887	SES147	-0.20522	-9.0586	-8.85338
spk_ver/v08/v0888	SES147	-0.625673	-10.4499	-9.82423
spk_ver/v08/v0889	SES019	2.24126	-6.80439	-9.04564
spk_ver/v08/v0890	SES147	-0.882658	-10.1351	-9.25246
spk_ver/v08/v0891	SES147	-0.535487	-9.06031	-8.52483
spk_ver/v08/v0892	SES147	-0.356142	-8.36224	-8.0061
spk_ver/v08/v0893	SES270	2.72007	-7.128	-9.84807
spk_ver/v08/v0894	SES029	1.90937	-7.24535	-9.15472
spk_ver/v08/v0895	SES147	-1.49474	-10.9632	-9.46847
spk_ver/v08/v0896	SES117	1.62114	-8.22441	-9.84555
spk_ver/v08/v0897	SES183	1.60324	-8.70918	-10.3124
spk_ver/v08/v0898	SES147	-2.54556	-13.4663	-10.9208
spk_ver/v08/v0899	SES147	-1.67401	-12.1381	-10.4641
spk_ver/v09/v0900	SES087	2.13883	-6.9544	-9.09323
spk_ver/v09/v0901	SES147	-2.92137	-13.6643	-10.7429
spk_ver/v09/v0902	SES147	-2.67069	-11.1815	-8.51083
spk_ver/v09/v0903	SES147	0.0432549	-8.38473	-8.42798
spk_ver/v09/v0904	SES147	-0.60942	-10.0298	-9.42042
spk_ver/v09/v0905	SES143	1.57657	-7.74361	-9.32018
spk_ver/v09/v0906	SES149	1.40116	-7.56756	-8.96872
spk_ver/v09/v0907	SES148	-0.443427	-8.7035	-8.26008
spk_ver/v09/v0908	SES148	-0.374346	-9.00662	-8.63227
spk_ver/v09/v0909	SES106	2.52954	-6.96685	-9.49639
spk_ver/v09/v0910	SES148	-0.34523	-9.80423	-9.459
spk_ver/v09/v0911	SES148	0.296397	-9.45905	-9.75544
spk_ver/v09/v0912	SES142	1.56372	-7.33434	-8.89807
spk_ver/v09/v0913	SES148	0.208102	-9.18478	-9.39288
spk_ver/v09/v0914	SES148	0.0409327	-8.61023	-8.65116
spk_ver/v09/v0915	SES148	-0.630663	-10.0202	-9.38953
spk_ver/v09/v0916	SES148	0.125859	-9.07226	-9.19812
spk_ver/v09/v0917	SES148	1.64204	-6.96037	-8.60242
spk_ver/v09/v0918	SES148	1.22153	-7.0969	-8.31843
spk_ver/v09/v0919	SES270	2.44151	-6.81503	-9.25654
spk_ver/v09/v0920	SES148	0.193132	-7.40623	-7.59936
spk_ver/v09/v0921	SES148	0.180801	-8.69721	-8.87801
spk_ver/v09/v0922	SES129	2.0207	-6.14869	-8.16938
spk_ver/v09/v0923	SES117	2.03244	-6.5276	-8.56005
spk_ver/v09/v0924	SES042	3.40567	-5.89149	-9.29716
spk_ver/v09/v0925	SES148	-2.18957	-12.2954	-10.1059
spk_ver/v09/v0926	SES148	-1.42285	-11.8443	-10.4215
spk_ver/v09/v0927	SES144	1.67293	-7.41701	-9.08993
spk_ver/v09/v0928	SES007	2.27641	-6.65238	-8.9288
spk_ver/v09/v0929	SES148	0.0143137	-8.01809	-8.0324
spk_ver/v09/v0930	SES148	0.487928	-8.63898	-9.12691
spk_ver/v09/v0931	SES148	-0.289387	-8.88208	-8.5927
spk_ver/v09/v0932	SES202	1.55659	-7.89766	-9.45425
spk_ver/v09/v0933	SES148	0.158435	-8.02758	-8.18602
spk_ver/v09/v0934	SES148	-0.839834	-8.85354	-8.01371
spk_ver/v09/v0935	SES060	2.34337	-6.53946	-8.88283
spk_ver/v09/v0936	SES060	2.33806	-7.56666	-9.90472
spk_ver/v09/v0937	SES148	0.75142	-8.25299	-9.00441
spk_ver/v09/v0938	SES148	1.22895	-7.9126	-9.14155
spk_ver/v09/v0939	SES148	-1.03053	-9.60046	-8.56993
spk_ver/v09/v0940	SES148	0.051754	-8.73811	-8.78987
spk_ver/v09/v0941	SES149	0.251663	-8.38031	-8.63197
spk_ver/v09/v0942	SES149	-0.12401	-8.03924	-7.91523
spk_ver/v09/v0943	SES149	0.267659	-8.17527	-8.44292
spk_ver/v09/v0944	SES149	-0.311957	-9.49295	-9.18099
spk_ver/v09/v0945	SES105	2.67169	-5.9806	-8.65229
spk_ver/v09/v0946	SES149	-1.10618	-11.7416	-10.6354
spk_ver/v09/v0947	SES149	1.68772	-8.04744	-9.73517
spk_ver/v09/v0948	SES149	-0.639261	-9.27132	-8.63205
spk_ver/v09/v0949	SES149	0.533611	-6.49728	-7.03089
spk_ver/v09/v0950	SES226	1.70553	-6.29598	-8.0015
spk_ver/v09/v0951	SES149	1.38242	-8.72059	-10.103
spk_ver/v09/v0952	SES149	0.0935764	-8.82174	-8.91531
spk_ver/v09/v0953	SES062	1.75655	-6.7815	-8.53805
spk_ver/v09/v0954	SES149	1.01513	-8.86129	-9.87641
spk_ver/v09/v0955	SES048	0.942978	-7.77118	-8.71416
spk_ver/v09/v0956	SES158	-0.0493069	-8.82487	-8.77557
spk_ver/v09/v0957	SES158	-0.546601	-10.1755	-9.62888
spk_ver/v09/v0958	SES158	0.687587	-7.01329	-7.70088
spk_ver/v09/v0959	SES158	-0.660073	-9.20462	-8.54454
spk_ver/v09/v0960	SES158	-2.08389	-10.9841	-8.90022
spk_ver/v09/v0961	SES147	1.04148	-7.20817	-8.24965
spk_ver/v09/v0962	SES158	-1.39571	-10.1348	-8.73909
spk_ver/v09/v0963	SES292	1.75576	-8.88479	-10.6406
spk_ver/v09/v0964	SES060	2.35055	-5.90341	-8.25396
spk_ver/v09/v0965	SES002	2.57865	-8.0261	-10.6047
spk_ver/v09/v0966	SES149	1.87943	-5.86632	-7.74575
spk_ver/v09/v0967	SES158	-1.02746	-10.7617	-9.73419
spk_ver/v09/v0968	SES158	-2.9502	-12.2082	-9.258
spk_ver/v09/v0969	SES275	1.60531	-7.73908	-9.3444
spk_ver/v09/v0970	SES158	-0.602667	-9.48832	-8.88565
spk_ver/v09/v0971	SES158	-1.51032	-9.6636	-8.15329
spk_ver/v09/v0972	SES002	1.25713	-8.00433	-9.26146
spk_ver/v09/v0973	SES158	-3.06951	-13.3847	-10.3151
spk_ver/v09/v0974	SES202	1.56153	-7.28703	-8.84856
spk_ver/v09/v0975	SES158	-2.07988	-11.0237	-8.94384
spk_ver/v09/v0976	SES158	0.831324	-8.26756	-9.09888
spk_ver/v09/v0977	SES162	0.588861	-8.23316	-8.82202
spk_ver/v09/v0978	SES162	-1.33224	-12.5878	-11.2555
spk_ver/v09/v0979	SES162	-2.56215	-12.0464	-9.48429
spk_ver/v09/v0980	SES162	-0.853503	-10.4805	-9.62695
spk_ver/v09/v0981	SES162	-2.56691	-11.7818	-9.21491
spk_ver/v09/v0982	SES259	2.40627	-6.19921	-8.60548
spk_ver/v09/v0983	SES162	-0.56239	-10.3078	-9.74542
spk_ver/v09/v0984	SES162	0.069706	-8.48421	-8.55392
spk_ver/v09/v0985	SES162	1.28501	-8.03161	-9.31662
spk_ver/v09/v0986	SES062	1.62272	-7.02063	-8.64336
spk_ver/v09/v0987	SES162	1.61458	-7.67812	-9.2927
spk_ver/v09/v0988	SES162	-2.75854	-11.8595	-9.10093
spk_ver/v09/v0989	SES162	-1.67792	-11.0771	-9.39917
spk_ver/v09/v0990	SES162	-2.28701	-11.7078	-9.4208
spk_ver/v09/v0991	SES087	2.04375	-8.10229	-10.146
spk_ver/v09/v0992	SES120	1.49111	-7.52122	-9.01233
spk_ver/v09/v0993	SES162	-0.657213	-10.508	-9.85084
spk_ver/v09/v0994	SES162	0.37686	-7.64255	-8.01941
spk_ver/v09/v0995	SES162	-2.19229	-10.4209	-8.2286
spk_ver/v09/v0996	SES162	-0.480591	-8.84177	-8.36117
spk_ver/v09/v0997	SES162	-1.19927	-9.90395	-8.70468
spk_ver/v09/v0998	SES162	0.282332	-9.00338	-9.28571
spk_ver/v09/v0999	SES162	0.664042	-6.86512	-7.52917
spk_ver/v10/v1000	SES162	-0.646754	-9.00917	-8.36242
spk_ver/v10/v1001	SES148	2.2749	-6.26972	-8.54462
spk_ver/v10/v1002	SES162	0.176665	-8.33522	-8.51188
spk_ver/v10/v1003	SES162	-0.384304	-9.27162	-8.88731
spk_ver/v10/v1004	SES162	-1.60829	-11.6015	-9.99318
spk_ver/v10/v1005	SES162	-1.15269	-10.6444	-9.4917
spk_ver/v10/v1006	SES162	-1.86755	-11.7211	-9.85359
spk_ver/v10/v1007	SES162	1.1097	-8.03576	-9.14546
spk_ver/v10/v1008	SES162	-2.97239	-12.6321	-9.65967
spk_ver/v10/v1009	SES162	-1.52016	-11.4036	-9.88345
spk_ver/v10/v1010	SES167	-2.27242	-12.0417	-9.76928
spk_ver/v10/v1011	SES167	0.578314	-7.73938	-8.3177
spk_ver/v10/v1012	SES167	-0.46499	-8.75852	-8.29354
spk_ver/v10/v1013	SES167	-3.18307	-14.4428	-11.2597
spk_ver/v10/v1014	SES167	0.359135	-7.66899	-8.02812
spk_ver/v10/v1015	SES167	-0.541409	-9.32034	-8.77893
spk_ver/v10/v1016	SES167	0.289771	-8.62667	-8.91644
spk_ver/v10/v1017	SES167	-0.64823	-11.4269	-10.7786
spk_ver/v10/v1018	SES167	-0.184494	-9.24022	-9.05572
spk_ver/v10/v1019	SES167	-0.936429	-9.92957	-8.99314
spk_ver/v10/v1020	SES167	-1.17989	-10.7111	-9.5312
spk_ver/v10/v1021	SES167	0.068944	-8.59562	-8.66457
spk_ver/v10/v1022	SES167	-1.0414	-10.6457	-9.60428
spk_ver/v10/v1023	SES167	-0.401896	-9.43318	-9.03129
spk_ver/v10/v1024	SES167	-2.99384	-12.8601	-9.86624
spk_ver/v10/v1025	SES167	0.253457	-7.96448	-8.21794
spk_ver/v10/v1026	SES167	-1.67839	-10.2387	-8.56027
spk_ver/v10/v1027	SES167	0.239103	-7.32382	-7.56292
spk_ver/v10/v1028	SES167	-1.06325	-9.56884	-8.50559
spk_ver/v10/v1029	SES167	-0.166715	-9.84043	-9.67371
spk_ver/v10/v1030	SES167	-1.52964	-10.2942	-8.76456
spk_ver/v10/v1031	SES167	-2.32886	-11.7318	-9.40293
spk_ver/v10/v1032	SES167	-0.193219	-9.78583	-9.59261
spk_ver/v10/v1033	SES167	-1.3658	-9.44365	-8.07785
spk_ver/v10/v1034	SES002	1.97088	-6.35441	-8.32529
spk_ver/v10/v1035	SES167	0.863929	-8.12702	-8.99095
spk_ver/v10/v1036	SES083	1.85167	-6.89362	-8.74529
spk_ver/v10/v1037	SES167	-0.771485	-9.34465	-8.57316
spk_ver/v10/v1038	SES167	0.420359	-8.24778	-8.66814
spk_ver/v10/v1039	SES167	-1.33117	-10.1857	-8.85457
spk_ver/v10/v1040	SES167	-0.896998	-9.25587	-8.35888
spk_ver/v10/v1041	SES167	0.554923	-7.89278	-8.44771
spk_ver/v10/v1042	SES087	1.77946	-8.29304	-10.0725
spk_ver/v10/v1043	SES029	1.9175	-7.39111	-9.30861
spk_ver/v10/v1044	SES206	1.87961	-7.19697	-9.07658
spk_ver/v10/v1045	SES172	-0.168736	-8.18739	-8.01865
spk_ver/v10/v1046	SES172	1.93626	-7.51202	-9.44828
spk_ver/v10/v1047	SES172	0.665541	-8.40966	-9.0752
spk_ver/v10/v1048	SES259	3.47054	-6.09911	-9.56964
spk_ver/v10/v1049	SES172	-1.1255	-10.0598	-8.93429
spk_ver/v10/v1050	SES120	2.28273	-8.27383	-10.5566
spk_ver/v10/v1051	SES172	-0.532459	-10.4597	-9.92726
spk_ver/v10/v1052	SES172	-0.256201	-8.29446	-8.03826
spk_ver/v10/v1053	SES172	-0.354664	-9.73822	-9.38356
spk_ver/v10/v1054	SES172	-0.0855932	-8.12101	-8.03542
spk_ver/v10/v1055	SES189	1.64064	-7.71321	-9.35386
spk_ver/v10/v1056	SES172	-1.06054	-10.3385	-9.27791
spk_ver/v10/v1057	SES172	0.0156898	-8.95798	-8.97367
spk_ver/v10/v1058	SES172	0.691393	-8.68988	-9.38127
spk_ver/v10/v1059	SES172	-1.18013	-10.647	-9.46684
spk_ver/v10/v1060	SES029	1.73626	-6.223	-7.95926
spk_ver/v10/v1061	SES175	-1.78655	-12.7842	-10.9977
spk_ver/v10/v1062	SES187	1.26748	-7.9499	-9.21738
spk_ver/v10/v1063	SES019	3.88878	-6.6495	-10.5383
spk_ver/v10/v1064	SES175	0.243197	-9.47032	-9.71352
spk_ver/v10/v1065	SES175	-1.68977	-11.6132	-9.9234
spk_ver/v10/v1066	SES175	-1.81935	-11.0234	-9.20402
spk_ver/v10/v1067	SES175	-0.698255	-10.7612	-10.0629
spk_ver/v10/v1068	SES175	-0.212162	-8.93323	-8.72106
spk_ver/v10/v1069	SES016	2.5657	-5.95618	-8.52188
spk_ver/v10/v1070	SES175	0.927296	-7.20742	-8.13471
spk_ver/v10/v1071	SES175	0.236473	-8.16113	-8.3976
spk_ver/v10/v1072	SES175	-0.413509	-10.8934	-10.4799
spk_ver/v10/v1073	SES029	1.73511	-6.65086	-8.38597
spk_ver/v10/v1074	SES175	-0.247085	-9.6307	-9.38362
spk_ver/v10/v1075	SES175	0.234966	-7.77434	-8.00931
spk_ver/v10/v1076	SES175	0.294502	-7.89038	-8.18488
spk_ver/v10/v1077	SES175	-0.17578	-9.00774	-8.83196
spk_ver/v10/v1078	SES127	1.37423	-7.22575	-8.59998
spk_ver/v10/v1079	SES175	-0.93041	-9.27631	-8.3459
spk_ver/v10/v1080	SES175	0.833603	-7.65159	-8.48519
spk_ver/v10/v1081	SES175	-1.06472	-10.9769	-9.91217
spk_ver/v10/v1082	SES175	-0.291369	-9.83923	-9.54786
spk_ver/v10/v1083	SES007	1.35102	-8.55865	-9.90967
spk_ver/v10/v1084	SES068	1.32144	-7.68477	-9.00622
spk_ver/v10/v1085	SES008	1.04815	-7.29972	-8.34786
spk_ver/v10/v1086	SES175	0.11171	-7.24	-7.35171
spk_ver/v10/v1087	SES175	0.280775	-8.13131	-8.41208
spk_ver/v10/v1088	SES008	2.02574	-7.40528	-9.43102
spk_ver/v10/v1089	SES177	-1.16848	-8.68606	-7.51758
spk_ver/v10/v1090	SES177	-1.97004	-10.5094	-8.53933
spk_ver/v10/v1091	SES177	-2.67722	-13.1609	-10.4837
spk_ver/v10/v1092	SES177	1.21763	-7.19442	-8.41205
spk_ver/v10/v1093	SES177	-2.92389	-13.7609	-10.837
spk_ver/v10/v1094	SES002	2.21544	-7.52752	-9.74296
spk_ver/v10/v1095	SES104	0.991728	-9.30313	-10.2949
spk_ver/v10/v1096	SES177	0.647093	-8.67894	-9.32604
spk_ver/v10/v1097	SES177	-3.31263	-13.0671	-9.75444
spk_ver/v10/v1098	SES177	-1.68003	-10.4993	-8.81924
spk_ver/v10/v1099	SES177	1.15266	-7.17394	-8.3266
spk_ver/v11/v1100	SES177	-0.0417662	-9.20821	-9.16644
spk_ver/v11/v1101	SES085	1.65465	-6.80846	-8.46311
spk_ver/v11/v1102	SES187	1.07772	-8.45554	-9.53326
spk_ver/v11/v1103	SES177	1.33919	-7.78415	-9.12334
spk_ver/v11/v1104	SES177	1.15862	-8.56873	-9.72735
spk_ver/v11/v1105	SES177	-0.0116396	-8.17825	-8.16661
spk_ver/v11/v1106	SES177	-1.38987	-9.26303	-7.87317
spk_ver/v11/v1107	SES177	0.256192	-8.42101	-8.6772
spk_ver/v11/v1108	SES177	1.48138	-6.81456	-8.29593
spk_ver/v11/v1109	SES125	1.70647	-7.19298	-8.89945
spk_ver/v11/v1110	SES177	-0.801239	-9.06396	-8.26272
spk_ver/v11/v1111	SES177	0.466406	-8.24489	-8.7113
spk_ver/v11/v1112	SES177	-0.852185	-9.2035	-8.35132
spk_ver/v11/v1113	SES177	-1.70001	-11.5192	-9.81918
spk_ver/v11/v1114	SES177	0.818333	-8.28668	-9.10501
spk_ver/v11/v1115	SES177	-1.55242	-10.3797	-8.82732
spk_ver/v11/v1116	SES085	2.14127	-6.68258	-8.82386
spk_ver/v11/v1117	SES147	0.892164	-7.64126	-8.53343
spk_ver/v11/v1118	SES177	0.189137	-7.87255	-8.06168
spk_ver/v11/v1119	SES177	-1.94129	-10.5004	-8.55911
spk_ver/v11/v1120	SES180	-0.43035	-9.96505	-9.5347
spk_ver/v11/v1121	SES189	0.505599	-7.80158	-8.30718
spk_ver/v11/v1122	SES117	2.212	-8.37665	-10.5886
spk_ver/v11/v1123	SES129	1.5909	-6.22323	-7.81413
spk_ver/v11/v1124	SES180	1.26562	-7.9758	-9.24142
spk_ver/v11/v1125	SES180	1.05616	-7.76892	-8.82508
spk_ver/v11/v1126	SES180	1.35624	-7.28028	-8.63652
spk_ver/v11/v1127	SES180	-0.540414	-10.0509	-9.51049
spk_ver/v11/v1128	SES016	2.34953	-7.49295	-9.84248
spk_ver/v11/v1129	SES158	1.85773	-7.44795	-9.30568
spk_ver/v11/v1130	SES180	0.491876	-8.02483	-8.5167
spk_ver/v11/v1131	SES180	-0.410421	-9.00346	-8.59304
spk_ver/v11/v1132	SES180	1.4136	-8.16701	-9.58061
spk_ver/v11/v1133	SES180	-1.4019	-9.73882	-8.33693
spk_ver/v11/v1134	SES180	-0.399836	-9.40623	-9.0064
spk_ver/v11/v1135	SES180	-0.121112	-9.19969	-9.07858
spk_ver/v11/v1136	SES180	-1.92646	-13.0355	-11.109
spk_ver/v11/v1137	SES148	1.23358	-7.68017	-8.91375
spk_ver/v11/v1138	SES104	2.04264	-5.81339	-7.85602
spk_ver/v11/v1139	SES180	-0.398023	-8.82959	-8.43157
spk_ver/v11/v1140	SES083	1.33779	-7.64453	-8.98232
spk_ver/v11/v1141	SES180	-2.22407	-13.1559	-10.9319
spk_ver/v11/v1142	SES180	-1.75496	-11.7944	-10.0395
spk_ver/v11/v1143	SES180	-0.633675	-10.7663	-10.1326
spk_ver/v11/v1144	SES099	1.99501	-8.69903	-10.694
spk_ver/v11/v1145	SES180	0.230713	-9.26903	-9.49974
spk_ver/v11/v1146	SES183	-0.717564	-10.21	-9.49248
spk_ver/v11/v1147	SES183	-0.854642	-9.3908	-8.53616
spk_ver/v11/v1148	SES183	-2.12944	-12.2342	-10.1048
spk_ver/v11/v1149	SES183	-3.08105	-13.1369	-10.0558
spk_ver/v11/v1150	SES183	-3.47369	-14.3254	-10.8517
spk_ver/v11/v1151	SES082	2.27742	-7.51661	-9.79403
spk_ver/v11/v1152	SES183	-1.00311	-10.791	-9.78788
spk_ver/v11/v1153	SES183	1.04503	-7.81417	-8.85919
spk_ver/v11/v1154	SES002	2.1868	-7.13465	-9.32144
spk_ver/v11/v1155	SES183	-0.355465	-9.28818	-8.93272
spk_ver/v11/v1156	SES183	-2.5801	-12.313	-9.73292
spk_ver/v11/v1157	SES183	-1.0813	-9.35947	-8.27816
spk_ver/v11/v1158	SES183	0.182316	-7.89013	-8.07245
spk_ver/v11/v1159	SES183	0.20728	-8.91005	-9.11733
spk_ver/v11/v1160	SES183	-1.78331	-10.0945	-8.31118
spk_ver/v11/v1161	SES183	-1.9677	-11.6212	-9.65345
spk_ver/v11/v1162	SES105	2.65293	-5.96735	-8.62028
spk_ver/v11/v1163	SES183	-3.80864	-16.1057	-12.2971
spk_ver/v11/v1164	SES259	2.51089	-5.95492	-8.46581
spk_ver/v11/v1165	SES183	-0.383961	-9.58806	-9.2041
spk_ver/v11/v1166	SES183	-2.82931	-11.9659	-9.13655
spk_ver/v11/v1167	SES183	0.168078	-7.36963	-7.53771
spk_ver/v11/v1168	SES183	0.335079	-7.91254	-8.24762
spk_ver/v11/v1169	SES183	-2.60981	-10.9022	-8.2924
spk_ver/v11/v1170	SES183	-0.588858	-9.66228	-9.07343
spk_ver/v11/v1171	SES183	-5.7848	-17.0234	-11.2386
spk_ver/v11/v1172	SES187	-0.0403404	-8.64229	-8.60195
spk_ver/v11/v1173	SES019	3.57811	-6.66794	-10.246
spk_ver/v11/v1174	SES187	-0.764381	-10.7278	-9.96337
spk_ver/v11/v1175	SES187	0.102164	-9.28	-9.38216
spk_ver/v11/v1176	SES083	1.89266	-6.46815	-8.36081
spk_ver/v11/v1177	SES187	-4.25723	-14.5841	-10.3269
spk_ver/v11/v1178	SES187	-1.21627	-10.2203	-9.00401
spk_ver/v11/v1179	SES187	0.109241	-8.86036	-8.96961
spk_ver/v11/v1180	SES187	0.383032	-8.41467	-8.7977
spk_ver/v11/v1181	SES187	-0.492195	-9.73452	-9.24232
spk_ver/v11/v1182	SES187	0.220803	-8.41795	-8.63876
spk_ver/v11/v1183	SES187	0.104958	-8.91506	-9.02001
spk_ver/v11/v1184	SES187	0.387102	-7.85871	-8.24582
spk_ver/v11/v1185	SES127	1.4716	-7.3558	-8.8274
spk_ver/v11/v1186	SES187	0.321399	-7.25015	-7.57155
spk_ver/v11/v1187	SES187	0.670876	-7.95301	-8.62389
spk_ver/v11/v1188	SES187	0.415546	-9.70914	-10.1247
spk_ver/v11/v1189	SES042	2.17074	-6.93797	-9.10871
spk_ver/v11/v1190	SES187	0.402026	-7.73651	-8.13853
spk_ver/v11/v1191	SES187	-3.02771	-13.8779	-10.8502
spk_ver/v11/v1192	SES187	-0.546067	-9.86511	-9.31904
spk_ver/v11/v1193	SES183	2.36029	-7.36634	-9.72663
spk_ver/v11/v1194	SES187	-0.219165	-9.88134	-9.66218
spk_ver/v11/v1195	SES187	-0.68565	-11.0399	-10.3543
spk_ver/v11/v1196	SES146	1.67306	-6.84688	-8.51994
spk_ver/v11/v1197	SES189	-1.26633	-10.8946	-9.62827
spk_ver/v11/v1198	SES175	1.51002	-7.16337	-8.67339
spk_ver/v11/v1199	SES189	-3.65644	-13.3487	-9.69229
spk_ver/v12/v1200	SES189	-0.575918	-8.5955	-8.01958
spk_ver/v12/v1201	SES177	1.68101	-6.88418	-8.56519
spk_ver/v12/v1202	SES189	-1.23608	-9.99769	-8.76161
spk_ver/v12/v1203	SES143	2.42236	-6.53069	-8.95304
spk_ver/v12/v1204	SES189	-0.536236	-9.48448	-8.94824
spk_ver/v12/v1205	SES189	0.469068	-8.50071	-8.96978
spk_ver/v12/v1206	SES189	0.18405	-10.0341	-10.2182
spk_ver/v12/v1207	SES189	-3.13954	-11.562	-8.42242
spk_ver/v12/v1208	SES189	-1.06223	-9.59648	-8.53426
spk_ver/v12/v1209	SES189	-2.12799	-11.8474	-9.71942
spk_ver/v12/v1210	SES189	-0.121628	-9.02253	-8.9009
spk_ver/v12/v1211	SES062	1.60225	-6.28902	-7.89128
spk_ver/v12/v1212	SES189	-0.493855	-9.75558	-9.26172
spk_ver/v12/v1213	SES048	2.30466	-6.62712	-8.93178
spk_ver/v12/v1214	SES042	2.95936	-5.81042	-8.76979
spk_ver/v12/v1215	SES008	2.02168	-5.32843	-7.35011
spk_ver/v12/v1216	SES202	-1.41481	-10.1121	-8.69727
spk_ver/v12/v1217	SES202	0.213195	-8.86193	-9.07513
spk_ver/v12/v1218	SES085	2.6237	-4.93691	-7.56061
spk_ver/v12/v1219	SES202	-0.045496	-8.56951	-8.52401
spk_ver/v12/v1220	SES202	0.226292	-7.51149	-7.73779
spk_ver/v12/v1221	SES202	0.146688	-9.02334	-9.17003
spk_ver/v12/v1222	SES202	-1.86567	-12.2007	-10.335
spk_ver/v12/v1223	SES158	1.33841	-7.03662	-8.37504
spk_ver/v12/v1224	SES202	-0.267995	-9.61198	-9.34398
spk_ver/v12/v1225	SES202	-0.173585	-9.08725	-8.91367
spk_ver/v12/v1226	SES202	-0.138967	-10.3788	-10.2398
spk_ver/v12/v1227	SES202	-0.25402	-9.65652	-9.4025
spk_ver/v12/v1228	SES177	2.75878	-6.44288	-9.20166
spk_ver/v12/v1229	SES202	-0.265162	-9.36149	-9.09633
spk_ver/v12/v1230	SES202	-0.587061	-8.86128	-8.27422
spk_ver/v12/v1231	SES202	-1.00153	-11.7911	-10.7895
spk_ver/v12/v1232	SES202	-0.478312	-9.22689	-8.74858
spk_ver/v12/v1233	SES206	2.01273	-7.37061	-9.38335
spk_ver/v12/v1234	SES202	-1.09948	-12.3014	-11.2019
spk_ver/v12/v1235	SES202	-0.666961	-10.0266	-9.35962
spk_ver/v12/v1236	SES125	1.72954	-7.50103	-9.23057
spk_ver/v12/v1237	SES127	0.815845	-7.5516	-8.36745
spk_ver/v12/v1238	SES202	1.84003	-7.01143	-8.85146
spk_ver/v12/v1239	SES167	1.69662	-6.44248	-8.13909
spk_ver/v12/v1240	SES206	-1.95827	-9.71268	-7.75442
spk_ver/v12/v1241	SES206	-2.97647	-12.5371	-9.56063
spk_ver/v12/v1242	SES206	1.31225	-9.57768	-10.8899
spk_ver/v12/v1243	SES206	-1.34427	-11.0442	-9.69995
spk_ver/v12/v1244	SES259	2.15551	-6.89645	-9.05196
spk_ver/v12/v1245	SES206	0.326498	-7.98094	-8.30744
spk_ver/v12/v1246	SES206	-0.0812502	-8.88762	-8.80637
spk_ver/v12/v1247	SES206	0.123989	-8.69061	-8.8146
spk_ver/v12/v1248	SES206	-4.04312	-13.5723	-9.5292
spk_ver/v12/v1249	SES270	2.51757	-6.5716	-9.08917
spk_ver/v12/v1250	SES206	-0.603494	-8.94146	-8.33796
spk_ver/v12/v1251	SES206	-0.407485	-7.82281	-7.41533
spk_ver/v12/v1252	SES206	0.578512	-8.28403	-8.86254
spk_ver/v12/v1253	SES206	0.0428638	-9.03755	-9.08042
spk_ver/v12/v1254	SES206	0.0617418	-9.61642	-9.67816
spk_ver/v12/v1255	SES125	1.9609	-6.91012	-8.87102
spk_ver/v12/v1256	SES206	-4.20736	-13.4856	-9.27821
spk_ver/v12/v1257	SES206	-2.81011	-10.7018	-7.89167
spk_ver/v12/v1258	SES206	-1.59147	-10.9988	-9.40737
spk_ver/v12/v1259	SES206	-1.43747	-9.80079	-8.36332
spk_ver/v12/v1260	SES206	-0.771859	-10.2092	-9.43731
spk_ver/v12/v1261	SES206	-3.64289	-11.5693	-7.92644
spk_ver/v12/v1262	SES206	-3.43436	-12.2471	-8.81276
spk_ver/v12/v1263	SES206	-0.860024	-9.69617	-8.83614
spk_ver/v12/v1264	SES149	1.39819	-7.11222	-8.51041
spk_ver/v12/v1265	SES206	0.913671	-8.29655	-9.21022
spk_ver/v12/v1266	SES206	-3.22504	-12.7252	-9.50016
spk_ver/v12/v1267	SES206	1.13017	-9.57118	-10.7013
spk_ver/v12/v1268	SES206	-0.212444	-9.07109	-8.85865
spk_ver/v12/v1269	SES206	-2.76053	-11.5484	-8.78787
spk_ver/v12/v1270	SES206	-4.26467	-14.5521	-10.2874
spk_ver/v12/v1271	SES226	-1.4223	-10.378	-8.95574
spk_ver/v12/v1272	SES226	0.598647	-9.54574	-10.1444
spk_ver/v12/v1273	SES226	-2.01614	-10.2593	-8.24312
spk_ver/v12/v1274	SES226	-1.66282	-10.658	-8.99515
spk_ver/v12/v1275	SES226	1.26102	-8.48199	-9.74301
spk_ver/v12/v1276	SES226	-2.42406	-11.9979	-9.57387
spk_ver/v12/v1277	SES226	1.31722	-8.60597	-9.92319
spk_ver/v12/v1278	SES226	0.893676	-8.41103	-9.3047
spk_ver/v12/v1279	SES226	-1.82189	-9.62188	-7.8
spk_ver/v12/v1280	SES226	-0.381297	-9.02292	-8.64162
spk_ver/v12/v1281	SES226	0.214708	-9.79132	-10.006
spk_ver/v12/v1282	SES226	-1.43841	-12.1272	-10.6888
spk_ver/v12/v1283	SES143	2.2431	-6.85344	-9.09654
spk_ver/v12/v1284	SES226	-1.3223	-8.82728	-7.50498
spk_ver/v12/v1285	SES226	-0.322392	-10.0827	-9.76031
spk_ver/v12/v1286	SES226	-0.2832	-10.146	-9.86283
spk_ver/v12/v1287	SES226	-1.80116	-9.58206	-7.78089
spk_ver/v12/v1288	SES226	-1.64033	-9.61685	-7.97652
spk_ver/v12/v1289	SES104	0.964593	-8.94207	-9.90666
spk_ver/v12/v1290	SES008	3.13251	-7.14154	-10.274
spk_ver/v12/v1291	SES226	0.288255	-8.09173	-8.37999
spk_ver/v12/v1292	SES259	-1.24724	-11.5411	-10.2939
spk_ver/v12/v1293	SES062	1.66777	-7.30374	-8.97151
spk_ver/v12/v1294	SES099	1.60567	-9.21582	-10.8215
spk_ver/v12/v1295	SES158	2.13479	-7.41164	-9.54642
spk_ver/v12/v1296	SES259	-4.19639	-12.6395	-8.44311
spk_ver/v12/v1297	SES259	-7.42113	-17.3795	-9.95841
spk_ver/v12/v1298	SES259	0.499079	-10.5249	-11.024
spk_ver/v12/v1299	SES259	-2.98135	-12.8274	-9.84603
spk_ver/v13/v1300	SES120	2.18942	-7.5134	-9.70282
spk_ver/v13/v1301	SES259	-9.64518	-19.7343	-10.0892
spk_ver/v13/v1302	SES259	-3.18417	-12.4071	-9.22297
spk_ver/v13/v1303	SES129	1.87735	-6.76249	-8.63984
spk_ver/v13/v1304	SES259	0.195105	-9.73768	-9.93279
spk_ver/v13/v1305	SES259	-3.96935	-13.059	-9.08968
spk_ver/v13/v1306	SES106	1.45706	-7.01823	-8.47529
spk_ver/v13/v1307	SES259	-2.83557	-12.1346	-9.299
spk_ver/v13/v1308	SES259	-0.198318	-9.16476	-8.96644
spk_ver/v13/v1309	SES259	-3.36908	-11.1953	-7.82625
spk_ver/v13/v1310	SES259	-4.3452	-12.7546	-8.40942
spk_ver/v13/v1311	SES259	-1.06576	-9.41786	-8.35211
spk_ver/v13/v1312	SES259	-0.322805	-9.18164	-8.85884
spk_ver/v13/v1313	SES144	1.52179	-6.86044	-8.38223
spk_ver/v13/v1314	SES259	-4.613	-14.2051	-9.59208
spk_ver/v13/v1315	SES162	1.62151	-7.40634	-9.02785
spk_ver/v13/v1316	SES206	1.60524	-7.4579	-9.06314
spk_ver/v13/v1317	SES175	1.23312	-7.9245	-9.15762
spk_ver/v13/v1318	SES259	-1.46254	-10.0693	-8.60675
spk_ver/v13/v1319	SES259	-2.73689	-11.668	-8.93111
spk_ver/v13/v1320	SES270	0.452557	-9.03621	-9.48876
spk_ver/v13/v1321	SES101	1.96724	-7.1127	-9.07994
spk_ver/v13/v1322	SES177	2.00962	-7.0863	-9.09592
spk_ver/v13/v1323	SES127	1.74674	-6.12551	-7.87225
spk_ver/v13/v1324	SES270	-1.9213	-10.8246	-8.90333
spk_ver/v13/v1325	SES062	1.87242	-6.70729	-8.57971
spk_ver/v13/v1326	SES270	1.74175	-7.59621	-9.33797
spk_ver/v13/v1327	SES120	1.74016	-7.39708	-9.13724
spk_ver/v13/v1328	SES270	-3.11446	-12.6876	-9.57312
spk_ver/v13/v1329	SES270	-1.65303	-8.98447	-7.33144
spk_ver/v13/v1330	SES270	-0.210719	-10.2364	-10.0257
spk_ver/v13/v1331	SES270	-1.0482	-9.29538	-8.24718
spk_ver/v13/v1332	SES270	-0.126933	-8.94809	-8.82116
spk_ver/v13/v1333	SES270	0.14162	-9.51839	-9.66001
spk_ver/v13/v1334	SES270	-0.655025	-10.6626	-10.0076
spk_ver/v13/v1335	SES270	1.21693	-7.70894	-8.92587
spk_ver/v13/v1336	SES270	-0.896603	-10.0298	-9.13321
spk_ver/v13/v1337	SES016	1.94066	-7.28102	-9.22168
spk_ver/v13/v1338	SES270	-1.87907	-10.5447	-8.66562
spk_ver/v13/v1339	SES002	1.45426	-6.84556	-8.29982
spk_ver/v13/v1340	SES105	3.07169	-6.75915	-9.83084
spk_ver/v13/v1341	SES275	0.190794	-9.16756	-9.35835
spk_ver/v13/v1342	SES187	1.53945	-7.51895	-9.0584
spk_ver/v13/v1343	SES275	0.197847	-9.40792	-9.60576
spk_ver/v13/v1344	SES275	-1.16351	-10.2437	-9.08019
spk_ver/v13/v1345	SES275	-0.0881205	-9.10066	-9.01254
spk_ver/v13/v1346	SES275	-2.02782	-12.5386	-10.5108
spk_ver/v13/v1347	SES275	-1.31119	-11.5215	-10.2103
spk_ver/v13/v1348	SES180	1.76898	-5.847	-7.61598
spk_ver/v13/v1349	SES275	-1.05808	-12.1026	-11.0446
spk_ver/v13/v1350	SES275	0.143097	-8.04361	-8.18671
spk_ver/v13/v1351	SES275	0.319133	-8.87125	-9.19039
spk_ver/v13/v1352	SES275	0.0670786	-9.10868	-9.17576
spk_ver/v13/v1353	SES275	-1.29987	-10.5565	-9.25668
spk_ver/v13/v1354	SES189	1.3346	-6.93784	-8.27244
spk_ver/v13/v1355	SES068	2.09433	-5.60212	-7.69645
spk_ver/v13/v1356	SES275	-0.0542526	-9.62819	-9.57394
spk_ver/v13/v1357	SES048	1.50345	-8.02235	-9.5258
spk_ver/v13/v1358	SES226	1.91483	-6.16788	-8.08271
spk_ver/v13/v1359	SES016	1.31149	-7.11968	-8.43117
spk_ver/v13/v1360	SES275	-1.65873	-12.0879	-10.4292
spk_ver/v13/v1361	SES068	1.77425	-6.54898	-8.32323
spk_ver/v13/v1362	SES275	0.0392656	-8.87733	-8.91659
spk_ver/v13/v1363	SES275	-1.04377	-10.4687	-9.42488
spk_ver/v13/v1364	SES275	-1.8247	-12.2543	-10.4296
spk_ver/v13/v1365	SES275	0.610524	-7.71369	-8.32422
spk_ver/v13/v1366	SES187	1.39759	-7.46323	-8.86082
spk_ver/v13/v1367	SES275	-0.591452	-11.126	-10.5345
spk_ver/v13/v1368	SES125	0.960154	-7.28954	-8.2497
spk_ver/v13/v1369	SES275	-1.62503	-11.192	-9.56694
spk_ver/v13/v1370	SES292	0.0822001	-8.248	-8.3302
spk_ver/v13/v1371	SES292	0.756886	-8.35077	-9.10766
spk_ver/v13/v1372	SES292	0.643203	-9.18009	-9.82329
spk_ver/v13/v1373	SES292	-0.207812	-8.75479	-8.54697
spk_ver/v13/v1374	SES101	1.51212	-7.06419	-8.57631
spk_ver/v13/v1375	SES292	0.718127	-8.71821	-9.43634
spk_ver/v13/v1376	SES292	0.127811	-8.07997	-8.20778
spk_ver/v13/v1377	SES292	-0.590487	-9.8968	-9.30632
spk_ver/v13/v1378	SES292	1.02667	-7.66873	-8.69541
spk_ver/v13/v1379	SES292	-0.206023	-9.05475	-8.84873
spk_ver/v13/v1380	SES292	-0.35849	-9.46535	-9.10686
spk_ver/v13/v1381	SES292	1.24078	-6.49692	-7.73771
spk_ver/v13/v1382	SES292	0.582758	-8.20035	-8.78311
spk_ver/v13/v1383	SES292	1.19578	-8.95045	-10.1462
spk_ver/v13/v1384	SES292	0.643151	-8.03725	-8.6804
spk_ver/v13/v1385	SES292	0.70556	-8.73123	-9.43679
spk_ver/v13/v1386	SES292	0.397154	-8.37661	-8.77376
spk_ver/v13/v1387	SES158	3.89039	-7.80151	-11.6919
spk_ver/v13/v1388	SES292	1.20783	-7.21538	-8.42321
spk_ver/v13/v1389	SES292	1.09988	-6.81448	-7.91436
spk_ver/v13/v1390	SES292	1.04595	-8.91993	-9.96588
spk_ver/v13/v1391	SES292	0.291907	-8.7893	-9.08121
spk_ver/v13/v1392	SES292	0.0177059	-9.79077	-9.80847
spk_ver/v13/v1393	SES292	0.279165	-8.42763	-8.70679
spk_ver/v13/v1394	SES292	-0.240793	-8.97574	-8.73495
spk_ver/v13/v1395	SES292	0.698872	-8.16483	-8.8637
spk_ver/v13/v1396	SES117	2.32805	-7.6297	-9.95776
spk_ver/v13/v1397	SES292	-0.821305	-9.66768	-8.84638
spk_ver/v13/v1398	SES292	0.323468	-9.28398	-9.60745
spk_ver/v13/v1399	SES292	1.44018	-7.66603	-9.1062
