BLOCK00/SES002/SA002S12	SES002	2.05821	-60.1885	-62.2467
BLOCK00/SES002/SA002S13	SES002	2.4811	-59.9469	-62.428
BLOCK00/SES002/SA002S23	SES002	2.0863	-59.5625	-61.6488
BLOCK00/SES002/SA002S26	SES002	2.18667	-59.087	-61.2736
BLOCK00/SES002/SA002S28	SES002	1.63883	-61.0189	-62.6577
BLOCK00/SES007/SA007S14	SES007	1.56985	-60.9606	-62.5305
BLOCK00/SES007/SA007S15	SES007	0.891956	-63.0087	-63.9006
BLOCK00/SES007/SA007S24	SES007	1.15664	-62.447	-63.6036
BLOCK00/SES007/SA007S27	SES007	0.870525	-62.6109	-63.4814
BLOCK00/SES007/SA007S29	SES007	0.662262	-62.1427	-62.805
BLOCK00/SES008/SA008S11	SES008	1.34938	-62.2673	-63.6166
BLOCK00/SES008/SA008S12	SES008	0.771313	-62.568	-63.3393
BLOCK00/SES008/SA008S19	SES008	2.02197	-61.1506	-63.1726
BLOCK00/SES008/SA008S22	SES008	0.923428	-63.3721	-64.2955
BLOCK00/SES008/SA008S29	SES008	1.28719	-61.6275	-62.9147
BLOCK01/SES014/SA014S10	SES014	2.8313	-60.7885	-63.6198
BLOCK01/SES014/SA014S12	SES014	3.49588	-58.251	-61.7469
BLOCK01/SES014/SA014S24	SES014	2.02971	-60.5659	-62.5956
BLOCK01/SES014/SA014S26	SES014	3.06981	-57.5006	-60.5704
BLOCK01/SES014/SA014S28	SES014	3.22898	-58.4554	-61.6844
BLOCK01/SES016/SA016S12	SES016	0.756248	-65.2713	-66.0276
BLOCK01/SES016/SA016S13	SES016	1.5034	-63.3576	-64.861
BLOCK01/SES016/SA016S22	SES016	0.70438	-63.7945	-64.4989
BLOCK01/SES016/SA016S25	SES016	1.4906	-61.3343	-62.8249
BLOCK01/SES016/SA016S27	SES016	1.46847	-61.7572	-63.2256
BLOCK01/SES019/SA019S13	SES019	2.84124	-61.177	-64.0183
BLOCK01/SES019/SA019S14	SES019	2.23489	-61.2268	-63.4617
BLOCK01/SES019/SA019S22	SES019	2.70548	-61.4723	-64.1778
BLOCK01/SES019/SA019S25	SES019	2.69724	-61.0891	-63.7863
BLOCK01/SES019/SA019S29	SES019	3.15749	-61.1618	-64.3193
BLOCK02/SES029/SA029S11	SES029	1.28003	-62.5272	-63.8072
BLOCK02/SES029/SA029S12	SES029	0.374687	-62.8349	-63.2096
BLOCK02/SES029/SA029S20	SES029	0.589329	-63.4865	-64.0758
BLOCK02/SES029/SA029S25	SES029	0.433727	-62.7769	-63.2106
BLOCK02/SES029/SA029S28	SES029	0.94453	-62.4632	-63.4077
BLOCK04/SES042/SA042S12	SES042	2.80468	-58.9591	-61.7638
BLOCK04/SES042/SA042S15	SES042	2.54977	-59.752	-62.3018
BLOCK04/SES042/SA042S22	SES042	3.67811	-57.1505	-60.8286
BLOCK04/SES042/SA042S25	SES042	2.43777	-60.0898	-62.5276
BLOCK04/SES042/SA042S27	SES042	2.23088	-58.9485	-61.1794
BLOCK04/SES048/SA048S11	SES048	1.04521	-61.4125	-62.4577
BLOCK04/SES048/SA048S12	SES048	0.762783	-62.1034	-62.8662
BLOCK04/SES048/SA048S20	SES048	1.31303	-61.3919	-62.7049
BLOCK04/SES048/SA048S23	SES048	1.98949	-61.2026	-63.1921
BLOCK04/SES048/SA048S27	SES048	1.29515	-60.7944	-62.0895
BLOCK06/SES060/SA060S11	SES060	0.881046	-63.2415	-64.1225
BLOCK06/SES060/SA060S12	SES060	-0.197014	-64.7711	-64.5741
BLOCK06/SES060/SA060S22	SES060	0.247345	-64.4313	-64.6787
BLOCK06/SES060/SA060S24	SES060	0.587433	-62.5394	-63.1268
BLOCK06/SES060/SA060S28	SES060	1.59925	-60.2118	-61.811
BLOCK06/SES062/SA062S10	SES062	1.49683	-61.8678	-63.3647
BLOCK06/SES062/SA062S11	SES062	1.61053	-62.3495	-63.96
BLOCK06/SES062/SA062S21	SES062	2.52411	-58.9398	-61.4639
BLOCK06/SES062/SA062S26	SES062	0.973862	-61.6289	-62.6028
BLOCK06/SES062/SA062S29	SES062	1.45272	-60.917	-62.3698
BLOCK06/SES068/SA068S14	SES068	0.846519	-62.5438	-63.3903
BLOCK06/SES068/SA068S15	SES068	1.5491	-61.1013	-62.6504
BLOCK06/SES068/SA068S23	SES068	1.03754	-62.8923	-63.9298
BLOCK06/SES068/SA068S27	SES068	2.21048	-61.1507	-63.3611
BLOCK06/SES068/SA068S29	SES068	1.291	-61.6003	-62.8913
BLOCK08/SES082/SA082S12	SES082	1.81552	-61.464	-63.2795
BLOCK08/SES082/SA082S14	SES082	0.813496	-62.8628	-63.6763
BLOCK08/SES082/SA082S21	SES082	0.755112	-62.7253	-63.4804
BLOCK08/SES082/SA082S24	SES082	1.30373	-61.6758	-62.9795
BLOCK08/SES082/SA082S28	SES082	0.201851	-62.9759	-63.1778
BLOCK08/SES083/SA083S14	SES083	-0.00710297	-63.3834	-63.3763
BLOCK08/SES083/SA083S15	SES083	0.338505	-62.5358	-62.8743
BLOCK08/SES083/SA083S24	SES083	0.315422	-63.1381	-63.4535
BLOCK08/SES083/SA083S26	SES083	0.4296	-63.0066	-63.4362
BLOCK08/SES083/SA083S29	SES083	0.24065	-62.5622	-62.8028
BLOCK08/SES085/SA085S10	SES085	0.566334	-62.4539	-63.0202
BLOCK08/SES085/SA085S13	SES085	0.663696	-63.7453	-64.409
BLOCK08/SES085/SA085S22	SES085	-2.26627	-66.3418	-64.0755
BLOCK08/SES085/SA085S26	SES085	0.538048	-62.9915	-63.5296
BLOCK08/SES085/SA085S28	SES085	1.28648	-61.8865	-63.173
BLOCK08/SES087/SA087S15	SES087	2.10638	-60.9594	-63.0657
BLOCK08/SES087/SA087S16	SES087	2.0288	-61.1782	-63.207
BLOCK08/SES087/SA087S24	SES087	2.03553	-60.4095	-62.445
BLOCK08/SES087/SA087S26	SES087	1.77725	-59.8633	-61.6405
BLOCK08/SES087/SA087S29	SES087	2.21306	-60.8403	-63.0533
BLOCK09/SES099/SA099S15	SES099	2.0882	-61.2523	-63.3405
BLOCK09/SES099/SA099S16	SES099	1.73162	-60.7399	-62.4716
BLOCK09/SES099/SA099S24	SES099	1.73523	-60.7176	-62.4528
BLOCK09/SES099/SA099S26	SES099	1.78924	-60.5641	-62.3533
BLOCK09/SES099/SA099S29	SES099	1.72169	-60.7717	-62.4934
BLOCK10/SES101/SA101S11	SES101	0.473904	-62.1431	-62.617
BLOCK10/SES101/SA101S13	SES101	0.864372	-61.833	-62.6974
BLOCK10/SES101/SA101S22	SES101	0.780533	-63.6819	-64.4624
BLOCK10/SES101/SA101S24	SES101	0.872417	-62.759	-63.6314
BLOCK10/SES101/SA101S28	SES101	0.0175476	-64.2153	-64.2328
BLOCK10/SES104/SA104S11	SES104	1.28022	-60.5126	-61.7928
BLOCK10/SES104/SA104S12	SES104	1.38267	-60.6953	-62.078
BLOCK10/SES104/SA104S21	SES104	1.49245	-61.1143	-62.6068
BLOCK10/SES104/SA104S24	SES104	1.42917	-60.8901	-62.3193
BLOCK10/SES104/SA104S28	SES104	1.76776	-60.7152	-62.4829
BLOCK10/SES105/SA105S12	SES105	1.129	-63.3922	-64.5212
BLOCK10/SES105/SA105S13	SES105	1.02798	-62.7265	-63.7544
BLOCK10/SES105/SA105S22	SES105	0.825104	-63.2106	-64.0357
BLOCK10/SES105/SA105S26	SES105	1.24359	-62.967	-64.2106
BLOCK10/SES105/SA105S29	SES105	1.01004	-62.7886	-63.7986
BLOCK10/SES106/SA106S09	SES106	1.40898	-61.917	-63.326
BLOCK10/SES106/SA106S11	SES106	1.46547	-60.6324	-62.0979
BLOCK10/SES106/SA106S22	SES106	2.90053	-60.5861	-63.4867
BLOCK10/SES106/SA106S27	SES106	1.30575	-61.9785	-63.2843
BLOCK10/SES106/SA106S29	SES106	1.40825	-61.2656	-62.6738
BLOCK11/SES117/SA117S12	SES117	0.712696	-63.8747	-64.5874
BLOCK11/SES117/SA117S13	SES117	0.574707	-63.3183	-63.893
BLOCK11/SES117/SA117S23	SES117	1.01916	-65.2062	-66.2254
BLOCK11/SES117/SA117S25	SES117	1.07027	-63.6104	-64.6807
BLOCK11/SES117/SA117S28	SES117	1.11835	-64.2165	-65.3348
BLOCK12/SES120/SA120S08	SES120	1.08864	-64.116	-65.2046
BLOCK12/SES120/SA120S11	SES120	0.815041	-65.1863	-66.0014
BLOCK12/SES120/SA120S22	SES120	0.671101	-62.6959	-63.367
BLOCK12/SES120/SA120S24	SES120	0.881161	-63.1125	-63.9937
BLOCK12/SES120/SA120S28	SES120	0.566269	-64.4569	-65.0232
BLOCK12/SES125/SA125S13	SES125	2.13345	-60.3227	-62.4561
BLOCK12/SES125/SA125S14	SES125	1.49755	-61.2971	-62.7946
BLOCK12/SES125/SA125S25	SES125	2.182	-60.1361	-62.3181
BLOCK12/SES125/SA125S27	SES125	2.43072	-59.4702	-61.9009
BLOCK12/SES125/SA125S29	SES125	1.8301	-60.8163	-62.6464
BLOCK12/SES127/SA127S11	SES127	0.597389	-63.1096	-63.707
BLOCK12/SES127/SA127S12	SES127	-0.42268	-63.2876	-62.865
BLOCK12/SES127/SA127S23	SES127	0.663765	-62.8534	-63.5171
BLOCK12/SES127/SA127S25	SES127	0.616554	-63.044	-63.6606
BLOCK12/SES127/SA127S27	SES127	1.29759	-62.3253	-63.6229
BLOCK12/SES129/SA129S11	SES129	1.46396	-61.8149	-63.2788
BLOCK12/SES129/SA129S12	SES129	1.96799	-61.1412	-63.1091
BLOCK12/SES129/SA129S22	SES129	1.67791	-61.686	-63.3639
BLOCK12/SES129/SA129S27	SES129	1.98017	-60.9008	-62.881
BLOCK12/SES129/SA129S29	SES129	1.98385	-60.9472	-62.931
BLOCK14/SES142/SA142S11	SES142	2.55747	-63.0736	-65.6311
BLOCK14/SES142/SA142S12	SES142	1.99829	-63.5744	-65.5727
BLOCK14/SES142/SA142S24	SES142	2.73856	-62.2884	-65.0269
BLOCK14/SES142/SA142S27	SES142	2.70488	-62.1723	-64.8772
BLOCK14/SES142/SA142S29	SES142	2.6903	-62.0705	-64.7608
BLOCK14/SES143/SA143S12	SES143	0.878838	-63.7466	-64.6255
BLOCK14/SES143/SA143S13	SES143	0.74855	-63.4009	-64.1494
BLOCK14/SES143/SA143S23	SES143	1.40374	-63.1614	-64.5651
BLOCK14/SES143/SA143S25	SES143	1.01472	-63.323	-64.3378
BLOCK14/SES143/SA143S28	SES143	1.00557	-62.7614	-63.767
BLOCK14/SES144/SA144S09	SES144	0.736027	-63.0123	-63.7483
BLOCK14/SES144/SA144S11	SES144	1.34549	-63.6022	-64.9477
BLOCK14/SES144/SA144S21	SES144	0.299675	-63.6515	-63.9512
BLOCK14/SES144/SA144S25	SES144	0.80352	-63.5809	-64.3844
BLOCK14/SES144/SA144S29	SES144	0.173363	-63.5872	-63.7605
BLOCK14/SES146/SA146S14	SES146	0.977577	-63.1855	-64.1631
BLOCK14/SES146/SA146S15	SES146	0.306114	-63.6493	-63.9554
BLOCK14/SES146/SA146S24	SES146	0.535355	-63.9599	-64.4953
BLOCK14/SES146/SA146S26	SES146	0.681503	-64.1649	-64.8464
BLOCK14/SES146/SA146S29	SES146	1.14762	-63.6405	-64.7882
BLOCK14/SES147/SA147S11	SES147	1.14392	-63.7104	-64.8543
BLOCK14/SES147/SA147S13	SES147	2.07831	-61.7891	-63.8674
BLOCK14/SES147/SA147S23	SES147	1.56609	-63.3095	-64.8756
BLOCK14/SES147/SA147S26	SES147	1.30719	-62.9595	-64.2667
BLOCK14/SES147/SA147S28	SES147	1.63508	-62.0435	-63.6786
BLOCK14/SES148/SA148S10	SES148	1.2122	-62.292	-63.5042
BLOCK14/SES148/SA148S12	SES148	0.896656	-63.3112	-64.2079
BLOCK14/SES148/SA148S22	SES148	1.48954	-61.311	-62.8005
BLOCK14/SES148/SA148S26	SES148	1.22976	-62.0913	-63.3211
BLOCK14/SES148/SA148S29	SES148	0.701786	-62.7946	-63.4964
BLOCK14/SES149/SA149S13	SES149	0.572792	-62.0773	-62.6501
BLOCK14/SES149/SA149S14	SES149	0.494839	-62.001	-62.4959
BLOCK14/SES149/SA149S24	SES149	1.5797	-61.58	-63.1597
BLOCK14/SES149/SA149S26	SES149	2.06298	-61.1264	-63.1894
BLOCK14/SES149/SA149S28	SES149	2.69928	-60.347	-63.0463
BLOCK15/SES158/SA158S13	SES158	1.45805	-62.1438	-63.6018
BLOCK15/SES158/SA158S14	SES158	2.19028	-61.8692	-64.0594
BLOCK15/SES158/SA158S23	SES158	1.66439	-61.5229	-63.1873
BLOCK15/SES158/SA158S26	SES158	1.92423	-61.7614	-63.6856
BLOCK15/SES158/SA158S28	SES158	1.06377	-62.4504	-63.5142
BLOCK16/SES162/SA162S10	SES162	1.5225	-63.8261	-65.3486
BLOCK16/SES162/SA162S11	SES162	1.38893	-62.589	-63.9779
BLOCK16/SES162/SA162S21	SES162	1.78747	-62.7231	-64.5105
BLOCK16/SES162/SA162S24	SES162	1.63635	-62.9229	-64.5593
BLOCK16/SES162/SA162S27	SES162	1.83693	-63.1993	-65.0362
BLOCK16/SES167/SA167S14	SES167	1.28518	-61.7363	-63.0214
BLOCK16/SES167/SA167S15	SES167	1.45831	-62.6322	-64.0905
BLOCK16/SES167/SA167S21	SES167	1.2844	-61.7683	-63.0527
BLOCK16/SES167/SA167S25	SES167	1.73141	-62.9633	-64.6947
BLOCK16/SES167/SA167S29	SES167	2.14499	-60.9488	-63.0938
BLOCK17/SES172/SA172S12	SES172	1.64915	-62.8754	-64.5246
BLOCK17/SES172/SA172S13	SES172	1.89544	-63.5483	-65.4437
BLOCK17/SES172/SA172S23	SES172	1.06361	-62.1782	-63.2418
BLOCK17/SES172/SA172S27	SES172	1.08742	-63.0159	-64.1033
BLOCK17/SES172/SA172S29	SES172	1.46279	-62.565	-64.0277
BLOCK17/SES175/SA175S11	SES175	1.30839	-62.9084	-64.2168
BLOCK17/SES175/SA175S13	SES175	0.822765	-62.2784	-63.1011
BLOCK17/SES175/SA175S23	SES175	1.40688	-62.7385	-64.1454
BLOCK17/SES175/SA175S25	SES175	0.875183	-64.237	-65.1122
BLOCK17/SES175/SA175S28	SES175	1.37825	-62.5044	-63.8827
BLOCK17/SES177/SA177S15	SES177	0.349796	-63.0532	-63.403
BLOCK17/SES177/SA177S17	SES177	0.865009	-62.5823	-63.4473
BLOCK17/SES177/SA177S23	SES177	0.276974	-63.5525	-63.8295
BLOCK17/SES177/SA177S26	SES177	0.857452	-61.1924	-62.0499
BLOCK17/SES177/SA177S28	SES177	0.802414	-62.0154	-62.8178
BLOCK18/SES180/SA180S13	SES180	1.15763	-63.3094	-64.4671
BLOCK18/SES180/SA180S15	SES180	0.877235	-63.4016	-64.2789
BLOCK18/SES180/SA180S24	SES180	1.0763	-61.9856	-63.0619
BLOCK18/SES180/SA180S26	SES180	1.35658	-62.2912	-63.6477
BLOCK18/SES180/SA180S29	SES180	1.12752	-63.5174	-64.6449
BLOCK18/SES183/SA183S13	SES183	1.40115	-63.0077	-64.4089
BLOCK18/SES183/SA183S14	SES183	0.650272	-63.5586	-64.2089
BLOCK18/SES183/SA183S24	SES183	1.36776	-63.5996	-64.9674
BLOCK18/SES183/SA183S27	SES183	1.31795	-62.843	-64.161
BLOCK18/SES183/SA183S29	SES183	1.32031	-62.3187	-63.639
BLOCK18/SES187/SA187S13	SES187	0.86338	-63.9043	-64.7677
BLOCK18/SES187/SA187S14	SES187	1.40126	-63.7244	-65.1257
BLOCK18/SES187/SA187S24	SES187	1.40282	-63.5953	-64.9981
BLOCK18/SES187/SA187S27	SES187	1.39614	-62.7834	-64.1796
BLOCK18/SES187/SA187S29	SES187	1.04621	-63.5453	-64.5915
BLOCK18/SES189/SA189S10	SES189	2.18027	-64.9055	-67.0858
BLOCK18/SES189/SA189S13	SES189	3.34886	-64.591	-67.9398
BLOCK18/SES189/SA189S24	SES189	3.3022	-64.4712	-67.7734
BLOCK18/SES189/SA189S26	SES189	2.00194	-63.8064	-65.8083
BLOCK18/SES189/SA189S29	SES189	3.06865	-63.517	-66.5857
BLOCK20/SES202/SA202S12	SES202	2.33455	-63.4786	-65.8132
BLOCK20/SES202/SA202S14	SES202	3.04346	-61.6142	-64.6577
BLOCK20/SES202/SA202S24	SES202	1.89258	-62.8193	-64.7119
BLOCK20/SES202/SA202S27	SES202	2.26994	-61.2253	-63.4953
BLOCK20/SES202/SA202S29	SES202	2.94084	-61.0439	-63.9847
BLOCK20/SES206/SA206S15	SES206	0.38007	-61.2939	-61.674
BLOCK20/SES206/SA206S17	SES206	2.41039	-59.5072	-61.9175
BLOCK20/SES206/SA206S24	SES206	1.68954	-59.7477	-61.4372
BLOCK20/SES206/SA206S27	SES206	1.65082	-60.3163	-61.9671
BLOCK20/SES206/SA206S29	SES206	1.79234	-59.2191	-61.0115
BLOCK22/SES226/SA226S12	SES226	1.50298	-61.8438	-63.3468
BLOCK22/SES226/SA226S13	SES226	0.14452	-62.5521	-62.6966
BLOCK22/SES226/SA226S20	SES226	1.45944	-62.0764	-63.5359
BLOCK22/SES226/SA226S23	SES226	1.65143	-61.2705	-62.9219
BLOCK22/SES226/SA226S28	SES226	1.72822	-61.171	-62.8992
BLOCK25/SES259/SA259S13	SES259	3.07286	-59.7564	-62.8292
BLOCK25/SES259/SA259S14	SES259	2.13697	-60.2656	-62.4025
BLOCK25/SES259/SA259S22	SES259	1.99894	-60.41	-62.4089
BLOCK25/SES259/SA259S24	SES259	2.30744	-59.2344	-61.5418
BLOCK25/SES259/SA259S28	SES259	1.7957	-60.3256	-62.1213
BLOCK27/SES270/SA270S14	SES270	2.35212	-61.6775	-64.0296
BLOCK27/SES270/SA270S16	SES270	0.928764	-61.9925	-62.9212
BLOCK27/SES270/SA270S22	SES270	2.7956	-61.1329	-63.9285
BLOCK27/SES270/SA270S26	SES270	1.60362	-62.418	-64.0216
BLOCK27/SES270/SA270S28	SES270	1.21329	-61.435	-62.6483
BLOCK27/SES275/SA275S17	SES275	0.712841	-63.4736	-64.1865
BLOCK27/SES275/SA275S18	SES275	0.87561	-63.7533	-64.6289
BLOCK27/SES275/SA275S24	SES275	0.928284	-64.0636	-64.9919
BLOCK27/SES275/SA275S26	SES275	1.46086	-62.5169	-63.9778
BLOCK27/SES275/SA275S28	SES275	0.619736	-62.8096	-63.4293
BLOCK29/SES292/SA292S10	SES292	0.195339	-63.4367	-63.632
BLOCK29/SES292/SA292S12	SES292	-0.13501	-64.8735	-64.7385
BLOCK29/SES292/SA292S22	SES292	1.39556	-62.4299	-63.8254
BLOCK29/SES292/SA292S24	SES292	0.0663834	-63.2315	-63.2979
BLOCK29/SES292/SA292S27	SES292	-0.041523	-62.9384	-62.8968
BLOCK00/SES001/SA001S14	SES062	-1.22816	-65.5639	-64.3357
BLOCK00/SES001/SA001S14	SES082	-2.18134	-66.5171	-64.3357
BLOCK00/SES001/SA001S14	SES106	-2.90899	-67.2447	-64.3357
BLOCK00/SES001/SA001S14	SES206	-3.15076	-67.4865	-64.3357
BLOCK00/SES001/SA001S15	SES062	-1.76043	-64.702	-62.9415
BLOCK00/SES001/SA001S15	SES104	-2.77137	-65.7129	-62.9415
BLOCK00/SES001/SA001S15	SES106	-3.0956	-66.0371	-62.9415
BLOCK00/SES001/SA001S15	SES206	-2.92922	-65.8707	-62.9415
BLOCK00/SES001/SA001S24	SES062	-2.64774	-67.1263	-64.4786
BLOCK00/SES001/SA001S24	SES082	-2.09413	-66.5727	-64.4786
BLOCK00/SES001/SA001S24	SES087	-3.91759	-68.3962	-64.4786
BLOCK00/SES001/SA001S24	SES206	-2.14816	-66.6268	-64.4786
BLOCK00/SES001/SA001S27	SES062	-1.75404	-64.2038	-62.4498
BLOCK00/SES001/SA001S27	SES082	-2.68078	-65.1305	-62.4498
BLOCK00/SES001/SA001S27	SES087	-3.66575	-66.1155	-62.4498
BLOCK00/SES001/SA001S27	SES206	-3.3288	-65.7786	-62.4498
BLOCK00/SES001/SA001S29	SES062	-2.45026	-66.7162	-64.266
BLOCK00/SES001/SA001S29	SES082	-1.91293	-66.1789	-64.266
BLOCK00/SES001/SA001S29	SES158	-1.43348	-65.6994	-64.266
BLOCK00/SES001/SA001S29	SES206	-3.66953	-67.9355	-64.266
BLOCK00/SES003/SA003S11	SES002	-1.49541	-64.7627	-63.2673
BLOCK00/SES003/SA003S11	SES019	-1.32808	-64.5954	-63.2673
BLOCK00/SES003/SA003S11	SES082	-0.0231972	-63.2905	-63.2673
BLOCK00/SES003/SA003S11	SES125	-1.15877	-64.426	-63.2673
BLOCK00/SES003/SA003S15	SES016	-4.86012	-67.5527	-62.6926
BLOCK00/SES003/SA003S15	SES019	-1.59489	-64.2875	-62.6926
BLOCK00/SES003/SA003S15	SES062	-2.52159	-65.2142	-62.6926
BLOCK00/SES003/SA003S15	SES206	-1.22256	-63.9151	-62.6926
BLOCK00/SES003/SA003S22	SES002	-2.45238	-65.4713	-63.0189
BLOCK00/SES003/SA003S22	SES062	-1.15454	-64.1734	-63.0189
BLOCK00/SES003/SA003S22	SES082	-1.17316	-64.192	-63.0189
BLOCK00/SES003/SA003S22	SES087	-1.94363	-64.9625	-63.0189
BLOCK00/SES003/SA003S25	SES062	-2.76621	-66.5907	-63.8245
BLOCK00/SES003/SA003S25	SES082	-0.00667953	-63.8312	-63.8245
BLOCK00/SES003/SA003S25	SES087	-2.07585	-65.9003	-63.8245
BLOCK00/SES003/SA003S25	SES206	-2.05856	-65.883	-63.8245
BLOCK00/SES003/SA003S29	SES002	-2.27921	-65.3803	-63.1011
BLOCK00/SES003/SA003S29	SES062	-1.92554	-65.0266	-63.1011
BLOCK00/SES003/SA003S29	SES082	-0.510357	-63.6114	-63.1011
BLOCK00/SES003/SA003S29	SES087	-2.0365	-65.1376	-63.1011
BLOCK00/SES004/SA004S12	SES083	-1.53483	-66.2337	-64.6989
BLOCK00/SES004/SA004S12	SES148	-1.55995	-66.2589	-64.6989
BLOCK00/SES004/SA004S12	SES172	-1.50661	-66.2055	-64.6989
BLOCK00/SES004/SA004S12	SES292	-1.34612	-66.045	-64.6989
BLOCK00/SES004/SA004S17	SES083	-1.25086	-66.0854	-64.8345
BLOCK00/SES004/SA004S17	SES162	-1.08331	-65.9178	-64.8345
BLOCK00/SES004/SA004S17	SES172	-0.852928	-65.6874	-64.8345
BLOCK00/SES004/SA004S17	SES292	-1.44374	-66.2782	-64.8345
BLOCK00/SES004/SA004S24	SES083	-1.16985	-65.5115	-64.3417
BLOCK00/SES004/SA004S24	SES148	-1.38676	-65.7284	-64.3417
BLOCK00/SES004/SA004S24	SES172	-0.94397	-65.2856	-64.3417
BLOCK00/SES004/SA004S24	SES292	-1.03496	-65.3766	-64.3417
BLOCK00/SES004/SA004S26	SES083	-0.443672	-64.6731	-64.2294
BLOCK00/SES004/SA004S26	SES127	-0.682426	-64.9118	-64.2294
BLOCK00/SES004/SA004S26	SES148	-1.85572	-66.0851	-64.2294
BLOCK00/SES004/SA004S26	SES292	-1.02776	-65.2572	-64.2294
BLOCK00/SES004/SA004S28	SES083	-1.25462	-65.3737	-64.119
BLOCK00/SES004/SA004S28	SES127	-1.17108	-65.2901	-64.119
BLOCK00/SES004/SA004S28	SES187	-0.64003	-64.7591	-64.119
BLOCK00/SES004/SA004S28	SES292	-1.19237	-65.3114	-64.119
BLOCK00/SES006/SA006S10	SES014	-2.60487	-67.5844	-64.9795
BLOCK00/SES006/SA006S10	SES158	-0.443245	-65.4228	-64.9795
BLOCK00/SES006/SA006S10	SES226	-2.55845	-67.538	-64.9795
BLOCK00/SES006/SA006S10	SES270	-0.68689	-65.6664	-64.9795
BLOCK00/SES006/SA006S11	SES158	-0.856697	-66.0735	-65.2168
BLOCK00/SES006/SA006S11	SES226	-2.19514	-67.412	-65.2168
BLOCK00/SES006/SA006S11	SES270	-0.489845	-65.7067	-65.2168
BLOCK00/SES006/SA006S11	SES275	-3.26675	-68.4836	-65.2168
BLOCK00/SES006/SA006S23	SES062	-2.03411	-65.5498	-63.5157
BLOCK00/SES006/SA006S23	SES105	-2.16895	-65.6847	-63.5157
BLOCK00/SES006/SA006S23	SES158	-1.09545	-64.6112	-63.5157
BLOCK00/SES006/SA006S23	SES275	-2.31085	-65.8266	-63.5157
BLOCK00/SES006/SA006S26	SES104	-1.81923	-65.5099	-63.6906
BLOCK00/SES006/SA006S26	SES158	-0.375286	-64.0659	-63.6906
BLOCK00/SES006/SA006S26	SES270	-0.57877	-64.2694	-63.6906
BLOCK00/SES006/SA006S26	SES275	-3.21775	-66.9084	-63.6906
BLOCK00/SES006/SA006S28	SES007	-2.64459	-67.3406	-64.696
BLOCK00/SES006/SA006S28	SES105	-2.10873	-66.8047	-64.696
BLOCK00/SES006/SA006S28	SES158	-1.02733	-65.7233	-64.696
BLOCK00/SES006/SA006S28	SES275	-3.23698	-67.933	-64.696
BLOCK00/SES009/SA009S12	SES083	-1.39596	-64.82	-63.424
BLOCK00/SES009/SA009S12	SES148	-1.32525	-64.7493	-63.424
BLOCK00/SES009/SA009S12	SES177	-1.82838	-65.2524	-63.424
BLOCK00/SES009/SA009S12	SES292	-0.630955	-64.055	-63.424
BLOCK00/SES009/SA009S15	SES007	0.968529	-61.7692	-62.7377
BLOCK00/SES009/SA009S15	SES099	-5.62776	-68.3655	-62.7377
BLOCK00/SES009/SA009S15	SES148	-1.64972	-64.3875	-62.7377
BLOCK00/SES009/SA009S15	SES172	-1.92727	-64.665	-62.7377
BLOCK00/SES009/SA009S24	SES146	-0.461742	-63.6868	-63.2251
BLOCK00/SES009/SA009S24	SES148	-1.15939	-64.3844	-63.2251
BLOCK00/SES009/SA009S24	SES177	-1.16579	-64.3908	-63.2251
BLOCK00/SES009/SA009S24	SES292	-0.34351	-63.5686	-63.2251
BLOCK00/SES009/SA009S26	SES083	-1.47563	-64.8505	-63.3749
BLOCK00/SES009/SA009S26	SES101	-0.993263	-64.3682	-63.3749
BLOCK00/SES009/SA009S26	SES120	-0.788811	-64.1637	-63.3749
BLOCK00/SES009/SA009S26	SES177	-1.96851	-65.3434	-63.3749
BLOCK00/SES009/SA009S29	SES083	-0.760056	-63.3418	-62.5817
BLOCK00/SES009/SA009S29	SES101	-0.546917	-63.1286	-62.5817
BLOCK00/SES009/SA009S29	SES177	-1.92875	-64.5105	-62.5817
BLOCK00/SES009/SA009S29	SES292	-0.674068	-63.2558	-62.5817
BLOCK01/SES011/SA011S10	SES019	-0.506302	-63.2831	-62.7768
BLOCK01/SES011/SA011S10	SES042	-0.562874	-63.3396	-62.7768
BLOCK01/SES011/SA011S10	SES082	-1.49038	-64.2671	-62.7768
BLOCK01/SES011/SA011S10	SES206	-0.40414	-63.1809	-62.7768
BLOCK01/SES011/SA011S11	SES019	-0.51865	-64.1855	-63.6669
BLOCK01/SES011/SA011S11	SES042	-0.938564	-64.6055	-63.6669
BLOCK01/SES011/SA011S11	SES082	-1.48695	-65.1538	-63.6669
BLOCK01/SES011/SA011S11	SES206	-0.734859	-64.4018	-63.6669
BLOCK01/SES011/SA011S22	SES019	0.00186157	-63.6085	-63.6103
BLOCK01/SES011/SA011S22	SES042	-0.668491	-64.2788	-63.6103
BLOCK01/SES011/SA011S22	SES082	-0.604145	-64.2145	-63.6103
BLOCK01/SES011/SA011S22	SES206	-0.456806	-64.0671	-63.6103
BLOCK01/SES011/SA011S24	SES019	-0.49683	-63.1381	-62.6413
BLOCK01/SES011/SA011S24	SES042	-0.343231	-62.9845	-62.6413
BLOCK01/SES011/SA011S24	SES104	-1.32354	-63.9648	-62.6413
BLOCK01/SES011/SA011S24	SES206	0.00252151	-62.6387	-62.6413
BLOCK01/SES011/SA011S27	SES082	0.168873	-62.7767	-62.9456
BLOCK01/SES011/SA011S27	SES087	-1.24389	-64.1895	-62.9456
BLOCK01/SES011/SA011S27	SES125	-0.446865	-63.3924	-62.9456
BLOCK01/SES011/SA011S27	SES206	-0.141533	-63.0871	-62.9456
BLOCK01/SES012/SA012S11	SES007	-2.31023	-63.711	-61.4007
BLOCK01/SES012/SA012S11	SES082	-1.26541	-62.6661	-61.4007
BLOCK01/SES012/SA012S11	SES083	-2.24205	-63.6428	-61.4007
BLOCK01/SES012/SA012S11	SES206	-0.612309	-62.013	-61.4007
BLOCK01/SES012/SA012S14	SES082	-0.938942	-63.0762	-62.1373
BLOCK01/SES012/SA012S14	SES087	-1.38952	-63.5268	-62.1373
BLOCK01/SES012/SA012S14	SES206	-0.458134	-62.5954	-62.1373
BLOCK01/SES012/SA012S14	SES292	-3.07819	-65.2155	-62.1373
BLOCK01/SES012/SA012S24	SES082	0.0217972	-62.8672	-62.889
BLOCK01/SES012/SA012S24	SES087	-0.73262	-63.6216	-62.889
BLOCK01/SES012/SA012S24	SES120	-3.55817	-66.4472	-62.889
BLOCK01/SES012/SA012S24	SES206	0.0190582	-62.87	-62.889
BLOCK01/SES012/SA012S26	SES019	-2.12869	-63.6664	-61.5377
BLOCK01/SES012/SA012S26	SES082	-1.7267	-63.2644	-61.5377
BLOCK01/SES012/SA012S26	SES206	-0.227512	-61.7652	-61.5377
BLOCK01/SES012/SA012S26	SES292	-3.44257	-64.9803	-61.5377
BLOCK01/SES012/SA012S29	SES062	-2.32291	-63.9603	-61.6374
BLOCK01/SES012/SA012S29	SES082	-0.755619	-62.393	-61.6374
BLOCK01/SES012/SA012S29	SES083	-2.2536	-63.891	-61.6374
BLOCK01/SES012/SA012S29	SES206	-0.562153	-62.1996	-61.6374
BLOCK01/SES013/SA013S16	SES062	-3.71201	-66.0327	-62.3207
BLOCK01/SES013/SA013S16	SES106	-0.866978	-63.1877	-62.3207
BLOCK01/SES013/SA013S16	SES206	-1.09777	-63.4185	-62.3207
BLOCK01/SES013/SA013S16	SES226	-0.421635	-62.7423	-62.3207
BLOCK01/SES013/SA013S17	SES062	-3.24326	-64.9056	-61.6624
BLOCK01/SES013/SA013S17	SES106	-1.50717	-63.1696	-61.6624
BLOCK01/SES013/SA013S17	SES206	-0.299984	-61.9624	-61.6624
BLOCK01/SES013/SA013S17	SES226	-0.333015	-61.9954	-61.6624
BLOCK01/SES013/SA013S23	SES104	-1.38126	-64.1852	-62.8039
BLOCK01/SES013/SA013S23	SES106	-0.728497	-63.5324	-62.8039
BLOCK01/SES013/SA013S23	SES206	-1.23322	-64.0371	-62.8039
BLOCK01/SES013/SA013S23	SES270	-0.39098	-63.1949	-62.8039
BLOCK01/SES013/SA013S25	SES042	-1.70793	-63.2171	-61.5092
BLOCK01/SES013/SA013S25	SES104	-1.34663	-62.8558	-61.5092
BLOCK01/SES013/SA013S25	SES106	-0.72731	-62.2365	-61.5092
BLOCK01/SES013/SA013S25	SES206	-1.00101	-62.5102	-61.5092
BLOCK01/SES013/SA013S29	SES062	-4.02075	-66.4725	-62.4518
BLOCK01/SES013/SA013S29	SES104	-1.45412	-63.9059	-62.4518
BLOCK01/SES013/SA013S29	SES106	-0.651405	-63.1032	-62.4518
BLOCK01/SES013/SA013S29	SES206	-0.907993	-63.3598	-62.4518
BLOCK02/SES021/SA021S13	SES016	-5.05091	-67.721	-62.6701
BLOCK02/SES021/SA021S13	SES029	-3.69144	-66.3615	-62.6701
BLOCK02/SES021/SA021S13	SES087	-1.48077	-64.1509	-62.6701
BLOCK02/SES021/SA021S13	SES206	-0.473255	-63.1434	-62.6701
BLOCK02/SES021/SA021S15	SES087	-0.916573	-62.1002	-61.1836
BLOCK02/SES021/SA021S15	SES125	-0.163731	-61.3473	-61.1836
BLOCK02/SES021/SA021S15	SES206	-0.256084	-61.4397	-61.1836
BLOCK02/SES021/SA021S15	SES226	-0.912884	-62.0965	-61.1836
BLOCK02/SES021/SA021S23	SES062	-3.06274	-66.5912	-63.5284
BLOCK02/SES021/SA021S23	SES087	-2.08276	-65.6112	-63.5284
BLOCK02/SES021/SA021S23	SES206	-1.40186	-64.9303	-63.5284
BLOCK02/SES021/SA021S23	SES226	-0.947746	-64.4762	-63.5284
BLOCK02/SES021/SA021S27	SES002	-1.99856	-64.009	-62.0104
BLOCK02/SES021/SA021S27	SES016	-4.30333	-66.3137	-62.0104
BLOCK02/SES021/SA021S27	SES019	-1.69724	-63.7077	-62.0104
BLOCK02/SES021/SA021S27	SES062	-1.62294	-63.6334	-62.0104
BLOCK02/SES021/SA021S29	SES087	-1.59101	-63.4315	-61.8405
BLOCK02/SES021/SA021S29	SES125	-0.540798	-62.3813	-61.8405
BLOCK02/SES021/SA021S29	SES206	-0.746666	-62.5872	-61.8405
BLOCK02/SES021/SA021S29	SES226	-0.87191	-62.7124	-61.8405
BLOCK04/SES043/SA043S09	SES083	-1.36837	-66.1746	-64.8062
BLOCK04/SES043/SA043S09	SES101	-2.18858	-66.9948	-64.8062
BLOCK04/SES043/SA043S09	SES144	-0.154945	-64.9612	-64.8062
BLOCK04/SES043/SA043S09	SES172	-2.58124	-67.3875	-64.8062
BLOCK04/SES043/SA043S11	SES083	-0.498966	-64.0245	-63.5255
BLOCK04/SES043/SA043S11	SES101	-1.1389	-64.6644	-63.5255
BLOCK04/SES043/SA043S11	SES144	-0.0794296	-63.605	-63.5255
BLOCK04/SES043/SA043S11	SES172	-1.23999	-64.7655	-63.5255
BLOCK04/SES043/SA043S23	SES083	-0.194023	-63.8617	-63.6677
BLOCK04/SES043/SA043S23	SES144	0.319622	-63.3481	-63.6677
BLOCK04/SES043/SA043S23	SES177	-2.7346	-66.4023	-63.6677
BLOCK04/SES043/SA043S23	SES275	-0.290131	-63.9578	-63.6677
BLOCK04/SES043/SA043S26	SES083	-0.465771	-64.3039	-63.8381
BLOCK04/SES043/SA043S26	SES101	-0.960957	-64.7991	-63.8381
BLOCK04/SES043/SA043S26	SES144	0.0145988	-63.8235	-63.8381
BLOCK04/SES043/SA043S26	SES177	-1.71266	-65.5508	-63.8381
BLOCK04/SES043/SA043S28	SES016	-1.02837	-63.9269	-62.8986
BLOCK04/SES043/SA043S28	SES083	-0.809742	-63.7083	-62.8986
BLOCK04/SES043/SA043S28	SES101	-0.831718	-63.7303	-62.8986
BLOCK04/SES043/SA043S28	SES144	-0.551849	-63.4504	-62.8986
BLOCK04/SES044/SA044S10	SES127	-1.97048	-68.5304	-66.5599
BLOCK04/SES044/SA044S10	SES144	-0.290115	-66.85	-66.5599
BLOCK04/SES044/SA044S10	SES147	-2.96267	-69.5226	-66.5599
BLOCK04/SES044/SA044S10	SES148	-1.61635	-68.1763	-66.5599
BLOCK04/SES044/SA044S11	SES101	-0.680367	-66.2228	-65.5424
BLOCK04/SES044/SA044S11	SES144	0.310257	-65.2322	-65.5424
BLOCK04/SES044/SA044S11	SES147	-1.99918	-67.5416	-65.5424
BLOCK04/SES044/SA044S11	SES177	-1.48183	-67.0243	-65.5424
BLOCK04/SES044/SA044S24	SES007	-1.3973	-66.2837	-64.8864
BLOCK04/SES044/SA044S24	SES101	-0.624512	-65.5109	-64.8864
BLOCK04/SES044/SA044S24	SES147	-3.41196	-68.2984	-64.8864
BLOCK04/SES044/SA044S24	SES177	-2.49753	-67.3839	-64.8864
BLOCK04/SES044/SA044S26	SES007	-1.49033	-65.7159	-64.2255
BLOCK04/SES044/SA044S26	SES016	-0.348801	-64.5743	-64.2255
BLOCK04/SES044/SA044S26	SES101	-0.665443	-64.891	-64.2255
BLOCK04/SES044/SA044S26	SES147	-1.32109	-65.5466	-64.2255
BLOCK04/SES044/SA044S29	SES007	-1.28542	-64.8262	-63.5408
BLOCK04/SES044/SA044S29	SES101	-0.216492	-63.7573	-63.5408
BLOCK04/SES044/SA044S29	SES147	-1.62695	-65.1677	-63.5408
BLOCK04/SES044/SA044S29	SES177	-1.90264	-65.4434	-63.5408
BLOCK04/SES046/SA046S13	SES101	-2.80616	-67.4257	-64.6195
BLOCK04/SES046/SA046S13	SES144	-0.553154	-65.1727	-64.6195
BLOCK04/SES046/SA046S13	SES147	-1.88878	-66.5083	-64.6195
BLOCK04/SES046/SA046S13	SES177	-0.992676	-65.6122	-64.6195
BLOCK04/SES046/SA046S15	SES048	-1.80308	-64.7725	-62.9694
BLOCK04/SES046/SA046S15	SES083	-0.772194	-63.7416	-62.9694
BLOCK04/SES046/SA046S15	SES120	-1.49034	-64.4598	-62.9694
BLOCK04/SES046/SA046S15	SES148	-0.980892	-63.9503	-62.9694
BLOCK04/SES046/SA046S22	SES101	-0.504311	-65.0469	-64.5426
BLOCK04/SES046/SA046S22	SES144	0.129082	-64.4135	-64.5426
BLOCK04/SES046/SA046S22	SES147	-1.14724	-65.6898	-64.5426
BLOCK04/SES046/SA046S22	SES172	-0.848839	-65.3914	-64.5426
BLOCK04/SES046/SA046S25	SES083	-0.91103	-64.6741	-63.7631
BLOCK04/SES046/SA046S25	SES127	-0.786526	-64.5496	-63.7631
BLOCK04/SES046/SA046S25	SES144	-0.895481	-64.6586	-63.7631
BLOCK04/SES046/SA046S25	SES148	-0.984165	-64.7473	-63.7631
BLOCK04/SES046/SA046S28	SES007	-2.19022	-66.4185	-64.2283
BLOCK04/SES046/SA046S28	SES105	-2.37264	-66.601	-64.2283
BLOCK04/SES046/SA046S28	SES147	-2.01492	-66.2432	-64.2283
BLOCK04/SES046/SA046S28	SES148	-0.583199	-64.8115	-64.2283
BLOCK04/SES049/SA049S16	SES104	-1.35809	-64.8112	-63.4532
BLOCK04/SES049/SA049S16	SES106	-1.70383	-65.157	-63.4532
BLOCK04/SES049/SA049S16	SES120	-2.93552	-66.3887	-63.4532
BLOCK04/SES049/SA049S16	SES206	-1.33097	-64.7841	-63.4532
BLOCK04/SES049/SA049S18	SES099	-0.616844	-65.1969	-64.5801
BLOCK04/SES049/SA049S18	SES104	-1.81577	-66.3958	-64.5801
BLOCK04/SES049/SA049S18	SES125	-2.06722	-66.6473	-64.5801
BLOCK04/SES049/SA049S18	SES206	-1.31022	-65.8903	-64.5801
BLOCK04/SES049/SA049S25	SES087	-1.00489	-64.2593	-63.2544
BLOCK04/SES049/SA049S25	SES104	-0.560734	-63.8151	-63.2544
BLOCK04/SES049/SA049S25	SES125	-1.33757	-64.5919	-63.2544
BLOCK04/SES049/SA049S25	SES206	-0.279675	-63.534	-63.2544
BLOCK04/SES049/SA049S27	SES099	-0.725124	-63.9732	-63.2481
BLOCK04/SES049/SA049S27	SES104	-0.0834503	-63.3315	-63.2481
BLOCK04/SES049/SA049S27	SES125	-1.33476	-64.5829	-63.2481
BLOCK04/SES049/SA049S27	SES206	-0.766506	-64.0146	-63.2481
BLOCK04/SES049/SA049S29	SES099	-0.383411	-62.6543	-62.2709
BLOCK04/SES049/SA049S29	SES104	0.057682	-62.2132	-62.2709
BLOCK04/SES049/SA049S29	SES125	-0.621239	-62.8921	-62.2709
BLOCK04/SES049/SA049S29	SES206	0.0130882	-62.2578	-62.2709
BLOCK06/SES063/SA063S09	SES068	-1.10995	-64.5976	-63.4876
BLOCK06/SES063/SA063S09	SES083	-0.279324	-63.767	-63.4876
BLOCK06/SES063/SA063S09	SES177	-0.843102	-64.3307	-63.4876
BLOCK06/SES063/SA063S09	SES187	-0.636887	-64.1245	-63.4876
BLOCK06/SES063/SA063S10	SES068	-1.21557	-65.1694	-63.9538
BLOCK06/SES063/SA063S10	SES083	-0.0593224	-64.0132	-63.9538
BLOCK06/SES063/SA063S10	SES172	0.0398483	-63.914	-63.9538
BLOCK06/SES063/SA063S10	SES187	-0.919758	-64.8736	-63.9538
BLOCK06/SES063/SA063S20	SES068	-2.32037	-66.3782	-64.0579
BLOCK06/SES063/SA063S20	SES083	-0.613228	-64.6711	-64.0579
BLOCK06/SES063/SA063S20	SES172	-1.33917	-65.397	-64.0579
BLOCK06/SES063/SA063S20	SES187	-0.400223	-64.4581	-64.0579
BLOCK06/SES063/SA063S24	SES029	-1.0214	-64.3676	-63.3462
BLOCK06/SES063/SA063S24	SES083	0.121971	-63.2243	-63.3462
BLOCK06/SES063/SA063S24	SES177	-0.362137	-63.7084	-63.3462
BLOCK06/SES063/SA063S24	SES189	-0.0806427	-63.4269	-63.3462
BLOCK06/SES063/SA063S27	SES083	-0.445183	-64.7804	-64.3352
BLOCK06/SES063/SA063S27	SES172	-0.15683	-64.492	-64.3352
BLOCK06/SES063/SA063S27	SES187	-0.885468	-65.2207	-64.3352
BLOCK06/SES063/SA063S27	SES292	-2.31422	-66.6494	-64.3352
BLOCK06/SES067/SA067S12	SES083	-1.52055	-65.1436	-63.623
BLOCK06/SES067/SA067S12	SES172	-2.83312	-66.4562	-63.623
BLOCK06/SES067/SA067S12	SES202	0.0734863	-63.5495	-63.623
BLOCK06/SES067/SA067S12	SES292	-1.71794	-65.341	-63.623
BLOCK06/SES067/SA067S14	SES085	-1.16706	-63.5969	-62.4298
BLOCK06/SES067/SA067S14	SES177	-1.17569	-63.6055	-62.4298
BLOCK06/SES067/SA067S14	SES183	-1.37641	-63.8062	-62.4298
BLOCK06/SES067/SA067S14	SES202	-0.351219	-62.7811	-62.4298
BLOCK06/SES067/SA067S21	SES144	-0.640228	-65.1187	-64.4785
BLOCK06/SES067/SA067S21	SES177	-0.660004	-65.1385	-64.4785
BLOCK06/SES067/SA067S21	SES183	-2.72728	-67.2058	-64.4785
BLOCK06/SES067/SA067S21	SES189	0.263527	-64.215	-64.4785
BLOCK06/SES067/SA067S25	SES085	-0.85746	-64.7265	-63.8691
BLOCK06/SES067/SA067S25	SES177	-0.907539	-64.7766	-63.8691
BLOCK06/SES067/SA067S25	SES183	-1.25217	-65.1212	-63.8691
BLOCK06/SES067/SA067S25	SES202	0.168083	-63.701	-63.8691
BLOCK06/SES067/SA067S29	SES085	-0.710373	-64.9375	-64.2271
BLOCK06/SES067/SA067S29	SES177	-1.33	-65.5571	-64.2271
BLOCK06/SES067/SA067S29	SES183	-1.32788	-65.555	-64.2271
BLOCK06/SES067/SA067S29	SES202	0.504822	-63.7223	-64.2271
BLOCK06/SES069/SA069S12	SES029	-2.67105	-65.3714	-62.7004
BLOCK06/SES069/SA069S12	SES082	-0.576134	-63.2765	-62.7004
BLOCK06/SES069/SA069S12	SES087	-1.7611	-64.4615	-62.7004
BLOCK06/SES069/SA069S12	SES206	-1.41652	-64.1169	-62.7004
BLOCK06/SES069/SA069S13	SES029	-3.14392	-65.4379	-62.294
BLOCK06/SES069/SA069S13	SES087	-2.04159	-64.3356	-62.294
BLOCK06/SES069/SA069S13	SES206	-1.54245	-63.8364	-62.294
BLOCK06/SES069/SA069S13	SES226	-1.78124	-64.0752	-62.294
BLOCK06/SES069/SA069S23	SES029	-2.09145	-63.069	-60.9775
BLOCK06/SES069/SA069S23	SES087	-2.31823	-63.2958	-60.9775
BLOCK06/SES069/SA069S23	SES206	-1.52086	-62.4984	-60.9775
BLOCK06/SES069/SA069S23	SES226	-0.849354	-61.8269	-60.9775
BLOCK06/SES069/SA069S25	SES087	-1.64299	-62.9586	-61.3156
BLOCK06/SES069/SA069S25	SES206	-1.73654	-63.0522	-61.3156
BLOCK06/SES069/SA069S25	SES226	-0.947716	-62.2633	-61.3156
BLOCK06/SES069/SA069S25	SES270	-1.3467	-62.6623	-61.3156
BLOCK06/SES069/SA069S27	SES087	-2.108	-63.733	-61.625
BLOCK06/SES069/SA069S27	SES206	-0.760475	-62.3855	-61.625
BLOCK06/SES069/SA069S27	SES226	0.0168648	-61.6081	-61.625
BLOCK06/SES069/SA069S27	SES270	-1.05952	-62.6845	-61.625
BLOCK08/SES081/SA081S11	SES060	-1.65755	-65.2343	-63.5767
BLOCK08/SES081/SA081S11	SES062	-2.41041	-65.9871	-63.5767
BLOCK08/SES081/SA081S11	SES117	-1.03703	-64.6137	-63.5767
BLOCK08/SES081/SA081S11	SES162	-1.23157	-64.8083	-63.5767
BLOCK08/SES081/SA081S13	SES016	-0.555828	-63.5366	-62.9808
BLOCK08/SES081/SA081S13	SES060	-0.403358	-63.3842	-62.9808
BLOCK08/SES081/SA081S13	SES068	-0.128357	-63.1092	-62.9808
BLOCK08/SES081/SA081S13	SES129	-1.57661	-64.5574	-62.9808
BLOCK08/SES081/SA081S24	SES060	-0.495026	-63.9772	-63.4821
BLOCK08/SES081/SA081S24	SES068	-0.423084	-63.9052	-63.4821
BLOCK08/SES081/SA081S24	SES117	-0.925365	-64.4075	-63.4821
BLOCK08/SES081/SA081S24	SES275	-1.50915	-64.9913	-63.4821
BLOCK08/SES081/SA081S27	SES007	-1.34109	-64.8876	-63.5465
BLOCK08/SES081/SA081S27	SES060	-1.52901	-65.0755	-63.5465
BLOCK08/SES081/SA081S27	SES117	-0.211376	-63.7578	-63.5465
BLOCK08/SES081/SA081S27	SES275	-1.76287	-65.3093	-63.5465
BLOCK08/SES081/SA081S29	SES007	-1.3033	-64.515	-63.2117
BLOCK08/SES081/SA081S29	SES060	-0.875347	-64.0871	-63.2117
BLOCK08/SES081/SA081S29	SES117	-0.214893	-63.4266	-63.2117
BLOCK08/SES081/SA081S29	SES275	-1.31353	-64.5252	-63.2117
BLOCK08/SES086/SA086S11	SES029	-4.43855	-68.819	-64.3805
BLOCK08/SES086/SA086S11	SES082	-1.86742	-66.2479	-64.3805
BLOCK08/SES086/SA086S11	SES087	-0.731842	-65.1123	-64.3805
BLOCK08/SES086/SA086S11	SES206	-1.67906	-66.0596	-64.3805
BLOCK08/SES086/SA086S12	SES029	-4.04271	-67.1582	-63.1155
BLOCK08/SES086/SA086S12	SES082	-0.8843	-63.9998	-63.1155
BLOCK08/SES086/SA086S12	SES087	0.240849	-62.8747	-63.1155
BLOCK08/SES086/SA086S12	SES206	-0.906033	-64.0216	-63.1155
BLOCK08/SES086/SA086S20	SES029	-4.72831	-66.9976	-62.2692
BLOCK08/SES086/SA086S20	SES082	-1.15396	-63.4232	-62.2692
BLOCK08/SES086/SA086S20	SES087	0.299084	-61.9702	-62.2692
BLOCK08/SES086/SA086S20	SES206	-0.20713	-62.4764	-62.2692
BLOCK08/SES086/SA086S24	SES087	0.363232	-62.7409	-63.1042
BLOCK08/SES086/SA086S24	SES104	-0.938988	-64.0432	-63.1042
BLOCK08/SES086/SA086S24	SES120	-3.43118	-66.5354	-63.1042
BLOCK08/SES086/SA086S24	SES206	0.368118	-62.7361	-63.1042
BLOCK08/SES086/SA086S28	SES029	-3.1827	-65.3608	-62.1781
BLOCK08/SES086/SA086S28	SES082	-1.09949	-63.2776	-62.1781
BLOCK08/SES086/SA086S28	SES087	0.376553	-61.8016	-62.1781
BLOCK08/SES086/SA086S28	SES206	-0.382553	-62.5607	-62.1781
BLOCK08/SES089/SA089S13	SES087	-1.8868	-65.1423	-63.2555
BLOCK08/SES089/SA089S13	SES206	-2.0313	-65.2868	-63.2555
BLOCK08/SES089/SA089S13	SES226	-1.24312	-64.4986	-63.2555
BLOCK08/SES089/SA089S13	SES270	-2.72589	-65.9814	-63.2555
BLOCK08/SES089/SA089S14	SES062	-2.21769	-65.1505	-62.9328
BLOCK08/SES089/SA089S14	SES087	-0.393986	-63.3268	-62.9328
BLOCK08/SES089/SA089S14	SES206	-0.53471	-63.4675	-62.9328
BLOCK08/SES089/SA089S14	SES226	-0.378036	-63.3108	-62.9328
BLOCK08/SES089/SA089S23	SES087	-1.60468	-66.1996	-64.595
BLOCK08/SES089/SA089S23	SES206	-1.30061	-65.8956	-64.595
BLOCK08/SES089/SA089S23	SES226	-0.84594	-65.4409	-64.595
BLOCK08/SES089/SA089S23	SES270	-2.08936	-66.6843	-64.595
BLOCK08/SES089/SA089S25	SES062	-2.65987	-65.7761	-63.1163
BLOCK08/SES089/SA089S25	SES087	-1.0244	-64.1407	-63.1163
BLOCK08/SES089/SA089S25	SES206	-1.33251	-64.4488	-63.1163
BLOCK08/SES089/SA089S25	SES226	0.0680351	-63.0482	-63.1163
BLOCK08/SES089/SA089S28	SES062	-1.96096	-65.5369	-63.576
BLOCK08/SES089/SA089S28	SES087	-0.819538	-64.3955	-63.576
BLOCK08/SES089/SA089S28	SES206	-0.498356	-64.0743	-63.576
BLOCK08/SES089/SA089S28	SES226	0.0434837	-63.5325	-63.576
BLOCK09/SES097/SA097S11	SES099	-0.0927544	-63.5572	-63.4645
BLOCK09/SES097/SA097S11	SES125	-1.44804	-64.9125	-63.4645
BLOCK09/SES097/SA097S11	SES206	-1.05223	-64.5167	-63.4645
BLOCK09/SES097/SA097S11	SES226	0.197853	-63.2666	-63.4645
BLOCK09/SES097/SA097S14	SES062	-2.4532	-65.7138	-63.2606
BLOCK09/SES097/SA097S14	SES099	-1.02125	-64.2819	-63.2606
BLOCK09/SES097/SA097S14	SES104	-1.15557	-64.4162	-63.2606
BLOCK09/SES097/SA097S14	SES206	-1.24028	-64.5009	-63.2606
BLOCK09/SES097/SA097S22	SES099	-0.0568695	-63.4944	-63.4375
BLOCK09/SES097/SA097S22	SES206	-1.37205	-64.8096	-63.4375
BLOCK09/SES097/SA097S22	SES226	-0.835827	-64.2734	-63.4375
BLOCK09/SES097/SA097S22	SES270	-0.102867	-63.5404	-63.4375
BLOCK09/SES097/SA097S26	SES099	-0.297016	-63.1325	-62.8355
BLOCK09/SES097/SA097S26	SES120	-3.25357	-66.089	-62.8355
BLOCK09/SES097/SA097S26	SES206	-1.04784	-63.8833	-62.8355
BLOCK09/SES097/SA097S26	SES226	-1.10003	-63.9355	-62.8355
BLOCK09/SES097/SA097S28	SES099	-0.357235	-63.6603	-63.303
BLOCK09/SES097/SA097S28	SES120	-2.59686	-65.8999	-63.303
BLOCK09/SES097/SA097S28	SES206	-1.40115	-64.7042	-63.303
BLOCK09/SES097/SA097S28	SES226	-1.11032	-64.4134	-63.303
BLOCK09/SES098/SA098S11	SES127	-2.53873	-68.2367	-65.698
BLOCK09/SES098/SA098S11	SES144	-0.789177	-66.4872	-65.698
BLOCK09/SES098/SA098S11	SES147	-0.330994	-66.029	-65.698
BLOCK09/SES098/SA098S11	SES148	-2.09642	-67.7944	-65.698
BLOCK09/SES098/SA098S12	SES127	-4.00462	-70.81	-66.8054
BLOCK09/SES098/SA098S12	SES144	-1.26328	-68.0687	-66.8054
BLOCK09/SES098/SA098S12	SES147	-0.604828	-67.4103	-66.8054
BLOCK09/SES098/SA098S12	SES189	-0.159119	-66.9645	-66.8054
BLOCK09/SES098/SA098S20	SES127	-3.43377	-69.3605	-65.9268
BLOCK09/SES098/SA098S20	SES147	-0.0815659	-66.0083	-65.9268
BLOCK09/SES098/SA098S20	SES148	-2.52131	-68.4481	-65.9268
BLOCK09/SES098/SA098S20	SES292	-2.94977	-68.8765	-65.9268
BLOCK09/SES098/SA098S23	SES127	-1.65232	-66.5096	-64.8573
BLOCK09/SES098/SA098S23	SES147	-0.613152	-65.4704	-64.8573
BLOCK09/SES098/SA098S23	SES187	-0.69957	-65.5569	-64.8573
BLOCK09/SES098/SA098S23	SES292	-2.68002	-67.5373	-64.8573
BLOCK09/SES098/SA098S27	SES127	-2.105	-67.92	-65.815
BLOCK09/SES098/SA098S27	SES147	-0.860542	-66.6756	-65.815
BLOCK09/SES098/SA098S27	SES148	-2.82865	-68.6437	-65.815
BLOCK09/SES098/SA098S27	SES292	-1.92694	-67.742	-65.815
BLOCK10/SES102/SA102S13	SES101	-0.0408249	-64.6585	-64.6177
BLOCK10/SES102/SA102S13	SES105	-1.31837	-65.936	-64.6177
BLOCK10/SES102/SA102S13	SES120	-1.27126	-65.8889	-64.6177
BLOCK10/SES102/SA102S13	SES158	-7.13905	-71.7567	-64.6177
BLOCK10/SES102/SA102S14	SES007	0.174747	-62.9606	-63.1353
BLOCK10/SES102/SA102S14	SES101	0.0898209	-63.0455	-63.1353
BLOCK10/SES102/SA102S14	SES105	-0.196022	-63.3314	-63.1353
BLOCK10/SES102/SA102S14	SES147	-2.11779	-65.2531	-63.1353
BLOCK10/SES102/SA102S22	SES007	-0.656982	-64.0089	-63.3519
BLOCK10/SES102/SA102S22	SES101	-0.162117	-63.514	-63.3519
BLOCK10/SES102/SA102S22	SES105	-0.455189	-63.8071	-63.3519
BLOCK10/SES102/SA102S22	SES158	-3.9472	-67.2991	-63.3519
BLOCK10/SES102/SA102S25	SES007	-0.130924	-63.6497	-63.5188
BLOCK10/SES102/SA102S25	SES101	-0.350765	-63.8696	-63.5188
BLOCK10/SES102/SA102S25	SES105	-0.447105	-63.9659	-63.5188
BLOCK10/SES102/SA102S25	SES147	-3.49768	-67.0165	-63.5188
BLOCK10/SES102/SA102S27	SES007	-0.694118	-64.6674	-63.9733
BLOCK10/SES102/SA102S27	SES101	-0.0485878	-64.0219	-63.9733
BLOCK10/SES102/SA102S27	SES105	-0.596806	-64.5701	-63.9733
BLOCK10/SES102/SA102S27	SES147	-2.33219	-66.3055	-63.9733
BLOCK10/SES103/SA103S14	SES105	-3.06988	-67.1015	-64.0316
BLOCK10/SES103/SA103S14	SES106	-0.689697	-64.7213	-64.0316
BLOCK10/SES103/SA103S14	SES120	-3.1206	-67.1522	-64.0316
BLOCK10/SES103/SA103S14	SES206	-1.41599	-65.4476	-64.0316
BLOCK10/SES103/SA103S15	SES099	-1.12706	-65.8238	-64.6968
BLOCK10/SES103/SA103S15	SES101	-4.3114	-69.0082	-64.6968
BLOCK10/SES103/SA103S15	SES104	-1.30885	-66.0056	-64.6968
BLOCK10/SES103/SA103S15	SES125	-1.22588	-65.9227	-64.6968
BLOCK10/SES103/SA103S24	SES104	-1.66744	-64.8173	-63.1499
BLOCK10/SES103/SA103S24	SES125	-1.68127	-64.8312	-63.1499
BLOCK10/SES103/SA103S24	SES148	-3.0313	-66.1812	-63.1499
BLOCK10/SES103/SA103S24	SES158	-0.699566	-63.8495	-63.1499
BLOCK10/SES103/SA103S26	SES104	-1.86891	-66.2166	-64.3477
BLOCK10/SES103/SA103S26	SES106	-1.13609	-65.4838	-64.3477
BLOCK10/SES103/SA103S26	SES125	-1.48456	-65.8322	-64.3477
BLOCK10/SES103/SA103S26	SES148	-3.03569	-67.3834	-64.3477
BLOCK10/SES103/SA103S28	SES104	-1.99664	-66.8726	-64.876
BLOCK10/SES103/SA103S28	SES106	-1.48756	-66.3635	-64.876
BLOCK10/SES103/SA103S28	SES125	-2.40453	-67.2805	-64.876
BLOCK10/SES103/SA103S28	SES206	-2.687	-67.563	-64.876
BLOCK12/SES121/SA121S12	SES042	-2.26788	-67.6265	-65.3586
BLOCK12/SES121/SA121S12	SES087	-1.11741	-66.476	-65.3586
BLOCK12/SES121/SA121S12	SES105	-2.21883	-67.5774	-65.3586
BLOCK12/SES121/SA121S12	SES206	-0.91613	-66.2747	-65.3586
BLOCK12/SES121/SA121S14	SES007	-3.23196	-69.1963	-65.9644
BLOCK12/SES121/SA121S14	SES105	-2.70902	-68.6734	-65.9644
BLOCK12/SES121/SA121S14	SES106	-1.64207	-67.6064	-65.9644
BLOCK12/SES121/SA121S14	SES206	-1.6216	-67.586	-65.9644
BLOCK12/SES121/SA121S23	SES105	-2.32786	-67.9145	-65.5866
BLOCK12/SES121/SA121S23	SES106	-1.28729	-66.8739	-65.5866
BLOCK12/SES121/SA121S23	SES120	-3.20082	-68.7874	-65.5866
BLOCK12/SES121/SA121S23	SES206	-1.50639	-67.093	-65.5866
BLOCK12/SES121/SA121S25	SES007	-3.28159	-69.6223	-66.3407
BLOCK12/SES121/SA121S25	SES105	-3.1487	-69.4894	-66.3407
BLOCK12/SES121/SA121S25	SES106	-1.53288	-67.8736	-66.3407
BLOCK12/SES121/SA121S25	SES206	-1.7662	-68.1069	-66.3407
BLOCK12/SES121/SA121S27	SES087	-1.07335	-65.8172	-64.7439
BLOCK12/SES121/SA121S27	SES105	-3.69896	-68.4428	-64.7439
BLOCK12/SES121/SA121S27	SES120	-3.67142	-68.4153	-64.7439
BLOCK12/SES121/SA121S27	SES206	-1.49974	-66.2436	-64.7439
BLOCK12/SES124/SA124S16	SES042	-0.404911	-63.5072	-63.1023
BLOCK12/SES124/SA124S16	SES082	-0.667473	-63.7698	-63.1023
BLOCK12/SES124/SA124S16	SES183	-4.00236	-67.1047	-63.1023
BLOCK12/SES124/SA124S16	SES206	-1.34007	-64.4424	-63.1023
BLOCK12/SES124/SA124S17	SES105	-2.77721	-66.8545	-64.0773
BLOCK12/SES124/SA124S17	SES149	-1.85268	-65.93	-64.0773
BLOCK12/SES124/SA124S17	SES158	-1.76218	-65.8395	-64.0773
BLOCK12/SES124/SA124S17	SES275	-2.74842	-66.8257	-64.0773
BLOCK12/SES124/SA124S23	SES105	-3.17671	-64.6893	-61.5126
BLOCK12/SES124/SA124S23	SES125	-0.0958023	-61.6084	-61.5126
BLOCK12/SES124/SA124S23	SES129	-4.16778	-65.6804	-61.5126
BLOCK12/SES124/SA124S23	SES158	-0.656574	-62.1692	-61.5126
BLOCK12/SES124/SA124S26	SES105	-3.74091	-66.5717	-62.8308
BLOCK12/SES124/SA124S26	SES125	-0.0329437	-62.8637	-62.8308
BLOCK12/SES124/SA124S26	SES129	-3.89141	-66.7222	-62.8308
BLOCK12/SES124/SA124S26	SES158	-0.922405	-63.7532	-62.8308
BLOCK12/SES124/SA124S28	SES104	-0.741203	-62.9408	-62.1996
BLOCK12/SES124/SA124S28	SES106	-0.365776	-62.5654	-62.1996
BLOCK12/SES124/SA124S28	SES125	-0.327011	-62.5266	-62.1996
BLOCK12/SES124/SA124S28	SES275	-3.43204	-65.6316	-62.1996
BLOCK12/SES126/SA126S13	SES007	-1.47364	-68.097	-66.6233
BLOCK12/SES126/SA126S13	SES162	-0.786484	-67.4098	-66.6233
BLOCK12/SES126/SA126S13	SES177	-0.68766	-67.311	-66.6233
BLOCK12/SES126/SA126S13	SES180	-0.893456	-67.5168	-66.6233
BLOCK12/SES126/SA126S14	SES144	-1.02954	-65.2549	-64.2253
BLOCK12/SES126/SA126S14	SES148	-1.23109	-65.4564	-64.2253
BLOCK12/SES126/SA126S14	SES177	-0.0192947	-64.2446	-64.2253
BLOCK12/SES126/SA126S14	SES180	-0.165459	-64.3908	-64.2253
BLOCK12/SES126/SA126S20	SES007	-1.83283	-65.9775	-64.1447
BLOCK12/SES126/SA126S20	SES162	-1.5099	-65.6546	-64.1447
BLOCK12/SES126/SA126S20	SES172	-2.72864	-66.8733	-64.1447
BLOCK12/SES126/SA126S20	SES180	-0.793259	-64.9379	-64.1447
BLOCK12/SES126/SA126S24	SES120	-0.348366	-64.5971	-64.2487
BLOCK12/SES126/SA126S24	SES162	-0.541199	-64.7899	-64.2487
BLOCK12/SES126/SA126S24	SES177	-0.428772	-64.6775	-64.2487
BLOCK12/SES126/SA126S24	SES180	0.297729	-63.951	-64.2487
BLOCK12/SES126/SA126S26	SES120	-0.367691	-65.4175	-65.0498
BLOCK12/SES126/SA126S26	SES177	-1.02923	-66.079	-65.0498
BLOCK12/SES126/SA126S26	SES180	-0.722366	-65.7721	-65.0498
BLOCK12/SES126/SA126S26	SES202	-1.85728	-66.9071	-65.0498
BLOCK12/SES128/SA128S10	SES087	-2.23708	-65.4436	-63.2066
BLOCK12/SES128/SA128S10	SES206	-1.26112	-64.4677	-63.2066
BLOCK12/SES128/SA128S10	SES226	-0.755733	-63.9623	-63.2066
BLOCK12/SES128/SA128S10	SES270	-0.7728	-63.9794	-63.2066
BLOCK12/SES128/SA128S12	SES120	-2.6889	-65.8447	-63.1558
BLOCK12/SES128/SA128S12	SES158	-1.30135	-64.4572	-63.1558
BLOCK12/SES128/SA128S12	SES206	-1.05155	-64.2074	-63.1558
BLOCK12/SES128/SA128S12	SES226	-1.2026	-64.3584	-63.1558
BLOCK12/SES128/SA128S21	SES106	-3.05862	-67.6906	-64.632
BLOCK12/SES128/SA128S21	SES120	-2.16291	-66.7949	-64.632
BLOCK12/SES128/SA128S21	SES206	-2.78922	-67.4212	-64.632
BLOCK12/SES128/SA128S21	SES226	-1.55506	-66.187	-64.632
BLOCK12/SES128/SA128S24	SES087	-3.79662	-68.2261	-64.4294
BLOCK12/SES128/SA128S24	SES120	-1.56258	-65.992	-64.4294
BLOCK12/SES128/SA128S24	SES206	-2.80282	-67.2323	-64.4294
BLOCK12/SES128/SA128S24	SES226	-1.97662	-66.4061	-64.4294
BLOCK12/SES128/SA128S27	SES099	-1.29293	-64.6028	-63.3098
BLOCK12/SES128/SA128S27	SES120	-1.78214	-65.092	-63.3098
BLOCK12/SES128/SA128S27	SES206	-2.16274	-65.4726	-63.3098
BLOCK12/SES128/SA128S27	SES226	-0.793514	-64.1034	-63.3098
BLOCK13/SES130/SA130S13	SES143	-2.04957	-67.64	-65.5904
BLOCK13/SES130/SA130S13	SES144	-0.331726	-65.9221	-65.5904
BLOCK13/SES130/SA130S13	SES146	-0.619644	-66.2101	-65.5904
BLOCK13/SES130/SA130S13	SES275	-2.56629	-68.1567	-65.5904
BLOCK13/SES130/SA130S15	SES143	-1.42223	-66.074	-64.6517
BLOCK13/SES130/SA130S15	SES144	-0.131538	-64.7833	-64.6517
BLOCK13/SES130/SA130S15	SES146	-0.478287	-65.13	-64.6517
BLOCK13/SES130/SA130S15	SES275	-0.742294	-65.394	-64.6517
BLOCK13/SES130/SA130S23	SES127	-2.19977	-68.2063	-66.0065
BLOCK13/SES130/SA130S23	SES144	-0.244362	-66.2509	-66.0065
BLOCK13/SES130/SA130S23	SES146	0.674644	-65.3319	-66.0065
BLOCK13/SES130/SA130S23	SES162	-1.11282	-67.1194	-66.0065
BLOCK13/SES130/SA130S25	SES127	-2.14921	-66.3477	-64.1985
BLOCK13/SES130/SA130S25	SES144	0.287201	-63.9113	-64.1985
BLOCK13/SES130/SA130S25	SES146	-0.157562	-64.3561	-64.1985
BLOCK13/SES130/SA130S25	SES275	-0.274498	-64.473	-64.1985
BLOCK13/SES130/SA130S28	SES127	-1.16185	-65.6059	-64.4441
BLOCK13/SES130/SA130S28	SES144	-0.429199	-64.8733	-64.4441
BLOCK13/SES130/SA130S28	SES146	-0.61908	-65.0631	-64.4441
BLOCK13/SES130/SA130S28	SES275	-0.466934	-64.911	-64.4441
BLOCK13/SES131/SA131S13	SES002	-2.50795	-68.0104	-65.5024
BLOCK13/SES131/SA131S13	SES007	-3.51779	-69.0202	-65.5024
BLOCK13/SES131/SA131S13	SES099	-1.67033	-67.1727	-65.5024
BLOCK13/SES131/SA131S13	SES105	-2.60113	-68.1035	-65.5024
BLOCK13/SES131/SA131S14	SES104	-1.00818	-64.2067	-63.1985
BLOCK13/SES131/SA131S14	SES106	-0.670231	-63.8687	-63.1985
BLOCK13/SES131/SA131S14	SES125	-1.35382	-64.5523	-63.1985
BLOCK13/SES131/SA131S14	SES148	-2.03001	-65.2285	-63.1985
BLOCK13/SES131/SA131S20	SES104	-1.49836	-66.1207	-64.6223
BLOCK13/SES131/SA131S20	SES106	-0.442146	-65.0645	-64.6223
BLOCK13/SES131/SA131S20	SES125	-1.67673	-66.2991	-64.6223
BLOCK13/SES131/SA131S20	SES148	-3.15894	-67.7813	-64.6223
BLOCK13/SES131/SA131S22	SES099	-1.23077	-64.9633	-63.7325
BLOCK13/SES131/SA131S22	SES104	-1.47599	-65.2085	-63.7325
BLOCK13/SES131/SA131S22	SES125	-1.52832	-65.2609	-63.7325
BLOCK13/SES131/SA131S22	SES206	-1.68593	-65.4185	-63.7325
BLOCK13/SES131/SA131S29	SES087	-1.38534	-65.7108	-64.3255
BLOCK13/SES131/SA131S29	SES104	-1.94041	-66.2659	-64.3255
BLOCK13/SES131/SA131S29	SES125	-1.83983	-66.1653	-64.3255
BLOCK13/SES131/SA131S29	SES206	-1.67827	-66.0038	-64.3255
BLOCK13/SES132/SA132S11	SES083	-1.18544	-64.5653	-63.3799
BLOCK13/SES132/SA132S11	SES120	-0.036171	-63.416	-63.3799
BLOCK13/SES132/SA132S11	SES127	-0.63414	-64.014	-63.3799
BLOCK13/SES132/SA132S11	SES275	-1.04375	-64.4236	-63.3799
BLOCK13/SES132/SA132S12	SES083	-1.29659	-64.566	-63.2694
BLOCK13/SES132/SA132S12	SES143	-0.937065	-64.2065	-63.2694
BLOCK13/SES132/SA132S12	SES144	-0.935738	-64.2051	-63.2694
BLOCK13/SES132/SA132S12	SES148	-0.851608	-64.121	-63.2694
BLOCK13/SES132/SA132S22	SES062	-0.417461	-63.8269	-63.4095
BLOCK13/SES132/SA132S22	SES083	-0.790512	-64.2	-63.4095
BLOCK13/SES132/SA132S22	SES127	-0.650963	-64.0604	-63.4095
BLOCK13/SES132/SA132S22	SES275	-0.750305	-64.1598	-63.4095
BLOCK13/SES132/SA132S24	SES007	-0.392803	-63.9156	-63.5228
BLOCK13/SES132/SA132S24	SES083	-0.962082	-64.4849	-63.5228
BLOCK13/SES132/SA132S24	SES127	-0.735336	-64.2581	-63.5228
BLOCK13/SES132/SA132S24	SES275	-1.10973	-64.6325	-63.5228
BLOCK13/SES132/SA132S27	SES083	-1.32289	-65.2772	-63.9543
BLOCK13/SES132/SA132S27	SES120	0.023468	-63.9309	-63.9543
BLOCK13/SES132/SA132S27	SES127	-1.31112	-65.2655	-63.9543
BLOCK13/SES132/SA132S27	SES275	-1.05937	-65.0137	-63.9543
BLOCK14/SES141/SA141S09	SES143	-0.312546	-64.331	-64.0184
BLOCK14/SES141/SA141S09	SES144	-0.576004	-64.5944	-64.0184
BLOCK14/SES141/SA141S09	SES162	-0.607353	-64.6258	-64.0184
BLOCK14/SES141/SA141S09	SES180	-0.512253	-64.5307	-64.0184
BLOCK14/SES141/SA141S15	SES127	-1.12865	-65.694	-64.5654
BLOCK14/SES141/SA141S15	SES144	-0.850304	-65.4157	-64.5654
BLOCK14/SES141/SA141S15	SES162	-0.678574	-65.2439	-64.5654
BLOCK14/SES141/SA141S15	SES180	-0.669159	-65.2345	-64.5654
BLOCK14/SES141/SA141S24	SES127	-0.217949	-64.5381	-64.3202
BLOCK14/SES141/SA141S24	SES144	-1.19564	-65.5158	-64.3202
BLOCK14/SES141/SA141S24	SES162	-0.00188446	-64.3221	-64.3202
BLOCK14/SES141/SA141S24	SES183	-1.60707	-65.9273	-64.3202
BLOCK14/SES141/SA141S26	SES142	-0.958366	-65.8125	-64.8542
BLOCK14/SES141/SA141S26	SES144	-0.719536	-65.5737	-64.8542
BLOCK14/SES141/SA141S26	SES172	-1.42162	-66.2758	-64.8542
BLOCK14/SES141/SA141S26	SES180	-0.204529	-65.0587	-64.8542
BLOCK14/SES141/SA141S29	SES127	-0.154984	-64.2791	-64.1241
BLOCK14/SES141/SA141S29	SES142	0.0519333	-64.0721	-64.1241
BLOCK14/SES141/SA141S29	SES144	-0.829292	-64.9534	-64.1241
BLOCK14/SES141/SA141S29	SES180	0.115494	-64.0086	-64.1241
BLOCK15/SES157/SA157S08	SES083	-2.03817	-66.4321	-64.394
BLOCK15/SES157/SA157S08	SES127	-1.65432	-66.0483	-64.394
BLOCK15/SES157/SA157S08	SES148	-0.45977	-64.8537	-64.394
BLOCK15/SES157/SA157S08	SES292	-1.56982	-65.9638	-64.394
BLOCK15/SES157/SA157S11	SES083	-1.32723	-65.3139	-63.9867
BLOCK15/SES157/SA157S11	SES127	-2.30986	-66.2965	-63.9867
BLOCK15/SES157/SA157S11	SES148	-0.918827	-64.9055	-63.9867
BLOCK15/SES157/SA157S11	SES292	-1.60315	-65.5898	-63.9867
BLOCK15/SES157/SA157S21	SES127	-2.34319	-66.0358	-63.6926
BLOCK15/SES157/SA157S21	SES148	-0.754601	-64.4472	-63.6926
BLOCK15/SES157/SA157S21	SES158	-4.35712	-68.0498	-63.6926
BLOCK15/SES157/SA157S21	SES292	-0.922997	-64.6156	-63.6926
BLOCK15/SES157/SA157S24	SES127	-2.40023	-66.2212	-63.8209
BLOCK15/SES157/SA157S24	SES148	-0.661938	-64.4829	-63.8209
BLOCK15/SES157/SA157S24	SES183	-1.49539	-65.3163	-63.8209
BLOCK15/SES157/SA157S24	SES292	-1.56287	-65.3838	-63.8209
BLOCK15/SES157/SA157S26	SES007	-0.157818	-63.9309	-63.7731
BLOCK15/SES157/SA157S26	SES127	-0.751026	-64.5241	-63.7731
BLOCK15/SES157/SA157S26	SES147	-2.97003	-66.7431	-63.7731
BLOCK15/SES157/SA157S26	SES148	-0.580044	-64.3531	-63.7731
BLOCK16/SES161/SA161S10	SES007	-2.39158	-67.5851	-65.1936
BLOCK16/SES161/SA161S10	SES105	-1.57256	-66.7661	-65.1936
BLOCK16/SES161/SA161S10	SES158	-2.49937	-67.6929	-65.1936
BLOCK16/SES161/SA161S10	SES275	-2.06721	-67.2608	-65.1936
BLOCK16/SES161/SA161S12	SES007	-1.23047	-65.8852	-64.6548
BLOCK16/SES161/SA161S12	SES105	-1.882	-66.5368	-64.6548
BLOCK16/SES161/SA161S12	SES158	-1.63624	-66.291	-64.6548
BLOCK16/SES161/SA161S12	SES275	-1.4213	-66.0761	-64.6548
BLOCK16/SES161/SA161S20	SES007	-2.40001	-68.5033	-66.1033
BLOCK16/SES161/SA161S20	SES105	-2.22961	-68.333	-66.1033
BLOCK16/SES161/SA161S20	SES158	-1.65353	-67.7569	-66.1033
BLOCK16/SES161/SA161S20	SES275	-1.8671	-67.9704	-66.1033
BLOCK16/SES161/SA161S23	SES007	-2.17495	-66.2753	-64.1004
BLOCK16/SES161/SA161S23	SES105	-1.63329	-65.7336	-64.1004
BLOCK16/SES161/SA161S23	SES148	-2.27723	-66.3776	-64.1004
BLOCK16/SES161/SA161S23	SES158	-1.59016	-65.6905	-64.1004
BLOCK16/SES161/SA161S28	SES007	-2.46509	-67.0912	-64.6261
BLOCK16/SES161/SA161S28	SES105	-2.11613	-66.7422	-64.6261
BLOCK16/SES161/SA161S28	SES158	-1.02027	-65.6463	-64.6261
BLOCK16/SES161/SA161S28	SES206	-2.00841	-66.6345	-64.6261
BLOCK16/SES164/SA164S11	SES104	-1.34479	-63.9068	-62.562
BLOCK16/SES164/SA164S11	SES125	-0.490658	-63.0527	-62.562
BLOCK16/SES164/SA164S11	SES158	0.251972	-62.31	-62.562
BLOCK16/SES164/SA164S11	SES206	-1.40479	-63.9668	-62.562
BLOCK16/SES164/SA164S13	SES099	-0.725647	-64.165	-63.4394
BLOCK16/SES164/SA164S13	SES104	-1.6763	-65.1157	-63.4394
BLOCK16/SES164/SA164S13	SES125	-1.58598	-65.0254	-63.4394
BLOCK16/SES164/SA164S13	SES206	-1.59143	-65.0308	-63.4394
BLOCK16/SES164/SA164S24	SES002	-0.115204	-63.1489	-63.0337
BLOCK16/SES164/SA164S24	SES099	-0.593849	-63.6275	-63.0337
BLOCK16/SES164/SA164S24	SES125	-1.43532	-64.469	-63.0337
BLOCK16/SES164/SA164S24	SES226	-0.666733	-63.7004	-63.0337
BLOCK16/SES164/SA164S27	SES087	-1.87651	-65.8111	-63.9346
BLOCK16/SES164/SA164S27	SES125	-1.28637	-65.221	-63.9346
BLOCK16/SES164/SA164S27	SES206	-1.46648	-65.4011	-63.9346
BLOCK16/SES164/SA164S27	SES226	-1.34489	-65.2795	-63.9346
BLOCK16/SES164/SA164S29	SES002	0.232853	-62.5725	-62.8054
BLOCK16/SES164/SA164S29	SES019	-1.08324	-63.8886	-62.8054
BLOCK16/SES164/SA164S29	SES125	-0.94455	-63.7499	-62.8054
BLOCK16/SES164/SA164S29	SES226	-1.01708	-63.8224	-62.8054
BLOCK16/SES169/SA169S13	SES117	-1.62115	-66.1415	-64.5204
BLOCK16/SES169/SA169S13	SES144	-0.609016	-65.1294	-64.5204
BLOCK16/SES169/SA169S13	SES146	-0.252731	-64.7731	-64.5204
BLOCK16/SES169/SA169S13	SES162	-1.21612	-65.7365	-64.5204
BLOCK16/SES169/SA169S14	SES144	-0.622459	-64.0651	-63.4427
BLOCK16/SES169/SA169S14	SES148	-0.606583	-64.0493	-63.4427
BLOCK16/SES169/SA169S14	SES177	-1.41467	-64.8574	-63.4427
BLOCK16/SES169/SA169S14	SES180	-2.38021	-65.8229	-63.4427
BLOCK16/SES169/SA169S24	SES117	-0.687965	-65.6626	-64.9746
BLOCK16/SES169/SA169S24	SES144	-0.433685	-65.4083	-64.9746
BLOCK16/SES169/SA169S24	SES146	-0.628555	-65.6032	-64.9746
BLOCK16/SES169/SA169S24	SES162	-1.33707	-66.3117	-64.9746
BLOCK16/SES169/SA169S27	SES127	-1.33643	-65.5908	-64.2544
BLOCK16/SES169/SA169S27	SES129	-0.640808	-64.8952	-64.2544
BLOCK16/SES169/SA169S27	SES144	-0.964668	-65.219	-64.2544
BLOCK16/SES169/SA169S27	SES146	-0.2276	-64.482	-64.2544
BLOCK16/SES169/SA169S29	SES144	-0.193649	-64.2549	-64.0612
BLOCK16/SES169/SA169S29	SES162	-1.18493	-65.2462	-64.0612
BLOCK16/SES169/SA169S29	SES177	-2.08342	-66.1447	-64.0612
BLOCK16/SES169/SA169S29	SES180	-1.17577	-65.237	-64.0612
BLOCK17/SES171/SA171S12	SES083	-0.875244	-65.355	-64.4797
BLOCK17/SES171/SA171S12	SES148	-1.08852	-65.5683	-64.4797
BLOCK17/SES171/SA171S12	SES172	-1.36926	-65.849	-64.4797
BLOCK17/SES171/SA171S12	SES292	-1.48964	-65.9694	-64.4797
BLOCK17/SES171/SA171S15	SES148	-1.3137	-66.4418	-65.1281
BLOCK17/SES171/SA171S15	SES177	-1.09534	-66.2234	-65.1281
BLOCK17/SES171/SA171S15	SES180	-2.41653	-67.5446	-65.1281
BLOCK17/SES171/SA171S15	SES292	-2.82785	-67.9559	-65.1281
BLOCK17/SES171/SA171S22	SES007	-1.38781	-64.8206	-63.4328
BLOCK17/SES171/SA171S22	SES148	-0.982265	-64.415	-63.4328
BLOCK17/SES171/SA171S22	SES177	-0.494019	-63.9268	-63.4328
BLOCK17/SES171/SA171S22	SES180	-1.53447	-64.9672	-63.4328
BLOCK17/SES171/SA171S25	SES101	-2.43797	-68.0626	-65.6246
BLOCK17/SES171/SA171S25	SES120	-2.46928	-68.0939	-65.6246
BLOCK17/SES171/SA171S25	SES177	-0.384041	-66.0086	-65.6246
BLOCK17/SES171/SA171S25	SES180	-1.71764	-67.3422	-65.6246
BLOCK17/SES171/SA171S27	SES177	-0.408791	-64.7869	-64.3781
BLOCK17/SES171/SA171S27	SES180	-1.69319	-66.0713	-64.3781
BLOCK17/SES171/SA171S27	SES189	-0.476616	-64.8547	-64.3781
BLOCK17/SES171/SA171S27	SES292	-2.25218	-66.6302	-64.3781
BLOCK17/SES173/SA173S13	SES162	-2.15076	-67.8288	-65.678
BLOCK17/SES173/SA173S13	SES177	-1.63849	-67.3165	-65.678
BLOCK17/SES173/SA173S13	SES180	-1.39572	-67.0738	-65.678
BLOCK17/SES173/SA173S13	SES292	-1.93574	-67.6138	-65.678
BLOCK17/SES173/SA173S14	SES007	-2.95812	-68.6497	-65.6916
BLOCK17/SES173/SA173S14	SES162	-1.91521	-67.6068	-65.6916
BLOCK17/SES173/SA173S14	SES177	-1.04447	-66.7361	-65.6916
BLOCK17/SES173/SA173S14	SES180	-1.69756	-67.3892	-65.6916
BLOCK17/SES173/SA173S24	SES144	-0.643997	-66.906	-66.262
BLOCK17/SES173/SA173S24	SES162	-1.93014	-68.1922	-66.262
BLOCK17/SES173/SA173S24	SES177	-0.953239	-67.2153	-66.262
BLOCK17/SES173/SA173S24	SES180	-1.12658	-67.3886	-66.262
BLOCK17/SES173/SA173S27	SES162	-2.75446	-68.4146	-65.6601
BLOCK17/SES173/SA173S27	SES177	-1.05048	-66.7106	-65.6601
BLOCK17/SES173/SA173S27	SES180	-1.4694	-67.1295	-65.6601
BLOCK17/SES173/SA173S27	SES292	-2.23135	-67.8915	-65.6601
BLOCK17/SES173/SA173S29	SES162	-1.64924	-67.2312	-65.5819
BLOCK17/SES173/SA173S29	SES175	-0.338417	-65.9204	-65.5819
BLOCK17/SES173/SA173S29	SES177	-1.05428	-66.6362	-65.5819
BLOCK17/SES173/SA173S29	SES292	-3.05077	-68.6327	-65.5819
BLOCK18/SES182/SA182S10	SES144	-0.65419	-64.5716	-63.9174
BLOCK18/SES182/SA182S10	SES177	-0.773117	-64.6905	-63.9174
BLOCK18/SES182/SA182S10	SES180	-1.5297	-65.4471	-63.9174
BLOCK18/SES182/SA182S10	SES275	-0.796547	-64.7139	-63.9174
BLOCK18/SES182/SA182S12	SES144	-0.485016	-63.8755	-63.3905
BLOCK18/SES182/SA182S12	SES177	-0.865383	-64.2559	-63.3905
BLOCK18/SES182/SA182S12	SES180	-0.723606	-64.1141	-63.3905
BLOCK18/SES182/SA182S12	SES275	-1.39941	-64.7899	-63.3905
BLOCK18/SES182/SA182S21	SES117	-0.692085	-65.5929	-64.9008
BLOCK18/SES182/SA182S21	SES144	-1.2927	-66.1935	-64.9008
BLOCK18/SES182/SA182S21	SES162	-0.25843	-65.1592	-64.9008
BLOCK18/SES182/SA182S21	SES180	-0.867416	-65.7682	-64.9008
BLOCK18/SES182/SA182S23	SES117	-0.497627	-65.0102	-64.5126
BLOCK18/SES182/SA182S23	SES144	-1.14919	-65.6618	-64.5126
BLOCK18/SES182/SA182S23	SES180	-1.21425	-65.7268	-64.5126
BLOCK18/SES182/SA182S23	SES275	-1.26469	-65.7773	-64.5126
BLOCK18/SES182/SA182S25	SES007	-0.630867	-64.9656	-64.3347
BLOCK18/SES182/SA182S25	SES162	-0.499405	-64.8341	-64.3347
BLOCK18/SES182/SA182S25	SES177	-0.499435	-64.8342	-64.3347
BLOCK18/SES182/SA182S25	SES180	-0.804749	-65.1395	-64.3347
BLOCK18/SES184/SA184S12	SES177	-1.28032	-65.5823	-64.302
BLOCK18/SES184/SA184S12	SES180	-0.44043	-64.7424	-64.302
BLOCK18/SES184/SA184S12	SES189	-1.82219	-66.1242	-64.302
BLOCK18/SES184/SA184S12	SES292	-1.68544	-65.9874	-64.302
BLOCK18/SES184/SA184S13	SES101	-0.986031	-65.7173	-64.7313
BLOCK18/SES184/SA184S13	SES177	-0.730011	-65.4613	-64.7313
BLOCK18/SES184/SA184S13	SES180	-0.60321	-65.3345	-64.7313
BLOCK18/SES184/SA184S13	SES292	-1.00751	-65.7388	-64.7313
BLOCK18/SES184/SA184S22	SES177	-0.757919	-64.6158	-63.8579
BLOCK18/SES184/SA184S22	SES180	-0.528511	-64.3864	-63.8579
BLOCK18/SES184/SA184S22	SES189	-2.10796	-65.9658	-63.8579
BLOCK18/SES184/SA184S22	SES292	-0.92659	-64.7845	-63.8579
BLOCK18/SES184/SA184S25	SES101	-0.585838	-64.1342	-63.5483
BLOCK18/SES184/SA184S25	SES177	-1.53704	-65.0854	-63.5483
BLOCK18/SES184/SA184S25	SES180	-1.29353	-64.8419	-63.5483
BLOCK18/SES184/SA184S25	SES292	-0.767799	-64.3161	-63.5483
BLOCK18/SES184/SA184S27	SES083	-0.915627	-64.8175	-63.9019
BLOCK18/SES184/SA184S27	SES177	-0.888924	-64.7908	-63.9019
BLOCK18/SES184/SA184S27	SES202	-2.43926	-66.3411	-63.9019
BLOCK18/SES184/SA184S27	SES292	-1.03308	-64.935	-63.9019
BLOCK20/SES204/SA204S12	SES062	-2.04903	-64.9999	-62.9509
BLOCK20/SES204/SA204S12	SES083	-2.36869	-65.3196	-62.9509
BLOCK20/SES204/SA204S12	SES206	-0.317833	-63.2687	-62.9509
BLOCK20/SES204/SA204S12	SES226	-0.884567	-63.8354	-62.9509
BLOCK20/SES204/SA204S14	SES068	-2.86613	-64.7208	-61.8546
BLOCK20/SES204/SA204S14	SES087	-0.661877	-62.5165	-61.8546
BLOCK20/SES204/SA204S14	SES206	-0.855095	-62.7097	-61.8546
BLOCK20/SES204/SA204S14	SES226	-1.1649	-63.0195	-61.8546
BLOCK20/SES204/SA204S22	SES068	-3.60305	-65.9416	-62.3386
BLOCK20/SES204/SA204S22	SES082	-2.34416	-64.6827	-62.3386
BLOCK20/SES204/SA204S22	SES083	-3.09319	-65.4317	-62.3386
BLOCK20/SES204/SA204S22	SES206	-1.17147	-63.51	-62.3386
BLOCK20/SES204/SA204S25	SES062	-3.5102	-66.0265	-62.5163
BLOCK20/SES204/SA204S25	SES083	-3.3227	-65.839	-62.5163
BLOCK20/SES204/SA204S25	SES206	-0.628998	-63.1453	-62.5163
BLOCK20/SES204/SA204S25	SES226	-1.2271	-63.7434	-62.5163
BLOCK20/SES204/SA204S27	SES068	-3.72234	-66.9124	-63.1901
BLOCK20/SES204/SA204S27	SES082	-1.74844	-64.9385	-63.1901
BLOCK20/SES204/SA204S27	SES087	-1.03941	-64.2295	-63.1901
BLOCK20/SES204/SA204S27	SES206	-0.736942	-63.927	-63.1901
BLOCK20/SES207/SA207S10	SES127	-0.6931	-64.95	-64.2569
BLOCK20/SES207/SA207S10	SES183	-1.02045	-65.2774	-64.2569
BLOCK20/SES207/SA207S10	SES189	-0.700745	-64.9577	-64.2569
BLOCK20/SES207/SA207S10	SES292	-1.34246	-65.5994	-64.2569
BLOCK20/SES207/SA207S11	SES127	-2.01432	-65.5835	-63.5692
BLOCK20/SES207/SA207S11	SES183	-1.72811	-65.2973	-63.5692
BLOCK20/SES207/SA207S11	SES187	-0.997807	-64.567	-63.5692
BLOCK20/SES207/SA207S11	SES292	-1.85131	-65.4205	-63.5692
BLOCK20/SES207/SA207S25	SES068	-0.983978	-65.7395	-64.7555
BLOCK20/SES207/SA207S25	SES083	-1.50611	-66.2617	-64.7555
BLOCK20/SES207/SA207S25	SES127	-0.263161	-65.0187	-64.7555
BLOCK20/SES207/SA207S25	SES187	-0.246353	-65.0019	-64.7555
BLOCK20/SES207/SA207S27	SES127	-0.819122	-65.6709	-64.8517
BLOCK20/SES207/SA207S27	SES183	-0.814468	-65.6662	-64.8517
BLOCK20/SES207/SA207S27	SES187	-0.576332	-65.4281	-64.8517
BLOCK20/SES207/SA207S27	SES292	-1.30676	-66.1585	-64.8517
BLOCK20/SES207/SA207S29	SES083	-1.26306	-65.2348	-63.9718
BLOCK20/SES207/SA207S29	SES085	-0.839218	-64.811	-63.9718
BLOCK20/SES207/SA207S29	SES172	-1.72177	-65.6935	-63.9718
BLOCK20/SES207/SA207S29	SES189	-0.966789	-64.9386	-63.9718
BLOCK22/SES221/SA221S12	SES068	-1.27412	-66.0964	-64.8223
BLOCK22/SES221/SA221S12	SES143	-0.456299	-65.2786	-64.8223
BLOCK22/SES221/SA221S12	SES175	-0.368774	-65.191	-64.8223
BLOCK22/SES221/SA221S12	SES202	0.0115891	-64.8107	-64.8223
BLOCK22/SES221/SA221S15	SES085	-3.37667	-69.2169	-65.8403
BLOCK22/SES221/SA221S15	SES143	-1.38428	-67.2245	-65.8403
BLOCK22/SES221/SA221S15	SES175	-0.890793	-66.731	-65.8403
BLOCK22/SES221/SA221S15	SES187	-0.506111	-66.3464	-65.8403
BLOCK22/SES221/SA221S23	SES068	-1.79465	-66.8763	-65.0816
BLOCK22/SES221/SA221S23	SES143	-0.968918	-66.0506	-65.0816
BLOCK22/SES221/SA221S23	SES175	-0.0321274	-65.1138	-65.0816
BLOCK22/SES221/SA221S23	SES189	1.12234	-63.9593	-65.0816
BLOCK22/SES221/SA221S27	SES085	-3.37188	-68.3863	-65.0144
BLOCK22/SES221/SA221S27	SES143	-0.661743	-65.6761	-65.0144
BLOCK22/SES221/SA221S27	SES175	-0.369179	-65.3836	-65.0144
BLOCK22/SES221/SA221S27	SES189	1.44519	-63.5692	-65.0144
BLOCK22/SES221/SA221S29	SES085	-5.30769	-71.8878	-66.5801
BLOCK22/SES221/SA221S29	SES143	-1.94505	-68.5252	-66.5801
BLOCK22/SES221/SA221S29	SES175	-1.42393	-68.004	-66.5801
BLOCK22/SES221/SA221S29	SES187	0.532463	-66.0476	-66.5801
BLOCK22/SES223/SA223S11	SES143	-0.491379	-65.7484	-65.257
BLOCK22/SES223/SA223S11	SES144	-1.20151	-66.4585	-65.257
BLOCK22/SES223/SA223S11	SES175	-0.625969	-65.883	-65.257
BLOCK22/SES223/SA223S11	SES187	-0.532425	-65.7894	-65.257
BLOCK22/SES223/SA223S13	SES068	-1.24263	-67.5051	-66.2625
BLOCK22/SES223/SA223S13	SES143	-1.11501	-67.3775	-66.2625
BLOCK22/SES223/SA223S13	SES146	-1.97694	-68.2395	-66.2625
BLOCK22/SES223/SA223S13	SES202	-0.967857	-67.2304	-66.2625
BLOCK22/SES223/SA223S22	SES143	-0.572334	-65.9274	-65.355
BLOCK22/SES223/SA223S22	SES144	-1.15131	-66.5064	-65.355
BLOCK22/SES223/SA223S22	SES175	-0.931229	-66.2863	-65.355
BLOCK22/SES223/SA223S22	SES187	-0.414635	-65.7697	-65.355
BLOCK22/SES223/SA223S25	SES068	-1.78342	-67.3491	-65.5657
BLOCK22/SES223/SA223S25	SES143	-0.714653	-66.2803	-65.5657
BLOCK22/SES223/SA223S25	SES175	-0.488167	-66.0538	-65.5657
BLOCK22/SES223/SA223S25	SES187	-0.0385437	-65.6042	-65.5657
BLOCK22/SES223/SA223S27	SES143	-0.589348	-66.2595	-65.6701
BLOCK22/SES223/SA223S27	SES146	-1.36482	-67.035	-65.6701
BLOCK22/SES223/SA223S27	SES187	-0.146568	-65.8167	-65.6701
BLOCK22/SES223/SA223S27	SES292	-2.47092	-68.141	-65.6701
BLOCK27/SES273/SA273S12	SES099	-0.328125	-61.4536	-61.1255
BLOCK27/SES273/SA273S12	SES104	0.21891	-60.9066	-61.1255
BLOCK27/SES273/SA273S12	SES125	-0.525936	-61.6514	-61.1255
BLOCK27/SES273/SA273S12	SES206	0.170399	-60.9551	-61.1255
BLOCK27/SES273/SA273S13	SES099	-0.737282	-61.8567	-61.1194
BLOCK27/SES273/SA273S13	SES104	-0.105797	-61.2252	-61.1194
BLOCK27/SES273/SA273S13	SES206	-0.10334	-61.2227	-61.1194
BLOCK27/SES273/SA273S13	SES292	-3.14851	-64.2679	-61.1194
BLOCK27/SES273/SA273S21	SES099	-0.132107	-61.5016	-61.3695
BLOCK27/SES273/SA273S21	SES148	-2.81016	-64.1796	-61.3695
BLOCK27/SES273/SA273S21	SES149	-0.365582	-61.735	-61.3695
BLOCK27/SES273/SA273S21	SES177	-4.03337	-65.4028	-61.3695
BLOCK27/SES273/SA273S25	SES104	-0.259911	-61.5833	-61.3234
BLOCK27/SES273/SA273S25	SES125	-0.468288	-61.7917	-61.3234
BLOCK27/SES273/SA273S25	SES158	-0.212132	-61.5355	-61.3234
BLOCK27/SES273/SA273S25	SES206	0.321213	-61.0022	-61.3234
BLOCK27/SES273/SA273S27	SES099	-0.145676	-61.5941	-61.4484
BLOCK27/SES273/SA273S27	SES104	-0.595474	-62.0439	-61.4484
BLOCK27/SES273/SA273S27	SES149	-0.749035	-62.1974	-61.4484
BLOCK27/SES273/SA273S27	SES275	-1.93726	-63.3856	-61.4484
BLOCK27/SES274/SA274S10	SES105	-2.04721	-64.2931	-62.2459
BLOCK27/SES274/SA274S10	SES125	-0.725674	-62.9715	-62.2459
BLOCK27/SES274/SA274S10	SES129	-1.3662	-63.6121	-62.2459
BLOCK27/SES274/SA274S10	SES158	-1.5316	-63.7775	-62.2459
BLOCK27/SES274/SA274S11	SES105	-2.61812	-64.954	-62.3359
BLOCK27/SES274/SA274S11	SES149	-1.15279	-63.4887	-62.3359
BLOCK27/SES274/SA274S11	SES158	-1.24046	-63.5764	-62.3359
BLOCK27/SES274/SA274S11	SES275	-2.15859	-64.4945	-62.3359
BLOCK27/SES274/SA274S21	SES105	-2.39633	-65.1814	-62.7851
BLOCK27/SES274/SA274S21	SES129	-1.62732	-64.4124	-62.7851
BLOCK27/SES274/SA274S21	SES149	-0.824829	-63.6099	-62.7851
BLOCK27/SES274/SA274S21	SES158	-2.28894	-65.074	-62.7851
BLOCK27/SES274/SA274S24	SES105	-2.22018	-64.7576	-62.5374
BLOCK27/SES274/SA274S24	SES129	-1.73643	-64.2738	-62.5374
BLOCK27/SES274/SA274S24	SES149	-1.0511	-63.5885	-62.5374
BLOCK27/SES274/SA274S24	SES158	-2.004	-64.5414	-62.5374
BLOCK27/SES274/SA274S29	SES105	-2.29128	-64.9741	-62.6829
BLOCK27/SES274/SA274S29	SES106	-1.63671	-64.3196	-62.6829
BLOCK27/SES274/SA274S29	SES120	-2.22169	-64.9046	-62.6829
BLOCK27/SES274/SA274S29	SES275	-2.1496	-64.8325	-62.6829
BLOCK27/SES276/SA276S16	SES148	-1.18245	-65.8962	-64.7137
BLOCK27/SES276/SA276S16	SES172	-1.56779	-66.2815	-64.7137
BLOCK27/SES276/SA276S16	SES180	-1.98985	-66.7036	-64.7137
BLOCK27/SES276/SA276S16	SES292	-0.238327	-64.9521	-64.7137
BLOCK27/SES276/SA276S17	SES101	-0.922714	-65.0155	-64.0928
BLOCK27/SES276/SA276S17	SES177	-1.9198	-66.0126	-64.0928
BLOCK27/SES276/SA276S17	SES180	-1.66154	-65.7544	-64.0928
BLOCK27/SES276/SA276S17	SES292	-1.0485	-65.1413	-64.0928
BLOCK27/SES276/SA276S24	SES101	-0.588017	-63.838	-63.25
BLOCK27/SES276/SA276S24	SES177	-1.52378	-64.7738	-63.25
BLOCK27/SES276/SA276S24	SES180	-1.67008	-64.9201	-63.25
BLOCK27/SES276/SA276S24	SES292	-1.1655	-64.4155	-63.25
BLOCK27/SES276/SA276S26	SES101	-1.19156	-64.9216	-63.7301
BLOCK27/SES276/SA276S26	SES177	-1.01176	-64.7418	-63.7301
BLOCK27/SES276/SA276S26	SES180	-0.540741	-64.2708	-63.7301
BLOCK27/SES276/SA276S26	SES292	-0.636078	-64.3662	-63.7301
BLOCK27/SES276/SA276S28	SES101	-1.10376	-65.2617	-64.1579
BLOCK27/SES276/SA276S28	SES177	-0.82962	-64.9875	-64.1579
BLOCK27/SES276/SA276S28	SES180	-0.981361	-65.1393	-64.1579
BLOCK27/SES276/SA276S28	SES292	-0.774864	-64.9328	-64.1579
BLOCK27/SES277/SA277S12	SES101	-0.786232	-65.8088	-65.0226
BLOCK27/SES277/SA277S12	SES177	-1.61753	-66.6401	-65.0226
BLOCK27/SES277/SA277S12	SES180	-0.722305	-65.7449	-65.0226
BLOCK27/SES277/SA277S12	SES292	-1.88046	-66.903	-65.0226
BLOCK27/SES277/SA277S14	SES177	-0.514954	-65.8097	-65.2948
BLOCK27/SES277/SA277S14	SES180	-0.804115	-66.0989	-65.2948
BLOCK27/SES277/SA277S14	SES189	0.127861	-65.1669	-65.2948
BLOCK27/SES277/SA277S14	SES292	-2.36876	-67.6635	-65.2948
BLOCK27/SES277/SA277S21	SES177	-0.730988	-64.8695	-64.1385
BLOCK27/SES277/SA277S21	SES180	-1.09992	-65.2384	-64.1385
BLOCK27/SES277/SA277S21	SES189	-0.791679	-64.9302	-64.1385
BLOCK27/SES277/SA277S21	SES292	-2.01757	-66.1561	-64.1385
BLOCK27/SES277/SA277S24	SES144	-0.646606	-66.1372	-65.4906
BLOCK27/SES277/SA277S24	SES177	-1.05202	-66.5426	-65.4906
BLOCK27/SES277/SA277S24	SES180	-1.41106	-66.9017	-65.4906
BLOCK27/SES277/SA277S24	SES189	-0.369217	-65.8598	-65.4906
BLOCK27/SES277/SA277S29	SES177	-0.672363	-63.9086	-63.2363
BLOCK27/SES277/SA277S29	SES180	-0.520538	-63.7568	-63.2363
BLOCK27/SES277/SA277S29	SES202	-1.15171	-64.388	-63.2363
BLOCK27/SES277/SA277S29	SES292	-1.01617	-64.2524	-63.2363
BLOCK27/SES279/SA279S09	SES120	-1.48326	-64.5842	-63.101
BLOCK27/SES279/SA279S09	SES146	-0.971111	-64.0721	-63.101
BLOCK27/SES279/SA279S09	SES206	-2.16494	-65.2659	-63.101
BLOCK27/SES279/SA279S09	SES226	-2.00527	-65.1062	-63.101
BLOCK27/SES279/SA279S10	SES099	-1.51502	-64.6094	-63.0944
BLOCK27/SES279/SA279S10	SES206	-1.6548	-64.7492	-63.0944
BLOCK27/SES279/SA279S10	SES226	-1.41597	-64.5104	-63.0944
BLOCK27/SES279/SA279S10	SES292	-0.868191	-63.9626	-63.0944
BLOCK27/SES279/SA279S20	SES099	-2.46375	-66.613	-64.1493
BLOCK27/SES279/SA279S20	SES206	-2.09517	-66.2444	-64.1493
BLOCK27/SES279/SA279S20	SES226	-1.98919	-66.1385	-64.1493
BLOCK27/SES279/SA279S20	SES292	-0.742081	-64.8914	-64.1493
BLOCK27/SES279/SA279S26	SES099	-2.01313	-65.3239	-63.3107
BLOCK27/SES279/SA279S26	SES206	-1.18778	-64.4985	-63.3107
BLOCK27/SES279/SA279S26	SES226	-1.33068	-64.6414	-63.3107
BLOCK27/SES279/SA279S26	SES292	-0.981838	-64.2926	-63.3107
BLOCK27/SES279/SA279S28	SES099	-1.79684	-63.8032	-62.0064
BLOCK27/SES279/SA279S28	SES120	-1.89347	-63.8998	-62.0064
BLOCK27/SES279/SA279S28	SES177	-3.2548	-65.2612	-62.0064
BLOCK27/SES279/SA279S28	SES206	-1.92051	-63.9269	-62.0064
BLOCK29/SES290/SA290S12	SES162	-1.78877	-66.0499	-64.2612
BLOCK29/SES290/SA290S12	SES177	-1.15304	-65.4142	-64.2612
BLOCK29/SES290/SA290S12	SES180	-1.35371	-65.6149	-64.2612
BLOCK29/SES290/SA290S12	SES292	-2.79424	-67.0554	-64.2612
BLOCK29/SES290/SA290S13	SES007	-2.20758	-66.9293	-64.7217
BLOCK29/SES290/SA290S13	SES162	-1.80003	-66.5217	-64.7217
BLOCK29/SES290/SA290S13	SES177	-0.895653	-65.6173	-64.7217
BLOCK29/SES290/SA290S13	SES180	-1.35474	-66.0764	-64.7217
BLOCK29/SES290/SA290S22	SES177	-0.625027	-64.5178	-63.8928
BLOCK29/SES290/SA290S22	SES180	-0.198452	-64.0912	-63.8928
BLOCK29/SES290/SA290S22	SES202	-0.838573	-64.7314	-63.8928
BLOCK29/SES290/SA290S22	SES292	-1.9338	-65.8266	-63.8928
BLOCK29/SES290/SA290S25	SES162	-1.34779	-65.5828	-64.235
BLOCK29/SES290/SA290S25	SES177	-0.785614	-65.0206	-64.235
BLOCK29/SES290/SA290S25	SES180	-0.858284	-65.0933	-64.235
BLOCK29/SES290/SA290S25	SES292	-1.78118	-66.0162	-64.235
BLOCK29/SES290/SA290S29	SES177	0.0806427	-63.5101	-63.5907
BLOCK29/SES290/SA290S29	SES180	-0.101234	-63.692	-63.5907
BLOCK29/SES290/SA290S29	SES275	-1.81631	-65.407	-63.5907
BLOCK29/SES290/SA290S29	SES292	-1.53229	-65.123	-63.5907
BLOCK29/SES291/SA291S11	SES105	-3.0643	-66.0612	-62.9969
BLOCK29/SES291/SA291S11	SES125	-0.783245	-63.7802	-62.9969
BLOCK29/SES291/SA291S11	SES158	-0.922085	-63.919	-62.9969
BLOCK29/SES291/SA291S11	SES275	-3.43732	-66.4342	-62.9969
BLOCK29/SES291/SA291S12	SES158	0.0781136	-62.5466	-62.6247
BLOCK29/SES291/SA291S12	SES226	-1.34312	-63.9678	-62.6247
BLOCK29/SES291/SA291S12	SES270	0.656906	-61.9678	-62.6247
BLOCK29/SES291/SA291S12	SES275	-4.32697	-66.9516	-62.6247
BLOCK29/SES291/SA291S22	SES082	-1.19692	-63.7987	-62.6018
BLOCK29/SES291/SA291S22	SES158	-0.485428	-63.0872	-62.6018
BLOCK29/SES291/SA291S22	SES259	-1.31577	-63.9176	-62.6018
BLOCK29/SES291/SA291S22	SES275	-3.37134	-65.9732	-62.6018
BLOCK29/SES291/SA291S24	SES104	-0.123348	-61.3146	-61.1912
BLOCK29/SES291/SA291S24	SES125	-0.0772171	-61.2684	-61.1912
BLOCK29/SES291/SA291S24	SES158	-0.393608	-61.5848	-61.1912
BLOCK29/SES291/SA291S24	SES275	-3.98704	-65.1783	-61.1912
BLOCK29/SES291/SA291S27	SES158	0.0989799	-61.9632	-62.0621
BLOCK29/SES291/SA291S27	SES172	-4.54094	-66.6031	-62.0621
BLOCK29/SES291/SA291S27	SES275	-3.82916	-65.8913	-62.0621
BLOCK29/SES291/SA291S27	SES292	-3.47976	-65.5419	-62.0621
Threshold search:
THR	-7.13906081716	9	0(0)	1(1000)
THR	-7.0308891089884	8.991	0(0)	0.999(999)
THR	-6.9227174008168	8.991	0(0)	0.999(999)
THR	-6.8145456926452	8.991	0(0)	0.999(999)
THR	-6.7063739844736	8.991	0(0)	0.999(999)
THR	-6.598202276302	8.991	0(0)	0.999(999)
THR	-6.4900305681304	8.991	0(0)	0.999(999)
THR	-6.3818588599588	8.991	0(0)	0.999(999)
THR	-6.2736871517872	8.991	0(0)	0.999(999)
THR	-6.1655154436156	8.991	0(0)	0.999(999)
THR	-6.057343735444	8.991	0(0)	0.999(999)
THR	-5.9491720272724	8.991	0(0)	0.999(999)
THR	-5.8410003191008	8.991	0(0)	0.999(999)
THR	-5.7328286109292	8.991	0(0)	0.999(999)
THR	-5.6246569027576	8.982	0(0)	0.998(998)
THR	-5.516485194586	8.982	0(0)	0.998(998)
THR	-5.4083134864144	8.982	0(0)	0.998(998)
THR	-5.3001417782428	8.973	0(0)	0.997(997)
THR	-5.1919700700712	8.973	0(0)	0.997(997)
THR	-5.0837983618996	8.973	0(0)	0.997(997)
THR	-4.975626653728	8.964	0(0)	0.996(996)
THR	-4.8674549455564	8.964	0(0)	0.996(996)
THR	-4.7592832373848	8.955	0(0)	0.995(995)
THR	-4.6511115292132	8.946	0(0)	0.994(994)
THR	-4.5429398210416	8.946	0(0)	0.994(994)
THR	-4.43476811287	8.928	0(0)	0.992(992)
THR	-4.3265964046984	8.91	0(0)	0.99(990)
THR	-4.2184246965268	8.892	0(0)	0.988(988)
THR	-4.1102529883552	8.883	0(0)	0.987(987)
THR	-4.0020812801836	8.838	0(0)	0.982(982)
THR	-3.893909572012	8.811	0(0)	0.979(979)
THR	-3.7857378638404	8.784	0(0)	0.976(976)
THR	-3.6775661556688	8.739	0(0)	0.971(971)
THR	-3.5693944474972	8.703	0(0)	0.967(967)
THR	-3.4612227393256	8.658	0(0)	0.962(962)
THR	-3.353051031154	8.577	0(0)	0.953(953)
THR	-3.2448793229824	8.523	0(0)	0.947(947)
THR	-3.1367076148108	8.415	0(0)	0.935(935)
THR	-3.0285359066392	8.316	0(0)	0.924(924)
THR	-2.9203641984676	8.262	0(0)	0.918(918)
THR	-2.812192490296	8.217	0(0)	0.913(913)
THR	-2.7040207821244	8.082	0(0)	0.898(898)
THR	-2.5958490739528	7.974	0(0)	0.886(886)
THR	-2.4876773657812	7.893	0(0)	0.877(877)
THR	-2.3795056576096	7.74	0(0)	0.86(860)
THR	-2.271333949438	7.578	0(0)	0.842(842)
THR	-2.1631622412664	7.402	0.004(1)	0.822(822)
THR	-2.0549905330948	7.177	0.004(1)	0.797(797)
THR	-1.9468188249232	6.943	0.004(1)	0.771(771)
THR	-1.8386471167516	6.673	0.004(1)	0.741(741)
THR	-1.73047540858	6.457	0.004(1)	0.717(717)
THR	-1.6223037004084	6.115	0.004(1)	0.679(679)
THR	-1.5141319922368	5.809	0.004(1)	0.645(645)
THR	-1.4059602840652	5.458	0.004(1)	0.606(606)
THR	-1.2977885758936	4.918	0.004(1)	0.546(546)
THR	-1.189616867722	4.54	0.004(1)	0.504(504)
THR	-1.0814451595504	4.117	0.004(1)	0.457(457)
THR	-0.973273451378797	3.721	0.004(1)	0.413(413)
THR	-0.865101743207197	3.271	0.004(1)	0.363(363)
THR	-0.756930035035597	2.857	0.004(1)	0.317(317)
THR	-0.648758326863997	2.326	0.004(1)	0.258(258)
THR	-0.540586618692397	1.858	0.004(1)	0.206(206)
THR	-0.432414910520797	1.444	0.004(1)	0.16(160)
THR	-0.324243202349197	1.088	0.008(2)	0.12(120)
THR	-0.216071494177597	0.899	0.008(2)	0.099(99)
THR	-0.107899786005997	0.664	0.016(4)	0.072(72)
THR	0.000271922165602873	0.465	0.024(6)	0.049(49)
THR	0.108443630337203	0.302	0.032(8)	0.03(30)
THR	0.216615338508803	0.237	0.048(12)	0.021(21)
THR	0.324787046680403	0.162	0.072(18)	0.01(10)
THR	0.432958754852003	0.155	0.092(23)	0.007(7)
THR	0.541130463023603	0.157	0.112(28)	0.005(5)
THR	0.649302171195203	0.193	0.148(37)	0.005(5)
THR	0.757473879366803	0.231	0.204(51)	0.003(3)
THR	0.865645587538403	0.287	0.26(65)	0.003(3)
THR	0.973817295710003	0.334	0.316(79)	0.002(2)
THR	1.0819890038816	0.39	0.372(93)	0.002(2)
THR	1.1901607120532	0.417	0.408(102)	0.001(1)
THR	1.2983324202248	0.469	0.46(115)	0.001(1)
THR	1.4065041283964	0.549	0.54(135)	0.001(1)
THR	1.514675836568	0.62	0.62(155)	0(0)
THR	1.6228475447396	0.652	0.652(163)	0(0)
THR	1.7310192529112	0.696	0.696(174)	0(0)
THR	1.8391909610828	0.744	0.744(186)	0(0)
THR	1.9473626692544	0.756	0.756(189)	0(0)
THR	2.055534377426	0.8	0.8(200)	0(0)
THR	2.1637060855976	0.836	0.836(209)	0(0)
THR	2.2718777937692	0.872	0.872(218)	0(0)
THR	2.3800495019408	0.884	0.884(221)	0(0)
THR	2.4882212101124	0.9	0.9(225)	0(0)
THR	2.596392918284	0.912	0.912(228)	0(0)
THR	2.7045646264556	0.924	0.924(231)	0(0)
THR	2.8127363346272	0.944	0.944(236)	0(0)
THR	2.9209080427988	0.956	0.956(239)	0(0)
THR	3.0290797509704	0.96	0.96(240)	0(0)
THR	3.137251459142	0.976	0.976(244)	0(0)
THR	3.2454231673136	0.984	0.984(246)	0(0)
THR	3.3535948754852	0.992	0.992(248)	0(0)
THR	3.4617665836568	0.992	0.992(248)	0(0)
THR	3.5699382918284	0.996	0.996(249)	0(0)
THR	3.67811	1	1(250)	0(0)


==============================================
THR: 0.432958754852003
Missed:     23/250=0.0920
FalseAlarm: 7/1000=0.0070
----------------------------------------------
==> CostDetection: 15.5
==============================================
