BLOCK00/SES002/SA002S12	SES002	0.838604	-7.66364	-8.50225
BLOCK00/SES002/SA002S13	SES002	1.35407	-7.76869	-9.12277
BLOCK00/SES002/SA002S23	SES002	0.912174	-7.61259	-8.52476
BLOCK00/SES002/SA002S26	SES002	0.720028	-8.79272	-9.51275
BLOCK00/SES002/SA002S28	SES002	0.531136	-8.06547	-8.59661
BLOCK00/SES007/SA007S14	SES007	0.929078	-6.41065	-7.33973
BLOCK00/SES007/SA007S15	SES007	0.538016	-7.35822	-7.89623
BLOCK00/SES007/SA007S24	SES007	0.486478	-6.93704	-7.42352
BLOCK00/SES007/SA007S27	SES007	0.16775	-8.54251	-8.71026
BLOCK00/SES007/SA007S29	SES007	0.0652714	-7.31876	-7.38403
BLOCK00/SES008/SA008S11	SES008	1.48769	-6.42616	-7.91385
BLOCK00/SES008/SA008S12	SES008	0.410865	-7.19964	-7.61051
BLOCK00/SES008/SA008S19	SES008	1.24207	-6.71413	-7.9562
BLOCK00/SES008/SA008S22	SES008	0.636971	-7.50002	-8.13699
BLOCK00/SES008/SA008S29	SES008	1.02126	-6.72903	-7.75029
BLOCK01/SES014/SA014S10	SES014	0.891458	-7.29703	-8.18849
BLOCK01/SES014/SA014S12	SES014	1.21275	-6.82279	-8.03554
BLOCK01/SES014/SA014S24	SES014	1.28796	-7.3653	-8.65326
BLOCK01/SES014/SA014S26	SES014	1.73089	-6.39684	-8.12773
BLOCK01/SES014/SA014S28	SES014	2.0248	-5.77477	-7.79957
BLOCK01/SES016/SA016S12	SES016	1.54294	-8.59155	-10.1345
BLOCK01/SES016/SA016S13	SES016	0.83775	-7.14073	-7.97848
BLOCK01/SES016/SA016S22	SES016	1.36508	-6.688	-8.05308
BLOCK01/SES016/SA016S25	SES016	1.35475	-5.59115	-6.9459
BLOCK01/SES016/SA016S27	SES016	1.27062	-6.7757	-8.04632
BLOCK01/SES019/SA019S13	SES019	3.45995	-6.15961	-9.61956
BLOCK01/SES019/SA019S14	SES019	1.58785	-7.92545	-9.5133
BLOCK01/SES019/SA019S22	SES019	2.59488	-6.37823	-8.97311
BLOCK01/SES019/SA019S25	SES019	2.09668	-7.0762	-9.17289
BLOCK01/SES019/SA019S29	SES019	4.23737	-6.50897	-10.7463
BLOCK02/SES029/SA029S11	SES029	0.614661	-6.29672	-6.91138
BLOCK02/SES029/SA029S12	SES029	0.112298	-7.02492	-7.13722
BLOCK02/SES029/SA029S20	SES029	0.273581	-6.57682	-6.85041
BLOCK02/SES029/SA029S25	SES029	0.422812	-7.29379	-7.7166
BLOCK02/SES029/SA029S28	SES029	0.377591	-6.9945	-7.37209
BLOCK04/SES042/SA042S12	SES042	0.975746	-6.91786	-7.8936
BLOCK04/SES042/SA042S15	SES042	1.22325	-6.24057	-7.46382
BLOCK04/SES042/SA042S22	SES042	2.35355	-7.18066	-9.53421
BLOCK04/SES042/SA042S25	SES042	1.378	-8.30875	-9.68674
BLOCK04/SES042/SA042S27	SES042	1.97796	-7.28335	-9.26131
BLOCK04/SES048/SA048S11	SES048	0.745712	-6.23242	-6.97814
BLOCK04/SES048/SA048S12	SES048	0.318497	-7.84901	-8.1675
BLOCK04/SES048/SA048S20	SES048	0.711566	-6.39334	-7.10491
BLOCK04/SES048/SA048S23	SES048	0.716278	-6.94167	-7.65795
BLOCK04/SES048/SA048S27	SES048	0.255433	-7.48596	-7.7414
BLOCK06/SES060/SA060S11	SES060	1.32893	-6.79167	-8.1206
BLOCK06/SES060/SA060S12	SES060	1.00905	-7.80789	-8.81694
BLOCK06/SES060/SA060S22	SES060	-0.769676	-9.56434	-8.79466
BLOCK06/SES060/SA060S24	SES060	1.0993	-5.98239	-7.08169
BLOCK06/SES060/SA060S28	SES060	0.640241	-6.10888	-6.74912
BLOCK06/SES062/SA062S10	SES062	0.11194	-7.15947	-7.27141
BLOCK06/SES062/SA062S11	SES062	0.287017	-8.10824	-8.39526
BLOCK06/SES062/SA062S21	SES062	0.687275	-5.6737	-6.36098
BLOCK06/SES062/SA062S26	SES062	0.0768824	-7.72882	-7.8057
BLOCK06/SES062/SA062S29	SES062	0.881949	-6.48951	-7.37146
BLOCK06/SES068/SA068S14	SES068	0.679884	-7.33219	-8.01207
BLOCK06/SES068/SA068S15	SES068	0.94532	-7.08582	-8.03114
BLOCK06/SES068/SA068S23	SES068	0.422318	-7.47461	-7.89693
BLOCK06/SES068/SA068S27	SES068	1.5831	-6.3236	-7.9067
BLOCK06/SES068/SA068S29	SES068	0.616641	-7.41414	-8.03078
BLOCK08/SES082/SA082S12	SES082	0.000968933	-8.54478	-8.54574
BLOCK08/SES082/SA082S14	SES082	0.274311	-8.14131	-8.41562
BLOCK08/SES082/SA082S21	SES082	0.716834	-7.07706	-7.79389
BLOCK08/SES082/SA082S24	SES082	0.395507	-7.85679	-8.25229
BLOCK08/SES082/SA082S28	SES082	0.376239	-7.83895	-8.21519
BLOCK08/SES083/SA083S14	SES083	0.10595	-7.37348	-7.47943
BLOCK08/SES083/SA083S15	SES083	0.631254	-7.01574	-7.64699
BLOCK08/SES083/SA083S24	SES083	0.366277	-7.44777	-7.81404
BLOCK08/SES083/SA083S26	SES083	0.675845	-8.08142	-8.75726
BLOCK08/SES083/SA083S29	SES083	-0.154706	-8.09723	-7.94253
BLOCK08/SES085/SA085S10	SES085	1.08559	-6.18478	-7.27036
BLOCK08/SES085/SA085S13	SES085	0.208787	-8.03132	-8.24011
BLOCK08/SES085/SA085S22	SES085	1.0092	-6.82609	-7.8353
BLOCK08/SES085/SA085S26	SES085	-0.152324	-8.09763	-7.94531
BLOCK08/SES085/SA085S28	SES085	0.447646	-7.27399	-7.72163
BLOCK08/SES087/SA087S15	SES087	1.01821	-7.75046	-8.76867
BLOCK08/SES087/SA087S16	SES087	1.42287	-7.52825	-8.95113
BLOCK08/SES087/SA087S24	SES087	1.0619	-7.59772	-8.65962
BLOCK08/SES087/SA087S26	SES087	0.883328	-6.79539	-7.67871
BLOCK08/SES087/SA087S29	SES087	1.49527	-6.5308	-8.02607
BLOCK09/SES099/SA099S15	SES099	0.665721	-8.15085	-8.81657
BLOCK09/SES099/SA099S16	SES099	0.874465	-7.44742	-8.32189
BLOCK09/SES099/SA099S24	SES099	1.14517	-7.50635	-8.65152
BLOCK09/SES099/SA099S26	SES099	1.10803	-7.24749	-8.35552
BLOCK09/SES099/SA099S29	SES099	0.703684	-8.01886	-8.72254
BLOCK10/SES101/SA101S11	SES101	0.653536	-6.33807	-6.9916
BLOCK10/SES101/SA101S13	SES101	0.961563	-5.47806	-6.43962
BLOCK10/SES101/SA101S22	SES101	0.720114	-7.73839	-8.45851
BLOCK10/SES101/SA101S24	SES101	0.926188	-6.52292	-7.44911
BLOCK10/SES101/SA101S28	SES101	0.592321	-7.07743	-7.66975
BLOCK10/SES104/SA104S11	SES104	0.717186	-7.06509	-7.78228
BLOCK10/SES104/SA104S12	SES104	0.618102	-7.48956	-8.10766
BLOCK10/SES104/SA104S21	SES104	0.526261	-7.81234	-8.3386
BLOCK10/SES104/SA104S24	SES104	0.145349	-8.24992	-8.39527
BLOCK10/SES104/SA104S28	SES104	1.06604	-7.29581	-8.36185
BLOCK10/SES105/SA105S12	SES105	0.846195	-7.90045	-8.74665
BLOCK10/SES105/SA105S13	SES105	0.220539	-7.56797	-7.78851
BLOCK10/SES105/SA105S22	SES105	0.417513	-8.36231	-8.77983
BLOCK10/SES105/SA105S26	SES105	0.490798	-8.26809	-8.75888
BLOCK10/SES105/SA105S29	SES105	1.04775	-6.49084	-7.53859
BLOCK10/SES106/SA106S09	SES106	0.885772	-7.84298	-8.72876
BLOCK10/SES106/SA106S11	SES106	0.934202	-6.85749	-7.79169
BLOCK10/SES106/SA106S22	SES106	1.37775	-7.59608	-8.97382
BLOCK10/SES106/SA106S27	SES106	0.460003	-7.20714	-7.66715
BLOCK10/SES106/SA106S29	SES106	0.52407	-6.70997	-7.23404
BLOCK11/SES117/SA117S12	SES117	0.675377	-7.83496	-8.51033
BLOCK11/SES117/SA117S13	SES117	-0.0671873	-8.41519	-8.348
BLOCK11/SES117/SA117S23	SES117	0.850168	-8.56408	-9.41425
BLOCK11/SES117/SA117S25	SES117	0.745548	-7.85955	-8.6051
BLOCK11/SES117/SA117S28	SES117	0.916298	-7.67632	-8.59262
BLOCK12/SES120/SA120S08	SES120	0.839895	-7.5655	-8.4054
BLOCK12/SES120/SA120S11	SES120	0.559606	-10.1081	-10.6677
BLOCK12/SES120/SA120S22	SES120	0.368151	-7.12883	-7.49698
BLOCK12/SES120/SA120S24	SES120	0.75765	-7.84618	-8.60383
BLOCK12/SES120/SA120S28	SES120	0.253579	-8.13784	-8.39142
BLOCK12/SES125/SA125S13	SES125	0.857927	-7.23827	-8.09619
BLOCK12/SES125/SA125S14	SES125	0.93233	-7.6675	-8.59983
BLOCK12/SES125/SA125S25	SES125	1.18716	-7.81309	-9.00024
BLOCK12/SES125/SA125S27	SES125	1.00881	-6.81931	-7.82813
BLOCK12/SES125/SA125S29	SES125	0.695642	-7.19196	-7.88761
BLOCK12/SES127/SA127S11	SES127	0.356209	-7.71155	-8.06776
BLOCK12/SES127/SA127S12	SES127	0.709867	-5.92284	-6.63271
BLOCK12/SES127/SA127S23	SES127	0.499124	-6.59772	-7.09685
BLOCK12/SES127/SA127S25	SES127	0.402402	-6.71639	-7.11879
BLOCK12/SES127/SA127S27	SES127	1.04366	-6.74429	-7.78795
BLOCK12/SES129/SA129S11	SES129	1.07586	-6.03586	-7.11172
BLOCK12/SES129/SA129S12	SES129	0.718748	-6.09946	-6.81821
BLOCK12/SES129/SA129S22	SES129	0.789929	-7.04619	-7.83612
BLOCK12/SES129/SA129S27	SES129	1.13561	-6.76308	-7.89869
BLOCK12/SES129/SA129S29	SES129	0.49013	-8.00795	-8.49808
BLOCK14/SES142/SA142S11	SES142	1.1222	-6.40315	-7.52535
BLOCK14/SES142/SA142S12	SES142	0.458094	-7.48826	-7.94635
BLOCK14/SES142/SA142S24	SES142	0.81748	-6.7662	-7.58368
BLOCK14/SES142/SA142S27	SES142	1.08062	-6.49893	-7.57954
BLOCK14/SES142/SA142S29	SES142	1.34708	-6.28285	-7.62992
BLOCK14/SES143/SA143S12	SES143	0.907546	-7.04288	-7.95043
BLOCK14/SES143/SA143S13	SES143	0.859568	-7.20927	-8.06884
BLOCK14/SES143/SA143S23	SES143	0.44185	-7.3413	-7.78315
BLOCK14/SES143/SA143S25	SES143	0.87037	-7.49617	-8.36654
BLOCK14/SES143/SA143S28	SES143	0.713479	-7.33592	-8.0494
BLOCK14/SES144/SA144S09	SES144	0.57025	-7.46509	-8.03534
BLOCK14/SES144/SA144S11	SES144	0.3254	-7.11948	-7.44488
BLOCK14/SES144/SA144S21	SES144	-0.385637	-8.30756	-7.92192
BLOCK14/SES144/SA144S25	SES144	0.602901	-7.84541	-8.44831
BLOCK14/SES144/SA144S29	SES144	-0.493613	-8.59056	-8.09694
BLOCK14/SES146/SA146S14	SES146	0.327573	-8.12523	-8.4528
BLOCK14/SES146/SA146S15	SES146	0.0262232	-8.09569	-8.12192
BLOCK14/SES146/SA146S24	SES146	0.566014	-7.60254	-8.16856
BLOCK14/SES146/SA146S26	SES146	0.51931	-7.62475	-8.14406
BLOCK14/SES146/SA146S29	SES146	0.783491	-7.91566	-8.69915
BLOCK14/SES147/SA147S11	SES147	0.178024	-7.74328	-7.92131
BLOCK14/SES147/SA147S13	SES147	0.533432	-6.72421	-7.25764
BLOCK14/SES147/SA147S23	SES147	0.614749	-7.28794	-7.90269
BLOCK14/SES147/SA147S26	SES147	1.05188	-7.13684	-8.18872
BLOCK14/SES147/SA147S28	SES147	0.98579	-6.57685	-7.56264
BLOCK14/SES148/SA148S10	SES148	0.65392	-6.63147	-7.28539
BLOCK14/SES148/SA148S12	SES148	0.132124	-7.8278	-7.95992
BLOCK14/SES148/SA148S22	SES148	0.685756	-6.71727	-7.40303
BLOCK14/SES148/SA148S26	SES148	0.19118	-6.41349	-6.60467
BLOCK14/SES148/SA148S29	SES148	-0.155713	-7.65222	-7.49651
BLOCK14/SES149/SA149S13	SES149	0.0806322	-7.22734	-7.30797
BLOCK14/SES149/SA149S14	SES149	0.371801	-6.61399	-6.98579
BLOCK14/SES149/SA149S24	SES149	0.595497	-7.16534	-7.76084
BLOCK14/SES149/SA149S26	SES149	0.780884	-6.23038	-7.01127
BLOCK14/SES149/SA149S28	SES149	1.53925	-5.32049	-6.85974
BLOCK15/SES158/SA158S13	SES158	0.894493	-7.25694	-8.15143
BLOCK15/SES158/SA158S14	SES158	0.969947	-8.10866	-9.07861
BLOCK15/SES158/SA158S23	SES158	0.87438	-6.38642	-7.2608
BLOCK15/SES158/SA158S26	SES158	1.21348	-7.55611	-8.76958
BLOCK15/SES158/SA158S28	SES158	0.788053	-7.64273	-8.43079
BLOCK16/SES162/SA162S10	SES162	0.472952	-8.31268	-8.78563
BLOCK16/SES162/SA162S11	SES162	0.703054	-6.47678	-7.17983
BLOCK16/SES162/SA162S21	SES162	0.888594	-6.88768	-7.77628
BLOCK16/SES162/SA162S24	SES162	0.795745	-7.10873	-7.90448
BLOCK16/SES162/SA162S27	SES162	1.43781	-7.96769	-9.4055
BLOCK16/SES167/SA167S14	SES167	1.14926	-6.4019	-7.55115
BLOCK16/SES167/SA167S15	SES167	1.61361	-6.04751	-7.66112
BLOCK16/SES167/SA167S21	SES167	1.23597	-6.20747	-7.44344
BLOCK16/SES167/SA167S25	SES167	1.58179	-6.50408	-8.08587
BLOCK16/SES167/SA167S29	SES167	1.64909	-5.82353	-7.47262
BLOCK17/SES172/SA172S12	SES172	0.860432	-7.97299	-8.83342
BLOCK17/SES172/SA172S13	SES172	1.10031	-7.69925	-8.79956
BLOCK17/SES172/SA172S23	SES172	0.808009	-6.98108	-7.78909
BLOCK17/SES172/SA172S27	SES172	0.71521	-8.42425	-9.13946
BLOCK17/SES172/SA172S29	SES172	1.23167	-7.00466	-8.23633
BLOCK17/SES175/SA175S11	SES175	0.429283	-7.68278	-8.11207
BLOCK17/SES175/SA175S13	SES175	0.748477	-5.33939	-6.08786
BLOCK17/SES175/SA175S23	SES175	0.676164	-6.39933	-7.07549
BLOCK17/SES175/SA175S25	SES175	-0.111255	-8.31297	-8.20172
BLOCK17/SES175/SA175S28	SES175	0.421591	-6.76931	-7.1909
BLOCK17/SES177/SA177S15	SES177	0.668688	-8.04061	-8.70929
BLOCK17/SES177/SA177S17	SES177	0.614661	-7.84586	-8.46052
BLOCK17/SES177/SA177S23	SES177	0.568964	-7.95221	-8.52118
BLOCK17/SES177/SA177S26	SES177	0.916637	-5.73687	-6.65351
BLOCK17/SES177/SA177S28	SES177	0.909796	-7.76329	-8.67308
BLOCK18/SES180/SA180S13	SES180	-0.10645	-8.52235	-8.4159
BLOCK18/SES180/SA180S15	SES180	0.222436	-7.29859	-7.52102
BLOCK18/SES180/SA180S24	SES180	0.372299	-6.4541	-6.82639
BLOCK18/SES180/SA180S26	SES180	0.128685	-7.03335	-7.16203
BLOCK18/SES180/SA180S29	SES180	0.0153027	-8.09491	-8.11021
BLOCK18/SES183/SA183S13	SES183	1.15531	-7.09544	-8.25075
BLOCK18/SES183/SA183S14	SES183	-0.273383	-7.8089	-7.53552
BLOCK18/SES183/SA183S24	SES183	1.14211	-7.71785	-8.85996
BLOCK18/SES183/SA183S27	SES183	1.0554	-7.97102	-9.02642
BLOCK18/SES183/SA183S29	SES183	1.23018	-7.00496	-8.23514
BLOCK18/SES187/SA187S13	SES187	0.203942	-8.68728	-8.89122
BLOCK18/SES187/SA187S14	SES187	0.485895	-8.23043	-8.71633
BLOCK18/SES187/SA187S24	SES187	0.925335	-8.12809	-9.05343
BLOCK18/SES187/SA187S27	SES187	0.597973	-8.20089	-8.79886
BLOCK18/SES187/SA187S29	SES187	0.47884	-8.76317	-9.24201
BLOCK18/SES189/SA189S10	SES189	1.12241	-7.9775	-9.09991
BLOCK18/SES189/SA189S13	SES189	1.06867	-8.86224	-9.93091
BLOCK18/SES189/SA189S24	SES189	0.78391	-7.05527	-7.83918
BLOCK18/SES189/SA189S26	SES189	1.05443	-7.2136	-8.26803
BLOCK18/SES189/SA189S29	SES189	1.20748	-6.95558	-8.16306
BLOCK20/SES202/SA202S12	SES202	0.722229	-7.53577	-8.258
BLOCK20/SES202/SA202S14	SES202	0.945979	-7.21003	-8.15601
BLOCK20/SES202/SA202S24	SES202	0.122773	-8.36355	-8.48632
BLOCK20/SES202/SA202S27	SES202	0.829869	-6.81643	-7.6463
BLOCK20/SES202/SA202S29	SES202	0.602999	-7.13448	-7.73748
BLOCK20/SES206/SA206S15	SES206	-0.329814	-7.33481	-7.005
BLOCK20/SES206/SA206S17	SES206	0.406569	-7.87002	-8.27658
BLOCK20/SES206/SA206S24	SES206	1.20679	-6.19447	-7.40126
BLOCK20/SES206/SA206S27	SES206	1.06585	-7.85202	-8.91787
BLOCK20/SES206/SA206S29	SES206	1.19695	-6.60303	-7.79999
BLOCK22/SES226/SA226S12	SES226	0.947217	-7.58121	-8.52843
BLOCK22/SES226/SA226S13	SES226	0.146945	-8.6421	-8.78905
BLOCK22/SES226/SA226S20	SES226	0.733801	-7.56273	-8.29653
BLOCK22/SES226/SA226S23	SES226	0.836327	-6.93547	-7.7718
BLOCK22/SES226/SA226S28	SES226	1.15657	-6.74403	-7.90061
BLOCK25/SES259/SA259S13	SES259	1.82999	-6.61881	-8.4488
BLOCK25/SES259/SA259S14	SES259	1.34629	-6.60658	-7.95288
BLOCK25/SES259/SA259S22	SES259	1.35916	-6.44698	-7.80615
BLOCK25/SES259/SA259S24	SES259	0.772496	-7.36055	-8.13305
BLOCK25/SES259/SA259S28	SES259	1.04518	-6.97681	-8.02199
BLOCK27/SES270/SA270S14	SES270	1.73831	-7.36515	-9.10346
BLOCK27/SES270/SA270S16	SES270	0.297977	-7.17692	-7.47489
BLOCK27/SES270/SA270S22	SES270	1.65145	-6.68633	-8.33778
BLOCK27/SES270/SA270S26	SES270	0.80269	-7.28659	-8.08928
BLOCK27/SES270/SA270S28	SES270	0.969079	-7.13784	-8.10692
BLOCK27/SES275/SA275S17	SES275	0.389014	-7.14642	-7.53544
BLOCK27/SES275/SA275S18	SES275	0.246132	-7.42661	-7.67275
BLOCK27/SES275/SA275S24	SES275	0.467925	-7.79029	-8.25821
BLOCK27/SES275/SA275S26	SES275	0.812993	-7.24357	-8.05657
BLOCK27/SES275/SA275S28	SES275	0.398417	-7.66141	-8.05982
BLOCK29/SES292/SA292S10	SES292	-0.0809984	-7.09359	-7.01259
BLOCK29/SES292/SA292S12	SES292	0.256517	-8.44131	-8.69783
BLOCK29/SES292/SA292S22	SES292	0.0814195	-7.92184	-8.00326
BLOCK29/SES292/SA292S24	SES292	0.0514102	-7.77795	-7.82936
BLOCK29/SES292/SA292S27	SES292	0.0359497	-7.50336	-7.53931
BLOCK00/SES001/SA001S14	SES062	-2.12226	-10.6932	-8.57091
BLOCK00/SES001/SA001S14	SES082	-0.365893	-8.9368	-8.57091
BLOCK00/SES001/SA001S14	SES106	-0.924849	-9.49576	-8.57091
BLOCK00/SES001/SA001S14	SES206	-1.00534	-9.57625	-8.57091
BLOCK00/SES001/SA001S15	SES062	-1.2596	-8.84903	-7.58943
BLOCK00/SES001/SA001S15	SES104	-0.825424	-8.41486	-7.58943
BLOCK00/SES001/SA001S15	SES106	-1.20899	-8.79842	-7.58943
BLOCK00/SES001/SA001S15	SES206	-1.75332	-9.34275	-7.58943
BLOCK00/SES001/SA001S24	SES062	-0.273217	-8.10916	-7.83594
BLOCK00/SES001/SA001S24	SES082	-0.568633	-8.40458	-7.83594
BLOCK00/SES001/SA001S24	SES087	-1.08881	-8.92476	-7.83594
BLOCK00/SES001/SA001S24	SES206	-0.166267	-8.00221	-7.83594
BLOCK00/SES001/SA001S27	SES062	-0.570535	-6.85056	-6.28002
BLOCK00/SES001/SA001S27	SES082	-0.77665	-7.05667	-6.28002
BLOCK00/SES001/SA001S27	SES087	-0.278411	-6.55843	-6.28002
BLOCK00/SES001/SA001S27	SES206	-1.06126	-7.34128	-6.28002
BLOCK00/SES001/SA001S29	SES062	-1.50581	-9.52522	-8.01941
BLOCK00/SES001/SA001S29	SES082	-0.439878	-8.45929	-8.01941
BLOCK00/SES001/SA001S29	SES158	-0.659202	-8.67861	-8.01941
BLOCK00/SES001/SA001S29	SES206	-0.882087	-8.9015	-8.01941
BLOCK00/SES003/SA003S11	SES002	0.234399	-8.19668	-8.43108
BLOCK00/SES003/SA003S11	SES019	-0.918422	-9.3495	-8.43108
BLOCK00/SES003/SA003S11	SES082	0.0501804	-8.3809	-8.43108
BLOCK00/SES003/SA003S11	SES125	-0.537799	-8.96888	-8.43108
BLOCK00/SES003/SA003S15	SES016	-0.787892	-8.17534	-7.38745
BLOCK00/SES003/SA003S15	SES019	-3.35849	-10.7459	-7.38745
BLOCK00/SES003/SA003S15	SES062	0.0545735	-7.33288	-7.38745
BLOCK00/SES003/SA003S15	SES206	-0.509552	-7.897	-7.38745
BLOCK00/SES003/SA003S22	SES002	-0.0101657	-7.97363	-7.96346
BLOCK00/SES003/SA003S22	SES062	0.297462	-7.666	-7.96346
BLOCK00/SES003/SA003S22	SES082	-0.103152	-8.06662	-7.96346
BLOCK00/SES003/SA003S22	SES087	-0.211756	-8.17522	-7.96346
BLOCK00/SES003/SA003S25	SES062	-0.949238	-9.84222	-8.89298
BLOCK00/SES003/SA003S25	SES082	-1.17512	-10.0681	-8.89298
BLOCK00/SES003/SA003S25	SES087	-1.44805	-10.341	-8.89298
BLOCK00/SES003/SA003S25	SES206	-0.670712	-9.56369	-8.89298
BLOCK00/SES003/SA003S29	SES002	-0.666557	-8.94205	-8.2755
BLOCK00/SES003/SA003S29	SES062	-1.51794	-9.79344	-8.2755
BLOCK00/SES003/SA003S29	SES082	-0.98418	-9.25968	-8.2755
BLOCK00/SES003/SA003S29	SES087	-1.50185	-9.77734	-8.2755
BLOCK00/SES004/SA004S12	SES083	-0.800125	-7.99115	-7.19102
BLOCK00/SES004/SA004S12	SES148	-0.45064	-7.64166	-7.19102
BLOCK00/SES004/SA004S12	SES172	0.274579	-6.91644	-7.19102
BLOCK00/SES004/SA004S12	SES292	-0.848157	-8.03918	-7.19102
BLOCK00/SES004/SA004S17	SES083	-0.710357	-8.34933	-7.63897
BLOCK00/SES004/SA004S17	SES162	-0.362826	-8.0018	-7.63897
BLOCK00/SES004/SA004S17	SES172	-0.17724	-7.81621	-7.63897
BLOCK00/SES004/SA004S17	SES292	-0.603094	-8.24206	-7.63897
BLOCK00/SES004/SA004S24	SES083	-0.715663	-7.92707	-7.21141
BLOCK00/SES004/SA004S24	SES148	-1.07411	-8.28552	-7.21141
BLOCK00/SES004/SA004S24	SES172	-0.205375	-7.41678	-7.21141
BLOCK00/SES004/SA004S24	SES292	-0.343678	-7.55508	-7.21141
BLOCK00/SES004/SA004S26	SES083	-1.14679	-9.1651	-8.0183
BLOCK00/SES004/SA004S26	SES127	-0.116682	-8.13499	-8.0183
BLOCK00/SES004/SA004S26	SES148	-1.51219	-9.53049	-8.0183
BLOCK00/SES004/SA004S26	SES292	-0.685893	-8.7042	-8.0183
BLOCK00/SES004/SA004S28	SES083	-0.890678	-8.14497	-7.25429
BLOCK00/SES004/SA004S28	SES127	0.261811	-6.99248	-7.25429
BLOCK00/SES004/SA004S28	SES187	0.268048	-6.98624	-7.25429
BLOCK00/SES004/SA004S28	SES292	-0.845937	-8.10023	-7.25429
BLOCK00/SES006/SA006S10	SES014	-1.20381	-10.4284	-9.22456
BLOCK00/SES006/SA006S10	SES158	-0.993087	-10.2176	-9.22456
BLOCK00/SES006/SA006S10	SES226	-2.76441	-11.989	-9.22456
BLOCK00/SES006/SA006S10	SES270	-0.337581	-9.56214	-9.22456
BLOCK00/SES006/SA006S11	SES158	-1.16231	-10.1089	-8.94656
BLOCK00/SES006/SA006S11	SES226	-1.27695	-10.2235	-8.94656
BLOCK00/SES006/SA006S11	SES270	0.168258	-8.7783	-8.94656
BLOCK00/SES006/SA006S11	SES275	-1.81377	-10.7603	-8.94656
BLOCK00/SES006/SA006S23	SES062	-4.02968	-13.0652	-9.0355
BLOCK00/SES006/SA006S23	SES105	-3.17135	-12.2069	-9.0355
BLOCK00/SES006/SA006S23	SES158	-0.752629	-9.78813	-9.0355
BLOCK00/SES006/SA006S23	SES275	-2.474	-11.5095	-9.0355
BLOCK00/SES006/SA006S26	SES104	-2.06951	-11.2067	-9.13721
BLOCK00/SES006/SA006S26	SES158	-1.12109	-10.2583	-9.13721
BLOCK00/SES006/SA006S26	SES270	0.00910282	-9.12811	-9.13721
BLOCK00/SES006/SA006S26	SES275	-1.96274	-11.0999	-9.13721
BLOCK00/SES006/SA006S28	SES007	-1.42031	-10.9497	-9.52939
BLOCK00/SES006/SA006S28	SES105	-2.66129	-12.1907	-9.52939
BLOCK00/SES006/SA006S28	SES158	-0.781202	-10.3106	-9.52939
BLOCK00/SES006/SA006S28	SES275	-1.97667	-11.5061	-9.52939
BLOCK00/SES009/SA009S12	SES083	-1.85557	-9.83824	-7.98267
BLOCK00/SES009/SA009S12	SES148	-1.64717	-9.62984	-7.98267
BLOCK00/SES009/SA009S12	SES177	-0.232459	-8.21513	-7.98267
BLOCK00/SES009/SA009S12	SES292	-0.423026	-8.4057	-7.98267
BLOCK00/SES009/SA009S15	SES007	0.369223	-7.12307	-7.49229
BLOCK00/SES009/SA009S15	SES099	-2.50928	-10.0016	-7.49229
BLOCK00/SES009/SA009S15	SES148	-0.814673	-8.30697	-7.49229
BLOCK00/SES009/SA009S15	SES172	-0.501287	-7.99358	-7.49229
BLOCK00/SES009/SA009S24	SES146	-0.194024	-8.36757	-8.17354
BLOCK00/SES009/SA009S24	SES148	-1.75599	-9.92953	-8.17354
BLOCK00/SES009/SA009S24	SES177	-0.0711679	-8.24471	-8.17354
BLOCK00/SES009/SA009S24	SES292	-0.353029	-8.52657	-8.17354
BLOCK00/SES009/SA009S26	SES083	-1.60115	-9.56687	-7.96572
BLOCK00/SES009/SA009S26	SES101	-1.52586	-9.49159	-7.96572
BLOCK00/SES009/SA009S26	SES120	0.00339031	-7.96233	-7.96572
BLOCK00/SES009/SA009S26	SES177	-0.743207	-8.70893	-7.96572
BLOCK00/SES009/SA009S29	SES083	-1.44064	-9.19808	-7.75744
BLOCK00/SES009/SA009S29	SES101	-1.0641	-8.82155	-7.75744
BLOCK00/SES009/SA009S29	SES177	-0.209237	-7.96668	-7.75744
BLOCK00/SES009/SA009S29	SES292	-0.640424	-8.39787	-7.75744
BLOCK01/SES011/SA011S10	SES019	-3.42567	-12.8148	-9.38915
BLOCK01/SES011/SA011S10	SES042	1.19254	-8.19661	-9.38915
BLOCK01/SES011/SA011S10	SES082	-0.344702	-9.73385	-9.38915
BLOCK01/SES011/SA011S10	SES206	-0.0885077	-9.47766	-9.38915
BLOCK01/SES011/SA011S11	SES019	-2.76925	-11.4878	-8.71853
BLOCK01/SES011/SA011S11	SES042	0.552606	-8.16592	-8.71853
BLOCK01/SES011/SA011S11	SES082	-0.474915	-9.19344	-8.71853
BLOCK01/SES011/SA011S11	SES206	-0.760222	-9.47875	-8.71853
BLOCK01/SES011/SA011S22	SES019	-2.17775	-11.2459	-9.06818
BLOCK01/SES011/SA011S22	SES042	0.891554	-8.17662	-9.06818
BLOCK01/SES011/SA011S22	SES082	-0.805902	-9.87408	-9.06818
BLOCK01/SES011/SA011S22	SES206	-0.539341	-9.60752	-9.06818
BLOCK01/SES011/SA011S24	SES019	-2.61105	-10.9682	-8.35714
BLOCK01/SES011/SA011S24	SES042	1.27779	-7.07935	-8.35714
BLOCK01/SES011/SA011S24	SES104	0.326971	-8.03016	-8.35714
BLOCK01/SES011/SA011S24	SES206	-0.065937	-8.42307	-8.35714
BLOCK01/SES011/SA011S27	SES082	0.125984	-8.17946	-8.30544
BLOCK01/SES011/SA011S27	SES087	-1.44802	-9.75346	-8.30544
BLOCK01/SES011/SA011S27	SES125	0.185523	-8.11992	-8.30544
BLOCK01/SES011/SA011S27	SES206	0.162007	-8.14344	-8.30544
BLOCK01/SES012/SA012S11	SES007	0.279371	-7.13444	-7.41381
BLOCK01/SES012/SA012S11	SES082	0.0561924	-7.35762	-7.41381
BLOCK01/SES012/SA012S11	SES083	-0.841022	-8.25484	-7.41381
BLOCK01/SES012/SA012S11	SES206	0.015995	-7.39782	-7.41381
BLOCK01/SES012/SA012S14	SES082	0.10373	-8.43028	-8.53401
BLOCK01/SES012/SA012S14	SES087	-0.866553	-9.40057	-8.53401
BLOCK01/SES012/SA012S14	SES206	0.0531883	-8.48083	-8.53401
BLOCK01/SES012/SA012S14	SES292	-0.481418	-9.01543	-8.53401
BLOCK01/SES012/SA012S24	SES082	-0.280068	-9.32674	-9.04667
BLOCK01/SES012/SA012S24	SES087	-0.885245	-9.93192	-9.04667
BLOCK01/SES012/SA012S24	SES120	-1.08986	-10.1365	-9.04667
BLOCK01/SES012/SA012S24	SES206	-0.388415	-9.43509	-9.04667
BLOCK01/SES012/SA012S26	SES019	-5.44776	-14.7796	-9.33183
BLOCK01/SES012/SA012S26	SES082	-0.729495	-10.0613	-9.33183
BLOCK01/SES012/SA012S26	SES206	0.753698	-8.57814	-9.33183
BLOCK01/SES012/SA012S26	SES292	-0.228242	-9.56008	-9.33183
BLOCK01/SES012/SA012S29	SES062	-0.625848	-7.63895	-7.0131
BLOCK01/SES012/SA012S29	SES082	0.451096	-6.56201	-7.0131
BLOCK01/SES012/SA012S29	SES083	-1.39066	-8.40376	-7.0131
BLOCK01/SES012/SA012S29	SES206	0.269306	-6.7438	-7.0131
BLOCK01/SES013/SA013S16	SES062	-2.66854	-11.9836	-9.31504
BLOCK01/SES013/SA013S16	SES106	-1.31823	-10.6333	-9.31504
BLOCK01/SES013/SA013S16	SES206	-0.696458	-10.0115	-9.31504
BLOCK01/SES013/SA013S16	SES226	-0.444805	-9.75985	-9.31504
BLOCK01/SES013/SA013S17	SES062	-0.844101	-9.07523	-8.23113
BLOCK01/SES013/SA013S17	SES106	-1.29443	-9.52555	-8.23113
BLOCK01/SES013/SA013S17	SES206	-0.149116	-8.38024	-8.23113
BLOCK01/SES013/SA013S17	SES226	-0.227384	-8.45851	-8.23113
BLOCK01/SES013/SA013S23	SES104	-0.215948	-9.52718	-9.31123
BLOCK01/SES013/SA013S23	SES106	0.190482	-9.12075	-9.31123
BLOCK01/SES013/SA013S23	SES206	-1.2777	-10.5889	-9.31123
BLOCK01/SES013/SA013S23	SES270	-0.437371	-9.74861	-9.31123
BLOCK01/SES013/SA013S25	SES042	-1.96619	-10.6243	-8.65806
BLOCK01/SES013/SA013S25	SES104	-0.193714	-8.85178	-8.65806
BLOCK01/SES013/SA013S25	SES106	0.0340834	-8.62398	-8.65806
BLOCK01/SES013/SA013S25	SES206	-1.14211	-9.80017	-8.65806
BLOCK01/SES013/SA013S29	SES062	-2.30703	-11.1665	-8.85951
BLOCK01/SES013/SA013S29	SES104	-0.559196	-9.41871	-8.85951
BLOCK01/SES013/SA013S29	SES106	-0.276406	-9.13592	-8.85951
BLOCK01/SES013/SA013S29	SES206	-1.61016	-10.4697	-8.85951
BLOCK02/SES021/SA021S13	SES016	-1.69426	-9.74523	-8.05097
BLOCK02/SES021/SA021S13	SES029	-0.525684	-8.57665	-8.05097
BLOCK02/SES021/SA021S13	SES087	-2.07441	-10.1254	-8.05097
BLOCK02/SES021/SA021S13	SES206	-1.37094	-9.4219	-8.05097
BLOCK02/SES021/SA021S15	SES087	-0.776741	-8.58784	-7.8111
BLOCK02/SES021/SA021S15	SES125	-0.586876	-8.39797	-7.8111
BLOCK02/SES021/SA021S15	SES206	-0.68037	-8.49147	-7.8111
BLOCK02/SES021/SA021S15	SES226	-0.500694	-8.31179	-7.8111
BLOCK02/SES021/SA021S23	SES062	-1.80179	-10.7526	-8.95083
BLOCK02/SES021/SA021S23	SES087	-0.491388	-9.44221	-8.95083
BLOCK02/SES021/SA021S23	SES206	-0.673635	-9.62446	-8.95083
BLOCK02/SES021/SA021S23	SES226	-1.12493	-10.0758	-8.95083
BLOCK02/SES021/SA021S27	SES002	-0.173132	-7.74717	-7.57403
BLOCK02/SES021/SA021S27	SES016	-2.70941	-10.2834	-7.57403
BLOCK02/SES021/SA021S27	SES019	-1.03912	-8.61316	-7.57403
BLOCK02/SES021/SA021S27	SES062	-0.718169	-8.2922	-7.57403
BLOCK02/SES021/SA021S29	SES087	-1.09079	-9.42241	-8.33161
BLOCK02/SES021/SA021S29	SES125	-1.61864	-9.95025	-8.33161
BLOCK02/SES021/SA021S29	SES206	-0.381695	-8.71331	-8.33161
BLOCK02/SES021/SA021S29	SES226	-0.758166	-9.08978	-8.33161
BLOCK04/SES043/SA043S09	SES083	0.0028038	-8.48235	-8.48515
BLOCK04/SES043/SA043S09	SES101	-0.397898	-8.88305	-8.48515
BLOCK04/SES043/SA043S09	SES144	-0.12006	-8.60521	-8.48515
BLOCK04/SES043/SA043S09	SES172	-1.14624	-9.63139	-8.48515
BLOCK04/SES043/SA043S11	SES083	0.344933	-7.20524	-7.55017
BLOCK04/SES043/SA043S11	SES101	-0.112472	-7.66264	-7.55017
BLOCK04/SES043/SA043S11	SES144	0.513936	-7.03624	-7.55017
BLOCK04/SES043/SA043S11	SES172	-0.457314	-8.00749	-7.55017
BLOCK04/SES043/SA043S23	SES083	0.037447	-7.91823	-7.95568
BLOCK04/SES043/SA043S23	SES144	0.059042	-7.89664	-7.95568
BLOCK04/SES043/SA043S23	SES177	-0.62329	-8.57897	-7.95568
BLOCK04/SES043/SA043S23	SES275	-0.506873	-8.46255	-7.95568
BLOCK04/SES043/SA043S26	SES083	-0.326782	-9.47558	-9.14879
BLOCK04/SES043/SA043S26	SES101	-0.326237	-9.47503	-9.14879
BLOCK04/SES043/SA043S26	SES144	-0.0190916	-9.16789	-9.14879
BLOCK04/SES043/SA043S26	SES177	-0.541578	-9.69037	-9.14879
BLOCK04/SES043/SA043S28	SES016	-1.52948	-9.49569	-7.96621
BLOCK04/SES043/SA043S28	SES083	-0.197227	-8.16344	-7.96621
BLOCK04/SES043/SA043S28	SES101	-0.276361	-8.24257	-7.96621
BLOCK04/SES043/SA043S28	SES144	-0.401239	-8.36745	-7.96621
BLOCK04/SES044/SA044S10	SES127	-2.51	-11.2152	-8.70524
BLOCK04/SES044/SA044S10	SES144	-0.193221	-8.89847	-8.70524
BLOCK04/SES044/SA044S10	SES147	-3.25866	-11.9639	-8.70524
BLOCK04/SES044/SA044S10	SES148	-2.03063	-10.7359	-8.70524
BLOCK04/SES044/SA044S11	SES101	-0.424739	-8.26647	-7.84173
BLOCK04/SES044/SA044S11	SES144	-0.0722547	-7.91398	-7.84173
BLOCK04/SES044/SA044S11	SES147	-1.73942	-9.58114	-7.84173
BLOCK04/SES044/SA044S11	SES177	-0.923275	-8.765	-7.84173
BLOCK04/SES044/SA044S24	SES007	-1.65151	-9.63193	-7.98042
BLOCK04/SES044/SA044S24	SES101	-0.0802755	-8.06069	-7.98042
BLOCK04/SES044/SA044S24	SES147	-1.76578	-9.7462	-7.98042
BLOCK04/SES044/SA044S24	SES177	-0.344925	-8.32534	-7.98042
BLOCK04/SES044/SA044S26	SES007	-1.30409	-8.77414	-7.47005
BLOCK04/SES044/SA044S26	SES016	-0.694188	-8.16424	-7.47005
BLOCK04/SES044/SA044S26	SES101	-0.11841	-7.58846	-7.47005
BLOCK04/SES044/SA044S26	SES147	-0.484118	-7.95417	-7.47005
BLOCK04/SES044/SA044S29	SES007	-2.16946	-9.60643	-7.43698
BLOCK04/SES044/SA044S29	SES101	0.222496	-7.21448	-7.43698
BLOCK04/SES044/SA044S29	SES147	-0.71856	-8.15554	-7.43698
BLOCK04/SES044/SA044S29	SES177	-2.03871	-9.47569	-7.43698
BLOCK04/SES046/SA046S13	SES101	-0.49519	-9.37612	-8.88093
BLOCK04/SES046/SA046S13	SES144	-0.0662012	-8.94713	-8.88093
BLOCK04/SES046/SA046S13	SES147	-1.88517	-10.7661	-8.88093
BLOCK04/SES046/SA046S13	SES177	-1.0618	-9.94274	-8.88093
BLOCK04/SES046/SA046S15	SES048	-0.164399	-6.74162	-6.57722
BLOCK04/SES046/SA046S15	SES083	-0.688009	-7.26523	-6.57722
BLOCK04/SES046/SA046S15	SES120	-1.89821	-8.47544	-6.57722
BLOCK04/SES046/SA046S15	SES148	-0.501987	-7.07921	-6.57722
BLOCK04/SES046/SA046S22	SES101	-0.0241308	-8.3608	-8.33667
BLOCK04/SES046/SA046S22	SES144	0.100923	-8.23574	-8.33667
BLOCK04/SES046/SA046S22	SES147	-1.62942	-9.96609	-8.33667
BLOCK04/SES046/SA046S22	SES172	-0.262904	-8.59957	-8.33667
BLOCK04/SES046/SA046S25	SES083	-0.297326	-7.96745	-7.67012
BLOCK04/SES046/SA046S25	SES127	-1.29258	-8.96271	-7.67012
BLOCK04/SES046/SA046S25	SES144	-0.27112	-7.94124	-7.67012
BLOCK04/SES046/SA046S25	SES148	-1.10123	-8.77135	-7.67012
BLOCK04/SES046/SA046S28	SES007	-0.656448	-8.28722	-7.63077
BLOCK04/SES046/SA046S28	SES105	-1.19448	-8.82525	-7.63077
BLOCK04/SES046/SA046S28	SES147	-0.81041	-8.44118	-7.63077
BLOCK04/SES046/SA046S28	SES148	-1.35061	-8.98138	-7.63077
BLOCK04/SES049/SA049S16	SES104	-0.63586	-10.0618	-9.42593
BLOCK04/SES049/SA049S16	SES106	-1.75681	-11.1827	-9.42593
BLOCK04/SES049/SA049S16	SES120	-1.07952	-10.5055	-9.42593
BLOCK04/SES049/SA049S16	SES206	-1.36419	-10.7901	-9.42593
BLOCK04/SES049/SA049S18	SES099	0.164307	-8.83579	-9.0001
BLOCK04/SES049/SA049S18	SES104	-0.854064	-9.85416	-9.0001
BLOCK04/SES049/SA049S18	SES125	-0.764941	-9.76504	-9.0001
BLOCK04/SES049/SA049S18	SES206	-1.72962	-10.7297	-9.0001
BLOCK04/SES049/SA049S25	SES087	-1.78317	-11.4902	-9.70703
BLOCK04/SES049/SA049S25	SES104	-0.688863	-10.3959	-9.70703
BLOCK04/SES049/SA049S25	SES125	-0.617993	-10.325	-9.70703
BLOCK04/SES049/SA049S25	SES206	-0.621563	-10.3286	-9.70703
BLOCK04/SES049/SA049S27	SES099	-0.664307	-8.91736	-8.25305
BLOCK04/SES049/SA049S27	SES104	0.0080595	-8.24499	-8.25305
BLOCK04/SES049/SA049S27	SES125	-1.26249	-9.51554	-8.25305
BLOCK04/SES049/SA049S27	SES206	-1.10612	-9.35917	-8.25305
BLOCK04/SES049/SA049S29	SES099	-0.380632	-8.26726	-7.88662
BLOCK04/SES049/SA049S29	SES104	0.0684819	-7.81814	-7.88662
BLOCK04/SES049/SA049S29	SES125	-0.36691	-8.25353	-7.88662
BLOCK04/SES049/SA049S29	SES206	-1.00733	-8.89395	-7.88662
BLOCK06/SES063/SA063S09	SES068	-2.16129	-11.6889	-9.52764
BLOCK06/SES063/SA063S09	SES083	-0.327924	-9.85557	-9.52764
BLOCK06/SES063/SA063S09	SES177	-0.44588	-9.97352	-9.52764
BLOCK06/SES063/SA063S09	SES187	-0.601587	-10.1292	-9.52764
BLOCK06/SES063/SA063S10	SES068	-1.64157	-10.5164	-8.87481
BLOCK06/SES063/SA063S10	SES083	-0.801886	-9.67669	-8.87481
BLOCK06/SES063/SA063S10	SES172	-0.699626	-9.57443	-8.87481
BLOCK06/SES063/SA063S10	SES187	-0.946237	-9.82104	-8.87481
BLOCK06/SES063/SA063S20	SES068	-2.41858	-11.3823	-8.96372
BLOCK06/SES063/SA063S20	SES083	-0.842841	-9.80656	-8.96372
BLOCK06/SES063/SA063S20	SES172	-0.805182	-9.7689	-8.96372
BLOCK06/SES063/SA063S20	SES187	-0.86463	-9.82835	-8.96372
BLOCK06/SES063/SA063S24	SES029	-1.30498	-11.3372	-10.0322
BLOCK06/SES063/SA063S24	SES083	-0.44791	-10.4801	-10.0322
BLOCK06/SES063/SA063S24	SES177	-0.104825	-10.137	-10.0322
BLOCK06/SES063/SA063S24	SES189	1.17755	-8.85464	-10.0322
BLOCK06/SES063/SA063S27	SES083	-0.249386	-9.13096	-8.88158
BLOCK06/SES063/SA063S27	SES172	-1.22424	-10.1058	-8.88158
BLOCK06/SES063/SA063S27	SES187	-0.510925	-9.3925	-8.88158
BLOCK06/SES063/SA063S27	SES292	-0.491981	-9.37356	-8.88158
BLOCK06/SES067/SA067S12	SES083	-0.566395	-8.00848	-7.44209
BLOCK06/SES067/SA067S12	SES172	-1.50379	-8.94588	-7.44209
BLOCK06/SES067/SA067S12	SES202	-0.220593	-7.66268	-7.44209
BLOCK06/SES067/SA067S12	SES292	-0.859861	-8.30195	-7.44209
BLOCK06/SES067/SA067S14	SES085	-0.970373	-7.42641	-6.45604
BLOCK06/SES067/SA067S14	SES177	-1.2458	-7.70184	-6.45604
BLOCK06/SES067/SA067S14	SES183	0.691803	-5.76424	-6.45604
BLOCK06/SES067/SA067S14	SES202	0.135229	-6.32081	-6.45604
BLOCK06/SES067/SA067S21	SES144	-0.713224	-8.68753	-7.97431
BLOCK06/SES067/SA067S21	SES177	-1.25268	-9.22699	-7.97431
BLOCK06/SES067/SA067S21	SES183	-1.33031	-9.30462	-7.97431
BLOCK06/SES067/SA067S21	SES189	-1.04534	-9.01965	-7.97431
BLOCK06/SES067/SA067S25	SES085	-2.0409	-9.34966	-7.30876
BLOCK06/SES067/SA067S25	SES177	-0.972458	-8.28122	-7.30876
BLOCK06/SES067/SA067S25	SES183	-0.837341	-8.1461	-7.30876
BLOCK06/SES067/SA067S25	SES202	-1.82118	-9.12994	-7.30876
BLOCK06/SES067/SA067S29	SES085	-2.61955	-10.9118	-8.29229
BLOCK06/SES067/SA067S29	SES177	-1.5471	-9.83939	-8.29229
BLOCK06/SES067/SA067S29	SES183	-0.832254	-9.12455	-8.29229
BLOCK06/SES067/SA067S29	SES202	-0.331682	-8.62397	-8.29229
BLOCK06/SES069/SA069S12	SES029	-1.26754	-8.87899	-7.61145
BLOCK06/SES069/SA069S12	SES082	-0.54172	-8.15317	-7.61145
BLOCK06/SES069/SA069S12	SES087	-1.02811	-8.63956	-7.61145
BLOCK06/SES069/SA069S12	SES206	-0.313893	-7.92534	-7.61145
BLOCK06/SES069/SA069S13	SES029	-1.58317	-9.09149	-7.50832
BLOCK06/SES069/SA069S13	SES087	-1.20844	-8.71676	-7.50832
BLOCK06/SES069/SA069S13	SES206	-0.821785	-8.33011	-7.50832
BLOCK06/SES069/SA069S13	SES226	0.382016	-7.12631	-7.50832
BLOCK06/SES069/SA069S23	SES029	-0.123183	-7.07187	-6.94869
BLOCK06/SES069/SA069S23	SES087	-0.0341277	-6.98282	-6.94869
BLOCK06/SES069/SA069S23	SES206	-0.985141	-7.93383	-6.94869
BLOCK06/SES069/SA069S23	SES226	-0.0947361	-7.04343	-6.94869
BLOCK06/SES069/SA069S25	SES087	-0.537679	-8.11358	-7.5759
BLOCK06/SES069/SA069S25	SES206	-1.26431	-8.84021	-7.5759
BLOCK06/SES069/SA069S25	SES226	-0.11133	-7.68723	-7.5759
BLOCK06/SES069/SA069S25	SES270	-0.862564	-8.43846	-7.5759
BLOCK06/SES069/SA069S27	SES087	-1.31527	-9.51513	-8.19986
BLOCK06/SES069/SA069S27	SES206	-0.390581	-8.59044	-8.19986
BLOCK06/SES069/SA069S27	SES226	0.394673	-7.80519	-8.19986
BLOCK06/SES069/SA069S27	SES270	-0.771319	-8.97118	-8.19986
BLOCK08/SES081/SA081S11	SES060	-1.38768	-9.49592	-8.10824
BLOCK08/SES081/SA081S11	SES062	-0.616438	-8.72468	-8.10824
BLOCK08/SES081/SA081S11	SES117	-1.8683	-9.97654	-8.10824
BLOCK08/SES081/SA081S11	SES162	-1.61317	-9.72142	-8.10824
BLOCK08/SES081/SA081S13	SES016	-0.25797	-7.55414	-7.29617
BLOCK08/SES081/SA081S13	SES060	0.0347662	-7.2614	-7.29617
BLOCK08/SES081/SA081S13	SES068	-0.127747	-7.42392	-7.29617
BLOCK08/SES081/SA081S13	SES129	-0.848883	-8.14505	-7.29617
BLOCK08/SES081/SA081S24	SES060	0.127915	-7.72266	-7.85057
BLOCK08/SES081/SA081S24	SES068	-0.421085	-8.27166	-7.85057
BLOCK08/SES081/SA081S24	SES117	-1.11537	-8.96595	-7.85057
BLOCK08/SES081/SA081S24	SES275	-0.755181	-8.60575	-7.85057
BLOCK08/SES081/SA081S27	SES007	0.00619221	-8.62279	-8.62898
BLOCK08/SES081/SA081S27	SES060	-0.353868	-8.98285	-8.62898
BLOCK08/SES081/SA081S27	SES117	-0.787753	-9.41674	-8.62898
BLOCK08/SES081/SA081S27	SES275	-1.48731	-10.1163	-8.62898
BLOCK08/SES081/SA081S29	SES007	0.111557	-8.9898	-9.10135
BLOCK08/SES081/SA081S29	SES060	-0.0289259	-9.13028	-9.10135
BLOCK08/SES081/SA081S29	SES117	-0.470004	-9.57136	-9.10135
BLOCK08/SES081/SA081S29	SES275	-1.50764	-10.609	-9.10135
BLOCK08/SES086/SA086S11	SES029	-2.19476	-11.676	-9.48128
BLOCK08/SES086/SA086S11	SES082	-1.51227	-10.9936	-9.48128
BLOCK08/SES086/SA086S11	SES087	-0.105127	-9.58641	-9.48128
BLOCK08/SES086/SA086S11	SES206	-1.43137	-10.9127	-9.48128
BLOCK08/SES086/SA086S12	SES029	-1.90857	-10.6853	-8.77668
BLOCK08/SES086/SA086S12	SES082	-1.21173	-9.98841	-8.77668
BLOCK08/SES086/SA086S12	SES087	0.674032	-8.10265	-8.77668
BLOCK08/SES086/SA086S12	SES206	-0.400503	-9.17719	-8.77668
BLOCK08/SES086/SA086S20	SES029	-1.58869	-9.96701	-8.37832
BLOCK08/SES086/SA086S20	SES082	-1.01397	-9.39229	-8.37832
BLOCK08/SES086/SA086S20	SES087	0.241846	-8.13647	-8.37832
BLOCK08/SES086/SA086S20	SES206	-0.277558	-8.65588	-8.37832
BLOCK08/SES086/SA086S24	SES087	0.20218	-9.25436	-9.45654
BLOCK08/SES086/SA086S24	SES104	-1.43223	-10.8888	-9.45654
BLOCK08/SES086/SA086S24	SES120	-0.680941	-10.1375	-9.45654
BLOCK08/SES086/SA086S24	SES206	-0.0166378	-9.47318	-9.45654
BLOCK08/SES086/SA086S28	SES029	-1.93502	-10.051	-8.11596
BLOCK08/SES086/SA086S28	SES082	-0.520194	-8.63615	-8.11596
BLOCK08/SES086/SA086S28	SES087	0.296261	-7.8197	-8.11596
BLOCK08/SES086/SA086S28	SES206	-0.336226	-8.45218	-8.11596
BLOCK08/SES089/SA089S13	SES087	-0.693201	-9.68125	-8.98804
BLOCK08/SES089/SA089S13	SES206	-1.22546	-10.2135	-8.98804
BLOCK08/SES089/SA089S13	SES226	-0.620483	-9.60853	-8.98804
BLOCK08/SES089/SA089S13	SES270	-1.14726	-10.1353	-8.98804
BLOCK08/SES089/SA089S14	SES062	-1.26347	-9.62726	-8.36379
BLOCK08/SES089/SA089S14	SES087	0.201072	-8.16272	-8.36379
BLOCK08/SES089/SA089S14	SES206	-1.13893	-9.50272	-8.36379
BLOCK08/SES089/SA089S14	SES226	-1.11579	-9.47958	-8.36379
BLOCK08/SES089/SA089S23	SES087	-0.571058	-10.7863	-10.2153
BLOCK08/SES089/SA089S23	SES206	-1.34573	-11.561	-10.2153
BLOCK08/SES089/SA089S23	SES226	-1.17817	-11.3935	-10.2153
BLOCK08/SES089/SA089S23	SES270	-2.1132	-12.3285	-10.2153
BLOCK08/SES089/SA089S25	SES062	-0.251915	-9.27654	-9.02462
BLOCK08/SES089/SA089S25	SES087	0.310176	-8.71445	-9.02462
BLOCK08/SES089/SA089S25	SES206	-1.29925	-10.3239	-9.02462
BLOCK08/SES089/SA089S25	SES226	-0.716335	-9.74096	-9.02462
BLOCK08/SES089/SA089S28	SES062	-0.125432	-8.96857	-8.84314
BLOCK08/SES089/SA089S28	SES087	0.46201	-8.38113	-8.84314
BLOCK08/SES089/SA089S28	SES206	-0.726772	-9.56991	-8.84314
BLOCK08/SES089/SA089S28	SES226	-0.330523	-9.17366	-8.84314
BLOCK09/SES097/SA097S11	SES099	-0.131814	-9.3034	-9.17159
BLOCK09/SES097/SA097S11	SES125	-1.24218	-10.4138	-9.17159
BLOCK09/SES097/SA097S11	SES206	-1.23554	-10.4071	-9.17159
BLOCK09/SES097/SA097S11	SES226	0.374941	-8.79665	-9.17159
BLOCK09/SES097/SA097S14	SES062	-1.82467	-10.2743	-8.44962
BLOCK09/SES097/SA097S14	SES099	-0.83146	-9.28108	-8.44962
BLOCK09/SES097/SA097S14	SES104	-0.276888	-8.7265	-8.44962
BLOCK09/SES097/SA097S14	SES206	-1.42131	-9.87092	-8.44962
BLOCK09/SES097/SA097S22	SES099	0.10918	-8.72967	-8.83885
BLOCK09/SES097/SA097S22	SES206	-0.925752	-9.7646	-8.83885
BLOCK09/SES097/SA097S22	SES226	-0.615839	-9.45469	-8.83885
BLOCK09/SES097/SA097S22	SES270	-0.912865	-9.75171	-8.83885
BLOCK09/SES097/SA097S26	SES099	0.225649	-9.00986	-9.23551
BLOCK09/SES097/SA097S26	SES120	-1.01346	-10.249	-9.23551
BLOCK09/SES097/SA097S26	SES206	-0.923484	-10.159	-9.23551
BLOCK09/SES097/SA097S26	SES226	0.163314	-9.0722	-9.23551
BLOCK09/SES097/SA097S28	SES099	0.028594	-8.06715	-8.09574
BLOCK09/SES097/SA097S28	SES120	-0.625965	-8.72171	-8.09574
BLOCK09/SES097/SA097S28	SES206	-0.900782	-8.99652	-8.09574
BLOCK09/SES097/SA097S28	SES226	-0.401847	-8.49759	-8.09574
BLOCK09/SES098/SA098S11	SES127	-0.581723	-8.2178	-7.63608
BLOCK09/SES098/SA098S11	SES144	-0.536436	-8.17251	-7.63608
BLOCK09/SES098/SA098S11	SES147	-0.289471	-7.92555	-7.63608
BLOCK09/SES098/SA098S11	SES148	-1.65735	-9.29343	-7.63608
BLOCK09/SES098/SA098S12	SES127	-1.23456	-10.4412	-9.20669
BLOCK09/SES098/SA098S12	SES144	-1.36955	-10.5762	-9.20669
BLOCK09/SES098/SA098S12	SES147	-1.26601	-10.4727	-9.20669
BLOCK09/SES098/SA098S12	SES189	-1.26411	-10.4708	-9.20669
BLOCK09/SES098/SA098S20	SES127	-2.02151	-10.8312	-8.80967
BLOCK09/SES098/SA098S20	SES147	-1.45874	-10.2684	-8.80967
BLOCK09/SES098/SA098S20	SES148	-3.09321	-11.9029	-8.80967
BLOCK09/SES098/SA098S20	SES292	-0.287771	-9.09744	-8.80967
BLOCK09/SES098/SA098S23	SES127	-1.0059	-9.51182	-8.50592
BLOCK09/SES098/SA098S23	SES147	-1.04226	-9.54819	-8.50592
BLOCK09/SES098/SA098S23	SES187	-0.562609	-9.06853	-8.50592
BLOCK09/SES098/SA098S23	SES292	-0.450913	-8.95684	-8.50592
BLOCK09/SES098/SA098S27	SES127	-1.74488	-10.1611	-8.41623
BLOCK09/SES098/SA098S27	SES147	-1.70198	-10.1182	-8.41623
BLOCK09/SES098/SA098S27	SES148	-2.58092	-10.9971	-8.41623
BLOCK09/SES098/SA098S27	SES292	-0.285618	-8.70185	-8.41623
BLOCK10/SES102/SA102S13	SES101	0.416003	-9.32233	-9.73834
BLOCK10/SES102/SA102S13	SES105	-1.23387	-10.9722	-9.73834
BLOCK10/SES102/SA102S13	SES120	-1.33295	-11.0713	-9.73834
BLOCK10/SES102/SA102S13	SES158	-0.905707	-10.644	-9.73834
BLOCK10/SES102/SA102S14	SES007	0.465357	-6.43371	-6.89906
BLOCK10/SES102/SA102S14	SES101	-0.0644379	-6.9635	-6.89906
BLOCK10/SES102/SA102S14	SES105	-0.842477	-7.74154	-6.89906
BLOCK10/SES102/SA102S14	SES147	-1.70196	-8.60102	-6.89906
BLOCK10/SES102/SA102S22	SES007	-0.788167	-8.40763	-7.61946
BLOCK10/SES102/SA102S22	SES101	-0.0331435	-7.6526	-7.61946
BLOCK10/SES102/SA102S22	SES105	-0.466356	-8.08582	-7.61946
BLOCK10/SES102/SA102S22	SES158	-1.70559	-9.32505	-7.61946
BLOCK10/SES102/SA102S25	SES007	0.0211759	-7.56553	-7.5867
BLOCK10/SES102/SA102S25	SES101	0.131778	-7.45492	-7.5867
BLOCK10/SES102/SA102S25	SES105	-0.894447	-8.48115	-7.5867
BLOCK10/SES102/SA102S25	SES147	-1.66391	-9.25061	-7.5867
BLOCK10/SES102/SA102S27	SES007	-0.0537353	-7.89545	-7.84172
BLOCK10/SES102/SA102S27	SES101	0.464243	-7.37747	-7.84172
BLOCK10/SES102/SA102S27	SES105	-1.64434	-9.48606	-7.84172
BLOCK10/SES102/SA102S27	SES147	-1.93696	-9.77867	-7.84172
BLOCK10/SES103/SA103S14	SES105	-1.5133	-10.5172	-9.00392
BLOCK10/SES103/SA103S14	SES106	-1.00683	-10.0107	-9.00392
BLOCK10/SES103/SA103S14	SES120	-1.87049	-10.8744	-9.00392
BLOCK10/SES103/SA103S14	SES206	-0.882436	-9.88635	-9.00392
BLOCK10/SES103/SA103S15	SES099	-1.19215	-11.2827	-10.0905
BLOCK10/SES103/SA103S15	SES101	-2.05152	-12.1421	-10.0905
BLOCK10/SES103/SA103S15	SES104	-0.304006	-10.3946	-10.0905
BLOCK10/SES103/SA103S15	SES125	-1.12022	-11.2108	-10.0905
BLOCK10/SES103/SA103S24	SES104	-0.832788	-9.66664	-8.83385
BLOCK10/SES103/SA103S24	SES125	-2.85487	-11.6887	-8.83385
BLOCK10/SES103/SA103S24	SES148	-1.89642	-10.7303	-8.83385
BLOCK10/SES103/SA103S24	SES158	-1.07239	-9.90624	-8.83385
BLOCK10/SES103/SA103S26	SES104	-0.780822	-9.51157	-8.73074
BLOCK10/SES103/SA103S26	SES106	-0.932391	-9.66313	-8.73074
BLOCK10/SES103/SA103S26	SES125	-0.916562	-9.64731	-8.73074
BLOCK10/SES103/SA103S26	SES148	-1.43335	-10.1641	-8.73074
BLOCK10/SES103/SA103S28	SES104	-0.632573	-9.71807	-9.0855
BLOCK10/SES103/SA103S28	SES106	-1.17977	-10.2653	-9.0855
BLOCK10/SES103/SA103S28	SES125	-2.08475	-11.1702	-9.0855
BLOCK10/SES103/SA103S28	SES206	-1.77938	-10.8649	-9.0855
BLOCK12/SES121/SA121S12	SES042	-0.543324	-9.60147	-9.05814
BLOCK12/SES121/SA121S12	SES087	-0.805369	-9.86351	-9.05814
BLOCK12/SES121/SA121S12	SES105	-0.293754	-9.3519	-9.05814
BLOCK12/SES121/SA121S12	SES206	-0.180521	-9.23866	-9.05814
BLOCK12/SES121/SA121S14	SES007	-2.08135	-13.028	-10.9467
BLOCK12/SES121/SA121S14	SES105	-3.02538	-13.9721	-10.9467
BLOCK12/SES121/SA121S14	SES106	-1.13088	-12.0776	-10.9467
BLOCK12/SES121/SA121S14	SES206	-0.974078	-11.9208	-10.9467
BLOCK12/SES121/SA121S23	SES105	-2.49915	-12.818	-10.3189
BLOCK12/SES121/SA121S23	SES106	-1.16405	-11.483	-10.3189
BLOCK12/SES121/SA121S23	SES120	-1.80696	-12.1259	-10.3189
BLOCK12/SES121/SA121S23	SES206	-0.23914	-10.558	-10.3189
BLOCK12/SES121/SA121S25	SES007	-1.55066	-12.6899	-11.1392
BLOCK12/SES121/SA121S25	SES105	-3.13553	-14.2747	-11.1392
BLOCK12/SES121/SA121S25	SES106	-0.250484	-11.3897	-11.1392
BLOCK12/SES121/SA121S25	SES206	-0.825151	-11.9643	-11.1392
BLOCK12/SES121/SA121S27	SES087	0.630941	-9.75986	-10.3908
BLOCK12/SES121/SA121S27	SES105	-3.96752	-14.3583	-10.3908
BLOCK12/SES121/SA121S27	SES120	-0.245799	-10.6366	-10.3908
BLOCK12/SES121/SA121S27	SES206	-0.577839	-10.9686	-10.3908
BLOCK12/SES124/SA124S16	SES042	0.04916	-6.99476	-7.04392
BLOCK12/SES124/SA124S16	SES082	-0.233763	-7.27768	-7.04392
BLOCK12/SES124/SA124S16	SES183	-0.944471	-7.98839	-7.04392
BLOCK12/SES124/SA124S16	SES206	-0.603382	-7.6473	-7.04392
BLOCK12/SES124/SA124S17	SES105	-0.712214	-9.17316	-8.46095
BLOCK12/SES124/SA124S17	SES149	-0.777734	-9.23868	-8.46095
BLOCK12/SES124/SA124S17	SES158	-1.26193	-9.72288	-8.46095
BLOCK12/SES124/SA124S17	SES275	-0.967908	-9.42885	-8.46095
BLOCK12/SES124/SA124S23	SES105	-1.60735	-8.28972	-6.68237
BLOCK12/SES124/SA124S23	SES125	0.689964	-5.9924	-6.68237
BLOCK12/SES124/SA124S23	SES129	-2.13392	-8.81629	-6.68237
BLOCK12/SES124/SA124S23	SES158	-0.513007	-7.19538	-6.68237
BLOCK12/SES124/SA124S26	SES105	-1.65457	-9.64866	-7.99409
BLOCK12/SES124/SA124S26	SES125	-0.152837	-8.14692	-7.99409
BLOCK12/SES124/SA124S26	SES129	-2.10366	-10.0977	-7.99409
BLOCK12/SES124/SA124S26	SES158	-0.742296	-8.73638	-7.99409
BLOCK12/SES124/SA124S28	SES104	0.0137196	-7.2778	-7.29152
BLOCK12/SES124/SA124S28	SES106	-0.795266	-8.08678	-7.29152
BLOCK12/SES124/SA124S28	SES125	0.211972	-7.07955	-7.29152
BLOCK12/SES124/SA124S28	SES275	-0.955429	-8.24695	-7.29152
BLOCK12/SES126/SA126S13	SES007	-0.328256	-8.621	-8.29275
BLOCK12/SES126/SA126S13	SES162	-1.00621	-9.29896	-8.29275
BLOCK12/SES126/SA126S13	SES177	-0.28396	-8.57671	-8.29275
BLOCK12/SES126/SA126S13	SES180	-0.850658	-9.1434	-8.29275
BLOCK12/SES126/SA126S14	SES144	-0.573246	-8.17865	-7.60541
BLOCK12/SES126/SA126S14	SES148	-0.99392	-8.59933	-7.60541
BLOCK12/SES126/SA126S14	SES177	-0.417371	-8.02278	-7.60541
BLOCK12/SES126/SA126S14	SES180	-1.23301	-8.83842	-7.60541
BLOCK12/SES126/SA126S20	SES007	-0.553942	-7.479	-6.92506
BLOCK12/SES126/SA126S20	SES162	-0.900035	-7.82509	-6.92506
BLOCK12/SES126/SA126S20	SES172	-1.15226	-8.07732	-6.92506
BLOCK12/SES126/SA126S20	SES180	-0.684665	-7.60972	-6.92506
BLOCK12/SES126/SA126S24	SES120	0.137651	-7.41944	-7.55709
BLOCK12/SES126/SA126S24	SES162	-0.946195	-8.50329	-7.55709
BLOCK12/SES126/SA126S24	SES177	-0.0486679	-7.60576	-7.55709
BLOCK12/SES126/SA126S24	SES180	-0.42183	-7.97892	-7.55709
BLOCK12/SES126/SA126S26	SES120	0.408473	-7.57332	-7.9818
BLOCK12/SES126/SA126S26	SES177	-0.652995	-8.63479	-7.9818
BLOCK12/SES126/SA126S26	SES180	-0.382529	-8.36432	-7.9818
BLOCK12/SES126/SA126S26	SES202	-0.39425	-8.37605	-7.9818
BLOCK12/SES128/SA128S10	SES087	-2.08224	-10.4742	-8.39198
BLOCK12/SES128/SA128S10	SES206	-0.768505	-9.16049	-8.39198
BLOCK12/SES128/SA128S10	SES226	-0.0325823	-8.42457	-8.39198
BLOCK12/SES128/SA128S10	SES270	-0.305512	-8.6975	-8.39198
BLOCK12/SES128/SA128S12	SES120	0.343679	-8.12102	-8.4647
BLOCK12/SES128/SA128S12	SES158	0.0768881	-8.38781	-8.4647
BLOCK12/SES128/SA128S12	SES206	0.0465698	-8.41813	-8.4647
BLOCK12/SES128/SA128S12	SES226	-1.08487	-9.54957	-8.4647
BLOCK12/SES128/SA128S21	SES106	-0.952294	-8.9851	-8.03281
BLOCK12/SES128/SA128S21	SES120	-0.649978	-8.68279	-8.03281
BLOCK12/SES128/SA128S21	SES206	-0.301533	-8.33434	-8.03281
BLOCK12/SES128/SA128S21	SES226	0.51019	-7.52262	-8.03281
BLOCK12/SES128/SA128S24	SES087	-0.886582	-9.66273	-8.77615
BLOCK12/SES128/SA128S24	SES120	-0.257613	-9.03376	-8.77615
BLOCK12/SES128/SA128S24	SES206	-0.0135384	-8.78969	-8.77615
BLOCK12/SES128/SA128S24	SES226	-1.21788	-9.99403	-8.77615
BLOCK12/SES128/SA128S27	SES099	0.177002	-7.51234	-7.68934
BLOCK12/SES128/SA128S27	SES120	0.101127	-7.58821	-7.68934
BLOCK12/SES128/SA128S27	SES206	-0.530993	-8.22034	-7.68934
BLOCK12/SES128/SA128S27	SES226	-0.628043	-8.31738	-7.68934
BLOCK13/SES130/SA130S13	SES143	-0.25045	-9.25293	-9.00248
BLOCK13/SES130/SA130S13	SES144	0.34971	-8.65277	-9.00248
BLOCK13/SES130/SA130S13	SES146	-1.82618	-10.8287	-9.00248
BLOCK13/SES130/SA130S13	SES275	-2.13821	-11.1407	-9.00248
BLOCK13/SES130/SA130S15	SES143	-0.45785	-8.16123	-7.70338
BLOCK13/SES130/SA130S15	SES144	0.491531	-7.21185	-7.70338
BLOCK13/SES130/SA130S15	SES146	-0.235136	-7.93852	-7.70338
BLOCK13/SES130/SA130S15	SES275	-0.712678	-8.41606	-7.70338
BLOCK13/SES130/SA130S23	SES127	-0.695286	-9.16522	-8.46994
BLOCK13/SES130/SA130S23	SES144	0.205815	-8.26412	-8.46994
BLOCK13/SES130/SA130S23	SES146	-0.370241	-8.84018	-8.46994
BLOCK13/SES130/SA130S23	SES162	-0.398137	-8.86808	-8.46994
BLOCK13/SES130/SA130S25	SES127	-0.779194	-7.64891	-6.86972
BLOCK13/SES130/SA130S25	SES144	-0.228755	-7.09847	-6.86972
BLOCK13/SES130/SA130S25	SES146	-0.608283	-7.478	-6.86972
BLOCK13/SES130/SA130S25	SES275	-1.11295	-7.98267	-6.86972
BLOCK13/SES130/SA130S28	SES127	-0.216179	-8.61642	-8.40024
BLOCK13/SES130/SA130S28	SES144	-0.327581	-8.72782	-8.40024
BLOCK13/SES130/SA130S28	SES146	0.124995	-8.27524	-8.40024
BLOCK13/SES130/SA130S28	SES275	-0.445659	-8.8459	-8.40024
BLOCK13/SES131/SA131S13	SES002	-0.666792	-9.70515	-9.03835
BLOCK13/SES131/SA131S13	SES007	-0.918223	-9.95658	-9.03835
BLOCK13/SES131/SA131S13	SES099	0.379741	-8.65861	-9.03835
BLOCK13/SES131/SA131S13	SES105	-0.877651	-9.91601	-9.03835
BLOCK13/SES131/SA131S14	SES104	-0.63748	-7.25811	-6.62063
BLOCK13/SES131/SA131S14	SES106	-1.81021	-8.43084	-6.62063
BLOCK13/SES131/SA131S14	SES125	-0.962546	-7.58317	-6.62063
BLOCK13/SES131/SA131S14	SES148	0.131419	-6.48921	-6.62063
BLOCK13/SES131/SA131S20	SES104	-0.677217	-9.82741	-9.15019
BLOCK13/SES131/SA131S20	SES106	-1.38547	-10.5357	-9.15019
BLOCK13/SES131/SA131S20	SES125	-0.557711	-9.7079	-9.15019
BLOCK13/SES131/SA131S20	SES148	-1.42483	-10.575	-9.15019
BLOCK13/SES131/SA131S22	SES099	-0.136523	-7.64678	-7.51026
BLOCK13/SES131/SA131S22	SES104	-0.396306	-7.90656	-7.51026
BLOCK13/SES131/SA131S22	SES125	-0.107836	-7.61809	-7.51026
BLOCK13/SES131/SA131S22	SES206	-0.411222	-7.92148	-7.51026
BLOCK13/SES131/SA131S29	SES087	-1.08911	-10.2385	-9.14942
BLOCK13/SES131/SA131S29	SES104	-1.41903	-10.5684	-9.14942
BLOCK13/SES131/SA131S29	SES125	-3.27028	-12.4197	-9.14942
BLOCK13/SES131/SA131S29	SES206	-1.72987	-10.8793	-9.14942
BLOCK13/SES132/SA132S11	SES083	-0.888091	-9.01694	-8.12885
BLOCK13/SES132/SA132S11	SES120	0.459658	-7.66919	-8.12885
BLOCK13/SES132/SA132S11	SES127	-1.47437	-9.60323	-8.12885
BLOCK13/SES132/SA132S11	SES275	-1.16164	-9.29049	-8.12885
BLOCK13/SES132/SA132S12	SES083	-1.23212	-8.93687	-7.70475
BLOCK13/SES132/SA132S12	SES143	-2.03049	-9.73524	-7.70475
BLOCK13/SES132/SA132S12	SES144	-0.679504	-8.38426	-7.70475
BLOCK13/SES132/SA132S12	SES148	-1.28701	-8.99176	-7.70475
BLOCK13/SES132/SA132S22	SES062	-0.328554	-8.50889	-8.18034
BLOCK13/SES132/SA132S22	SES083	-1.43026	-9.6106	-8.18034
BLOCK13/SES132/SA132S22	SES127	-1.46424	-9.64458	-8.18034
BLOCK13/SES132/SA132S22	SES275	-0.648123	-8.82846	-8.18034
BLOCK13/SES132/SA132S24	SES007	-0.697877	-7.8339	-7.13602
BLOCK13/SES132/SA132S24	SES083	-1.58424	-8.72025	-7.13602
BLOCK13/SES132/SA132S24	SES127	-1.9858	-9.12181	-7.13602
BLOCK13/SES132/SA132S24	SES275	-1.20724	-8.34326	-7.13602
BLOCK13/SES132/SA132S27	SES083	-1.6815	-10.7268	-9.04533
BLOCK13/SES132/SA132S27	SES120	0.951184	-8.09415	-9.04533
BLOCK13/SES132/SA132S27	SES127	-2.61061	-11.6559	-9.04533
BLOCK13/SES132/SA132S27	SES275	-1.68841	-10.7337	-9.04533
BLOCK14/SES141/SA141S09	SES143	-0.885722	-7.94483	-7.05911
BLOCK14/SES141/SA141S09	SES144	-0.299891	-7.359	-7.05911
BLOCK14/SES141/SA141S09	SES162	-0.843721	-7.90283	-7.05911
BLOCK14/SES141/SA141S09	SES180	-0.641174	-7.70028	-7.05911
BLOCK14/SES141/SA141S15	SES127	-1.17829	-9.34917	-8.17088
BLOCK14/SES141/SA141S15	SES144	-0.625673	-8.79655	-8.17088
BLOCK14/SES141/SA141S15	SES162	-1.29888	-9.46976	-8.17088
BLOCK14/SES141/SA141S15	SES180	-0.745395	-8.91627	-8.17088
BLOCK14/SES141/SA141S24	SES127	-1.39766	-9.33564	-7.93798
BLOCK14/SES141/SA141S24	SES144	-0.764277	-8.70225	-7.93798
BLOCK14/SES141/SA141S24	SES162	-1.13639	-9.07437	-7.93798
BLOCK14/SES141/SA141S24	SES183	-1.48836	-9.42633	-7.93798
BLOCK14/SES141/SA141S26	SES142	0.0405502	-8.55603	-8.59658
BLOCK14/SES141/SA141S26	SES144	-0.888142	-9.48472	-8.59658
BLOCK14/SES141/SA141S26	SES172	-1.04819	-9.64477	-8.59658
BLOCK14/SES141/SA141S26	SES180	-0.531745	-9.12832	-8.59658
BLOCK14/SES141/SA141S29	SES127	-0.555867	-7.89154	-7.33568
BLOCK14/SES141/SA141S29	SES142	0.255081	-7.08059	-7.33568
BLOCK14/SES141/SA141S29	SES144	-0.388651	-7.72433	-7.33568
BLOCK14/SES141/SA141S29	SES180	-0.281856	-7.61753	-7.33568
BLOCK15/SES157/SA157S08	SES083	-0.997613	-8.5129	-7.51529
BLOCK15/SES157/SA157S08	SES127	-0.480712	-7.996	-7.51529
BLOCK15/SES157/SA157S08	SES148	-0.0288234	-7.54411	-7.51529
BLOCK15/SES157/SA157S08	SES292	-0.941324	-8.45661	-7.51529
BLOCK15/SES157/SA157S11	SES083	-1.06287	-9.34758	-8.28471
BLOCK15/SES157/SA157S11	SES127	-0.606484	-8.89119	-8.28471
BLOCK15/SES157/SA157S11	SES148	-1.14314	-9.42784	-8.28471
BLOCK15/SES157/SA157S11	SES292	-1.24035	-9.52506	-8.28471
BLOCK15/SES157/SA157S21	SES127	-0.142175	-7.09943	-6.95726
BLOCK15/SES157/SA157S21	SES148	0.0295038	-6.92775	-6.95726
BLOCK15/SES157/SA157S21	SES158	-3.57155	-10.5288	-6.95726
BLOCK15/SES157/SA157S21	SES292	-1.05137	-8.00863	-6.95726
BLOCK15/SES157/SA157S24	SES127	-0.116165	-8.58261	-8.46645
BLOCK15/SES157/SA157S24	SES148	-0.391002	-8.85745	-8.46645
BLOCK15/SES157/SA157S24	SES183	-0.66424	-9.13069	-8.46645
BLOCK15/SES157/SA157S24	SES292	-1.01832	-9.48477	-8.46645
BLOCK15/SES157/SA157S26	SES007	-0.461946	-8.21885	-7.7569
BLOCK15/SES157/SA157S26	SES127	-0.298036	-8.05494	-7.7569
BLOCK15/SES157/SA157S26	SES147	-0.645761	-8.40266	-7.7569
BLOCK15/SES157/SA157S26	SES148	-0.662004	-8.41891	-7.7569
BLOCK16/SES161/SA161S10	SES007	-0.540117	-8.58701	-8.04689
BLOCK16/SES161/SA161S10	SES105	-0.662477	-8.70937	-8.04689
BLOCK16/SES161/SA161S10	SES158	-1.02026	-9.06715	-8.04689
BLOCK16/SES161/SA161S10	SES275	-0.473952	-8.52084	-8.04689
BLOCK16/SES161/SA161S12	SES007	-1.98318	-11.6592	-9.67603
BLOCK16/SES161/SA161S12	SES105	-2.11752	-11.7935	-9.67603
BLOCK16/SES161/SA161S12	SES158	-0.151094	-9.82712	-9.67603
BLOCK16/SES161/SA161S12	SES275	-3.07684	-12.7529	-9.67603
BLOCK16/SES161/SA161S20	SES007	-0.674452	-10.2928	-9.61835
BLOCK16/SES161/SA161S20	SES105	-2.17146	-11.7898	-9.61835
BLOCK16/SES161/SA161S20	SES158	0.144227	-9.47413	-9.61835
BLOCK16/SES161/SA161S20	SES275	-1.79309	-11.4114	-9.61835
BLOCK16/SES161/SA161S23	SES007	-2.34336	-11.6755	-9.3321
BLOCK16/SES161/SA161S23	SES105	-1.4986	-10.8307	-9.3321
BLOCK16/SES161/SA161S23	SES148	-2.2128	-11.5449	-9.3321
BLOCK16/SES161/SA161S23	SES158	-1.73421	-11.0663	-9.3321
BLOCK16/SES161/SA161S28	SES007	-1.07409	-10.0101	-8.93598
BLOCK16/SES161/SA161S28	SES105	-2.44367	-11.3796	-8.93598
BLOCK16/SES161/SA161S28	SES158	0.21191	-8.72407	-8.93598
BLOCK16/SES161/SA161S28	SES206	-0.434976	-9.37096	-8.93598
BLOCK16/SES164/SA164S11	SES104	-1.04253	-9.21052	-8.16799
BLOCK16/SES164/SA164S11	SES125	-0.224121	-8.39211	-8.16799
BLOCK16/SES164/SA164S11	SES158	-0.942939	-9.11093	-8.16799
BLOCK16/SES164/SA164S11	SES206	-1.61311	-9.7811	-8.16799
BLOCK16/SES164/SA164S13	SES099	-1.71231	-10.4976	-8.78527
BLOCK16/SES164/SA164S13	SES104	-0.428526	-9.21379	-8.78527
BLOCK16/SES164/SA164S13	SES125	-0.922673	-9.70794	-8.78527
BLOCK16/SES164/SA164S13	SES206	-1.59627	-10.3815	-8.78527
BLOCK16/SES164/SA164S24	SES002	0.271144	-7.75576	-8.02691
BLOCK16/SES164/SA164S24	SES099	-0.728884	-8.75579	-8.02691
BLOCK16/SES164/SA164S24	SES125	-0.770873	-8.79778	-8.02691
BLOCK16/SES164/SA164S24	SES226	0.639538	-7.38737	-8.02691
BLOCK16/SES164/SA164S27	SES087	-2.75438	-11.4438	-8.68939
BLOCK16/SES164/SA164S27	SES125	-0.610294	-9.29968	-8.68939
BLOCK16/SES164/SA164S27	SES206	-1.58737	-10.2768	-8.68939
BLOCK16/SES164/SA164S27	SES226	0.0758018	-8.61359	-8.68939
BLOCK16/SES164/SA164S29	SES002	0.0751457	-8.41023	-8.48538
BLOCK16/SES164/SA164S29	SES019	-1.04625	-9.53163	-8.48538
BLOCK16/SES164/SA164S29	SES125	-0.323651	-8.80903	-8.48538
BLOCK16/SES164/SA164S29	SES226	0.0770464	-8.40833	-8.48538
BLOCK16/SES169/SA169S13	SES117	-0.989326	-9.00772	-8.0184
BLOCK16/SES169/SA169S13	SES144	-0.412026	-8.43042	-8.0184
BLOCK16/SES169/SA169S13	SES146	-0.580409	-8.5988	-8.0184
BLOCK16/SES169/SA169S13	SES162	-0.815115	-8.83351	-8.0184
BLOCK16/SES169/SA169S14	SES144	-0.659281	-7.40313	-6.74385
BLOCK16/SES169/SA169S14	SES148	-0.242031	-6.98588	-6.74385
BLOCK16/SES169/SA169S14	SES177	-0.153414	-6.89727	-6.74385
BLOCK16/SES169/SA169S14	SES180	-0.6553	-7.39915	-6.74385
BLOCK16/SES169/SA169S24	SES117	-0.413009	-9.24765	-8.83464
BLOCK16/SES169/SA169S24	SES144	-0.44927	-9.28391	-8.83464
BLOCK16/SES169/SA169S24	SES146	-0.334582	-9.16922	-8.83464
BLOCK16/SES169/SA169S24	SES162	-0.686728	-9.52137	-8.83464
BLOCK16/SES169/SA169S27	SES127	-0.573592	-8.28973	-7.71614
BLOCK16/SES169/SA169S27	SES129	-0.670575	-8.38671	-7.71614
BLOCK16/SES169/SA169S27	SES144	-0.692633	-8.40877	-7.71614
BLOCK16/SES169/SA169S27	SES146	-0.582309	-8.29845	-7.71614
BLOCK16/SES169/SA169S29	SES144	-0.172605	-7.08922	-6.91662
BLOCK16/SES169/SA169S29	SES162	-0.301111	-7.21773	-6.91662
BLOCK16/SES169/SA169S29	SES177	-0.762149	-7.67876	-6.91662
BLOCK16/SES169/SA169S29	SES180	-0.588606	-7.50522	-6.91662
BLOCK17/SES171/SA171S12	SES083	-0.552729	-9.55647	-9.00374
BLOCK17/SES171/SA171S12	SES148	-1.98575	-10.9895	-9.00374
BLOCK17/SES171/SA171S12	SES172	-0.85635	-9.86009	-9.00374
BLOCK17/SES171/SA171S12	SES292	-2.08144	-11.0852	-9.00374
BLOCK17/SES171/SA171S15	SES148	-0.794251	-9.12476	-8.3305
BLOCK17/SES171/SA171S15	SES177	-0.564638	-8.89514	-8.3305
BLOCK17/SES171/SA171S15	SES180	-2.11369	-10.4442	-8.3305
BLOCK17/SES171/SA171S15	SES292	-1.06422	-9.39472	-8.3305
BLOCK17/SES171/SA171S22	SES007	-0.428653	-7.1088	-6.68015
BLOCK17/SES171/SA171S22	SES148	-0.433825	-7.11397	-6.68015
BLOCK17/SES171/SA171S22	SES177	-0.29839	-6.97854	-6.68015
BLOCK17/SES171/SA171S22	SES180	-1.10683	-7.78698	-6.68015
BLOCK17/SES171/SA171S25	SES101	-0.608803	-9.28934	-8.68054
BLOCK17/SES171/SA171S25	SES120	-2.31922	-10.9998	-8.68054
BLOCK17/SES171/SA171S25	SES177	-0.61783	-9.29837	-8.68054
BLOCK17/SES171/SA171S25	SES180	-0.804858	-9.4854	-8.68054
BLOCK17/SES171/SA171S27	SES177	-0.451771	-9.06233	-8.61056
BLOCK17/SES171/SA171S27	SES180	-1.80129	-10.4118	-8.61056
BLOCK17/SES171/SA171S27	SES189	-0.542077	-9.15263	-8.61056
BLOCK17/SES171/SA171S27	SES292	-1.39883	-10.0094	-8.61056
BLOCK17/SES173/SA173S13	SES162	-1.71144	-9.79542	-8.08399
BLOCK17/SES173/SA173S13	SES177	-0.437196	-8.52118	-8.08399
BLOCK17/SES173/SA173S13	SES180	-0.792406	-8.87639	-8.08399
BLOCK17/SES173/SA173S13	SES292	0.247572	-7.83641	-8.08399
BLOCK17/SES173/SA173S14	SES007	-0.879223	-8.46409	-7.58487
BLOCK17/SES173/SA173S14	SES162	-2.27079	-9.85566	-7.58487
BLOCK17/SES173/SA173S14	SES177	-1.3186	-8.90347	-7.58487
BLOCK17/SES173/SA173S14	SES180	-1.19962	-8.78449	-7.58487
BLOCK17/SES173/SA173S24	SES144	-1.65864	-9.97714	-8.3185
BLOCK17/SES173/SA173S24	SES162	-1.96441	-10.2829	-8.3185
BLOCK17/SES173/SA173S24	SES177	-0.383381	-8.70188	-8.3185
BLOCK17/SES173/SA173S24	SES180	-1.21556	-9.53406	-8.3185
BLOCK17/SES173/SA173S27	SES162	-3.42946	-11.4218	-7.99231
BLOCK17/SES173/SA173S27	SES177	-1.19148	-9.18379	-7.99231
BLOCK17/SES173/SA173S27	SES180	-1.33307	-9.32538	-7.99231
BLOCK17/SES173/SA173S27	SES292	-0.163002	-8.15531	-7.99231
BLOCK17/SES173/SA173S29	SES162	-1.54208	-9.8109	-8.26883
BLOCK17/SES173/SA173S29	SES175	-0.59752	-8.86635	-8.26883
BLOCK17/SES173/SA173S29	SES177	-0.620548	-8.88938	-8.26883
BLOCK17/SES173/SA173S29	SES292	-0.74224	-9.01107	-8.26883
BLOCK18/SES182/SA182S10	SES144	-0.673912	-8.21122	-7.53731
BLOCK18/SES182/SA182S10	SES177	-0.535355	-8.07267	-7.53731
BLOCK18/SES182/SA182S10	SES180	-1.58788	-9.12519	-7.53731
BLOCK18/SES182/SA182S10	SES275	-0.989825	-8.52713	-7.53731
BLOCK18/SES182/SA182S12	SES144	-0.536249	-7.86935	-7.3331
BLOCK18/SES182/SA182S12	SES177	-0.538391	-7.87149	-7.3331
BLOCK18/SES182/SA182S12	SES180	-1.59346	-8.92656	-7.3331
BLOCK18/SES182/SA182S12	SES275	-0.720263	-8.05336	-7.3331
BLOCK18/SES182/SA182S21	SES117	-1.12034	-10.0865	-8.96611
BLOCK18/SES182/SA182S21	SES144	-0.582984	-9.5491	-8.96611
BLOCK18/SES182/SA182S21	SES162	-0.890933	-9.85705	-8.96611
BLOCK18/SES182/SA182S21	SES180	-1.66691	-10.633	-8.96611
BLOCK18/SES182/SA182S23	SES117	-1.31831	-10.376	-9.05772
BLOCK18/SES182/SA182S23	SES144	-1.81596	-10.8737	-9.05772
BLOCK18/SES182/SA182S23	SES180	-2.08579	-11.1435	-9.05772
BLOCK18/SES182/SA182S23	SES275	-1.79153	-10.8492	-9.05772
BLOCK18/SES182/SA182S25	SES007	0.138116	-8.23031	-8.36843
BLOCK18/SES182/SA182S25	SES162	-0.640741	-9.00917	-8.36843
BLOCK18/SES182/SA182S25	SES177	-0.328169	-8.6966	-8.36843
BLOCK18/SES182/SA182S25	SES180	-1.42049	-9.78892	-8.36843
BLOCK18/SES184/SA184S12	SES177	-0.910664	-8.67124	-7.76058
BLOCK18/SES184/SA184S12	SES180	0.254499	-7.50608	-7.76058
BLOCK18/SES184/SA184S12	SES189	-1.30935	-9.06993	-7.76058
BLOCK18/SES184/SA184S12	SES292	0.102786	-7.65779	-7.76058
BLOCK18/SES184/SA184S13	SES101	-0.634122	-8.55598	-7.92185
BLOCK18/SES184/SA184S13	SES177	-0.690552	-8.61241	-7.92185
BLOCK18/SES184/SA184S13	SES180	-0.649198	-8.57105	-7.92185
BLOCK18/SES184/SA184S13	SES292	-0.649102	-8.57096	-7.92185
BLOCK18/SES184/SA184S22	SES177	-0.920715	-9.18225	-8.26153
BLOCK18/SES184/SA184S22	SES180	0.151953	-8.10958	-8.26153
BLOCK18/SES184/SA184S22	SES189	-0.946715	-9.20825	-8.26153
BLOCK18/SES184/SA184S22	SES292	-0.331739	-8.59327	-8.26153
BLOCK18/SES184/SA184S25	SES101	-0.707546	-8.44294	-7.73539
BLOCK18/SES184/SA184S25	SES177	-0.961533	-8.69692	-7.73539
BLOCK18/SES184/SA184S25	SES180	-0.0889926	-7.82438	-7.73539
BLOCK18/SES184/SA184S25	SES292	-0.445621	-8.18101	-7.73539
BLOCK18/SES184/SA184S27	SES083	-0.786091	-8.5878	-7.80171
BLOCK18/SES184/SA184S27	SES177	-0.395061	-8.19677	-7.80171
BLOCK18/SES184/SA184S27	SES202	-0.789412	-8.59112	-7.80171
BLOCK18/SES184/SA184S27	SES292	-0.373314	-8.17503	-7.80171
BLOCK20/SES204/SA204S12	SES062	-0.491688	-8.03419	-7.5425
BLOCK20/SES204/SA204S12	SES083	-1.541	-9.08351	-7.5425
BLOCK20/SES204/SA204S12	SES206	-0.300935	-7.84344	-7.5425
BLOCK20/SES204/SA204S12	SES226	-0.734611	-8.27711	-7.5425
BLOCK20/SES204/SA204S14	SES068	-0.0327992	-6.72355	-6.69075
BLOCK20/SES204/SA204S14	SES087	-0.0116515	-6.7024	-6.69075
BLOCK20/SES204/SA204S14	SES206	-0.899063	-7.58981	-6.69075
BLOCK20/SES204/SA204S14	SES226	-1.15234	-7.84309	-6.69075
BLOCK20/SES204/SA204S22	SES068	-0.283483	-7.76007	-7.47658
BLOCK20/SES204/SA204S22	SES082	-0.542425	-8.01901	-7.47658
BLOCK20/SES204/SA204S22	SES083	-2.01872	-9.4953	-7.47658
BLOCK20/SES204/SA204S22	SES206	-0.428754	-7.90534	-7.47658
BLOCK20/SES204/SA204S25	SES062	-0.713625	-7.91066	-7.19703
BLOCK20/SES204/SA204S25	SES083	-1.61535	-8.81238	-7.19703
BLOCK20/SES204/SA204S25	SES206	-0.157915	-7.35495	-7.19703
BLOCK20/SES204/SA204S25	SES226	-0.768897	-7.96593	-7.19703
BLOCK20/SES204/SA204S27	SES068	-0.10844	-8.31079	-8.20235
BLOCK20/SES204/SA204S27	SES082	-1.00456	-9.20691	-8.20235
BLOCK20/SES204/SA204S27	SES087	0.338629	-7.86372	-8.20235
BLOCK20/SES204/SA204S27	SES206	-1.14075	-9.3431	-8.20235
BLOCK20/SES207/SA207S10	SES127	-1.25788	-9.09619	-7.83831
BLOCK20/SES207/SA207S10	SES183	-0.963241	-8.80155	-7.83831
BLOCK20/SES207/SA207S10	SES189	-0.154834	-7.99315	-7.83831
BLOCK20/SES207/SA207S10	SES292	-1.04687	-8.88518	-7.83831
BLOCK20/SES207/SA207S11	SES127	-1.0344	-9.69415	-8.65975
BLOCK20/SES207/SA207S11	SES183	-1.2955	-9.95525	-8.65975
BLOCK20/SES207/SA207S11	SES187	-0.56109	-9.22084	-8.65975
BLOCK20/SES207/SA207S11	SES292	-0.145485	-8.80523	-8.65975
BLOCK20/SES207/SA207S25	SES068	-0.688787	-9.34554	-8.65675
BLOCK20/SES207/SA207S25	SES083	-1.72775	-10.3845	-8.65675
BLOCK20/SES207/SA207S25	SES127	-0.453556	-9.1103	-8.65675
BLOCK20/SES207/SA207S25	SES187	-0.546411	-9.20316	-8.65675
BLOCK20/SES207/SA207S27	SES127	-0.89952	-9.55248	-8.65296
BLOCK20/SES207/SA207S27	SES183	-1.28305	-9.93601	-8.65296
BLOCK20/SES207/SA207S27	SES187	-0.423352	-9.07631	-8.65296
BLOCK20/SES207/SA207S27	SES292	-1.15143	-9.80439	-8.65296
BLOCK20/SES207/SA207S29	SES083	-1.95936	-10.0669	-8.10753
BLOCK20/SES207/SA207S29	SES085	-0.791108	-8.89864	-8.10753
BLOCK20/SES207/SA207S29	SES172	-0.257074	-8.36461	-8.10753
BLOCK20/SES207/SA207S29	SES189	-1.78006	-9.88759	-8.10753
BLOCK22/SES221/SA221S12	SES068	0.0617476	-7.06621	-7.12796
BLOCK22/SES221/SA221S12	SES143	-1.29039	-8.41834	-7.12796
BLOCK22/SES221/SA221S12	SES175	-0.422975	-7.55093	-7.12796
BLOCK22/SES221/SA221S12	SES202	-0.641527	-7.76948	-7.12796
BLOCK22/SES221/SA221S15	SES085	-0.0236244	-7.52277	-7.49914
BLOCK22/SES221/SA221S15	SES143	-1.01884	-8.51798	-7.49914
BLOCK22/SES221/SA221S15	SES175	-0.301599	-7.80074	-7.49914
BLOCK22/SES221/SA221S15	SES187	-0.736415	-8.23556	-7.49914
BLOCK22/SES221/SA221S23	SES068	0.385216	-6.95043	-7.33564
BLOCK22/SES221/SA221S23	SES143	-1.33709	-8.67274	-7.33564
BLOCK22/SES221/SA221S23	SES175	-0.651845	-7.98749	-7.33564
BLOCK22/SES221/SA221S23	SES189	-1.17402	-8.50967	-7.33564
BLOCK22/SES221/SA221S27	SES085	0.35784	-7.51507	-7.87291
BLOCK22/SES221/SA221S27	SES143	-1.14426	-9.01717	-7.87291
BLOCK22/SES221/SA221S27	SES175	-0.680493	-8.5534	-7.87291
BLOCK22/SES221/SA221S27	SES189	-0.577801	-8.45071	-7.87291
BLOCK22/SES221/SA221S29	SES085	0.473743	-6.9525	-7.42624
BLOCK22/SES221/SA221S29	SES143	-0.724013	-8.15026	-7.42624
BLOCK22/SES221/SA221S29	SES175	-0.113463	-7.53971	-7.42624
BLOCK22/SES221/SA221S29	SES187	-0.755348	-8.18159	-7.42624
BLOCK22/SES223/SA223S11	SES143	-1.02361	-8.97785	-7.95425
BLOCK22/SES223/SA223S11	SES144	-1.6184	-9.57264	-7.95425
BLOCK22/SES223/SA223S11	SES175	-0.391483	-8.34573	-7.95425
BLOCK22/SES223/SA223S11	SES187	-1.01507	-8.96932	-7.95425
BLOCK22/SES223/SA223S13	SES068	0.19636	-7.85933	-8.05569
BLOCK22/SES223/SA223S13	SES143	-1.18657	-9.24226	-8.05569
BLOCK22/SES223/SA223S13	SES146	-0.790517	-8.84621	-8.05569
BLOCK22/SES223/SA223S13	SES202	-0.559141	-8.61483	-8.05569
BLOCK22/SES223/SA223S22	SES143	-0.4443	-8.11657	-7.67227
BLOCK22/SES223/SA223S22	SES144	-1.76557	-9.43783	-7.67227
BLOCK22/SES223/SA223S22	SES175	-0.239147	-7.91142	-7.67227
BLOCK22/SES223/SA223S22	SES187	-0.95563	-8.6279	-7.67227
BLOCK22/SES223/SA223S25	SES068	-0.345277	-8.11946	-7.77419
BLOCK22/SES223/SA223S25	SES143	-1.29445	-9.06863	-7.77419
BLOCK22/SES223/SA223S25	SES175	-0.408585	-8.18277	-7.77419
BLOCK22/SES223/SA223S25	SES187	-0.964268	-8.73845	-7.77419
BLOCK22/SES223/SA223S27	SES143	-0.393339	-8.84016	-8.44682
BLOCK22/SES223/SA223S27	SES146	-1.06781	-9.51463	-8.44682
BLOCK22/SES223/SA223S27	SES187	-0.725643	-9.17246	-8.44682
BLOCK22/SES223/SA223S27	SES292	-0.106182	-8.553	-8.44682
BLOCK27/SES273/SA273S12	SES099	0.146087	-7.79321	-7.93929
BLOCK27/SES273/SA273S12	SES104	0.38256	-7.55673	-7.93929
BLOCK27/SES273/SA273S12	SES125	0.0153694	-7.92392	-7.93929
BLOCK27/SES273/SA273S12	SES206	0.373943	-7.56535	-7.93929
BLOCK27/SES273/SA273S13	SES099	-0.552735	-7.89165	-7.33891
BLOCK27/SES273/SA273S13	SES104	-0.0253129	-7.36422	-7.33891
BLOCK27/SES273/SA273S13	SES206	-0.732188	-8.0711	-7.33891
BLOCK27/SES273/SA273S13	SES292	-0.509731	-7.84864	-7.33891
BLOCK27/SES273/SA273S21	SES099	-0.786831	-8.8393	-8.05247
BLOCK27/SES273/SA273S21	SES148	-1.84904	-9.90151	-8.05247
BLOCK27/SES273/SA273S21	SES149	-1.32205	-9.37452	-8.05247
BLOCK27/SES273/SA273S21	SES177	-1.36207	-9.41454	-8.05247
BLOCK27/SES273/SA273S25	SES104	0.241416	-8.47087	-8.71229
BLOCK27/SES273/SA273S25	SES125	-0.0603943	-8.77268	-8.71229
BLOCK27/SES273/SA273S25	SES158	0.586104	-8.12618	-8.71229
BLOCK27/SES273/SA273S25	SES206	-0.276959	-8.98925	-8.71229
BLOCK27/SES273/SA273S27	SES099	-0.38302	-7.21347	-6.83045
BLOCK27/SES273/SA273S27	SES104	-0.279881	-7.11033	-6.83045
BLOCK27/SES273/SA273S27	SES149	-0.868002	-7.69845	-6.83045
BLOCK27/SES273/SA273S27	SES275	-0.926069	-7.75652	-6.83045
BLOCK27/SES274/SA274S10	SES105	-1.67956	-8.62748	-6.94792
BLOCK27/SES274/SA274S10	SES125	-1.06533	-8.01325	-6.94792
BLOCK27/SES274/SA274S10	SES129	0.163454	-6.78446	-6.94792
BLOCK27/SES274/SA274S10	SES158	-3.00309	-9.95101	-6.94792
BLOCK27/SES274/SA274S11	SES105	-0.677005	-7.5996	-6.9226
BLOCK27/SES274/SA274S11	SES149	-0.321088	-7.24369	-6.9226
BLOCK27/SES274/SA274S11	SES158	-0.815234	-7.73783	-6.9226
BLOCK27/SES274/SA274S11	SES275	-0.186833	-7.10943	-6.9226
BLOCK27/SES274/SA274S21	SES105	-0.928115	-8.15139	-7.22327
BLOCK27/SES274/SA274S21	SES129	0.273106	-6.95017	-7.22327
BLOCK27/SES274/SA274S21	SES149	-1.44794	-8.67121	-7.22327
BLOCK27/SES274/SA274S21	SES158	-2.80699	-10.0303	-7.22327
BLOCK27/SES274/SA274S24	SES105	-1.01847	-9.1561	-8.13763
BLOCK27/SES274/SA274S24	SES129	0.734743	-7.40289	-8.13763
BLOCK27/SES274/SA274S24	SES149	-1.78245	-9.92008	-8.13763
BLOCK27/SES274/SA274S24	SES158	-3.87549	-12.0131	-8.13763
BLOCK27/SES274/SA274S29	SES105	-1.13785	-8.76399	-7.62614
BLOCK27/SES274/SA274S29	SES106	-1.37664	-9.00278	-7.62614
BLOCK27/SES274/SA274S29	SES120	-0.588237	-8.21438	-7.62614
BLOCK27/SES274/SA274S29	SES275	-0.601414	-8.22755	-7.62614
BLOCK27/SES276/SA276S16	SES148	-0.0975351	-7.44291	-7.34538
BLOCK27/SES276/SA276S16	SES172	0.177985	-7.16739	-7.34538
BLOCK27/SES276/SA276S16	SES180	-0.236843	-7.58222	-7.34538
BLOCK27/SES276/SA276S16	SES292	-0.299523	-7.6449	-7.34538
BLOCK27/SES276/SA276S17	SES101	-0.699167	-8.4865	-7.78733
BLOCK27/SES276/SA276S17	SES177	-1.39165	-9.17898	-7.78733
BLOCK27/SES276/SA276S17	SES180	-0.894022	-8.68135	-7.78733
BLOCK27/SES276/SA276S17	SES292	-0.552467	-8.3398	-7.78733
BLOCK27/SES276/SA276S24	SES101	-0.0680742	-7.2459	-7.17783
BLOCK27/SES276/SA276S24	SES177	-0.40064	-7.57847	-7.17783
BLOCK27/SES276/SA276S24	SES180	-0.710881	-7.88871	-7.17783
BLOCK27/SES276/SA276S24	SES292	-0.55801	-7.73584	-7.17783
BLOCK27/SES276/SA276S26	SES101	-0.717974	-7.78564	-7.06767
BLOCK27/SES276/SA276S26	SES177	-0.819959	-7.88763	-7.06767
BLOCK27/SES276/SA276S26	SES180	-0.256821	-7.32449	-7.06767
BLOCK27/SES276/SA276S26	SES292	0.0458837	-7.02179	-7.06767
BLOCK27/SES276/SA276S28	SES101	-0.0133181	-7.40665	-7.39333
BLOCK27/SES276/SA276S28	SES177	-0.781778	-8.17511	-7.39333
BLOCK27/SES276/SA276S28	SES180	0.0723696	-7.32096	-7.39333
BLOCK27/SES276/SA276S28	SES292	0.246289	-7.14704	-7.39333
BLOCK27/SES277/SA277S12	SES101	-0.292016	-8.9503	-8.65828
BLOCK27/SES277/SA277S12	SES177	-1.63815	-10.2964	-8.65828
BLOCK27/SES277/SA277S12	SES180	-1.16676	-9.82504	-8.65828
BLOCK27/SES277/SA277S12	SES292	-1.03741	-9.69569	-8.65828
BLOCK27/SES277/SA277S14	SES177	-0.706475	-9.75119	-9.04471
BLOCK27/SES277/SA277S14	SES180	-1.51037	-10.5551	-9.04471
BLOCK27/SES277/SA277S14	SES189	0.190746	-8.85397	-9.04471
BLOCK27/SES277/SA277S14	SES292	-1.50977	-10.5545	-9.04471
BLOCK27/SES277/SA277S21	SES177	-0.224407	-9.16894	-8.94454
BLOCK27/SES277/SA277S21	SES180	-0.780215	-9.72475	-8.94454
BLOCK27/SES277/SA277S21	SES189	0.191469	-8.75307	-8.94454
BLOCK27/SES277/SA277S21	SES292	-1.61303	-10.5576	-8.94454
BLOCK27/SES277/SA277S24	SES144	-0.342596	-9.46382	-9.12122
BLOCK27/SES277/SA277S24	SES177	-0.912203	-10.0334	-9.12122
BLOCK27/SES277/SA277S24	SES180	-1.71348	-10.8347	-9.12122
BLOCK27/SES277/SA277S24	SES189	0.255273	-8.86595	-9.12122
BLOCK27/SES277/SA277S29	SES177	-0.577925	-7.25414	-6.67621
BLOCK27/SES277/SA277S29	SES180	-0.536641	-7.21285	-6.67621
BLOCK27/SES277/SA277S29	SES202	-0.26147	-6.93768	-6.67621
BLOCK27/SES277/SA277S29	SES292	-1.05999	-7.7362	-6.67621
BLOCK27/SES279/SA279S09	SES120	-0.837128	-7.95488	-7.11775
BLOCK27/SES279/SA279S09	SES146	-0.896381	-8.01413	-7.11775
BLOCK27/SES279/SA279S09	SES206	-0.307682	-7.42543	-7.11775
BLOCK27/SES279/SA279S09	SES226	-0.850824	-7.96858	-7.11775
BLOCK27/SES279/SA279S10	SES099	-0.680532	-8.39908	-7.71855
BLOCK27/SES279/SA279S10	SES206	-1.07958	-8.79813	-7.71855
BLOCK27/SES279/SA279S10	SES226	-1.86225	-9.5808	-7.71855
BLOCK27/SES279/SA279S10	SES292	-0.0601888	-7.77874	-7.71855
BLOCK27/SES279/SA279S20	SES099	-1.07946	-9.12996	-8.0505
BLOCK27/SES279/SA279S20	SES206	-0.464844	-8.51535	-8.0505
BLOCK27/SES279/SA279S20	SES226	-1.60126	-9.65177	-8.0505
BLOCK27/SES279/SA279S20	SES292	-0.230009	-8.28051	-8.0505
BLOCK27/SES279/SA279S26	SES099	-0.101091	-8.52626	-8.42517
BLOCK27/SES279/SA279S26	SES206	-0.585246	-9.01042	-8.42517
BLOCK27/SES279/SA279S26	SES226	-1.47653	-9.9017	-8.42517
BLOCK27/SES279/SA279S26	SES292	0.405619	-8.01955	-8.42517
BLOCK27/SES279/SA279S28	SES099	-0.787091	-7.6488	-6.86171
BLOCK27/SES279/SA279S28	SES120	-0.569226	-7.43094	-6.86171
BLOCK27/SES279/SA279S28	SES177	-1.80724	-8.66895	-6.86171
BLOCK27/SES279/SA279S28	SES206	-0.659485	-7.5212	-6.86171
BLOCK29/SES290/SA290S12	SES162	0.180194	-6.15036	-6.33056
BLOCK29/SES290/SA290S12	SES177	0.0864911	-6.24406	-6.33056
BLOCK29/SES290/SA290S12	SES180	-0.32458	-6.65514	-6.33056
BLOCK29/SES290/SA290S12	SES292	-0.642082	-6.97264	-6.33056
BLOCK29/SES290/SA290S13	SES007	0.424646	-6.62048	-7.04513
BLOCK29/SES290/SA290S13	SES162	-0.572669	-7.6178	-7.04513
BLOCK29/SES290/SA290S13	SES177	-0.412659	-7.45779	-7.04513
BLOCK29/SES290/SA290S13	SES180	0.182265	-6.86286	-7.04513
BLOCK29/SES290/SA290S22	SES177	-0.382298	-7.42371	-7.04141
BLOCK29/SES290/SA290S22	SES180	-0.159478	-7.20089	-7.04141
BLOCK29/SES290/SA290S22	SES202	-0.121152	-7.16257	-7.04141
BLOCK29/SES290/SA290S22	SES292	-0.212147	-7.25356	-7.04141
BLOCK29/SES290/SA290S25	SES162	-0.311777	-7.29228	-6.98051
BLOCK29/SES290/SA290S25	SES177	-0.334994	-7.3155	-6.98051
BLOCK29/SES290/SA290S25	SES180	-0.183645	-7.16415	-6.98051
BLOCK29/SES290/SA290S25	SES292	-0.381941	-7.36245	-6.98051
BLOCK29/SES290/SA290S29	SES177	-0.155867	-6.80842	-6.65255
BLOCK29/SES290/SA290S29	SES180	0.0753231	-6.57723	-6.65255
BLOCK29/SES290/SA290S29	SES275	-0.248758	-6.90131	-6.65255
BLOCK29/SES290/SA290S29	SES292	-0.206428	-6.85898	-6.65255
BLOCK29/SES291/SA291S11	SES105	-1.11753	-9.64969	-8.53216
BLOCK29/SES291/SA291S11	SES125	-0.765074	-9.29723	-8.53216
BLOCK29/SES291/SA291S11	SES158	-0.0628557	-8.59501	-8.53216
BLOCK29/SES291/SA291S11	SES275	-0.691346	-9.2235	-8.53216
BLOCK29/SES291/SA291S12	SES158	0.368691	-7.46823	-7.83692
BLOCK29/SES291/SA291S12	SES226	-1.0361	-8.87302	-7.83692
BLOCK29/SES291/SA291S12	SES270	-0.857268	-8.69419	-7.83692
BLOCK29/SES291/SA291S12	SES275	-2.26119	-10.0981	-7.83692
BLOCK29/SES291/SA291S22	SES082	-0.180135	-8.30069	-8.12055
BLOCK29/SES291/SA291S22	SES158	0.11402	-8.00653	-8.12055
BLOCK29/SES291/SA291S22	SES259	-0.385345	-8.5059	-8.12055
BLOCK29/SES291/SA291S22	SES275	-1.41519	-9.53574	-8.12055
BLOCK29/SES291/SA291S24	SES104	0.429495	-7.23167	-7.66116
BLOCK29/SES291/SA291S24	SES125	-0.238111	-7.89927	-7.66116
BLOCK29/SES291/SA291S24	SES158	0.274148	-7.38701	-7.66116
BLOCK29/SES291/SA291S24	SES275	-1.06709	-8.72825	-7.66116
BLOCK29/SES291/SA291S27	SES158	0.691826	-7.00102	-7.69284
BLOCK29/SES291/SA291S27	SES172	-1.57993	-9.27277	-7.69284
BLOCK29/SES291/SA291S27	SES275	-1.09306	-8.7859	-7.69284
BLOCK29/SES291/SA291S27	SES292	-0.122638	-7.81548	-7.69284
Threshold search:
THR	-5.44776968513	9	0(0)	1(1000)
THR	-5.3509182882787	8.991	0(0)	0.999(999)
THR	-5.2540668914274	8.991	0(0)	0.999(999)
THR	-5.1572154945761	8.991	0(0)	0.999(999)
THR	-5.0603640977248	8.991	0(0)	0.999(999)
THR	-4.9635127008735	8.991	0(0)	0.999(999)
THR	-4.8666613040222	8.991	0(0)	0.999(999)
THR	-4.7698099071709	8.991	0(0)	0.999(999)
THR	-4.6729585103196	8.991	0(0)	0.999(999)
THR	-4.5761071134683	8.991	0(0)	0.999(999)
THR	-4.479255716617	8.991	0(0)	0.999(999)
THR	-4.3824043197657	8.991	0(0)	0.999(999)
THR	-4.2855529229144	8.991	0(0)	0.999(999)
THR	-4.1887015260631	8.991	0(0)	0.999(999)
THR	-4.0918501292118	8.991	0(0)	0.999(999)
THR	-3.9949987323605	8.982	0(0)	0.998(998)
THR	-3.8981473355092	8.973	0(0)	0.997(997)
THR	-3.8012959386579	8.964	0(0)	0.996(996)
THR	-3.7044445418066	8.964	0(0)	0.996(996)
THR	-3.6075931449553	8.964	0(0)	0.996(996)
THR	-3.510741748104	8.955	0(0)	0.995(995)
THR	-3.4138903512527	8.937	0(0)	0.993(993)
THR	-3.3170389544014	8.928	0(0)	0.992(992)
THR	-3.2201875575501	8.91	0(0)	0.99(990)
THR	-3.1233361606988	8.892	0(0)	0.988(988)
THR	-3.0264847638475	8.874	0(0)	0.986(986)
THR	-2.9296333669962	8.856	0(0)	0.984(984)
THR	-2.8327819701449	8.847	0(0)	0.983(983)
THR	-2.7359305732936	8.811	0(0)	0.979(979)
THR	-2.6390791764423	8.784	0(0)	0.976(976)
THR	-2.542227779591	8.748	0(0)	0.972(972)
THR	-2.4453763827397	8.712	0(0)	0.968(968)
THR	-2.3485249858884	8.694	0(0)	0.966(966)
THR	-2.2516735890371	8.649	0(0)	0.961(961)
THR	-2.1548221921858	8.595	0(0)	0.955(955)
THR	-2.0579707953345	8.469	0(0)	0.941(941)
THR	-1.9611193984832	8.343	0(0)	0.927(927)
THR	-1.8642680016319	8.262	0(0)	0.918(918)
THR	-1.7674166047806	8.091	0(0)	0.899(899)
THR	-1.6705652079293	7.902	0(0)	0.878(878)
THR	-1.573713811078	7.641	0(0)	0.849(849)
THR	-1.4768624142267	7.47	0(0)	0.83(830)
THR	-1.3800110173754	7.254	0(0)	0.806(806)
THR	-1.2831596205241	7.011	0(0)	0.779(779)
THR	-1.1863082236728	6.696	0(0)	0.744(744)
THR	-1.0894568268215	6.363	0(0)	0.707(707)
THR	-0.992605429970199	5.94	0(0)	0.66(660)
THR	-0.895754033118898	5.553	0(0)	0.617(617)
THR	-0.798902636267598	5.103	0(0)	0.567(567)
THR	-0.702051239416298	4.576	0.004(1)	0.508(508)
THR	-0.605199842564998	3.937	0.004(1)	0.437(437)
THR	-0.508348445713698	3.406	0.004(1)	0.378(378)
THR	-0.411497048862398	2.978	0.008(2)	0.33(330)
THR	-0.314645652011098	2.5	0.016(4)	0.276(276)
THR	-0.217794255159798	1.973	0.02(5)	0.217(217)
THR	-0.120942858308498	1.643	0.032(8)	0.179(179)
THR	-0.0240914614571981	1.317	0.048(12)	0.141(141)
THR	0.0727599353941019	1.044	0.072(18)	0.108(108)
THR	0.169611332245402	0.831	0.12(30)	0.079(79)
THR	0.266462729096702	0.646	0.16(40)	0.054(54)
THR	0.363314125948002	0.534	0.192(48)	0.038(38)
THR	0.460165522799302	0.474	0.276(69)	0.022(22)
THR	0.557016919650602	0.458	0.332(83)	0.014(14)
THR	0.653868316501902	0.503	0.404(101)	0.011(11)
THR	0.750719713353202	0.566	0.512(128)	0.006(6)
THR	0.847571110204502	0.629	0.584(146)	0.005(5)
THR	0.944422507055802	0.712	0.676(169)	0.004(4)
THR	1.0412739039071	0.755	0.728(182)	0.003(3)
THR	1.1381253007584	0.831	0.804(201)	0.003(3)
THR	1.2349766976097	0.869	0.86(215)	0.001(1)
THR	1.331828094461	0.88	0.88(220)	0(0)
THR	1.4286794913123	0.916	0.916(229)	0(0)
THR	1.5255308881636	0.928	0.928(232)	0(0)
THR	1.6223822850149	0.952	0.952(238)	0(0)
THR	1.7192336818662	0.96	0.96(240)	0(0)
THR	1.8160850787175	0.968	0.968(242)	0(0)
THR	1.9129364755688	0.972	0.972(243)	0(0)
THR	2.0097878724201	0.976	0.976(244)	0(0)
THR	2.1066392692714	0.984	0.984(246)	0(0)
THR	2.2034906661227	0.984	0.984(246)	0(0)
THR	2.300342062974	0.984	0.984(246)	0(0)
THR	2.3971934598253	0.988	0.988(247)	0(0)
THR	2.4940448566766	0.988	0.988(247)	0(0)
THR	2.5908962535279	0.988	0.988(247)	0(0)
THR	2.6877476503792	0.992	0.992(248)	0(0)
THR	2.7845990472305	0.992	0.992(248)	0(0)
THR	2.8814504440818	0.992	0.992(248)	0(0)
THR	2.9783018409331	0.992	0.992(248)	0(0)
THR	3.0751532377844	0.992	0.992(248)	0(0)
THR	3.1720046346357	0.992	0.992(248)	0(0)
THR	3.268856031487	0.992	0.992(248)	0(0)
THR	3.3657074283383	0.992	0.992(248)	0(0)
THR	3.4625588251896	0.996	0.996(249)	0(0)
THR	3.5594102220409	0.996	0.996(249)	0(0)
THR	3.6562616188922	0.996	0.996(249)	0(0)
THR	3.7531130157435	0.996	0.996(249)	0(0)
THR	3.8499644125948	0.996	0.996(249)	0(0)
THR	3.9468158094461	0.996	0.996(249)	0(0)
THR	4.0436672062974	0.996	0.996(249)	0(0)
THR	4.1405186031487	0.996	0.996(249)	0(0)
THR	4.23737	1	1(250)	0(0)


==============================================
THR: 0.557016919650602
Missed:     83/250=0.3320
FalseAlarm: 14/1000=0.0140
----------------------------------------------
==> CostDetection: 45.8
==============================================
