BLOCK00/SES002/SA002S12	SES002	2.40157	24.2961	21.8945
BLOCK00/SES002/SA002S13	SES002	2.60879	24.1838	21.575
BLOCK00/SES002/SA002S23	SES002	1.52597	23.7963	22.2703
BLOCK00/SES002/SA002S26	SES002	2.45144	25.6516	23.2001
BLOCK00/SES002/SA002S28	SES002	1.07338	22.0812	21.0079
BLOCK00/SES007/SA007S14	SES007	2.17993	24.5274	22.3475
BLOCK00/SES007/SA007S15	SES007	0.938786	21.8986	20.9599
BLOCK00/SES007/SA007S24	SES007	1.47156	21.9779	20.5064
BLOCK00/SES007/SA007S27	SES007	1.18585	21.1766	19.9907
BLOCK00/SES007/SA007S29	SES007	0.628046	22.1243	21.4962
BLOCK00/SES008/SA008S11	SES008	1.69804	22.4224	20.7244
BLOCK00/SES008/SA008S12	SES008	0.859924	21.3123	20.4524
BLOCK00/SES008/SA008S19	SES008	2.57901	24.076	21.4969
BLOCK00/SES008/SA008S22	SES008	0.814686	20.8073	19.9926
BLOCK00/SES008/SA008S29	SES008	1.71251	23.6179	21.9053
BLOCK01/SES014/SA014S10	SES014	3.6932	24.3086	20.6154
BLOCK01/SES014/SA014S12	SES014	4.48918	27.4187	22.9296
BLOCK01/SES014/SA014S24	SES014	2.53273	25.3052	22.7725
BLOCK01/SES014/SA014S26	SES014	3.63595	28.833	25.1971
BLOCK01/SES014/SA014S28	SES014	5.42892	28.9826	23.5536
BLOCK01/SES016/SA016S12	SES016	1.99539	21.008	19.0126
BLOCK01/SES016/SA016S13	SES016	1.87591	22.9704	21.0945
BLOCK01/SES016/SA016S22	SES016	1.37344	22.2462	20.8728
BLOCK01/SES016/SA016S25	SES016	2.38533	24.8511	22.4658
BLOCK01/SES016/SA016S27	SES016	2.33574	25.5173	23.1816
BLOCK01/SES019/SA019S13	SES019	3.06627	22.3462	19.28
BLOCK01/SES019/SA019S14	SES019	2.75723	22.9263	20.169
BLOCK01/SES019/SA019S22	SES019	3.69775	22.9739	19.2762
BLOCK01/SES019/SA019S25	SES019	3.35313	23.3956	20.0425
BLOCK01/SES019/SA019S29	SES019	3.85091	24.07	20.2191
BLOCK02/SES029/SA029S11	SES029	2.23422	22.6972	20.4629
BLOCK02/SES029/SA029S12	SES029	1.01761	22.7821	21.7645
BLOCK02/SES029/SA029S20	SES029	1.59849	22.1826	20.5841
BLOCK02/SES029/SA029S25	SES029	1.29461	23.4173	22.1227
BLOCK02/SES029/SA029S28	SES029	0.945101	22.1836	21.2385
BLOCK04/SES042/SA042S12	SES042	2.58618	24.1341	21.5479
BLOCK04/SES042/SA042S15	SES042	2.79763	23.9375	21.1399
BLOCK04/SES042/SA042S22	SES042	3.79995	27.5627	23.7627
BLOCK04/SES042/SA042S25	SES042	2.4267	23.4469	21.0202
BLOCK04/SES042/SA042S27	SES042	1.96848	24.6107	22.6422
BLOCK04/SES048/SA048S11	SES048	1.99971	23.4164	21.4167
BLOCK04/SES048/SA048S12	SES048	1.06745	23.2848	22.2173
BLOCK04/SES048/SA048S20	SES048	0.77166	22.5021	21.7304
BLOCK04/SES048/SA048S23	SES048	2.03342	22.4441	20.4106
BLOCK04/SES048/SA048S27	SES048	1.83351	24.7141	22.8806
BLOCK06/SES060/SA060S11	SES060	2.18092	23.6666	21.4857
BLOCK06/SES060/SA060S12	SES060	-0.520819	19.4342	19.955
BLOCK06/SES060/SA060S22	SES060	0.267895	19.9577	19.6898
BLOCK06/SES060/SA060S24	SES060	1.33495	22.5527	21.2178
BLOCK06/SES060/SA060S28	SES060	1.98589	25.2027	23.2168
BLOCK06/SES062/SA062S10	SES062	1.18125	22.8064	21.6251
BLOCK06/SES062/SA062S11	SES062	1.31496	23.0533	21.7383
BLOCK06/SES062/SA062S21	SES062	2.39238	26.7908	24.3984
BLOCK06/SES062/SA062S26	SES062	1.35419	24.0836	22.7294
BLOCK06/SES062/SA062S29	SES062	2.21827	25.9789	23.7607
BLOCK06/SES068/SA068S14	SES068	0.818542	23.3702	22.5516
BLOCK06/SES068/SA068S15	SES068	1.96393	24.9657	23.0017
BLOCK06/SES068/SA068S23	SES068	1.07189	21.9295	20.8576
BLOCK06/SES068/SA068S27	SES068	2.41062	25.5584	23.1478
BLOCK06/SES068/SA068S29	SES068	1.01451	22.9218	21.9073
BLOCK08/SES082/SA082S12	SES082	0.696753	21.5923	20.8955
BLOCK08/SES082/SA082S14	SES082	0.797785	20.944	20.1462
BLOCK08/SES082/SA082S21	SES082	0.387653	21.2855	20.8978
BLOCK08/SES082/SA082S24	SES082	1.14871	24.0875	22.9388
BLOCK08/SES082/SA082S28	SES082	1.06245	22.4738	21.4113
BLOCK08/SES083/SA083S14	SES083	0.0410938	21.7918	21.7507
BLOCK08/SES083/SA083S15	SES083	0.724995	23.3337	22.6087
BLOCK08/SES083/SA083S24	SES083	0.880972	23.0277	22.1467
BLOCK08/SES083/SA083S26	SES083	0.580143	21.7296	21.1494
BLOCK08/SES083/SA083S29	SES083	0.729527	23.0798	22.3503
BLOCK08/SES085/SA085S10	SES085	0.775122	22.777	22.0019
BLOCK08/SES085/SA085S13	SES085	0.701458	22.1884	21.4869
BLOCK08/SES085/SA085S22	SES085	-0.686237	22.1952	22.8814
BLOCK08/SES085/SA085S26	SES085	0.0259304	23.0428	23.0169
BLOCK08/SES085/SA085S28	SES085	1.49968	23.2642	21.7645
BLOCK08/SES087/SA087S15	SES087	1.9803	23.2508	21.2705
BLOCK08/SES087/SA087S16	SES087	2.25043	23.6059	21.3555
BLOCK08/SES087/SA087S24	SES087	2.00568	23.2008	21.1951
BLOCK08/SES087/SA087S26	SES087	1.69715	24.4463	22.7491
BLOCK08/SES087/SA087S29	SES087	2.41205	23.2987	20.8867
BLOCK09/SES099/SA099S15	SES099	2.61126	23.4369	20.8257
BLOCK09/SES099/SA099S16	SES099	2.51453	23.2782	20.7637
BLOCK09/SES099/SA099S24	SES099	1.92426	23.4958	21.5715
BLOCK09/SES099/SA099S26	SES099	2.53127	23.7837	21.2524
BLOCK09/SES099/SA099S29	SES099	2.72502	24.6751	21.9501
BLOCK10/SES101/SA101S11	SES101	0.974018	22.4004	21.4264
BLOCK10/SES101/SA101S13	SES101	2.35051	24.911	22.5605
BLOCK10/SES101/SA101S22	SES101	1.94748	22.8255	20.8781
BLOCK10/SES101/SA101S24	SES101	1.70226	22.9083	21.206
BLOCK10/SES101/SA101S28	SES101	0.36809	21.3684	21.0003
BLOCK10/SES104/SA104S11	SES104	2.38612	25.7595	23.3734
BLOCK10/SES104/SA104S12	SES104	2.02636	23.8624	21.8361
BLOCK10/SES104/SA104S21	SES104	2.10913	23.398	21.2888
BLOCK10/SES104/SA104S24	SES104	1.59258	23.7513	22.1587
BLOCK10/SES104/SA104S28	SES104	1.98327	24.5403	22.557
BLOCK10/SES105/SA105S12	SES105	1.14873	20.8299	19.6811
BLOCK10/SES105/SA105S13	SES105	0.933111	20.6863	19.7532
BLOCK10/SES105/SA105S22	SES105	1.01106	20.1084	19.0973
BLOCK10/SES105/SA105S26	SES105	1.46244	21.0783	19.6159
BLOCK10/SES105/SA105S29	SES105	1.51956	21.9948	20.4753
BLOCK10/SES106/SA106S09	SES106	1.4509	21.5231	20.0722
BLOCK10/SES106/SA106S11	SES106	2.19339	23.8529	21.6595
BLOCK10/SES106/SA106S22	SES106	3.95393	25.2128	21.2589
BLOCK10/SES106/SA106S27	SES106	1.99308	22.5576	20.5645
BLOCK10/SES106/SA106S29	SES106	1.95593	23.0086	21.0527
BLOCK11/SES117/SA117S12	SES117	0.943943	21.8427	20.8987
BLOCK11/SES117/SA117S13	SES117	0.898006	22.2341	21.3361
BLOCK11/SES117/SA117S23	SES117	2.59764	20.6468	18.0492
BLOCK11/SES117/SA117S25	SES117	1.47518	21.0649	19.5898
BLOCK11/SES117/SA117S28	SES117	1.95262	20.6225	18.6699
BLOCK12/SES120/SA120S08	SES120	0.955189	19.1995	18.2443
BLOCK12/SES120/SA120S11	SES120	0.90123	17.9034	17.0021
BLOCK12/SES120/SA120S22	SES120	0.249727	21.2995	21.0497
BLOCK12/SES120/SA120S24	SES120	1.61269	20.9298	19.3171
BLOCK12/SES120/SA120S28	SES120	0.669724	18.1639	17.4942
BLOCK12/SES125/SA125S13	SES125	2.52924	23.972	21.4428
BLOCK12/SES125/SA125S14	SES125	1.40805	22.6863	21.2783
BLOCK12/SES125/SA125S25	SES125	2.26992	24.5345	22.2646
BLOCK12/SES125/SA125S27	SES125	2.48997	25.3813	22.8913
BLOCK12/SES125/SA125S29	SES125	2.20256	23.6088	21.4062
BLOCK12/SES127/SA127S11	SES127	0.846088	21.7088	20.8627
BLOCK12/SES127/SA127S12	SES127	0.364111	21.9115	21.5474
BLOCK12/SES127/SA127S23	SES127	0.76943	22.1986	21.4292
BLOCK12/SES127/SA127S25	SES127	0.179375	20.8644	20.685
BLOCK12/SES127/SA127S27	SES127	1.18105	22.5825	21.4015
BLOCK12/SES129/SA129S11	SES129	2.30215	24.4257	22.1235
BLOCK12/SES129/SA129S12	SES129	2.21169	23.9142	21.7025
BLOCK12/SES129/SA129S22	SES129	1.95481	22.8966	20.9418
BLOCK12/SES129/SA129S27	SES129	2.03279	23.4185	21.3857
BLOCK12/SES129/SA129S29	SES129	1.63052	23.7061	22.0756
BLOCK14/SES142/SA142S11	SES142	2.94666	22.9143	19.9676
BLOCK14/SES142/SA142S12	SES142	0.500065	19.8516	19.3515
BLOCK14/SES142/SA142S24	SES142	2.13523	22.011	19.8757
BLOCK14/SES142/SA142S27	SES142	2.20832	22.7191	20.5107
BLOCK14/SES142/SA142S29	SES142	2.43895	22.7509	20.3119
BLOCK14/SES143/SA143S12	SES143	1.61208	21.2721	19.6601
BLOCK14/SES143/SA143S13	SES143	1.13543	20.8969	19.7615
BLOCK14/SES143/SA143S23	SES143	1.51122	20.9177	19.4065
BLOCK14/SES143/SA143S25	SES143	1.46737	21.0498	19.5824
BLOCK14/SES143/SA143S28	SES143	1.52959	21.2487	19.7191
BLOCK14/SES144/SA144S09	SES144	1.3166	22.8146	21.498
BLOCK14/SES144/SA144S11	SES144	1.92516	22.1015	20.1763
BLOCK14/SES144/SA144S21	SES144	0.764771	21.661	20.8962
BLOCK14/SES144/SA144S25	SES144	0.581465	19.9902	19.4087
BLOCK14/SES144/SA144S29	SES144	0.580503	22.122	21.5415
BLOCK14/SES146/SA146S14	SES146	1.02698	20.4625	19.4355
BLOCK14/SES146/SA146S15	SES146	0.777361	20.6115	19.8342
BLOCK14/SES146/SA146S24	SES146	1.21956	20.5027	19.2831
BLOCK14/SES146/SA146S26	SES146	2.00475	21.3017	19.297
BLOCK14/SES146/SA146S29	SES146	1.21903	20.3802	19.1612
BLOCK14/SES147/SA147S11	SES147	1.93088	21.3196	19.3887
BLOCK14/SES147/SA147S13	SES147	2.76596	22.3409	19.575
BLOCK14/SES147/SA147S23	SES147	1.14194	20.783	19.641
BLOCK14/SES147/SA147S26	SES147	1.64914	21.3219	19.6728
BLOCK14/SES147/SA147S28	SES147	2.33207	22.0592	19.7271
BLOCK14/SES148/SA148S10	SES148	1.6297	20.979	19.3493
BLOCK14/SES148/SA148S12	SES148	1.4916	20.6693	19.1777
BLOCK14/SES148/SA148S22	SES148	2.11623	22.6895	20.5733
BLOCK14/SES148/SA148S26	SES148	0.261564	21.4567	21.1951
BLOCK14/SES148/SA148S29	SES148	0.612486	20.9331	20.3206
BLOCK14/SES149/SA149S13	SES149	0.286915	21.5125	21.2255
BLOCK14/SES149/SA149S14	SES149	0.876972	22.5791	21.7022
BLOCK14/SES149/SA149S24	SES149	1.9587	23.6931	21.7344
BLOCK14/SES149/SA149S26	SES149	2.6902	25.0654	22.3753
BLOCK14/SES149/SA149S28	SES149	2.92117	25.8403	22.9191
BLOCK15/SES158/SA158S13	SES158	1.92884	21.4368	19.508
BLOCK15/SES158/SA158S14	SES158	3.50133	22.7476	19.2462
BLOCK15/SES158/SA158S23	SES158	1.91254	21.9913	20.0787
BLOCK15/SES158/SA158S26	SES158	2.93523	22.3029	19.3677
BLOCK15/SES158/SA158S28	SES158	1.40573	21.1929	19.7872
BLOCK16/SES162/SA162S10	SES162	0.544765	19.5242	18.9794
BLOCK16/SES162/SA162S11	SES162	0.965321	22.5153	21.55
BLOCK16/SES162/SA162S21	SES162	1.85937	22.499	20.6396
BLOCK16/SES162/SA162S24	SES162	1.7482	22.1607	20.4125
BLOCK16/SES162/SA162S27	SES162	1.78623	21.7229	19.9367
BLOCK16/SES167/SA167S14	SES167	1.00128	23.4718	22.4705
BLOCK16/SES167/SA167S15	SES167	1.73208	22.2554	20.5233
BLOCK16/SES167/SA167S21	SES167	2.61686	23.6246	21.0078
BLOCK16/SES167/SA167S25	SES167	2.38734	22.5985	20.2112
BLOCK16/SES167/SA167S29	SES167	2.87205	24.6063	21.7343
BLOCK17/SES172/SA172S12	SES172	2.15786	23.3505	21.1927
BLOCK17/SES172/SA172S13	SES172	1.876	22.5813	20.7053
BLOCK17/SES172/SA172S23	SES172	1.21993	23.9304	22.7104
BLOCK17/SES172/SA172S27	SES172	1.40044	22.9441	21.5436
BLOCK17/SES172/SA172S29	SES172	2.06022	23.569	21.5088
BLOCK17/SES175/SA175S11	SES175	1.08046	22.249	21.1686
BLOCK17/SES175/SA175S13	SES175	1.88102	22.7972	20.9162
BLOCK17/SES175/SA175S23	SES175	1.74193	22.8234	21.0814
BLOCK17/SES175/SA175S25	SES175	0.93276	20.4054	19.4727
BLOCK17/SES175/SA175S28	SES175	1.18886	23.2467	22.0578
BLOCK17/SES177/SA177S15	SES177	0.469393	21.6788	21.2094
BLOCK17/SES177/SA177S17	SES177	0.912697	22.5962	21.6835
BLOCK17/SES177/SA177S23	SES177	0.413599	21.4815	21.0679
BLOCK17/SES177/SA177S26	SES177	1.64136	24.5084	22.8671
BLOCK17/SES177/SA177S28	SES177	1.34799	23.1385	21.7905
BLOCK18/SES180/SA180S13	SES180	0.512926	21.4412	20.9283
BLOCK18/SES180/SA180S15	SES180	1.37543	21.6484	20.2729
BLOCK18/SES180/SA180S24	SES180	1.50649	23.4845	21.978
BLOCK18/SES180/SA180S26	SES180	1.17876	22.9837	21.8049
BLOCK18/SES180/SA180S29	SES180	1.51732	22.3806	20.8633
BLOCK18/SES183/SA183S13	SES183	1.8186	20.4312	18.6126
BLOCK18/SES183/SA183S14	SES183	0.118263	19.9498	19.8315
BLOCK18/SES183/SA183S24	SES183	1.87955	19.6072	17.7276
BLOCK18/SES183/SA183S27	SES183	1.78981	20.9391	19.1493
BLOCK18/SES183/SA183S29	SES183	1.1719	21.6914	20.5194
BLOCK18/SES187/SA187S13	SES187	1.17904	21.9362	20.7572
BLOCK18/SES187/SA187S14	SES187	1.4608	21.6038	20.143
BLOCK18/SES187/SA187S24	SES187	2.14643	22.6928	20.5464
BLOCK18/SES187/SA187S27	SES187	1.71313	22.3764	20.6633
BLOCK18/SES187/SA187S29	SES187	1.88117	23.1108	21.2296
BLOCK18/SES189/SA189S10	SES189	2.7154	20.3426	17.6272
BLOCK18/SES189/SA189S13	SES189	3.29826	20.0402	16.7419
BLOCK18/SES189/SA189S24	SES189	3.24611	20.3769	17.1308
BLOCK18/SES189/SA189S26	SES189	1.65377	20.4181	18.7643
BLOCK18/SES189/SA189S29	SES189	3.27372	21.2065	17.9328
BLOCK20/SES202/SA202S12	SES202	2.13043	19.1549	17.0244
BLOCK20/SES202/SA202S14	SES202	3.44415	22.721	19.2769
BLOCK20/SES202/SA202S24	SES202	1.64863	21.4167	19.7681
BLOCK20/SES202/SA202S27	SES202	2.02012	23.1085	21.0883
BLOCK20/SES202/SA202S29	SES202	2.39011	22.3201	19.93
BLOCK20/SES206/SA206S15	SES206	0.0604019	22.3828	22.3224
BLOCK20/SES206/SA206S17	SES206	2.26922	25.4193	23.1501
BLOCK20/SES206/SA206S24	SES206	2.65004	25.5458	22.8958
BLOCK20/SES206/SA206S27	SES206	2.49453	24.5418	22.0472
BLOCK20/SES206/SA206S29	SES206	1.85094	25.8339	23.983
BLOCK22/SES226/SA226S12	SES226	1.26744	22.6704	21.403
BLOCK22/SES226/SA226S13	SES226	-0.394802	20.6219	21.0167
BLOCK22/SES226/SA226S20	SES226	1.11516	22.4773	21.3621
BLOCK22/SES226/SA226S23	SES226	1.6802	22.8571	21.1769
BLOCK22/SES226/SA226S28	SES226	1.90084	23.4774	21.5766
BLOCK25/SES259/SA259S13	SES259	4.39279	25.6583	21.2655
BLOCK25/SES259/SA259S14	SES259	2.79653	23.3887	20.5922
BLOCK25/SES259/SA259S22	SES259	2.4525	23.3465	20.894
BLOCK25/SES259/SA259S24	SES259	2.80004	25.7333	22.9332
BLOCK25/SES259/SA259S28	SES259	2.21803	23.8122	21.5942
BLOCK27/SES270/SA270S14	SES270	3.17078	22.9143	19.7435
BLOCK27/SES270/SA270S16	SES270	1.27603	22.0583	20.7823
BLOCK27/SES270/SA270S22	SES270	3.88495	23.9463	20.0613
BLOCK27/SES270/SA270S26	SES270	1.81482	21.1959	19.3811
BLOCK27/SES270/SA270S28	SES270	1.70597	22.5657	20.8597
BLOCK27/SES275/SA275S17	SES275	1.85166	21.8524	20.0007
BLOCK27/SES275/SA275S18	SES275	1.01848	21.8001	20.7817
BLOCK27/SES275/SA275S24	SES275	1.07972	20.611	19.5312
BLOCK27/SES275/SA275S26	SES275	1.52082	22.1006	20.5798
BLOCK27/SES275/SA275S28	SES275	1.11534	21.6938	20.5785
BLOCK29/SES292/SA292S10	SES292	0.204531	20.5931	20.3886
BLOCK29/SES292/SA292S12	SES292	0.488781	21.0983	20.6095
BLOCK29/SES292/SA292S22	SES292	1.01805	22.8983	21.8803
BLOCK29/SES292/SA292S24	SES292	0.753748	22.4754	21.7216
BLOCK29/SES292/SA292S27	SES292	0.654825	22.5316	21.8768
BLOCK00/SES001/SA001S14	SES062	-2.12006	16.4712	18.5912
BLOCK00/SES001/SA001S14	SES082	-2.3751	16.2161	18.5912
BLOCK00/SES001/SA001S14	SES106	-2.70055	15.8907	18.5912
BLOCK00/SES001/SA001S14	SES206	-1.97972	16.6115	18.5912
BLOCK00/SES001/SA001S15	SES062	-2.82084	17.9319	20.7527
BLOCK00/SES001/SA001S15	SES104	-3.04518	17.7075	20.7527
BLOCK00/SES001/SA001S15	SES106	-2.9396	17.8131	20.7527
BLOCK00/SES001/SA001S15	SES206	-2.344	18.4087	20.7527
BLOCK00/SES001/SA001S24	SES062	-3.02162	15.3232	18.3448
BLOCK00/SES001/SA001S24	SES082	-2.95305	15.3917	18.3448
BLOCK00/SES001/SA001S24	SES087	-2.2737	16.0711	18.3448
BLOCK00/SES001/SA001S24	SES206	-2.81806	15.5267	18.3448
BLOCK00/SES001/SA001S27	SES062	-1.83544	18.9983	20.8337
BLOCK00/SES001/SA001S27	SES082	-2.00209	18.8316	20.8337
BLOCK00/SES001/SA001S27	SES087	-1.52905	19.3047	20.8337
BLOCK00/SES001/SA001S27	SES206	-2.14741	18.6863	20.8337
BLOCK00/SES001/SA001S29	SES062	-3.1098	16.1983	19.3081
BLOCK00/SES001/SA001S29	SES082	-2.05433	17.2538	19.3081
BLOCK00/SES001/SA001S29	SES158	-1.23739	18.0707	19.3081
BLOCK00/SES001/SA001S29	SES206	-2.94391	16.3642	19.3081
BLOCK00/SES003/SA003S11	SES002	-0.895931	20.1947	21.0906
BLOCK00/SES003/SA003S11	SES019	-1.77177	19.3188	21.0906
BLOCK00/SES003/SA003S11	SES082	-0.80077	20.2898	21.0906
BLOCK00/SES003/SA003S11	SES125	-1.91359	19.177	21.0906
BLOCK00/SES003/SA003S15	SES016	-2.91615	19.599	22.5152
BLOCK00/SES003/SA003S15	SES019	-2.11558	20.3996	22.5152
BLOCK00/SES003/SA003S15	SES062	-2.65091	19.8643	22.5152
BLOCK00/SES003/SA003S15	SES206	-1.91056	20.6046	22.5152
BLOCK00/SES003/SA003S22	SES002	-1.68282	19.3662	21.049
BLOCK00/SES003/SA003S22	SES062	-1.53176	19.5172	21.049
BLOCK00/SES003/SA003S22	SES082	-1.96104	19.0879	21.049
BLOCK00/SES003/SA003S22	SES087	-1.83876	19.2102	21.049
BLOCK00/SES003/SA003S25	SES062	-3.52894	17.0859	20.6148
BLOCK00/SES003/SA003S25	SES082	-1.69368	18.9211	20.6148
BLOCK00/SES003/SA003S25	SES087	-1.84573	18.7691	20.6148
BLOCK00/SES003/SA003S25	SES206	-2.76573	17.8491	20.6148
BLOCK00/SES003/SA003S29	SES002	-1.90058	18.2806	20.1812
BLOCK00/SES003/SA003S29	SES062	-3.18112	17.0001	20.1812
BLOCK00/SES003/SA003S29	SES082	-1.46427	18.7169	20.1812
BLOCK00/SES003/SA003S29	SES087	-2.03553	18.1457	20.1812
BLOCK00/SES004/SA004S12	SES083	-2.22879	17.2919	19.5207
BLOCK00/SES004/SA004S12	SES148	-1.89909	17.6216	19.5207
BLOCK00/SES004/SA004S12	SES172	-0.933949	18.5867	19.5207
BLOCK00/SES004/SA004S12	SES292	-2.02232	17.4984	19.5207
BLOCK00/SES004/SA004S17	SES083	-2.37433	16.8403	19.2146
BLOCK00/SES004/SA004S17	SES162	-1.93607	17.2786	19.2146
BLOCK00/SES004/SA004S17	SES172	-1.71358	17.5011	19.2146
BLOCK00/SES004/SA004S17	SES292	-2.23083	16.9838	19.2146
BLOCK00/SES004/SA004S24	SES083	-1.95376	17.8848	19.8386
BLOCK00/SES004/SA004S24	SES148	-2.52447	17.3141	19.8386
BLOCK00/SES004/SA004S24	SES172	-1.13349	18.7051	19.8386
BLOCK00/SES004/SA004S24	SES292	-1.30336	18.5352	19.8386
BLOCK00/SES004/SA004S26	SES083	-2.35679	16.9054	19.2622
BLOCK00/SES004/SA004S26	SES127	-2.62795	16.6343	19.2622
BLOCK00/SES004/SA004S26	SES148	-3.84581	15.4164	19.2622
BLOCK00/SES004/SA004S26	SES292	-2.88502	16.3772	19.2622
BLOCK00/SES004/SA004S28	SES083	-1.57935	19.6353	21.2146
BLOCK00/SES004/SA004S28	SES127	-1.49827	19.7163	21.2146
BLOCK00/SES004/SA004S28	SES187	-0.985758	20.2289	21.2146
BLOCK00/SES004/SA004S28	SES292	-2.05122	19.1634	21.2146
BLOCK00/SES006/SA006S10	SES014	-5.244	12.0371	17.2811
BLOCK00/SES006/SA006S10	SES158	-2.81086	14.4702	17.2811
BLOCK00/SES006/SA006S10	SES226	-4.22924	13.0518	17.2811
BLOCK00/SES006/SA006S10	SES270	-2.30786	14.9732	17.2811
BLOCK00/SES006/SA006S11	SES158	-2.45052	15.1468	17.5974
BLOCK00/SES006/SA006S11	SES226	-3.33299	14.2644	17.5974
BLOCK00/SES006/SA006S11	SES270	-2.47342	15.1239	17.5974
BLOCK00/SES006/SA006S11	SES275	-3.27444	14.3229	17.5974
BLOCK00/SES006/SA006S23	SES062	-3.05241	16.7937	19.8461
BLOCK00/SES006/SA006S23	SES105	-3.73959	16.1065	19.8461
BLOCK00/SES006/SA006S23	SES158	-2.72138	17.1247	19.8461
BLOCK00/SES006/SA006S23	SES275	-2.99605	16.8501	19.8461
BLOCK00/SES006/SA006S26	SES104	-4.66018	14.3398	19
BLOCK00/SES006/SA006S26	SES158	-2.34951	16.6505	19
BLOCK00/SES006/SA006S26	SES270	-2.13062	16.8694	19
BLOCK00/SES006/SA006S26	SES275	-3.05081	15.9492	19
BLOCK00/SES006/SA006S28	SES007	-2.96731	14.3851	17.3524
BLOCK00/SES006/SA006S28	SES105	-2.79427	14.5581	17.3524
BLOCK00/SES006/SA006S28	SES158	-2.37817	14.9742	17.3524
BLOCK00/SES006/SA006S28	SES275	-3.44126	13.9111	17.3524
BLOCK00/SES009/SA009S12	SES083	-3.00401	18.3902	21.3942
BLOCK00/SES009/SA009S12	SES148	-2.86897	18.5252	21.3942
BLOCK00/SES009/SA009S12	SES177	-1.61661	19.7776	21.3942
BLOCK00/SES009/SA009S12	SES292	-1.51331	19.8809	21.3942
BLOCK00/SES009/SA009S15	SES007	0.0435047	22.4447	22.4012
BLOCK00/SES009/SA009S15	SES099	-4.29727	18.1039	22.4012
BLOCK00/SES009/SA009S15	SES148	-2.65882	19.7424	22.4012
BLOCK00/SES009/SA009S15	SES172	-1.85251	20.5487	22.4012
BLOCK00/SES009/SA009S24	SES146	-1.24066	21.1655	22.4061
BLOCK00/SES009/SA009S24	SES148	-3.09985	19.3063	22.4061
BLOCK00/SES009/SA009S24	SES177	-0.861851	21.5443	22.4061
BLOCK00/SES009/SA009S24	SES292	-1.62478	20.7813	22.4061
BLOCK00/SES009/SA009S26	SES083	-2.88561	18.2563	21.1419
BLOCK00/SES009/SA009S26	SES101	-2.63542	18.5065	21.1419
BLOCK00/SES009/SA009S26	SES120	-1.67025	19.4717	21.1419
BLOCK00/SES009/SA009S26	SES177	-1.10427	20.0377	21.1419
BLOCK00/SES009/SA009S29	SES083	-2.30448	19.8078	22.1123
BLOCK00/SES009/SA009S29	SES101	-2.12393	19.9884	22.1123
BLOCK00/SES009/SA009S29	SES177	-1.38162	20.7307	22.1123
BLOCK00/SES009/SA009S29	SES292	-1.46841	20.6439	22.1123
BLOCK01/SES011/SA011S10	SES019	-2.07713	19.7874	21.8645
BLOCK01/SES011/SA011S10	SES042	-0.978594	20.886	21.8645
BLOCK01/SES011/SA011S10	SES082	-2.26048	19.6041	21.8645
BLOCK01/SES011/SA011S10	SES206	-1.91357	19.951	21.8645
BLOCK01/SES011/SA011S11	SES019	-2.23526	18.1097	20.3449
BLOCK01/SES011/SA011S11	SES042	-2.09707	18.2478	20.3449
BLOCK01/SES011/SA011S11	SES082	-2.28526	18.0596	20.3449
BLOCK01/SES011/SA011S11	SES206	-2.96937	17.3755	20.3449
BLOCK01/SES011/SA011S22	SES019	-0.945423	19.3329	20.2784
BLOCK01/SES011/SA011S22	SES042	-0.618795	19.6596	20.2784
BLOCK01/SES011/SA011S22	SES082	-1.57299	18.7054	20.2784
BLOCK01/SES011/SA011S22	SES206	-2.28629	17.9921	20.2784
BLOCK01/SES011/SA011S24	SES019	-1.7468	19.575	21.3218
BLOCK01/SES011/SA011S24	SES042	-0.53581	20.786	21.3218
BLOCK01/SES011/SA011S24	SES104	-2.29195	19.0299	21.3218
BLOCK01/SES011/SA011S24	SES206	-1.63826	19.6836	21.3218
BLOCK01/SES011/SA011S27	SES082	-0.989618	19.6294	20.619
BLOCK01/SES011/SA011S27	SES087	-2.5688	18.0502	20.619
BLOCK01/SES011/SA011S27	SES125	-2.02884	18.5902	20.619
BLOCK01/SES011/SA011S27	SES206	-2.33858	18.2804	20.619
BLOCK01/SES012/SA012S11	SES007	-1.02718	22.0494	23.0765
BLOCK01/SES012/SA012S11	SES082	-1.47746	21.5991	23.0765
BLOCK01/SES012/SA012S11	SES083	-1.98236	21.0942	23.0765
BLOCK01/SES012/SA012S11	SES206	-1.71058	21.3659	23.0765
BLOCK01/SES012/SA012S14	SES082	-1.00259	21.8584	22.861
BLOCK01/SES012/SA012S14	SES087	-2.58944	20.2715	22.861
BLOCK01/SES012/SA012S14	SES206	-1.05634	21.8046	22.861
BLOCK01/SES012/SA012S14	SES292	-2.16629	20.6947	22.861
BLOCK01/SES012/SA012S24	SES082	-0.62726	21.2584	21.8857
BLOCK01/SES012/SA012S24	SES087	-2.07585	19.8098	21.8857
BLOCK01/SES012/SA012S24	SES120	-2.73097	19.1547	21.8857
BLOCK01/SES012/SA012S24	SES206	-1.15338	20.7323	21.8857
BLOCK01/SES012/SA012S26	SES019	-4.37638	19.0005	23.3768
BLOCK01/SES012/SA012S26	SES082	-2.6481	20.7287	23.3768
BLOCK01/SES012/SA012S26	SES206	-1.05501	22.3218	23.3768
BLOCK01/SES012/SA012S26	SES292	-1.61823	21.7586	23.3768
BLOCK01/SES012/SA012S29	SES062	-1.78638	21.4227	23.2091
BLOCK01/SES012/SA012S29	SES082	-1.13728	22.0718	23.2091
BLOCK01/SES012/SA012S29	SES083	-2.67664	20.5324	23.2091
BLOCK01/SES012/SA012S29	SES206	-1.22076	21.9883	23.2091
BLOCK01/SES013/SA013S16	SES062	-3.61831	17.7954	21.4137
BLOCK01/SES013/SA013S16	SES106	-2.12918	19.2845	21.4137
BLOCK01/SES013/SA013S16	SES206	-2.09407	19.3197	21.4137
BLOCK01/SES013/SA013S16	SES226	-1.53254	19.8812	21.4137
BLOCK01/SES013/SA013S17	SES062	-3.12486	19.7602	22.8851
BLOCK01/SES013/SA013S17	SES106	-2.83359	20.0515	22.8851
BLOCK01/SES013/SA013S17	SES206	-1.22649	21.6586	22.8851
BLOCK01/SES013/SA013S17	SES226	-1.20161	21.6835	22.8851
BLOCK01/SES013/SA013S23	SES104	-2.30995	20.4853	22.7953
BLOCK01/SES013/SA013S23	SES106	-1.97891	20.8163	22.7953
BLOCK01/SES013/SA013S23	SES206	-1.93543	20.8598	22.7953
BLOCK01/SES013/SA013S23	SES270	-1.98278	20.8125	22.7953
BLOCK01/SES013/SA013S25	SES042	-2.45234	21.2172	23.6695
BLOCK01/SES013/SA013S25	SES104	-1.76954	21.9	23.6695
BLOCK01/SES013/SA013S25	SES106	-1.73736	21.9322	23.6695
BLOCK01/SES013/SA013S25	SES206	-1.02702	22.6425	23.6695
BLOCK01/SES013/SA013S29	SES062	-4.50928	18.5486	23.0579
BLOCK01/SES013/SA013S29	SES104	-3.1322	19.9257	23.0579
BLOCK01/SES013/SA013S29	SES106	-1.79714	21.2608	23.0579
BLOCK01/SES013/SA013S29	SES206	-2.18667	20.8713	23.0579
BLOCK02/SES021/SA021S13	SES016	-3.23583	19.8978	23.1336
BLOCK02/SES021/SA021S13	SES029	-1.25994	21.8737	23.1336
BLOCK02/SES021/SA021S13	SES087	-1.93398	21.1996	23.1336
BLOCK02/SES021/SA021S13	SES206	-1.70506	21.4285	23.1336
BLOCK02/SES021/SA021S15	SES087	-1.22067	23.1178	24.3384
BLOCK02/SES021/SA021S15	SES125	-1.3388	22.9996	24.3384
BLOCK02/SES021/SA021S15	SES206	-1.41953	22.9189	24.3384
BLOCK02/SES021/SA021S15	SES226	-2.53355	21.8049	24.3384
BLOCK02/SES021/SA021S23	SES062	-2.88752	18.1315	21.019
BLOCK02/SES021/SA021S23	SES087	-1.00008	20.019	21.019
BLOCK02/SES021/SA021S23	SES206	-2.0614	18.9576	21.019
BLOCK02/SES021/SA021S23	SES226	-1.54749	19.4715	21.019
BLOCK02/SES021/SA021S27	SES002	-0.972258	21.2106	22.1829
BLOCK02/SES021/SA021S27	SES016	-3.93414	18.2487	22.1829
BLOCK02/SES021/SA021S27	SES019	-1.82056	20.3623	22.1829
BLOCK02/SES021/SA021S27	SES062	-1.75953	20.4234	22.1829
BLOCK02/SES021/SA021S29	SES087	-1.80075	21.5328	23.3336
BLOCK02/SES021/SA021S29	SES125	-1.401	21.9326	23.3336
BLOCK02/SES021/SA021S29	SES206	-1.72676	21.6068	23.3336
BLOCK02/SES021/SA021S29	SES226	-2.62008	20.7135	23.3336
BLOCK04/SES043/SA043S09	SES083	-2.39606	16.8058	19.2019
BLOCK04/SES043/SA043S09	SES101	-3.08694	16.1149	19.2019
BLOCK04/SES043/SA043S09	SES144	-1.12312	18.0788	19.2019
BLOCK04/SES043/SA043S09	SES172	-3.65016	15.5517	19.2019
BLOCK04/SES043/SA043S11	SES083	-1.02046	20.0202	21.0407
BLOCK04/SES043/SA043S11	SES101	-1.77609	19.2646	21.0407
BLOCK04/SES043/SA043S11	SES144	-0.750507	20.2902	21.0407
BLOCK04/SES043/SA043S11	SES172	-1.67545	19.3652	21.0407
BLOCK04/SES043/SA043S23	SES083	-0.985229	19.0924	20.0777
BLOCK04/SES043/SA043S23	SES144	-0.409109	19.6686	20.0777
BLOCK04/SES043/SA043S23	SES177	-2.78754	17.2901	20.0777
BLOCK04/SES043/SA043S23	SES275	-1.15753	18.9201	20.0777
BLOCK04/SES043/SA043S26	SES083	-1.68431	18.1901	19.8744
BLOCK04/SES043/SA043S26	SES101	-2.03973	17.8347	19.8744
BLOCK04/SES043/SA043S26	SES144	-0.575563	19.2989	19.8744
BLOCK04/SES043/SA043S26	SES177	-2.15997	17.7145	19.8744
BLOCK04/SES043/SA043S28	SES016	-2.16479	19.2687	21.4335
BLOCK04/SES043/SA043S28	SES083	-1.17302	20.2605	21.4335
BLOCK04/SES043/SA043S28	SES101	-1.41102	20.0225	21.4335
BLOCK04/SES043/SA043S28	SES144	-1.33751	20.096	21.4335
BLOCK04/SES044/SA044S10	SES127	-2.82748	14.7088	17.5363
BLOCK04/SES044/SA044S10	SES144	-0.796352	16.7399	17.5363
BLOCK04/SES044/SA044S10	SES147	-3.16428	14.372	17.5363
BLOCK04/SES044/SA044S10	SES148	-2.91323	14.623	17.5363
BLOCK04/SES044/SA044S11	SES101	-2.17367	17.0035	19.1772
BLOCK04/SES044/SA044S11	SES144	-0.38125	18.7959	19.1772
BLOCK04/SES044/SA044S11	SES147	-2.55855	16.6186	19.1772
BLOCK04/SES044/SA044S11	SES177	-2.8167	16.3605	19.1772
BLOCK04/SES044/SA044S24	SES007	-2.69866	16.9389	19.6376
BLOCK04/SES044/SA044S24	SES101	-2.15545	17.4822	19.6376
BLOCK04/SES044/SA044S24	SES147	-3.05437	16.5832	19.6376
BLOCK04/SES044/SA044S24	SES177	-2.54344	17.0942	19.6376
BLOCK04/SES044/SA044S26	SES007	-1.82925	18.4044	20.2337
BLOCK04/SES044/SA044S26	SES016	-2.00648	18.2272	20.2337
BLOCK04/SES044/SA044S26	SES101	-2.09961	18.1341	20.2337
BLOCK04/SES044/SA044S26	SES147	-1.192	19.0417	20.2337
BLOCK04/SES044/SA044S29	SES007	-2.53414	17.82	20.3542
BLOCK04/SES044/SA044S29	SES101	-0.778877	19.5753	20.3542
BLOCK04/SES044/SA044S29	SES147	-1.89916	18.455	20.3542
BLOCK04/SES044/SA044S29	SES177	-2.34129	18.0129	20.3542
BLOCK04/SES046/SA046S13	SES101	-2.63332	16.7709	19.4042
BLOCK04/SES046/SA046S13	SES144	-1.58875	17.8154	19.4042
BLOCK04/SES046/SA046S13	SES147	-2.43185	16.9724	19.4042
BLOCK04/SES046/SA046S13	SES177	-2.6619	16.7423	19.4042
BLOCK04/SES046/SA046S15	SES048	-0.715145	20.7726	21.4877
BLOCK04/SES046/SA046S15	SES083	-0.984085	20.5036	21.4877
BLOCK04/SES046/SA046S15	SES120	-2.62474	18.863	21.4877
BLOCK04/SES046/SA046S15	SES148	-2.01655	19.4712	21.4877
BLOCK04/SES046/SA046S22	SES101	-1.63266	18.5554	20.188
BLOCK04/SES046/SA046S22	SES144	-1.02898	19.159	20.188
BLOCK04/SES046/SA046S22	SES147	-2.4469	17.7411	20.188
BLOCK04/SES046/SA046S22	SES172	-1.94556	18.2425	20.188
BLOCK04/SES046/SA046S25	SES083	-1.42469	18.4789	19.9036
BLOCK04/SES046/SA046S25	SES127	-1.90014	18.0034	19.9036
BLOCK04/SES046/SA046S25	SES144	-2.42292	17.4806	19.9036
BLOCK04/SES046/SA046S25	SES148	-2.07289	17.8307	19.9036
BLOCK04/SES046/SA046S28	SES007	-2.92373	16.591	19.5147
BLOCK04/SES046/SA046S28	SES105	-2.47977	17.035	19.5147
BLOCK04/SES046/SA046S28	SES147	-2.8369	16.6778	19.5147
BLOCK04/SES046/SA046S28	SES148	-1.57236	17.9424	19.5147
BLOCK04/SES049/SA049S16	SES104	-2.62113	17.5813	20.2025
BLOCK04/SES049/SA049S16	SES106	-2.16477	18.0377	20.2025
BLOCK04/SES049/SA049S16	SES120	-2.9792	17.2233	20.2025
BLOCK04/SES049/SA049S16	SES206	-1.51774	18.6847	20.2025
BLOCK04/SES049/SA049S18	SES099	-1.13168	18.8218	19.9534
BLOCK04/SES049/SA049S18	SES104	-2.79281	17.1606	19.9534
BLOCK04/SES049/SA049S18	SES125	-3.28487	16.6686	19.9534
BLOCK04/SES049/SA049S18	SES206	-2.06228	17.8911	19.9534
BLOCK04/SES049/SA049S25	SES087	-1.49477	19.874	21.3688
BLOCK04/SES049/SA049S25	SES104	-1.30152	20.0673	21.3688
BLOCK04/SES049/SA049S25	SES125	-2.07411	19.2947	21.3688
BLOCK04/SES049/SA049S25	SES206	-0.75639	20.6124	21.3688
BLOCK04/SES049/SA049S27	SES099	-0.926861	19.4118	20.3386
BLOCK04/SES049/SA049S27	SES104	-1.12363	19.215	20.3386
BLOCK04/SES049/SA049S27	SES125	-1.87382	18.4648	20.3386
BLOCK04/SES049/SA049S27	SES206	-1.69484	18.6438	20.3386
BLOCK04/SES049/SA049S29	SES099	-0.842609	21.3015	22.1441
BLOCK04/SES049/SA049S29	SES104	-0.844509	21.2996	22.1441
BLOCK04/SES049/SA049S29	SES125	-1.52388	20.6202	22.1441
BLOCK04/SES049/SA049S29	SES206	-0.716482	21.4276	22.1441
BLOCK06/SES063/SA063S09	SES068	-2.22785	19.6587	21.8865
BLOCK06/SES063/SA063S09	SES083	-1.1465	20.74	21.8865
BLOCK06/SES063/SA063S09	SES177	-1.06145	20.8251	21.8865
BLOCK06/SES063/SA063S09	SES187	-1.74721	20.1393	21.8865
BLOCK06/SES063/SA063S10	SES068	-1.71499	19.4425	21.1575
BLOCK06/SES063/SA063S10	SES083	-1.33583	19.8217	21.1575
BLOCK06/SES063/SA063S10	SES172	-1.25278	19.9047	21.1575
BLOCK06/SES063/SA063S10	SES187	-1.64374	19.5138	21.1575
BLOCK06/SES063/SA063S20	SES068	-2.19102	18.7565	20.9475
BLOCK06/SES063/SA063S20	SES083	-1.23915	19.7083	20.9475
BLOCK06/SES063/SA063S20	SES172	-0.991623	19.9558	20.9475
BLOCK06/SES063/SA063S20	SES187	-1.03734	19.9101	20.9475
BLOCK06/SES063/SA063S24	SES029	-1.95673	19.6673	21.624
BLOCK06/SES063/SA063S24	SES083	-1.09942	20.5246	21.624
BLOCK06/SES063/SA063S24	SES177	-1.21573	20.4083	21.624
BLOCK06/SES063/SA063S24	SES189	-1.64572	19.9783	21.624
BLOCK06/SES063/SA063S27	SES083	-0.650061	19.925	20.575
BLOCK06/SES063/SA063S27	SES172	-1.15462	19.4204	20.575
BLOCK06/SES063/SA063S27	SES187	-1.60424	18.9708	20.575
BLOCK06/SES063/SA063S27	SES292	-2.32734	18.2477	20.575
BLOCK06/SES067/SA067S12	SES083	-1.93191	19.1352	21.0671
BLOCK06/SES067/SA067S12	SES172	-2.38332	18.6838	21.0671
BLOCK06/SES067/SA067S12	SES202	-0.891321	20.1758	21.0671
BLOCK06/SES067/SA067S12	SES292	-1.56651	19.5006	21.0671
BLOCK06/SES067/SA067S14	SES085	-2.0418	19.8446	21.8863
BLOCK06/SES067/SA067S14	SES177	-2.07278	19.8136	21.8863
BLOCK06/SES067/SA067S14	SES183	-1.5144	20.3719	21.8863
BLOCK06/SES067/SA067S14	SES202	-1.13242	20.7539	21.8863
BLOCK06/SES067/SA067S21	SES144	-0.91811	19.3909	20.309
BLOCK06/SES067/SA067S21	SES177	-1.20452	19.1044	20.309
BLOCK06/SES067/SA067S21	SES183	-1.8502	18.4588	20.309
BLOCK06/SES067/SA067S21	SES189	-0.355797	19.9532	20.309
BLOCK06/SES067/SA067S25	SES085	-0.855558	20.3183	21.1738
BLOCK06/SES067/SA067S25	SES177	-0.917425	20.2564	21.1738
BLOCK06/SES067/SA067S25	SES183	-1.6067	19.5671	21.1738
BLOCK06/SES067/SA067S25	SES202	-1.25749	19.9163	21.1738
BLOCK06/SES067/SA067S29	SES085	-1.29976	20.4697	21.7694
BLOCK06/SES067/SA067S29	SES177	-1.58336	20.1861	21.7694
BLOCK06/SES067/SA067S29	SES183	-1.28842	20.481	21.7694
BLOCK06/SES067/SA067S29	SES202	-0.6369	21.1325	21.7694
BLOCK06/SES069/SA069S12	SES029	-2.97769	19.6157	22.5934
BLOCK06/SES069/SA069S12	SES082	-1.09507	21.4983	22.5934
BLOCK06/SES069/SA069S12	SES087	-1.52983	21.0635	22.5934
BLOCK06/SES069/SA069S12	SES206	-1.14705	21.4463	22.5934
BLOCK06/SES069/SA069S13	SES029	-3.02768	19.3406	22.3683
BLOCK06/SES069/SA069S13	SES087	-1.50069	20.8676	22.3683
BLOCK06/SES069/SA069S13	SES206	-1.56144	20.8068	22.3683
BLOCK06/SES069/SA069S13	SES226	-0.481897	21.8864	22.3683
BLOCK06/SES069/SA069S23	SES029	-1.28447	23.0357	24.3202
BLOCK06/SES069/SA069S23	SES087	-0.496807	23.8233	24.3202
BLOCK06/SES069/SA069S23	SES206	-1.44259	22.8776	24.3202
BLOCK06/SES069/SA069S23	SES226	-0.268167	24.052	24.3202
BLOCK06/SES069/SA069S25	SES087	-0.980082	21.908	22.8881
BLOCK06/SES069/SA069S25	SES206	-2.60483	20.2833	22.8881
BLOCK06/SES069/SA069S25	SES226	-0.646435	22.2417	22.8881
BLOCK06/SES069/SA069S25	SES270	-2.13307	20.7551	22.8881
BLOCK06/SES069/SA069S27	SES087	-2.3117	21.046	23.3577
BLOCK06/SES069/SA069S27	SES206	-1.17414	22.1835	23.3577
BLOCK06/SES069/SA069S27	SES226	-0.416761	22.9409	23.3577
BLOCK06/SES069/SA069S27	SES270	-1.68135	21.6763	23.3577
BLOCK08/SES081/SA081S11	SES060	-2.42463	17.7223	20.147
BLOCK08/SES081/SA081S11	SES062	-2.60305	17.5439	20.147
BLOCK08/SES081/SA081S11	SES117	-2.42305	17.7239	20.147
BLOCK08/SES081/SA081S11	SES162	-2.12154	18.0254	20.147
BLOCK08/SES081/SA081S13	SES016	-1.74536	20.0762	21.8216
BLOCK08/SES081/SA081S13	SES060	-0.630844	21.1907	21.8216
BLOCK08/SES081/SA081S13	SES068	-1.29818	20.5234	21.8216
BLOCK08/SES081/SA081S13	SES129	-2.11495	19.7066	21.8216
BLOCK08/SES081/SA081S24	SES060	-1.32105	18.9646	20.2856
BLOCK08/SES081/SA081S24	SES068	-1.32396	18.9616	20.2856
BLOCK08/SES081/SA081S24	SES117	-2.02408	18.2615	20.2856
BLOCK08/SES081/SA081S24	SES275	-2.24368	18.0419	20.2856
BLOCK08/SES081/SA081S27	SES007	-1.3376	18.8785	20.2161
BLOCK08/SES081/SA081S27	SES060	-2.14036	18.0758	20.2161
BLOCK08/SES081/SA081S27	SES117	-1.02813	19.188	20.2161
BLOCK08/SES081/SA081S27	SES275	-1.93	18.2861	20.2161
BLOCK08/SES081/SA081S29	SES007	-1.38254	20.0466	21.4291
BLOCK08/SES081/SA081S29	SES060	-1.30138	20.1277	21.4291
BLOCK08/SES081/SA081S29	SES117	-1.7243	19.7048	21.4291
BLOCK08/SES081/SA081S29	SES275	-2.21789	19.2112	21.4291
BLOCK08/SES086/SA086S11	SES029	-4.73665	15.0588	19.7955
BLOCK08/SES086/SA086S11	SES082	-1.71345	18.082	19.7955
BLOCK08/SES086/SA086S11	SES087	-0.765694	19.0298	19.7955
BLOCK08/SES086/SA086S11	SES206	-2.53895	17.2565	19.7955
BLOCK08/SES086/SA086S12	SES029	-2.88234	18.3479	21.2303
BLOCK08/SES086/SA086S12	SES082	-1.77224	19.458	21.2303
BLOCK08/SES086/SA086S12	SES087	0.125063	21.3553	21.2303
BLOCK08/SES086/SA086S12	SES206	-1.34909	19.8812	21.2303
BLOCK08/SES086/SA086S20	SES029	-4.02143	18.5441	22.5655
BLOCK08/SES086/SA086S20	SES082	-2.79341	19.7721	22.5655
BLOCK08/SES086/SA086S20	SES087	0.0683289	22.6339	22.5655
BLOCK08/SES086/SA086S20	SES206	-1.26275	21.3028	22.5655
BLOCK08/SES086/SA086S24	SES087	-0.690195	20.8703	21.5605
BLOCK08/SES086/SA086S24	SES104	-2.18129	19.3792	21.5605
BLOCK08/SES086/SA086S24	SES120	-3.10369	18.4568	21.5605
BLOCK08/SES086/SA086S24	SES206	-0.586943	20.9736	21.5605
BLOCK08/SES086/SA086S28	SES029	-2.75219	18.8527	21.6048
BLOCK08/SES086/SA086S28	SES082	-1.80198	19.8029	21.6048
BLOCK08/SES086/SA086S28	SES087	-0.619576	20.9853	21.6048
BLOCK08/SES086/SA086S28	SES206	-1.12655	20.4783	21.6048
BLOCK08/SES089/SA089S13	SES087	-1.57073	19.0936	20.6643
BLOCK08/SES089/SA089S13	SES206	-2.28297	18.3814	20.6643
BLOCK08/SES089/SA089S13	SES226	-1.38706	19.2773	20.6643
BLOCK08/SES089/SA089S13	SES270	-3.1785	17.4858	20.6643
BLOCK08/SES089/SA089S14	SES062	-2.79906	18.1606	20.9596
BLOCK08/SES089/SA089S14	SES087	-1.05975	19.8999	20.9596
BLOCK08/SES089/SA089S14	SES206	-2.1446	18.815	20.9596
BLOCK08/SES089/SA089S14	SES226	-1.61087	19.3487	20.9596
BLOCK08/SES089/SA089S23	SES087	-1.37597	17.6521	19.028
BLOCK08/SES089/SA089S23	SES206	-1.91517	17.1129	19.028
BLOCK08/SES089/SA089S23	SES226	-1.34656	17.6815	19.028
BLOCK08/SES089/SA089S23	SES270	-2.50561	16.5224	19.028
BLOCK08/SES089/SA089S25	SES062	-3.46373	17.9234	21.3871
BLOCK08/SES089/SA089S25	SES087	-0.701395	20.6858	21.3871
BLOCK08/SES089/SA089S25	SES206	-2.31681	19.0703	21.3871
BLOCK08/SES089/SA089S25	SES226	-1.24822	20.1389	21.3871
BLOCK08/SES089/SA089S28	SES062	-1.82893	19.1111	20.94
BLOCK08/SES089/SA089S28	SES087	-0.1481	20.7919	20.94
BLOCK08/SES089/SA089S28	SES206	-1.17091	19.7691	20.94
BLOCK08/SES089/SA089S28	SES226	-0.85095	20.089	20.94
BLOCK09/SES097/SA097S11	SES099	0.177036	20.8885	20.7114
BLOCK09/SES097/SA097S11	SES125	-1.6558	19.0557	20.7114
BLOCK09/SES097/SA097S11	SES206	-1.249	19.4624	20.7114
BLOCK09/SES097/SA097S11	SES226	-0.565077	20.1464	20.7114
BLOCK09/SES097/SA097S14	SES062	-2.50363	17.9599	20.4635
BLOCK09/SES097/SA097S14	SES099	-1.87906	18.5845	20.4635
BLOCK09/SES097/SA097S14	SES104	-1.8287	18.6348	20.4635
BLOCK09/SES097/SA097S14	SES206	-2.7966	17.6669	20.4635
BLOCK09/SES097/SA097S22	SES099	0.919964	21.9204	21.0005
BLOCK09/SES097/SA097S22	SES206	-1.30078	19.6997	21.0005
BLOCK09/SES097/SA097S22	SES226	-1.84374	19.1567	21.0005
BLOCK09/SES097/SA097S22	SES270	-0.310982	20.6895	21.0005
BLOCK09/SES097/SA097S26	SES099	-1.24404	21.4711	22.7151
BLOCK09/SES097/SA097S26	SES120	-3.00158	19.7136	22.7151
BLOCK09/SES097/SA097S26	SES206	-2.63054	20.0846	22.7151
BLOCK09/SES097/SA097S26	SES226	-3.46959	19.2456	22.7151
BLOCK09/SES097/SA097S28	SES099	-0.614552	20.3695	20.9841
BLOCK09/SES097/SA097S28	SES120	-1.94198	19.0421	20.9841
BLOCK09/SES097/SA097S28	SES206	-1.98328	19.0008	20.9841
BLOCK09/SES097/SA097S28	SES226	-2.99463	17.9894	20.9841
BLOCK09/SES098/SA098S11	SES127	-2.8412	15.9296	18.7708
BLOCK09/SES098/SA098S11	SES144	-2.00364	16.7671	18.7708
BLOCK09/SES098/SA098S11	SES147	-1.1291	17.6417	18.7708
BLOCK09/SES098/SA098S11	SES148	-3.89522	14.8756	18.7708
BLOCK09/SES098/SA098S12	SES127	-5.31718	13.0924	18.4096
BLOCK09/SES098/SA098S12	SES144	-3.0675	15.3421	18.4096
BLOCK09/SES098/SA098S12	SES147	-2.68947	15.7201	18.4096
BLOCK09/SES098/SA098S12	SES189	-1.31964	17.0899	18.4096
BLOCK09/SES098/SA098S20	SES127	-4.32891	14.5114	18.8403
BLOCK09/SES098/SA098S20	SES147	-1.85895	16.9814	18.8403
BLOCK09/SES098/SA098S20	SES148	-4.84215	13.9982	18.8403
BLOCK09/SES098/SA098S20	SES292	-3.9459	14.8944	18.8403
BLOCK09/SES098/SA098S23	SES127	-2.44033	17.8888	20.3291
BLOCK09/SES098/SA098S23	SES147	-1.50277	18.8263	20.3291
BLOCK09/SES098/SA098S23	SES187	-1.21671	19.1124	20.3291
BLOCK09/SES098/SA098S23	SES292	-2.10584	18.2232	20.3291
BLOCK09/SES098/SA098S27	SES127	-3.82189	14.8726	18.6944
BLOCK09/SES098/SA098S27	SES147	-3.1677	15.5267	18.6944
BLOCK09/SES098/SA098S27	SES148	-3.57832	15.1161	18.6944
BLOCK09/SES098/SA098S27	SES292	-2.44792	16.2465	18.6944
BLOCK10/SES102/SA102S13	SES101	-0.645298	18.0245	18.6698
BLOCK10/SES102/SA102S13	SES105	-0.986193	17.6836	18.6698
BLOCK10/SES102/SA102S13	SES120	-1.59216	17.0777	18.6698
BLOCK10/SES102/SA102S13	SES158	-3.12494	15.5449	18.6698
BLOCK10/SES102/SA102S14	SES007	-0.370924	20.7652	21.1361
BLOCK10/SES102/SA102S14	SES101	0.36615	21.5022	21.1361
BLOCK10/SES102/SA102S14	SES105	-0.0812817	21.0548	21.1361
BLOCK10/SES102/SA102S14	SES147	-2.80619	18.3299	21.1361
BLOCK10/SES102/SA102S22	SES007	-1.70045	18.7418	20.4422
BLOCK10/SES102/SA102S22	SES101	0.013916	20.4562	20.4422
BLOCK10/SES102/SA102S22	SES105	-0.595787	19.8465	20.4422
BLOCK10/SES102/SA102S22	SES158	-2.71156	17.7307	20.4422
BLOCK10/SES102/SA102S25	SES007	-0.71241	20.637	21.3494
BLOCK10/SES102/SA102S25	SES101	0.0169125	21.3663	21.3494
BLOCK10/SES102/SA102S25	SES105	-1.07911	20.2703	21.3494
BLOCK10/SES102/SA102S25	SES147	-3.22807	18.1213	21.3494
BLOCK10/SES102/SA102S27	SES007	-1.00813	19.4838	20.4919
BLOCK10/SES102/SA102S27	SES101	-0.0476398	20.4443	20.4919
BLOCK10/SES102/SA102S27	SES105	-1.229	19.2629	20.4919
BLOCK10/SES102/SA102S27	SES147	-2.59739	17.8945	20.4919
BLOCK10/SES103/SA103S14	SES105	-2.49145	16.9796	19.471
BLOCK10/SES103/SA103S14	SES106	-1.65539	17.8156	19.471
BLOCK10/SES103/SA103S14	SES120	-3.21696	16.2541	19.471
BLOCK10/SES103/SA103S14	SES206	-2.42615	17.0449	19.471
BLOCK10/SES103/SA103S15	SES099	-2.04717	16.243	18.2901
BLOCK10/SES103/SA103S15	SES101	-4.90999	13.3801	18.2901
BLOCK10/SES103/SA103S15	SES104	-2.55911	15.731	18.2901
BLOCK10/SES103/SA103S15	SES125	-2.03775	16.2524	18.2901
BLOCK10/SES103/SA103S24	SES104	-2.29435	18.9257	21.2201
BLOCK10/SES103/SA103S24	SES125	-2.62189	18.5982	21.2201
BLOCK10/SES103/SA103S24	SES148	-3.86152	17.3585	21.2201
BLOCK10/SES103/SA103S24	SES158	-2.08216	19.1379	21.2201
BLOCK10/SES103/SA103S26	SES104	-2.58016	15.5704	18.1506
BLOCK10/SES103/SA103S26	SES106	-1.26009	16.8905	18.1506
BLOCK10/SES103/SA103S26	SES125	-2.36888	15.7817	18.1506
BLOCK10/SES103/SA103S26	SES148	-4.49707	13.6535	18.1506
BLOCK10/SES103/SA103S28	SES104	-3.36722	14.6277	17.9949
BLOCK10/SES103/SA103S28	SES106	-1.7583	16.2366	17.9949
BLOCK10/SES103/SA103S28	SES125	-3.15175	14.8432	17.9949
BLOCK10/SES103/SA103S28	SES206	-4.32295	13.672	17.9949
BLOCK12/SES121/SA121S12	SES042	-3.22801	13.1254	16.3534
BLOCK12/SES121/SA121S12	SES087	-2.53345	13.82	16.3534
BLOCK12/SES121/SA121S12	SES105	-1.84395	14.5095	16.3534
BLOCK12/SES121/SA121S12	SES206	-2.47229	13.8812	16.3534
BLOCK12/SES121/SA121S14	SES007	-2.53983	14.4846	17.0244
BLOCK12/SES121/SA121S14	SES105	-2.31188	14.7125	17.0244
BLOCK12/SES121/SA121S14	SES106	-2.45774	14.5667	17.0244
BLOCK12/SES121/SA121S14	SES206	-2.59412	14.4303	17.0244
BLOCK12/SES121/SA121S23	SES105	-2.0338	13.9996	16.0334
BLOCK12/SES121/SA121S23	SES106	-1.93236	14.101	16.0334
BLOCK12/SES121/SA121S23	SES120	-1.65081	14.3826	16.0334
BLOCK12/SES121/SA121S23	SES206	-2.1164	13.917	16.0334
BLOCK12/SES121/SA121S25	SES007	-1.52821	13.1733	14.7015
BLOCK12/SES121/SA121S25	SES105	-2.17191	12.5296	14.7015
BLOCK12/SES121/SA121S25	SES106	-1.47755	13.2239	14.7015
BLOCK12/SES121/SA121S25	SES206	-2.73416	11.9673	14.7015
BLOCK12/SES121/SA121S27	SES087	-1.12316	15.9395	17.0627
BLOCK12/SES121/SA121S27	SES105	-3.52862	13.534	17.0627
BLOCK12/SES121/SA121S27	SES120	-0.925072	16.1376	17.0627
BLOCK12/SES121/SA121S27	SES206	-2.81709	14.2456	17.0627
BLOCK12/SES124/SA124S16	SES042	-0.829353	18.6228	19.4522
BLOCK12/SES124/SA124S16	SES082	-2.12537	17.3268	19.4522
BLOCK12/SES124/SA124S16	SES183	-2.60842	16.8438	19.4522
BLOCK12/SES124/SA124S16	SES206	-2.46529	16.9869	19.4522
BLOCK12/SES124/SA124S17	SES105	-2.37956	15.5242	17.9038
BLOCK12/SES124/SA124S17	SES149	-3.90347	14.0003	17.9038
BLOCK12/SES124/SA124S17	SES158	-3.15141	14.7524	17.9038
BLOCK12/SES124/SA124S17	SES275	-1.80061	16.1032	17.9038
BLOCK12/SES124/SA124S23	SES105	-2.76008	18.9864	21.7465
BLOCK12/SES124/SA124S23	SES125	-0.160721	21.5858	21.7465
BLOCK12/SES124/SA124S23	SES129	-3.19913	18.5474	21.7465
BLOCK12/SES124/SA124S23	SES158	-1.04852	20.698	21.7465
BLOCK12/SES124/SA124S26	SES105	-3.58252	17.9958	21.5783
BLOCK12/SES124/SA124S26	SES125	-1.47608	20.1022	21.5783
BLOCK12/SES124/SA124S26	SES129	-3.70771	17.8706	21.5783
BLOCK12/SES124/SA124S26	SES158	-2.08829	19.49	21.5783
BLOCK12/SES124/SA124S28	SES104	-1.64962	19.1799	20.8295
BLOCK12/SES124/SA124S28	SES106	-1.64962	19.1799	20.8295
BLOCK12/SES124/SA124S28	SES125	-0.207586	20.6219	20.8295
BLOCK12/SES124/SA124S28	SES275	-2.88817	17.9414	20.8295
BLOCK12/SES126/SA126S13	SES007	-1.93459	16.9277	18.8622
BLOCK12/SES126/SA126S13	SES162	-2.63173	16.2305	18.8622
BLOCK12/SES126/SA126S13	SES177	-1.392	17.4702	18.8622
BLOCK12/SES126/SA126S13	SES180	-1.92698	16.9353	18.8622
BLOCK12/SES126/SA126S14	SES144	-1.52509	20.2744	21.7995
BLOCK12/SES126/SA126S14	SES148	-1.83137	19.9682	21.7995
BLOCK12/SES126/SA126S14	SES177	-0.729185	21.0703	21.7995
BLOCK12/SES126/SA126S14	SES180	-2.13142	19.6681	21.7995
BLOCK12/SES126/SA126S20	SES007	-1.50947	17.3335	18.843
BLOCK12/SES126/SA126S20	SES162	-3.17595	15.667	18.843
BLOCK12/SES126/SA126S20	SES172	-5.7076	13.1354	18.843
BLOCK12/SES126/SA126S20	SES180	-3.28392	15.5591	18.843
BLOCK12/SES126/SA126S24	SES120	-1.58168	20.0259	21.6076
BLOCK12/SES126/SA126S24	SES162	-2.34241	19.2652	21.6076
BLOCK12/SES126/SA126S24	SES177	-1.33887	20.2688	21.6076
BLOCK12/SES126/SA126S24	SES180	-1.40881	20.1988	21.6076
BLOCK12/SES126/SA126S26	SES120	-0.369684	20.4813	20.851
BLOCK12/SES126/SA126S26	SES177	-1.09987	19.7511	20.851
BLOCK12/SES126/SA126S26	SES180	-1.50209	19.3489	20.851
BLOCK12/SES126/SA126S26	SES202	-2.10529	18.7457	20.851
BLOCK12/SES128/SA128S10	SES087	-2.56322	19.0204	21.5836
BLOCK12/SES128/SA128S10	SES206	-1.63668	19.9469	21.5836
BLOCK12/SES128/SA128S10	SES226	-1.1086	20.475	21.5836
BLOCK12/SES128/SA128S10	SES270	-1.30709	20.2765	21.5836
BLOCK12/SES128/SA128S12	SES120	-2.00466	18.6705	20.6751
BLOCK12/SES128/SA128S12	SES158	-2.47106	18.2041	20.6751
BLOCK12/SES128/SA128S12	SES206	-1.67157	19.0036	20.6751
BLOCK12/SES128/SA128S12	SES226	-2.11069	18.5645	20.6751
BLOCK12/SES128/SA128S21	SES106	-3.43616	16.0704	19.5066
BLOCK12/SES128/SA128S21	SES120	-2.68795	16.8187	19.5066
BLOCK12/SES128/SA128S21	SES206	-2.50777	16.9988	19.5066
BLOCK12/SES128/SA128S21	SES226	-1.77184	17.7348	19.5066
BLOCK12/SES128/SA128S24	SES087	-1.87142	18.1686	20.04
BLOCK12/SES128/SA128S24	SES120	-1.5327	18.5074	20.04
BLOCK12/SES128/SA128S24	SES206	-1.70267	18.3374	20.04
BLOCK12/SES128/SA128S24	SES226	-2.03768	18.0024	20.04
BLOCK12/SES128/SA128S27	SES099	-1.52758	19.9631	21.4906
BLOCK12/SES128/SA128S27	SES120	-1.40069	20.0899	21.4906
BLOCK12/SES128/SA128S27	SES206	-1.5961	19.8945	21.4906
BLOCK12/SES128/SA128S27	SES226	-1.54279	19.9478	21.4906
BLOCK13/SES130/SA130S13	SES143	-2.08367	17.743	19.8267
BLOCK13/SES130/SA130S13	SES144	-0.432638	19.3941	19.8267
BLOCK13/SES130/SA130S13	SES146	-1.70051	18.1262	19.8267
BLOCK13/SES130/SA130S13	SES275	-3.10792	16.7188	19.8267
BLOCK13/SES130/SA130S15	SES143	-2.03124	19.3582	21.3894
BLOCK13/SES130/SA130S15	SES144	-0.686895	20.7025	21.3894
BLOCK13/SES130/SA130S15	SES146	-0.630806	20.7586	21.3894
BLOCK13/SES130/SA130S15	SES275	-1.684	19.7054	21.3894
BLOCK13/SES130/SA130S23	SES127	-2.40913	16.8244	19.2336
BLOCK13/SES130/SA130S23	SES144	-1.80076	17.4328	19.2336
BLOCK13/SES130/SA130S23	SES146	-0.618626	18.6149	19.2336
BLOCK13/SES130/SA130S23	SES162	-1.38191	17.8517	19.2336
BLOCK13/SES130/SA130S25	SES127	-1.16978	20.0341	21.2038
BLOCK13/SES130/SA130S25	SES144	-0.650341	20.5535	21.2038
BLOCK13/SES130/SA130S25	SES146	-0.3794	20.8244	21.2038
BLOCK13/SES130/SA130S25	SES275	-1.0339	20.1699	21.2038
BLOCK13/SES130/SA130S28	SES127	-1.42936	19.0638	20.4932
BLOCK13/SES130/SA130S28	SES144	-1.48502	19.0082	20.4932
BLOCK13/SES130/SA130S28	SES146	-0.857042	19.6362	20.4932
BLOCK13/SES130/SA130S28	SES275	-1.15298	19.3402	20.4932
BLOCK13/SES131/SA131S13	SES002	-2.41059	15.4062	17.8168
BLOCK13/SES131/SA131S13	SES007	-3.09365	14.7232	17.8168
BLOCK13/SES131/SA131S13	SES099	-2.58882	15.228	17.8168
BLOCK13/SES131/SA131S13	SES105	-2.49717	15.3197	17.8168
BLOCK13/SES131/SA131S14	SES104	-0.752808	18.1596	18.9124
BLOCK13/SES131/SA131S14	SES106	-1.68598	17.2265	18.9124
BLOCK13/SES131/SA131S14	SES125	-1.83434	17.0781	18.9124
BLOCK13/SES131/SA131S14	SES148	-1.44811	17.4643	18.9124
BLOCK13/SES131/SA131S20	SES104	-3.09373	14.5539	17.6476
BLOCK13/SES131/SA131S20	SES106	-2.42122	15.2264	17.6476
BLOCK13/SES131/SA131S20	SES125	-3.86108	13.7865	17.6476
BLOCK13/SES131/SA131S20	SES148	-2.28504	15.3626	17.6476
BLOCK13/SES131/SA131S22	SES099	-2.67927	16.4474	19.1266
BLOCK13/SES131/SA131S22	SES104	-2.417	16.7096	19.1266
BLOCK13/SES131/SA131S22	SES125	-2.51068	16.6159	19.1266
BLOCK13/SES131/SA131S22	SES206	-2.97826	16.1484	19.1266
BLOCK13/SES131/SA131S29	SES087	-2.42101	15.7311	18.1521
BLOCK13/SES131/SA131S29	SES104	-3.24995	14.9022	18.1521
BLOCK13/SES131/SA131S29	SES125	-3.36474	14.7874	18.1521
BLOCK13/SES131/SA131S29	SES206	-3.09105	15.0611	18.1521
BLOCK13/SES132/SA132S11	SES083	-2.19459	19.5341	21.7287
BLOCK13/SES132/SA132S11	SES120	-0.633223	21.0955	21.7287
BLOCK13/SES132/SA132S11	SES127	-1.9038	19.8249	21.7287
BLOCK13/SES132/SA132S11	SES275	-1.60442	20.1243	21.7287
BLOCK13/SES132/SA132S12	SES083	-2.96597	18.1925	21.1585
BLOCK13/SES132/SA132S12	SES143	-1.88402	19.2745	21.1585
BLOCK13/SES132/SA132S12	SES144	-1.57402	19.5845	21.1585
BLOCK13/SES132/SA132S12	SES148	-1.47372	19.6848	21.1585
BLOCK13/SES132/SA132S22	SES062	-1.06017	20.2884	21.3486
BLOCK13/SES132/SA132S22	SES083	-1.32367	20.0249	21.3486
BLOCK13/SES132/SA132S22	SES127	-1.35693	19.9917	21.3486
BLOCK13/SES132/SA132S22	SES275	-1.06355	20.285	21.3486
BLOCK13/SES132/SA132S24	SES007	-1.32112	20.7185	22.0396
BLOCK13/SES132/SA132S24	SES083	-2.14597	19.8936	22.0396
BLOCK13/SES132/SA132S24	SES127	-2.16355	19.876	22.0396
BLOCK13/SES132/SA132S24	SES275	-1.5526	20.487	22.0396
BLOCK13/SES132/SA132S27	SES083	-2.33837	18.5019	20.8403
BLOCK13/SES132/SA132S27	SES120	-0.421083	20.4192	20.8403
BLOCK13/SES132/SA132S27	SES127	-2.44318	18.3971	20.8403
BLOCK13/SES132/SA132S27	SES275	-2.07542	18.7648	20.8403
BLOCK14/SES141/SA141S09	SES143	-1.14758	19.8818	21.0294
BLOCK14/SES141/SA141S09	SES144	-0.695398	20.334	21.0294
BLOCK14/SES141/SA141S09	SES162	-1.8092	19.2202	21.0294
BLOCK14/SES141/SA141S09	SES180	-1.27361	19.7558	21.0294
BLOCK14/SES141/SA141S15	SES127	-1.34359	19.1121	20.4557
BLOCK14/SES141/SA141S15	SES144	-1.26283	19.1928	20.4557
BLOCK14/SES141/SA141S15	SES162	-1.95985	18.4958	20.4557
BLOCK14/SES141/SA141S15	SES180	-1.33237	19.1233	20.4557
BLOCK14/SES141/SA141S24	SES127	-1.35191	19.9804	21.3324
BLOCK14/SES141/SA141S24	SES144	-1.70316	19.6292	21.3324
BLOCK14/SES141/SA141S24	SES162	-1.58638	19.746	21.3324
BLOCK14/SES141/SA141S24	SES183	-1.9724	19.36	21.3324
BLOCK14/SES141/SA141S26	SES142	-0.988308	20.0671	21.0554
BLOCK14/SES141/SA141S26	SES144	-1.50713	19.5483	21.0554
BLOCK14/SES141/SA141S26	SES172	-1.03027	20.0251	21.0554
BLOCK14/SES141/SA141S26	SES180	-1.16673	19.8887	21.0554
BLOCK14/SES141/SA141S29	SES127	-0.737349	20.368	21.1054
BLOCK14/SES141/SA141S29	SES142	-0.375429	20.7299	21.1054
BLOCK14/SES141/SA141S29	SES144	-1.21157	19.8938	21.1054
BLOCK14/SES141/SA141S29	SES180	-0.701677	20.4037	21.1054
BLOCK15/SES157/SA157S08	SES083	-2.30639	18.5937	20.9001
BLOCK15/SES157/SA157S08	SES127	-1.37584	19.5243	20.9001
BLOCK15/SES157/SA157S08	SES148	-1.7948	19.1053	20.9001
BLOCK15/SES157/SA157S08	SES292	-2.00756	18.8925	20.9001
BLOCK15/SES157/SA157S11	SES083	-2.4114	18.2783	20.6897
BLOCK15/SES157/SA157S11	SES127	-1.83818	18.8515	20.6897
BLOCK15/SES157/SA157S11	SES148	-2.17524	18.5145	20.6897
BLOCK15/SES157/SA157S11	SES292	-3.00744	17.6823	20.6897
BLOCK15/SES157/SA157S21	SES127	-1.13541	20.4802	21.6156
BLOCK15/SES157/SA157S21	SES148	-0.622274	20.9933	21.6156
BLOCK15/SES157/SA157S21	SES158	-5.31099	16.3046	21.6156
BLOCK15/SES157/SA157S21	SES292	-1.55917	20.0564	21.6156
BLOCK15/SES157/SA157S24	SES127	-1.30622	20.7426	22.0488
BLOCK15/SES157/SA157S24	SES148	-1.41902	20.6298	22.0488
BLOCK15/SES157/SA157S24	SES183	-2.41928	19.6295	22.0488
BLOCK15/SES157/SA157S24	SES292	-2.49455	19.5543	22.0488
BLOCK15/SES157/SA157S26	SES007	-0.885593	20.1513	21.0369
BLOCK15/SES157/SA157S26	SES127	-0.974241	20.0627	21.0369
BLOCK15/SES157/SA157S26	SES147	-2.18411	18.8528	21.0369
BLOCK15/SES157/SA157S26	SES148	-1.08328	19.9536	21.0369
BLOCK16/SES161/SA161S10	SES007	-2.23135	16.1418	18.3731
BLOCK16/SES161/SA161S10	SES105	-1.58411	16.789	18.3731
BLOCK16/SES161/SA161S10	SES158	-1.84454	16.5286	18.3731
BLOCK16/SES161/SA161S10	SES275	-1.34878	17.0243	18.3731
BLOCK16/SES161/SA161S12	SES007	-2.43867	16.1851	18.6238
BLOCK16/SES161/SA161S12	SES105	-3.06188	15.5619	18.6238
BLOCK16/SES161/SA161S12	SES158	-2.0235	16.6003	18.6238
BLOCK16/SES161/SA161S12	SES275	-1.92809	16.6957	18.6238
BLOCK16/SES161/SA161S20	SES007	-2.33331	15.7949	18.1283
BLOCK16/SES161/SA161S20	SES105	-2.76537	15.3629	18.1283
BLOCK16/SES161/SA161S20	SES158	-1.74993	16.3783	18.1283
BLOCK16/SES161/SA161S20	SES275	-2.40196	15.7263	18.1283
BLOCK16/SES161/SA161S23	SES007	-2.82263	15.7662	18.5889
BLOCK16/SES161/SA161S23	SES105	-1.83268	16.7562	18.5889
BLOCK16/SES161/SA161S23	SES148	-2.22164	16.3672	18.5889
BLOCK16/SES161/SA161S23	SES158	-2.19792	16.391	18.5889
BLOCK16/SES161/SA161S28	SES007	-2.74348	17.0164	19.7598
BLOCK16/SES161/SA161S28	SES105	-2.89366	16.8662	19.7598
BLOCK16/SES161/SA161S28	SES158	-1.37685	18.383	19.7598
BLOCK16/SES161/SA161S28	SES206	-2.1305	17.6293	19.7598
BLOCK16/SES164/SA164S11	SES104	-2.00303	20.0611	22.0642
BLOCK16/SES164/SA164S11	SES125	-1.47538	20.5888	22.0642
BLOCK16/SES164/SA164S11	SES158	-1.50324	20.5609	22.0642
BLOCK16/SES164/SA164S11	SES206	-2.56744	19.4967	22.0642
BLOCK16/SES164/SA164S13	SES099	-1.81143	19.156	20.9674
BLOCK16/SES164/SA164S13	SES104	-2.59973	18.3677	20.9674
BLOCK16/SES164/SA164S13	SES125	-2.60187	18.3656	20.9674
BLOCK16/SES164/SA164S13	SES206	-2.29954	18.6679	20.9674
BLOCK16/SES164/SA164S24	SES002	-0.676521	20.8815	21.558
BLOCK16/SES164/SA164S24	SES099	-2.00207	19.556	21.558
BLOCK16/SES164/SA164S24	SES125	-3.12188	18.4362	21.558
BLOCK16/SES164/SA164S24	SES226	-0.765566	20.7925	21.558
BLOCK16/SES164/SA164S27	SES087	-2.17415	19.0906	21.2647
BLOCK16/SES164/SA164S27	SES125	-2.47839	18.7863	21.2647
BLOCK16/SES164/SA164S27	SES206	-2.74028	18.5244	21.2647
BLOCK16/SES164/SA164S27	SES226	-1.50894	19.7558	21.2647
BLOCK16/SES164/SA164S29	SES002	-0.246649	20.419	20.6656
BLOCK16/SES164/SA164S29	SES019	-2.14867	18.517	20.6656
BLOCK16/SES164/SA164S29	SES125	-1.98854	18.6771	20.6656
BLOCK16/SES164/SA164S29	SES226	-1.81783	18.8478	20.6656
BLOCK16/SES169/SA169S13	SES117	-1.85977	18.1943	20.054
BLOCK16/SES169/SA169S13	SES144	-1.27242	18.7816	20.054
BLOCK16/SES169/SA169S13	SES146	-1.02395	19.0301	20.054
BLOCK16/SES169/SA169S13	SES162	-1.21767	18.8364	20.054
BLOCK16/SES169/SA169S14	SES144	-1.84336	19.3284	21.1717
BLOCK16/SES169/SA169S14	SES148	-1.69623	19.4755	21.1717
BLOCK16/SES169/SA169S14	SES177	-1.4072	19.7645	21.1717
BLOCK16/SES169/SA169S14	SES180	-2.17621	18.9955	21.1717
BLOCK16/SES169/SA169S24	SES117	-2.06017	17.0246	19.0847
BLOCK16/SES169/SA169S24	SES144	-0.976896	18.1078	19.0847
BLOCK16/SES169/SA169S24	SES146	-0.76264	18.3221	19.0847
BLOCK16/SES169/SA169S24	SES162	-1.51328	17.5714	19.0847
BLOCK16/SES169/SA169S27	SES127	-1.27195	18.7062	19.9781
BLOCK16/SES169/SA169S27	SES129	-1.24197	18.7362	19.9781
BLOCK16/SES169/SA169S27	SES144	-1.49872	18.4794	19.9781
BLOCK16/SES169/SA169S27	SES146	-0.459141	19.519	19.9781
BLOCK16/SES169/SA169S29	SES144	-0.783304	19.8676	20.6509
BLOCK16/SES169/SA169S29	SES162	-0.789207	19.8617	20.6509
BLOCK16/SES169/SA169S29	SES177	-2.03753	18.6134	20.6509
BLOCK16/SES169/SA169S29	SES180	-1.05475	19.5961	20.6509
BLOCK17/SES171/SA171S12	SES083	-2.11814	17.908	20.0262
BLOCK17/SES171/SA171S12	SES148	-2.626	17.4002	20.0262
BLOCK17/SES171/SA171S12	SES172	-1.97804	18.0481	20.0262
BLOCK17/SES171/SA171S12	SES292	-2.60093	17.4252	20.0262
BLOCK17/SES171/SA171S15	SES148	-2.32311	16.3454	18.6685
BLOCK17/SES171/SA171S15	SES177	-1.6076	17.0609	18.6685
BLOCK17/SES171/SA171S15	SES180	-4.49821	14.1703	18.6685
BLOCK17/SES171/SA171S15	SES292	-4.6328	14.0357	18.6685
BLOCK17/SES171/SA171S22	SES007	-1.78882	19.0614	20.8502
BLOCK17/SES171/SA171S22	SES148	-2.01769	18.8325	20.8502
BLOCK17/SES171/SA171S22	SES177	-0.927734	19.9225	20.8502
BLOCK17/SES171/SA171S22	SES180	-2.52252	18.3277	20.8502
BLOCK17/SES171/SA171S25	SES101	-3.30075	16.2844	19.5851
BLOCK17/SES171/SA171S25	SES120	-4.86878	14.7164	19.5851
BLOCK17/SES171/SA171S25	SES177	-1.74187	17.8433	19.5851
BLOCK17/SES171/SA171S25	SES180	-3.36877	16.2164	19.5851
BLOCK17/SES171/SA171S27	SES177	-1.09603	18.8712	19.9672
BLOCK17/SES171/SA171S27	SES180	-2.68826	17.2789	19.9672
BLOCK17/SES171/SA171S27	SES189	-1.21421	18.753	19.9672
BLOCK17/SES171/SA171S27	SES292	-2.37739	17.5898	19.9672
BLOCK17/SES173/SA173S13	SES162	-4.13033	15.1141	19.2444
BLOCK17/SES173/SA173S13	SES177	-1.98134	17.2631	19.2444
BLOCK17/SES173/SA173S13	SES180	-3.24709	15.9973	19.2444
BLOCK17/SES173/SA173S13	SES292	-1.9991	17.2453	19.2444
BLOCK17/SES173/SA173S14	SES007	-2.22683	16.0622	18.2891
BLOCK17/SES173/SA173S14	SES162	-3.86651	14.4225	18.2891
BLOCK17/SES173/SA173S14	SES177	-2.44136	15.8477	18.2891
BLOCK17/SES173/SA173S14	SES180	-3.61777	14.6713	18.2891
BLOCK17/SES173/SA173S24	SES144	-1.93227	16.1877	18.12
BLOCK17/SES173/SA173S24	SES162	-3.35806	14.762	18.12
BLOCK17/SES173/SA173S24	SES177	-1.95393	16.1661	18.12
BLOCK17/SES173/SA173S24	SES180	-3.31813	14.8019	18.12
BLOCK17/SES173/SA173S27	SES162	-4.58244	14.9977	19.5801
BLOCK17/SES173/SA173S27	SES177	-2.11674	17.4634	19.5801
BLOCK17/SES173/SA173S27	SES180	-3.17639	16.4037	19.5801
BLOCK17/SES173/SA173S27	SES292	-2.30874	17.2714	19.5801
BLOCK17/SES173/SA173S29	SES162	-3.83263	15.0195	18.8522
BLOCK17/SES173/SA173S29	SES175	-1.85902	16.9932	18.8522
BLOCK17/SES173/SA173S29	SES177	-2.07899	16.7732	18.8522
BLOCK17/SES173/SA173S29	SES292	-3.58434	15.2678	18.8522
BLOCK18/SES182/SA182S10	SES144	-1.12821	18.7167	19.8449
BLOCK18/SES182/SA182S10	SES177	-1.22288	18.622	19.8449
BLOCK18/SES182/SA182S10	SES180	-2.16428	17.6806	19.8449
BLOCK18/SES182/SA182S10	SES275	-0.685793	19.1591	19.8449
BLOCK18/SES182/SA182S12	SES144	-0.919779	18.8783	19.798
BLOCK18/SES182/SA182S12	SES177	-1.29239	18.5057	19.798
BLOCK18/SES182/SA182S12	SES180	-1.75382	18.0442	19.798
BLOCK18/SES182/SA182S12	SES275	-0.645247	19.1528	19.798
BLOCK18/SES182/SA182S21	SES117	-1.63008	17.6215	19.2516
BLOCK18/SES182/SA182S21	SES144	-1.62938	17.6222	19.2516
BLOCK18/SES182/SA182S21	SES162	-0.690617	18.561	19.2516
BLOCK18/SES182/SA182S21	SES180	-1.9864	17.2652	19.2516
BLOCK18/SES182/SA182S23	SES117	-0.97455	18.809	19.7836
BLOCK18/SES182/SA182S23	SES144	-1.94825	17.8354	19.7836
BLOCK18/SES182/SA182S23	SES180	-1.95189	17.8317	19.7836
BLOCK18/SES182/SA182S23	SES275	-1.32472	18.4589	19.7836
BLOCK18/SES182/SA182S25	SES007	-0.176182	19.6486	19.8248
BLOCK18/SES182/SA182S25	SES162	-0.870331	18.9545	19.8248
BLOCK18/SES182/SA182S25	SES177	-1.18787	18.6369	19.8248
BLOCK18/SES182/SA182S25	SES180	-1.91139	17.9134	19.8248
BLOCK18/SES184/SA184S12	SES177	-1.45146	19.768	21.2194
BLOCK18/SES184/SA184S12	SES180	-1.6485	19.5709	21.2194
BLOCK18/SES184/SA184S12	SES189	-3.06837	18.1511	21.2194
BLOCK18/SES184/SA184S12	SES292	-1.74641	19.473	21.2194
BLOCK18/SES184/SA184S13	SES101	-1.62979	19.158	20.7878
BLOCK18/SES184/SA184S13	SES177	-1.75237	19.0354	20.7878
BLOCK18/SES184/SA184S13	SES180	-1.85287	18.9349	20.7878
BLOCK18/SES184/SA184S13	SES292	-2.16499	18.6228	20.7878
BLOCK18/SES184/SA184S22	SES177	-1.84213	20.4286	22.2708
BLOCK18/SES184/SA184S22	SES180	-1.64928	20.6215	22.2708
BLOCK18/SES184/SA184S22	SES189	-3.11274	19.158	22.2708
BLOCK18/SES184/SA184S22	SES292	-1.75805	20.5127	22.2708
BLOCK18/SES184/SA184S25	SES101	-1.39569	21.502	22.8977
BLOCK18/SES184/SA184S25	SES177	-2.48614	20.4115	22.8977
BLOCK18/SES184/SA184S25	SES180	-1.32928	21.5684	22.8977
BLOCK18/SES184/SA184S25	SES292	-0.967974	21.9297	22.8977
BLOCK18/SES184/SA184S27	SES083	-1.4035	19.2522	20.6557
BLOCK18/SES184/SA184S27	SES177	-1.62854	19.0272	20.6557
BLOCK18/SES184/SA184S27	SES202	-1.7423	18.9134	20.6557
BLOCK18/SES184/SA184S27	SES292	-1.57957	19.0762	20.6557
BLOCK20/SES204/SA204S12	SES062	-1.31653	20.3603	21.6768
BLOCK20/SES204/SA204S12	SES083	-3.14898	18.5278	21.6768
BLOCK20/SES204/SA204S12	SES206	-1.58114	20.0957	21.6768
BLOCK20/SES204/SA204S12	SES226	-2.56886	19.108	21.6768
BLOCK20/SES204/SA204S14	SES068	-1.73801	21.2658	23.0039
BLOCK20/SES204/SA204S14	SES087	-0.622086	22.3818	23.0039
BLOCK20/SES204/SA204S14	SES206	-2.20803	20.7958	23.0039
BLOCK20/SES204/SA204S14	SES226	-2.42979	20.5741	23.0039
BLOCK20/SES204/SA204S22	SES068	-2.48909	19.4723	21.9614
BLOCK20/SES204/SA204S22	SES082	-3.11326	18.8481	21.9614
BLOCK20/SES204/SA204S22	SES083	-4.11364	17.8477	21.9614
BLOCK20/SES204/SA204S22	SES206	-2.2406	19.7208	21.9614
BLOCK20/SES204/SA204S25	SES062	-1.99439	20.1983	22.1927
BLOCK20/SES204/SA204S25	SES083	-3.30845	18.8843	22.1927
BLOCK20/SES204/SA204S25	SES206	-1.59547	20.5972	22.1927
BLOCK20/SES204/SA204S25	SES226	-2.46819	19.7245	22.1927
BLOCK20/SES204/SA204S27	SES068	-2.07364	19.3587	21.4323
BLOCK20/SES204/SA204S27	SES082	-3.07261	18.3597	21.4323
BLOCK20/SES204/SA204S27	SES087	-1.21754	20.2148	21.4323
BLOCK20/SES204/SA204S27	SES206	-1.77145	19.6608	21.4323
BLOCK20/SES207/SA207S10	SES127	-1.76274	18.0719	19.8347
BLOCK20/SES207/SA207S10	SES183	-1.71903	18.1157	19.8347
BLOCK20/SES207/SA207S10	SES189	-2.31791	17.5168	19.8347
BLOCK20/SES207/SA207S10	SES292	-1.62961	18.2051	19.8347
BLOCK20/SES207/SA207S11	SES127	-2.5621	17.008	19.5701
BLOCK20/SES207/SA207S11	SES183	-1.70065	17.8695	19.5701
BLOCK20/SES207/SA207S11	SES187	-1.92418	17.6459	19.5701
BLOCK20/SES207/SA207S11	SES292	-1.47516	18.095	19.5701
BLOCK20/SES207/SA207S25	SES068	-2.25059	18.0049	20.2555
BLOCK20/SES207/SA207S25	SES083	-2.10991	18.1456	20.2555
BLOCK20/SES207/SA207S25	SES127	-1.46703	18.7885	20.2555
BLOCK20/SES207/SA207S25	SES187	-1.37862	18.8769	20.2555
BLOCK20/SES207/SA207S27	SES127	-2.21113	16.3851	18.5962
BLOCK20/SES207/SA207S27	SES183	-1.3707	17.2255	18.5962
BLOCK20/SES207/SA207S27	SES187	-2.08387	16.5124	18.5962
BLOCK20/SES207/SA207S27	SES292	-2.08737	16.5089	18.5962
BLOCK20/SES207/SA207S29	SES083	-2.32862	17.9448	20.2734
BLOCK20/SES207/SA207S29	SES085	-1.33504	18.9384	20.2734
BLOCK20/SES207/SA207S29	SES172	-1.19399	19.0795	20.2734
BLOCK20/SES207/SA207S29	SES189	-2.58319	17.6903	20.2734
BLOCK22/SES221/SA221S12	SES068	-0.885347	20.1268	21.0121
BLOCK22/SES221/SA221S12	SES143	-1.70933	19.3028	21.0121
BLOCK22/SES221/SA221S12	SES175	-1.10296	19.9091	21.0121
BLOCK22/SES221/SA221S12	SES202	-1.47794	19.5342	21.0121
BLOCK22/SES221/SA221S15	SES085	-2.69872	16.6911	19.3898
BLOCK22/SES221/SA221S15	SES143	-2.45931	16.9305	19.3898
BLOCK22/SES221/SA221S15	SES175	-1.45453	17.9353	19.3898
BLOCK22/SES221/SA221S15	SES187	-2.22795	17.1618	19.3898
BLOCK22/SES221/SA221S23	SES068	-2.23657	18.5926	20.8292
BLOCK22/SES221/SA221S23	SES143	-2.38514	18.4441	20.8292
BLOCK22/SES221/SA221S23	SES175	-1.28429	19.5449	20.8292
BLOCK22/SES221/SA221S23	SES189	-0.238016	20.5912	20.8292
BLOCK22/SES221/SA221S27	SES085	-3.01318	17.839	20.8521
BLOCK22/SES221/SA221S27	SES143	-2.4094	18.4427	20.8521
BLOCK22/SES221/SA221S27	SES175	-1.4351	19.417	20.8521
BLOCK22/SES221/SA221S27	SES189	0.0475464	20.8997	20.8521
BLOCK22/SES221/SA221S29	SES085	-3.54924	15.4779	19.0272
BLOCK22/SES221/SA221S29	SES143	-2.80182	16.2254	19.0272
BLOCK22/SES221/SA221S29	SES175	-0.846684	18.1805	19.0272
BLOCK22/SES221/SA221S29	SES187	-1.20678	17.8204	19.0272
BLOCK22/SES223/SA223S11	SES143	-1.11956	18.127	19.2466
BLOCK22/SES223/SA223S11	SES144	-2.65566	16.5909	19.2466
BLOCK22/SES223/SA223S11	SES175	-0.737888	18.5087	19.2466
BLOCK22/SES223/SA223S11	SES187	-2.0873	17.1593	19.2466
BLOCK22/SES223/SA223S13	SES068	-1.86588	16.4194	18.2853
BLOCK22/SES223/SA223S13	SES143	-2.53029	15.755	18.2853
BLOCK22/SES223/SA223S13	SES146	-2.63923	15.646	18.2853
BLOCK22/SES223/SA223S13	SES202	-2.11919	16.1661	18.2853
BLOCK22/SES223/SA223S22	SES143	-1.71987	17.9064	19.6263
BLOCK22/SES223/SA223S22	SES144	-2.80278	16.8235	19.6263
BLOCK22/SES223/SA223S22	SES175	-2.05608	17.5702	19.6263
BLOCK22/SES223/SA223S22	SES187	-2.00186	17.6244	19.6263
BLOCK22/SES223/SA223S25	SES068	-1.78278	18.7819	20.5647
BLOCK22/SES223/SA223S25	SES143	-1.93109	18.6336	20.5647
BLOCK22/SES223/SA223S25	SES175	-1.59225	18.9725	20.5647
BLOCK22/SES223/SA223S25	SES187	-1.66076	18.904	20.5647
BLOCK22/SES223/SA223S27	SES143	-2.17619	16.3601	18.5363
BLOCK22/SES223/SA223S27	SES146	-1.74417	16.7922	18.5363
BLOCK22/SES223/SA223S27	SES187	-1.97254	16.5638	18.5363
BLOCK22/SES223/SA223S27	SES292	-3.35416	15.1822	18.5363
BLOCK27/SES273/SA273S12	SES099	-0.383438	23.6657	24.0492
BLOCK27/SES273/SA273S12	SES104	-1.1628	22.8863	24.0492
BLOCK27/SES273/SA273S12	SES125	-1.6706	22.3786	24.0492
BLOCK27/SES273/SA273S12	SES206	-0.479	23.5702	24.0492
BLOCK27/SES273/SA273S13	SES099	-0.59313	23.9238	24.517
BLOCK27/SES273/SA273S13	SES104	-1.42152	23.0955	24.517
BLOCK27/SES273/SA273S13	SES206	-0.812803	23.7042	24.517
BLOCK27/SES273/SA273S13	SES292	-2.11275	22.4042	24.517
BLOCK27/SES273/SA273S21	SES099	-0.244055	23.8698	24.1139
BLOCK27/SES273/SA273S21	SES148	-3.72005	20.3939	24.1139
BLOCK27/SES273/SA273S21	SES149	-1.7876	22.3263	24.1139
BLOCK27/SES273/SA273S21	SES177	-2.33741	21.7765	24.1139
BLOCK27/SES273/SA273S25	SES104	-1.27821	22.0717	23.3499
BLOCK27/SES273/SA273S25	SES125	-1.83473	21.5152	23.3499
BLOCK27/SES273/SA273S25	SES158	-0.833221	22.5167	23.3499
BLOCK27/SES273/SA273S25	SES206	-0.0512886	23.2987	23.3499
BLOCK27/SES273/SA273S27	SES099	-0.581877	22.0697	22.6515
BLOCK27/SES273/SA273S27	SES104	-1.64622	21.0053	22.6515
BLOCK27/SES273/SA273S27	SES149	-1.17228	21.4793	22.6515
BLOCK27/SES273/SA273S27	SES275	-2.0531	20.5984	22.6515
BLOCK27/SES274/SA274S10	SES105	-2.4301	19.5105	21.9406
BLOCK27/SES274/SA274S10	SES125	-2.86079	19.0798	21.9406
BLOCK27/SES274/SA274S10	SES129	-0.827511	21.1131	21.9406
BLOCK27/SES274/SA274S10	SES158	-4.49567	17.4449	21.9406
BLOCK27/SES274/SA274S11	SES105	-1.70123	20.0723	21.7735
BLOCK27/SES274/SA274S11	SES149	-2.77855	18.995	21.7735
BLOCK27/SES274/SA274S11	SES158	-3.38003	18.3935	21.7735
BLOCK27/SES274/SA274S11	SES275	-0.988964	20.7846	21.7735
BLOCK27/SES274/SA274S21	SES105	-2.34354	19.5383	21.8818
BLOCK27/SES274/SA274S21	SES129	-1.11433	20.7675	21.8818
BLOCK27/SES274/SA274S21	SES149	-2.36239	19.5194	21.8818
BLOCK27/SES274/SA274S21	SES158	-4.90084	16.981	21.8818
BLOCK27/SES274/SA274S24	SES105	-2.12943	21.0647	23.1941
BLOCK27/SES274/SA274S24	SES129	-0.499632	22.6945	23.1941
BLOCK27/SES274/SA274S24	SES149	-2.96259	20.2315	23.1941
BLOCK27/SES274/SA274S24	SES158	-5.08178	18.1123	23.1941
BLOCK27/SES274/SA274S29	SES105	-2.26531	18.6278	20.8931
BLOCK27/SES274/SA274S29	SES106	-4.03121	16.8619	20.8931
BLOCK27/SES274/SA274S29	SES120	-1.62676	19.2663	20.8931
BLOCK27/SES274/SA274S29	SES275	-1.52149	19.3716	20.8931
BLOCK27/SES276/SA276S16	SES148	-2.08901	18.7467	20.8357
BLOCK27/SES276/SA276S16	SES172	-1.44199	19.3937	20.8357
BLOCK27/SES276/SA276S16	SES180	-2.59831	18.2374	20.8357
BLOCK27/SES276/SA276S16	SES292	-1.64508	19.1906	20.8357
BLOCK27/SES276/SA276S17	SES101	-2.00755	18.9237	20.9312
BLOCK27/SES276/SA276S17	SES177	-2.43119	18.5001	20.9312
BLOCK27/SES276/SA276S17	SES180	-2.22074	18.7105	20.9312
BLOCK27/SES276/SA276S17	SES292	-2.21996	18.7113	20.9312
BLOCK27/SES276/SA276S24	SES101	-1.10798	20.4994	21.6074
BLOCK27/SES276/SA276S24	SES177	-1.43892	20.1685	21.6074
BLOCK27/SES276/SA276S24	SES180	-1.95976	19.6477	21.6074
BLOCK27/SES276/SA276S24	SES292	-2.43919	19.1682	21.6074
BLOCK27/SES276/SA276S26	SES101	-2.43413	19.8571	22.2913
BLOCK27/SES276/SA276S26	SES177	-0.929079	21.3622	22.2913
BLOCK27/SES276/SA276S26	SES180	-0.414864	21.8764	22.2913
BLOCK27/SES276/SA276S26	SES292	-1.18665	21.1046	22.2913
BLOCK27/SES276/SA276S28	SES101	-1.8944	19.6743	21.5687
BLOCK27/SES276/SA276S28	SES177	-2.00868	19.56	21.5687
BLOCK27/SES276/SA276S28	SES180	-0.586845	20.9818	21.5687
BLOCK27/SES276/SA276S28	SES292	-1.61815	19.9505	21.5687
BLOCK27/SES277/SA277S12	SES101	-1.70896	17.345	19.054
BLOCK27/SES277/SA277S12	SES177	-2.49118	16.5628	19.054
BLOCK27/SES277/SA277S12	SES180	-3.05896	15.995	19.054
BLOCK27/SES277/SA277S12	SES292	-2.4378	16.6162	19.054
BLOCK27/SES277/SA277S14	SES177	-1.29568	17.383	18.6787
BLOCK27/SES277/SA277S14	SES180	-2.51712	16.1616	18.6787
BLOCK27/SES277/SA277S14	SES189	-0.985151	17.6935	18.6787
BLOCK27/SES277/SA277S14	SES292	-2.76745	15.9112	18.6787
BLOCK27/SES277/SA277S21	SES177	-1.39905	18.5069	19.906
BLOCK27/SES277/SA277S21	SES180	-2.74985	17.1561	19.906
BLOCK27/SES277/SA277S21	SES189	-0.932842	18.9731	19.906
BLOCK27/SES277/SA277S21	SES292	-3.38916	16.5168	19.906
BLOCK27/SES277/SA277S24	SES144	-1.9479	16.5201	18.468
BLOCK27/SES277/SA277S24	SES177	-2.01362	16.4544	18.468
BLOCK27/SES277/SA277S24	SES180	-3.62286	14.8452	18.468
BLOCK27/SES277/SA277S24	SES189	-1.30582	17.1622	18.468
BLOCK27/SES277/SA277S29	SES177	-1.40853	20.2584	21.6669
BLOCK27/SES277/SA277S29	SES180	-2.33501	19.3319	21.6669
BLOCK27/SES277/SA277S29	SES202	-2.0346	19.6323	21.6669
BLOCK27/SES277/SA277S29	SES292	-2.24772	19.4192	21.6669
BLOCK27/SES279/SA279S09	SES120	-2.2636	19.1637	21.4273
BLOCK27/SES279/SA279S09	SES146	-2.27465	19.1526	21.4273
BLOCK27/SES279/SA279S09	SES206	-1.68911	19.7381	21.4273
BLOCK27/SES279/SA279S09	SES226	-3.10189	18.3254	21.4273
BLOCK27/SES279/SA279S10	SES099	-0.943747	20.835	21.7787
BLOCK27/SES279/SA279S10	SES206	-0.973629	20.8051	21.7787
BLOCK27/SES279/SA279S10	SES226	-2.31681	19.4619	21.7787
BLOCK27/SES279/SA279S10	SES292	-0.980024	20.7987	21.7787
BLOCK27/SES279/SA279S20	SES099	-2.14138	19.6653	21.8067
BLOCK27/SES279/SA279S20	SES206	-0.995539	20.8112	21.8067
BLOCK27/SES279/SA279S20	SES226	-2.6618	19.1449	21.8067
BLOCK27/SES279/SA279S20	SES292	-0.722021	21.0847	21.8067
BLOCK27/SES279/SA279S26	SES099	-1.14059	20.5652	21.7058
BLOCK27/SES279/SA279S26	SES206	-0.636589	21.0692	21.7058
BLOCK27/SES279/SA279S26	SES226	-2.20036	19.5054	21.7058
BLOCK27/SES279/SA279S26	SES292	-0.787924	20.9179	21.7058
BLOCK27/SES279/SA279S28	SES099	-1.80614	21.2634	23.0695
BLOCK27/SES279/SA279S28	SES120	-1.39608	21.6734	23.0695
BLOCK27/SES279/SA279S28	SES177	-2.10626	20.9633	23.0695
BLOCK27/SES279/SA279S28	SES206	-1.33382	21.7357	23.0695
BLOCK29/SES290/SA290S12	SES162	-2.38819	17.5623	19.9505
BLOCK29/SES290/SA290S12	SES177	-2.59426	17.3563	19.9505
BLOCK29/SES290/SA290S12	SES180	-2.98762	16.9629	19.9505
BLOCK29/SES290/SA290S12	SES292	-3.58206	16.3685	19.9505
BLOCK29/SES290/SA290S13	SES007	-1.26387	18.9834	20.2472
BLOCK29/SES290/SA290S13	SES162	-2.73088	17.5164	20.2472
BLOCK29/SES290/SA290S13	SES177	-1.44195	18.8053	20.2472
BLOCK29/SES290/SA290S13	SES180	-2.15433	18.0929	20.2472
BLOCK29/SES290/SA290S22	SES177	-1.5854	18.2348	19.8202
BLOCK29/SES290/SA290S22	SES180	-2.16388	17.6563	19.8202
BLOCK29/SES290/SA290S22	SES202	-1.81234	18.0079	19.8202
BLOCK29/SES290/SA290S22	SES292	-1.93211	17.8881	19.8202
BLOCK29/SES290/SA290S25	SES162	-2.33383	17.9347	20.2685
BLOCK29/SES290/SA290S25	SES177	-2.10869	18.1598	20.2685
BLOCK29/SES290/SA290S25	SES180	-1.86161	18.4069	20.2685
BLOCK29/SES290/SA290S25	SES292	-2.3146	17.9539	20.2685
BLOCK29/SES290/SA290S29	SES177	-0.71204	19.7539	20.4659
BLOCK29/SES290/SA290S29	SES180	-1.16634	19.2996	20.4659
BLOCK29/SES290/SA290S29	SES275	-1.58906	18.8769	20.4659
BLOCK29/SES290/SA290S29	SES292	-1.27238	19.1936	20.4659
BLOCK29/SES291/SA291S11	SES105	-3.19331	16.8418	20.0351
BLOCK29/SES291/SA291S11	SES125	-1.35682	18.6783	20.0351
BLOCK29/SES291/SA291S11	SES158	-1.2724	18.7627	20.0351
BLOCK29/SES291/SA291S11	SES275	-2.99683	17.0383	20.0351
BLOCK29/SES291/SA291S12	SES158	0.258507	20.8628	20.6043
BLOCK29/SES291/SA291S12	SES226	-2.58045	18.0239	20.6043
BLOCK29/SES291/SA291S12	SES270	0.504623	21.1089	20.6043
BLOCK29/SES291/SA291S12	SES275	-4.35057	16.2538	20.6043
BLOCK29/SES291/SA291S22	SES082	-1.52538	19.8234	21.3488
BLOCK29/SES291/SA291S22	SES158	-1.42451	19.9243	21.3488
BLOCK29/SES291/SA291S22	SES259	-2.47744	18.8713	21.3488
BLOCK29/SES291/SA291S22	SES275	-3.61358	17.7352	21.3488
BLOCK29/SES291/SA291S24	SES104	-0.362902	22.3333	22.6962
BLOCK29/SES291/SA291S24	SES125	-1.20524	21.491	22.6962
BLOCK29/SES291/SA291S24	SES158	-0.680424	22.0158	22.6962
BLOCK29/SES291/SA291S24	SES275	-3.8914	18.8048	22.6962
BLOCK29/SES291/SA291S27	SES158	-0.0915089	21.9748	22.0664
BLOCK29/SES291/SA291S27	SES172	-4.76879	17.2976	22.0664
BLOCK29/SES291/SA291S27	SES275	-3.87552	18.1908	22.0664
BLOCK29/SES291/SA291S27	SES292	-2.3961	19.6703	22.0664
Threshold search:
THR	-5.70761113652	9	0(0)	1(1000)
THR	-5.5962458251548	8.991	0(0)	0.999(999)
THR	-5.4848805137896	8.991	0(0)	0.999(999)
THR	-5.3735152024244	8.991	0(0)	0.999(999)
THR	-5.2621498910592	8.973	0(0)	0.997(997)
THR	-5.150784579694	8.964	0(0)	0.996(996)
THR	-5.0394192683288	8.955	0(0)	0.995(995)
THR	-4.9280539569636	8.955	0(0)	0.995(995)
THR	-4.8166886455984	8.919	0(0)	0.991(991)
THR	-4.7053233342332	8.901	0(0)	0.989(989)
THR	-4.59395802286801	8.883	0(0)	0.987(987)
THR	-4.48259271150281	8.838	0(0)	0.982(982)
THR	-4.37122740013761	8.829	0(0)	0.981(981)
THR	-4.25986208877241	8.793	0(0)	0.977(977)
THR	-4.14849677740721	8.784	0(0)	0.976(976)
THR	-4.03713146604201	8.766	0(0)	0.974(974)
THR	-3.92576615467681	8.73	0(0)	0.97(970)
THR	-3.81440084331161	8.64	0(0)	0.96(960)
THR	-3.70303553194641	8.613	0(0)	0.957(957)
THR	-3.59167022058121	8.568	0(0)	0.952(952)
THR	-3.48030490921601	8.505	0(0)	0.945(945)
THR	-3.36893959785081	8.451	0(0)	0.939(939)
THR	-3.25757428648561	8.343	0(0)	0.927(927)
THR	-3.14620897512041	8.19	0(0)	0.91(910)
THR	-3.03484366375521	7.974	0(0)	0.886(886)
THR	-2.92347835239001	7.785	0(0)	0.865(865)
THR	-2.81211304102481	7.614	0(0)	0.846(846)
THR	-2.70074772965961	7.398	0(0)	0.822(822)
THR	-2.58938241829441	7.074	0(0)	0.786(786)
THR	-2.47801710692921	6.777	0(0)	0.753(753)
THR	-2.36665179556401	6.354	0(0)	0.706(706)
THR	-2.25528648419881	6.003	0(0)	0.667(667)
THR	-2.14392117283361	5.598	0(0)	0.622(622)
THR	-2.03255586146841	5.067	0(0)	0.563(563)
THR	-1.92119055010321	4.572	0(0)	0.508(508)
THR	-1.80982523873801	4.185	0(0)	0.465(465)
THR	-1.69845992737281	3.726	0(0)	0.414(414)
THR	-1.58709461600761	3.285	0(0)	0.365(365)
THR	-1.47572930464241	2.853	0(0)	0.317(317)
THR	-1.36436399327721	2.493	0(0)	0.277(277)
THR	-1.25299868191201	2.052	0(0)	0.228(228)
THR	-1.14163337054681	1.674	0(0)	0.186(186)
THR	-1.03026805918161	1.359	0(0)	0.151(151)
THR	-0.918902747816407	1.026	0(0)	0.114(114)
THR	-0.807537436451207	0.864	0(0)	0.096(96)
THR	-0.696172125086007	0.666	0(0)	0.074(74)
THR	-0.584806813720807	0.418	0.004(1)	0.046(46)
THR	-0.473441502355607	0.35	0.008(2)	0.038(38)
THR	-0.362076190990407	0.237	0.012(3)	0.025(25)
THR	-0.250710879625207	0.21	0.012(3)	0.022(22)
THR	-0.139345568260007	0.147	0.012(3)	0.015(15)
THR	-0.0279802568948071	0.111	0.012(3)	0.011(11)
THR	0.0833850544703929	0.078	0.024(6)	0.006(6)
THR	0.194750365835593	0.068	0.032(8)	0.004(4)
THR	0.306115677200793	0.079	0.052(13)	0.003(3)
THR	0.417480988565993	0.086	0.068(17)	0.002(2)
THR	0.528846299931193	0.093	0.084(21)	0.001(1)
THR	0.640211611296393	0.117	0.108(27)	0.001(1)
THR	0.751576922661593	0.141	0.132(33)	0.001(1)
THR	0.862942234026793	0.185	0.176(44)	0.001(1)
THR	0.974307545391993	0.228	0.228(57)	0(0)
THR	1.08567285675719	0.28	0.28(70)	0(0)
THR	1.19703816812239	0.332	0.332(83)	0(0)
THR	1.30840347948759	0.356	0.356(89)	0(0)
THR	1.41976879085279	0.396	0.396(99)	0(0)
THR	1.53113410221799	0.456	0.456(114)	0(0)
THR	1.64249941358319	0.484	0.484(121)	0(0)
THR	1.75386472494839	0.536	0.536(134)	0(0)
THR	1.86523003631359	0.568	0.568(142)	0(0)
THR	1.97659534767879	0.64	0.64(160)	0(0)
THR	2.08796065904399	0.692	0.692(173)	0(0)
THR	2.19932597040919	0.728	0.728(182)	0(0)
THR	2.31069128177439	0.768	0.768(192)	0(0)
THR	2.42205659313959	0.812	0.812(203)	0(0)
THR	2.53342190450479	0.852	0.852(213)	0(0)
THR	2.64478721586999	0.876	0.876(219)	0(0)
THR	2.75615252723519	0.892	0.892(223)	0(0)
THR	2.86751783860039	0.912	0.912(228)	0(0)
THR	2.97888314996559	0.928	0.928(232)	0(0)
THR	3.09024846133079	0.932	0.932(233)	0(0)
THR	3.20161377269599	0.936	0.936(234)	0(0)
THR	3.31297908406119	0.948	0.948(237)	0(0)
THR	3.42434439542639	0.952	0.952(238)	0(0)
THR	3.53570970679159	0.96	0.96(240)	0(0)
THR	3.64707501815679	0.964	0.964(241)	0(0)
THR	3.75844032952199	0.972	0.972(243)	0(0)
THR	3.86980564088719	0.98	0.98(245)	0(0)
THR	3.98117095225239	0.988	0.988(247)	0(0)
THR	4.09253626361759	0.988	0.988(247)	0(0)
THR	4.20390157498279	0.988	0.988(247)	0(0)
THR	4.31526688634799	0.988	0.988(247)	0(0)
THR	4.42663219771319	0.992	0.992(248)	0(0)
THR	4.53799750907839	0.996	0.996(249)	0(0)
THR	4.64936282044359	0.996	0.996(249)	0(0)
THR	4.76072813180879	0.996	0.996(249)	0(0)
THR	4.87209344317399	0.996	0.996(249)	0(0)
THR	4.98345875453919	0.996	0.996(249)	0(0)
THR	5.09482406590439	0.996	0.996(249)	0(0)
THR	5.20618937726959	0.996	0.996(249)	0(0)
THR	5.31755468863479	0.996	0.996(249)	0(0)
THR	5.42891999999999	0.996	0.996(249)	0(0)
THR	5.54028531136519	1	1(250)	0(0)


==============================================
THR: 0.194750365835593
Missed:     8/250=0.0320
FalseAlarm: 4/1000=0.0040
----------------------------------------------
==> CostDetection: 6.8
==============================================
